#
# There is insufficient memory for the Java Runtime Environment to continue.
# Native memory allocation (mmap) failed to map 65536 bytes for Failed to commit metaspace.
# Possible reasons:
#   The system is out of physical RAM or swap space
#   The process is running with CompressedOops enabled, and the Java Heap may be blocking the growth of the native heap
# Possible solutions:
#   Reduce memory load on the system
#   Increase physical memory or swap space
#   Check if swap backing store is full
#   Decrease Java heap size (-Xmx/-Xms)
#   Decrease number of Java threads
#   Decrease Java thread stack sizes (-Xss)
#   Set larger code cache with -XX:ReservedCodeCacheSize=
#   JVM is running with Zero Based Compressed Oops mode in which the Java heap is
#     placed in the first 32GB address space. The Java Heap base address is the
#     maximum limit for the native heap growth. Please use -XX:HeapBaseMinAddress
#     to set the Java Heap base and to place the Java Heap above 32GB virtual address.
# This output file may be truncated or incomplete.
#
#  Out of Memory Error (virtualSpaceNode.cpp:112), pid=15832, tid=2648
#
# JRE version: Java(TM) SE Runtime Environment (21.0.2+13) (build 21.0.2+13-LTS-58)
# Java VM: Java HotSpot(TM) 64-Bit Server VM (21.0.2+13-LTS-58, mixed mode, sharing, tiered, compressed oops, compressed class ptrs, g1 gc, windows-amd64)
# No core dump will be written. Minidumps are not enabled by default on client versions of Windows
#

---------------  S U M M A R Y ------------

Command Line: -javaagent:C:\Program Files\JetBrains\IntelliJ IDEA Community Edition 2023.2.2\lib\idea_rt.jar=62619:C:\Program Files\JetBrains\IntelliJ IDEA Community Edition 2023.2.2\bin -Dfile.encoding=UTF-8 -Dsun.stdout.encoding=UTF-8 -Dsun.stderr.encoding=UTF-8 com.algaworks.algafood.AlgafoodApiApplication

Host: Intel(R) Core(TM) i3-10100T CPU @ 3.00GHz, 8 cores, 15G,  Windows 11 , 64 bit Build 22621 (10.0.22621.4830)
Time: Wed Mar 19 16:45:50 2025 Hora oficial do Brasil elapsed time: 1.108562 seconds (0d 0h 0m 1s)

---------------  T H R E A D  ---------------

Current thread (0x000001ecf68ac0a0):  JavaThread "Attach Listener" daemon [_thread_in_vm, id=2648, stack(0x000000a22d600000,0x000000a22d700000) (1024K)]

Stack: [0x000000a22d600000,0x000000a22d700000]
Native frames: (J=compiled Java code, j=interpreted, Vv=VM code, C=native code)
V  [jvm.dll+0x6cade9]
V  [jvm.dll+0x8569c1]
V  [jvm.dll+0x858d2e]
V  [jvm.dll+0x859413]
V  [jvm.dll+0x280e56]
V  [jvm.dll+0x8526ee]
V  [jvm.dll+0x66e705]
V  [jvm.dll+0x66e76a]
V  [jvm.dll+0x670f96]
V  [jvm.dll+0x670e62]
V  [jvm.dll+0x66f0de]
V  [jvm.dll+0x26b47f]
V  [jvm.dll+0x679305]
V  [jvm.dll+0x217b73]
V  [jvm.dll+0x2180b5]
V  [jvm.dll+0x218ad1]
V  [jvm.dll+0x20dd9e]
V  [jvm.dll+0x5ad3dc]
V  [jvm.dll+0x21f76a]
V  [jvm.dll+0x7cec21]
V  [jvm.dll+0x7cfc85]
V  [jvm.dll+0x7d022f]
V  [jvm.dll+0x7cfed8]
V  [jvm.dll+0x26ed7b]
V  [jvm.dll+0x3d3c0e]
C  0x000001ece69ca854

The last pc belongs to new (printed below).
Java frames: (J=compiled Java code, j=interpreted, Vv=VM code)
j  sun.util.cldr.CLDRLocaleProviderAdapter.lambda$getTimeZoneNameProvider$3()Ljava/util/spi/TimeZoneNameProvider;+0 java.base@21.0.2
j  sun.util.cldr.CLDRLocaleProviderAdapter$$Lambda+0x000001ec810f18b8.run()Ljava/lang/Object;+4 java.base@21.0.2
J 1533 c1 java.security.AccessController.doPrivileged(Ljava/security/PrivilegedAction;)Ljava/lang/Object; java.base@21.0.2 (9 bytes) @ 0x000001ecdf742e54 [0x000001ecdf742ce0+0x0000000000000174]
j  sun.util.cldr.CLDRLocaleProviderAdapter.getTimeZoneNameProvider()Ljava/util/spi/TimeZoneNameProvider;+13 java.base@21.0.2
j  sun.util.locale.provider.JRELocaleProviderAdapter.getLocaleServiceProvider(Ljava/lang/Class;)Ljava/util/spi/LocaleServiceProvider;+417 java.base@21.0.2
j  sun.util.locale.provider.LocaleServiceProviderPool.findProviders(Ljava/util/Locale;Z)Ljava/util/List;+68 java.base@21.0.2
j  sun.util.locale.provider.LocaleServiceProviderPool.getLocalizedObjectImpl(Lsun/util/locale/provider/LocaleServiceProviderPool$LocalizedObjectGetter;Ljava/util/Locale;ZLjava/lang/String;[Ljava/lang/Object;)Ljava/lang/Object;+53 java.base@21.0.2
j  sun.util.locale.provider.LocaleServiceProviderPool.getLocalizedObject(Lsun/util/locale/provider/LocaleServiceProviderPool$LocalizedObjectGetter;Ljava/util/Locale;Ljava/lang/String;[Ljava/lang/Object;)Ljava/lang/Object;+7 java.base@21.0.2
j  sun.util.locale.provider.TimeZoneNameUtility.retrieveDisplayNamesImpl(Ljava/lang/String;Ljava/util/Locale;)[Ljava/lang/String;+140 java.base@21.0.2
j  sun.util.locale.provider.TimeZoneNameUtility.retrieveDisplayName(Ljava/lang/String;ZILjava/util/Locale;)Ljava/lang/String;+2 java.base@21.0.2
j  java.util.TimeZone.getDisplayName(ZILjava/util/Locale;)Ljava/lang/String;+47 java.base@21.0.2
j  java.util.Date.toString()Ljava/lang/String;+150 java.base@21.0.2
J 1214 c1 java.lang.StringBuilder.append(Ljava/lang/Object;)Ljava/lang/StringBuilder; java.base@21.0.2 (9 bytes) @ 0x000001ecdf6d20fc [0x000001ecdf6d1f60+0x000000000000019c]
j  java.util.Properties.writeDateComment(Ljava/io/BufferedWriter;)V+43 java.base@21.0.2
j  java.util.Properties.store0(Ljava/io/BufferedWriter;Ljava/lang/String;Z)V+10 java.base@21.0.2
j  java.util.Properties.store(Ljava/io/OutputStream;Ljava/lang/String;)V+21 java.base@21.0.2
j  jdk.internal.vm.VMSupport.serializePropertiesToByteArray(Ljava/util/Properties;)[B+14 java.base@21.0.2
j  jdk.internal.vm.VMSupport.serializeAgentPropertiesToByteArray()[B+6 java.base@21.0.2
v  ~StubRoutines::call_stub 0x000001ece69b100d
new  187 new  [0x000001ece69ca6c0, 0x000001ece69ca8c8]  520 bytes
[MachCode]
  0x000001ece69ca6c0: 4883 ec08 | c5fa 1104 | 24eb 1f48 | 83ec 10c5 | fb11 0424 | eb14 4883 | ec10 4889 | 0424 48c7 
  0x000001ece69ca6e0: 4424 0800 | 0000 00eb | 0150 410f | b755 010f | cac1 ea10 | 488b 4de8 | 488b 4908 | 488b 4908 
  0x000001ece69ca700: 488b 4108 | 807c 1004 | 070f 85d3 | 0000 0066 | 8b54 d148 | 488b 4928 | 488b 4cd1 | 0851 80b9 
  0x000001ece69ca720: 2001 0000 | 050f 85b6 | 0000 008b | 5108 f6c2 | 010f 85aa | 0000 0049 | 8b87 b801 | 0000 488d 
  0x000001ece69ca740: 1c10 493b | 9fc8 0100 | 000f 8792 | 0000 0049 | 899f b801 | 0000 4883 | ea10 0f84 | 0f00 0000 
  0x000001ece69ca760: 33c9 c1ea | 0348 894c | d008 48ff | ca75 f648 | c700 0100 | 0000 5933 | f689 700c | 49ba 0000 
  0x000001ece69ca780: 0080 ec01 | 0000 492b | ca89 4808 | 49ba fa45 | 2d98 fb7f | 0000 4180 | 3a00 0f84 | 3c00 0000 
  0x000001ece69ca7a0: 5048 8bc8 | 4883 ec20 | 40f6 c40f | 0f84 1900 | 0000 4883 | ec08 48b8 | 8009 de97 | fb7f 0000 
  0x000001ece69ca7c0: ffd0 4883 | c408 e90c | 0000 0048 | b880 09de | 97fb 7f00 | 00ff d048 | 83c4 2058 | e9cb 0000 
  0x000001ece69ca7e0: 0059 488b | 55e8 488b | 5208 488b | 5208 450f | b745 0141 | 0fc8 41c1 | e810 e805 | 0000 00e9 
  0x000001ece69ca800: a800 0000 | 488d 4424 | 084c 896d | c049 8bcf | c5f8 7749 | 89af a803 | 0000 4989 | 8798 0300 
  0x000001ece69ca820: 0048 83ec | 2040 f6c4 | 0f0f 8419 | 0000 0048 | 83ec 0848 | b8c0 3ba8 | 97fb 7f00 | 00ff d048 
  0x000001ece69ca840: 83c4 08e9 | 0c00 0000 | 48b8 c03b | a897 fb7f | 0000 ffd0 | 4883 c420 | 49c7 8798 | 0300 0000 
  0x000001ece69ca860: 0000 0049 | c787 a803 | 0000 0000 | 0000 49c7 | 87a0 0300 | 0000 0000 | 00c5 f877 | 4983 7f08 
  0x000001ece69ca880: 000f 8405 | 0000 00e9 | 7466 feff | 498b 87f0 | 0300 0049 | c787 f003 | 0000 0000 | 0000 4c8b 
  0x000001ece69ca8a0: 6dc0 4c8b | 75c8 4e8d | 74f5 00c3 | 410f b65d | 0349 83c5 | 0349 ba00 | 0730 98fb | 7f00 0041 
  0x000001ece69ca8c0: ff24 da0f | 1f44 0000 
[/MachCode]

Compiled method (c1)    1138 1533       3       java.security.AccessController::doPrivileged (9 bytes)
 total in heap  [0x000001ecdf742b10,0x000001ecdf743158] = 1608
 relocation     [0x000001ecdf742c70,0x000001ecdf742ce0] = 112
 main code      [0x000001ecdf742ce0,0x000001ecdf742fc0] = 736
 stub code      [0x000001ecdf742fc0,0x000001ecdf743018] = 88
 metadata       [0x000001ecdf743018,0x000001ecdf743030] = 24
 scopes data    [0x000001ecdf743030,0x000001ecdf7430b0] = 128
 scopes pcs     [0x000001ecdf7430b0,0x000001ecdf743140] = 144
 dependencies   [0x000001ecdf743140,0x000001ecdf743148] = 8
 nul chk table  [0x000001ecdf743148,0x000001ecdf743158] = 16

[Constant Pool (empty)]

[MachCode]
[Verified Entry Point]
  # {method} {0x000001ec804784e8} 'doPrivileged' '(Ljava/security/PrivilegedAction;)Ljava/lang/Object;' in 'java/security/AccessController'
  # parm0:    rdx:rdx   = 'java/security/PrivilegedAction'
  #           [sp+0x70]  (sp of caller)
  0x000001ecdf742ce0: 8984 2400 | 80ff ff55 | 4883 ec60 | 4181 7f20 | 0100 0000 

  0x000001ecdf742cf4: ;   {runtime_call StubRoutines (final stubs)}
  0x000001ecdf742cf4: 7405 e865 

  0x000001ecdf742cf8: ;   {metadata(method data for {method} {0x000001ec804784e8} 'doPrivileged' '(Ljava/security/PrivilegedAction;)Ljava/lang/Object;' in 'java/security/AccessController')}
  0x000001ecdf742cf8: 202a 0748 | bea0 ad1f | f7ec 0100 | 008b becc | 0000 0083 | c702 89be | cc00 0000 | 81e7 fe07 
  0x000001ecdf742d18: 0000 85ff | 0f84 d401 | 0000 4889 

  0x000001ecdf742d24: ;   {metadata(method data for {method} {0x000001ec804784e8} 'doPrivileged' '(Ljava/security/PrivilegedAction;)Ljava/lang/Object;' in 'java/security/AccessController')}
  0x000001ecdf742d24: 5424 4048 | bea0 ad1f | f7ec 0100 | 0048 8386 | 1001 0000 | 0166 0f1f 

  0x000001ecdf742d3c: ;   {static_call}
  0x000001ecdf742d3c: 4400 00e8 

  0x000001ecdf742d40: ; ImmutableOopMap {[64]=Oop }
                      ;*invokestatic getCallerClass {reexecute=0 rethrow=0 return_oop=0}
                      ; - java.security.AccessController::doPrivileged@2 (line 319)
  0x000001ecdf742d40: 1c8e 8307 

  0x000001ecdf742d44: ;   {other}
  0x000001ecdf742d44: 0f1f 8400 | 3402 0000 

  0x000001ecdf742d4c: ;   {metadata(method data for {method} {0x000001ec804784e8} 'doPrivileged' '(Ljava/security/PrivilegedAction;)Ljava/lang/Object;' in 'java/security/AccessController')}
  0x000001ecdf742d4c: 48ba a0ad | 1ff7 ec01 | 0000 4883 | 8220 0100 

  0x000001ecdf742d5c: ;   {metadata(method data for {method} {0x000001ec804788d0} 'executePrivileged' '(Ljava/security/PrivilegedAction;Ljava/security/AccessControlContext;Ljava/lang/Class;)Ljava/lang/Object;' in 'java/security/AccessController')}
  0x000001ecdf742d5c: 0001 48ba | 10af 1ff7 | ec01 0000 | 8bb2 cc00 | 0000 83c6 | 0289 b2cc | 0000 0081 | e6fe ff1f 
  0x000001ecdf742d7c: 0085 f60f | 8492 0100 

  0x000001ecdf742d84: ;   {metadata(method data for {method} {0x000001ec804788d0} 'executePrivileged' '(Ljava/security/PrivilegedAction;Ljava/security/AccessControlContext;Ljava/lang/Class;)Ljava/lang/Object;' in 'java/security/AccessController')}
  0x000001ecdf742d84: 0048 ba10 | af1f f7ec | 0100 00ff | 8210 0100 

  0x000001ecdf742d94: ;   {metadata(method data for {method} {0x000001ec804788d0} 'executePrivileged' '(Ljava/security/PrivilegedAction;Ljava/security/AccessControlContext;Ljava/lang/Class;)Ljava/lang/Object;' in 'java/security/AccessController')}
  0x000001ecdf742d94: 0048 ba10 | af1f f7ec | 0100 00ff | 8240 0100 | 0048 8944 | 2448 488b | 5424 4048 | 3b02 488b 
  0x000001ecdf742db4: ;   {metadata(method data for {method} {0x000001ec804788d0} 'executePrivileged' '(Ljava/security/PrivilegedAction;Ljava/security/AccessControlContext;Ljava/lang/Class;)Ljava/lang/Object;' in 'java/security/AccessController')}
  0x000001ecdf742db4: f248 bf10 | af1f f7ec | 0100 008b | 7608 49ba | 0000 0080 | ec01 0000 | 4903 f248 | 3bb7 b001 
  0x000001ecdf742dd4: 0000 750d | 4883 87b8 | 0100 0001 | e960 0000 | 0048 3bb7 | c001 0000 | 750d 4883 | 87c8 0100 
  0x000001ecdf742df4: 0001 e94a | 0000 0048 | 83bf b001 | 0000 0075 | 1748 89b7 | b001 0000 | 48c7 87b8 | 0100 0001 
  0x000001ecdf742e14: 0000 00e9 | 2900 0000 | 4883 bfc0 | 0100 0000 | 7517 4889 | b7c0 0100 | 0048 c787 | c801 0000 
  0x000001ecdf742e34: 0100 0000 | e908 0000 | 0048 8387 | a001 0000 | 0148 b820 | 66cc fbec 

  0x000001ecdf742e4c: ;   {virtual_call}
  0x000001ecdf742e4c: 0100 00e8 

  0x000001ecdf742e50: ; ImmutableOopMap {[72]=Oop }
                      ;*invokeinterface run {reexecute=0 rethrow=0 return_oop=0}
                      ; - java.security.AccessController::executePrivileged@29 (line 778)
                      ; - java.security.AccessController::doPrivileged@5 (line 319)
  0x000001ecdf742e50: 3cb2 3807 

  0x000001ecdf742e54: ;   {other}
  0x000001ecdf742e54: 0f1f 8400 | 4403 0001 

  0x000001ecdf742e5c: ;   {metadata(method data for {method} {0x000001ec804788d0} 'executePrivileged' '(Ljava/security/PrivilegedAction;Ljava/security/AccessControlContext;Ljava/lang/Class;)Ljava/lang/Object;' in 'java/security/AccessController')}
  0x000001ecdf742e5c: 48be 10af | 1ff7 ec01 | 0000 ff86 | d801 0000 | 488b 7424 

  0x000001ecdf742e70: ;   {metadata(method data for {method} {0x000001ec804788d0} 'executePrivileged' '(Ljava/security/PrivilegedAction;Ljava/security/AccessControlContext;Ljava/lang/Class;)Ljava/lang/Object;' in 'java/security/AccessController')}
  0x000001ecdf742e70: 4848 bf10 | af1f f7ec | 0100 0048 | 8387 3802 

  0x000001ecdf742e80: ;   {metadata(method data for {method} {0x000001ec8003d400} 'reachabilityFence' '(Ljava/lang/Object;)V' in 'java/lang/ref/Reference')}
  0x000001ecdf742e80: 0000 0148 | bf20 d104 | f7ec 0100 | 008b 9fcc | 0000 0083 | c302 899f | cc00 0000 | 81e3 feff 
  0x000001ecdf742ea0: 1f00 85db | 0f84 9300 

  0x000001ecdf742ea8: ;   {metadata(method data for {method} {0x000001ec804788d0} 'executePrivileged' '(Ljava/security/PrivilegedAction;Ljava/security/AccessControlContext;Ljava/lang/Class;)Ljava/lang/Object;' in 'java/security/AccessController')}
  0x000001ecdf742ea8: 0000 48be | 10af 1ff7 | ec01 0000 | 4883 8648 | 0200 0001 

  0x000001ecdf742ebc: ;   {metadata(method data for {method} {0x000001ec8003d400} 'reachabilityFence' '(Ljava/lang/Object;)V' in 'java/lang/ref/Reference')}
  0x000001ecdf742ebc: 48be 20d1 | 04f7 ec01 | 0000 8bbe | cc00 0000 | 83c7 0289 | becc 0000 | 0081 e7fe | ff1f 0085 
  0x000001ecdf742edc: ff0f 847b | 0000 0048 | 83c4 605d 

  0x000001ecdf742ee8: ;   {poll_return}
  0x000001ecdf742ee8: 493b a750 | 0400 000f | 878a 0000 

  0x000001ecdf742ef4: ;   {metadata({method} {0x000001ec804784e8} 'doPrivileged' '(Ljava/security/PrivilegedAction;)Ljava/lang/Object;' in 'java/security/AccessController')}
  0x000001ecdf742ef4: 00c3 49ba | e084 4780 | ec01 0000 | 4c89 5424 | 0848 c704 | 24ff ffff 

  0x000001ecdf742f0c: ;   {runtime_call counter_overflow Runtime1 stub}
  0x000001ecdf742f0c: ffe8 ee59 

  0x000001ecdf742f10: ; ImmutableOopMap {rdx=Oop }
                      ;*synchronization entry
                      ; - java.security.AccessController::doPrivileged@-1 (line 319)
  0x000001ecdf742f10: 3807 e90b 

  0x000001ecdf742f14: ;   {metadata({method} {0x000001ec804788d0} 'executePrivileged' '(Ljava/security/PrivilegedAction;Ljava/security/AccessControlContext;Ljava/lang/Class;)Ljava/lang/Object;' in 'java/security/AccessController')}
  0x000001ecdf742f14: feff ff49 | bac8 8847 | 80ec 0100 | 004c 8954 | 2408 48c7 | 0424 ffff 

  0x000001ecdf742f2c: ;   {runtime_call counter_overflow Runtime1 stub}
  0x000001ecdf742f2c: ffff e8cd 

  0x000001ecdf742f30: ; ImmutableOopMap {rax=Oop [64]=Oop }
                      ;*synchronization entry
                      ; - java.security.AccessController::executePrivileged@-1 (line 773)
                      ; - java.security.AccessController::doPrivileged@5 (line 319)
  0x000001ecdf742f30: 5938 07e9 | 4dfe ffff 

  0x000001ecdf742f38: ;   {runtime_call throw_null_pointer_exception Runtime1 stub}
  0x000001ecdf742f38: e843 f537 

  0x000001ecdf742f3c: ; ImmutableOopMap {rdx=Oop [72]=Oop }
                      ;*invokeinterface run {reexecute=0 rethrow=0 return_oop=0}
                      ; - java.security.AccessController::executePrivileged@29 (line 778)
                      ; - java.security.AccessController::doPrivileged@5 (line 319)
                      ;   {metadata({method} {0x000001ec8003d400} 'reachabilityFence' '(Ljava/lang/Object;)V' in 'java/lang/ref/Reference')}
  0x000001ecdf742f3c: 0749 baf8 | d303 80ec | 0100 004c | 8954 2408 | 48c7 0424 | ffff ffff 

  0x000001ecdf742f54: ;   {runtime_call counter_overflow Runtime1 stub}
  0x000001ecdf742f54: e8a7 5938 

  0x000001ecdf742f58: ; ImmutableOopMap {rax=Oop rsi=Oop }
                      ;*synchronization entry
                      ; - java.lang.ref.Reference::reachabilityFence@-1 (line 628)
                      ; - java.security.AccessController::executePrivileged@56 (line 783)
                      ; - java.security.AccessController::doPrivileged@5 (line 319)
  0x000001ecdf742f58: 07e9 4cff 

  0x000001ecdf742f5c: ;   {metadata({method} {0x000001ec8003d400} 'reachabilityFence' '(Ljava/lang/Object;)V' in 'java/lang/ref/Reference')}
  0x000001ecdf742f5c: ffff 49ba | f8d3 0380 | ec01 0000 | 4c89 5424 | 0848 c704 | 24ff ffff 

  0x000001ecdf742f74: ;   {runtime_call counter_overflow Runtime1 stub}
  0x000001ecdf742f74: ffe8 8659 

  0x000001ecdf742f78: ; ImmutableOopMap {rax=Oop }
                      ;*synchronization entry
                      ; - java.lang.ref.Reference::reachabilityFence@-1 (line 628)
                      ; - java.security.AccessController::executePrivileged@60 (line 784)
                      ; - java.security.AccessController::doPrivileged@5 (line 319)
  0x000001ecdf742f78: 3807 e964 

  0x000001ecdf742f7c: ;   {internal_word}
  0x000001ecdf742f7c: ffff ff49 | bae8 2e74 | dfec 0100 | 004d 8997 | 6804 0000 

  0x000001ecdf742f90: ;   {runtime_call SafepointBlob}
  0x000001ecdf742f90: e96b 272c | 0749 8b87 | 0005 0000 | 49c7 8700 | 0500 0000 | 0000 0049 | c787 0805 | 0000 0000 
  0x000001ecdf742fb0: 0000 4883 

  0x000001ecdf742fb4: ;   {runtime_call unwind_exception Runtime1 stub}
  0x000001ecdf742fb4: c460 5de9 | 44dc 3707 | f4f4 f4f4 
[Stub Code]
  0x000001ecdf742fc0: ;   {no_reloc}
  0x000001ecdf742fc0: 0f1f 4400 

  0x000001ecdf742fc4: ;   {static_stub}
  0x000001ecdf742fc4: 0048 bb00 | 0000 0000 

  0x000001ecdf742fcc: ;   {runtime_call}
  0x000001ecdf742fcc: 0000 00e9 | fbff ffff 

  0x000001ecdf742fd4: ;   {static_stub}
  0x000001ecdf742fd4: 48bb 0000 | 0000 0000 

  0x000001ecdf742fdc: ;   {runtime_call}
  0x000001ecdf742fdc: 0000 e9fb 

  0x000001ecdf742fe0: ;   {runtime_call handle_exception_from_callee Runtime1 stub}
  0x000001ecdf742fe0: ffff ffe8 | 1817 3807 

  0x000001ecdf742fe8: ;   {external_word}
  0x000001ecdf742fe8: 48b9 0048 | 0598 fb7f | 0000 4883 

  0x000001ecdf742ff4: ;   {runtime_call}
  0x000001ecdf742ff4: e4f0 48b8 | 4024 cd97 | fb7f 0000 

  0x000001ecdf743000: ;   {section_word}
  0x000001ecdf743000: ffd0 f449 | ba03 3074 | dfec 0100 

  0x000001ecdf74300c: ;   {runtime_call DeoptimizationBlob}
  0x000001ecdf74300c: 0041 52e9 | 8c19 2c07 | f4f4 f4f4 
[/MachCode]


Compiled method (c1)    1146 1214       3       java.lang.StringBuilder::append (9 bytes)
 total in heap  [0x000001ecdf6d1d90,0x000001ecdf6d23a0] = 1552
 relocation     [0x000001ecdf6d1ef0,0x000001ecdf6d1f58] = 104
 main code      [0x000001ecdf6d1f60,0x000001ecdf6d2240] = 736
 stub code      [0x000001ecdf6d2240,0x000001ecdf6d2298] = 88
 metadata       [0x000001ecdf6d2298,0x000001ecdf6d22b0] = 24
 scopes data    [0x000001ecdf6d22b0,0x000001ecdf6d2308] = 88
 scopes pcs     [0x000001ecdf6d2308,0x000001ecdf6d2388] = 128
 dependencies   [0x000001ecdf6d2388,0x000001ecdf6d2390] = 8
 nul chk table  [0x000001ecdf6d2390,0x000001ecdf6d23a0] = 16

[Constant Pool (empty)]

[MachCode]
[Entry Point]
  # {method} {0x000001ec80469588} 'append' '(Ljava/lang/Object;)Ljava/lang/StringBuilder;' in 'java/lang/StringBuilder'
  # this:     rdx:rdx   = 'java/lang/StringBuilder'
  # parm0:    r8:r8     = 'java/lang/Object'
  #           [sp+0x50]  (sp of caller)
  0x000001ecdf6d1f60: 448b 5208 | 49bb 0000 | 0080 ec01 | 0000 4d03 | d34c 3bd0 

  0x000001ecdf6d1f74: ;   {runtime_call ic_miss_stub}
  0x000001ecdf6d1f74: 0f85 06c8 | 3207 660f | 1f44 0000 
[Verified Entry Point]
  0x000001ecdf6d1f80: 8984 2400 | 80ff ff55 | 4883 ec40 | 4181 7f20 | 0100 0000 

  0x000001ecdf6d1f94: ;   {runtime_call StubRoutines (final stubs)}
  0x000001ecdf6d1f94: 7405 e8c5 | 2d31 0748 | 8954 2430 

  0x000001ecdf6d1fa0: ;   {metadata(method data for {method} {0x000001ec80469588} 'append' '(Ljava/lang/Object;)Ljava/lang/StringBuilder;' in 'java/lang/StringBuilder')}
  0x000001ecdf6d1fa0: 48be 08cb | 24f7 ec01 | 0000 8bbe | cc00 0000 | 83c7 0289 | becc 0000 | 0081 e7fe | 0700 0085 
  0x000001ecdf6d1fc0: ff0f 84cd 

  0x000001ecdf6d1fc4: ;   {metadata(method data for {method} {0x000001ec80469588} 'append' '(Ljava/lang/Object;)Ljava/lang/StringBuilder;' in 'java/lang/StringBuilder')}
  0x000001ecdf6d1fc4: 0100 0048 | be08 cb24 | f7ec 0100 | 0048 8386 | 1001 0000 

  0x000001ecdf6d1fd8: ;   {metadata(method data for {method} {0x000001ec8045cd10} 'valueOf' '(Ljava/lang/Object;)Ljava/lang/String;' in 'java/lang/String')}
  0x000001ecdf6d1fd8: 0148 bea8 | cc24 f7ec | 0100 008b | becc 0000 | 0083 c702 | 89be cc00 | 0000 81e7 | feff 1f00 
  0x000001ecdf6d1ff8: 85ff 0f84 | b501 0000 

  0x000001ecdf6d2000: ;   {metadata(method data for {method} {0x000001ec8045cd10} 'valueOf' '(Ljava/lang/Object;)Ljava/lang/String;' in 'java/lang/String')}
  0x000001ecdf6d2000: 4d85 c048 | bea8 cc24 | f7ec 0100 | 0048 bf10 | 0100 0000 | 0000 0075 | 0a48 bf20 | 0100 0000 
  0x000001ecdf6d2020: 0000 0048 | 8b1c 3e48 | 8d5b 0148 | 891c 3e0f | 851f 0000 

  0x000001ecdf6d2034: ;   {metadata(method data for {method} {0x000001ec8045cd10} 'valueOf' '(Ljava/lang/Object;)Ljava/lang/String;' in 'java/lang/String')}
  0x000001ecdf6d2034: 0048 bea8 | cc24 f7ec | 0100 00ff | 8630 0100 

  0x000001ecdf6d2044: ;   {oop("null"{0x00000007040cea40})}
  0x000001ecdf6d2044: 0048 be40 | ea0c 0407 | 0000 00e9 | b300 0000 

  0x000001ecdf6d2054: ; implicit exception: dispatches to 0x000001ecdf6d21d6
  0x000001ecdf6d2054: 493b 0049 

  0x000001ecdf6d2058: ;   {metadata(method data for {method} {0x000001ec8045cd10} 'valueOf' '(Ljava/lang/Object;)Ljava/lang/String;' in 'java/lang/String')}
  0x000001ecdf6d2058: 8bf0 48bf | a8cc 24f7 | ec01 0000 | 8b76 0849 | ba00 0000 | 80ec 0100 | 0049 03f2 | 483b b758 
  0x000001ecdf6d2078: 0100 0075 | 0d48 8387 | 6001 0000 | 01e9 6000 | 0000 483b | b768 0100 | 0075 0d48 | 8387 7001 
  0x000001ecdf6d2098: 0000 01e9 | 4a00 0000 | 4883 bf58 | 0100 0000 | 7517 4889 | b758 0100 | 0048 c787 | 6001 0000 
  0x000001ecdf6d20b8: 0100 0000 | e929 0000 | 0048 83bf | 6801 0000 | 0075 1748 | 89b7 6801 | 0000 48c7 | 8770 0100 
  0x000001ecdf6d20d8: 0001 0000 | 00e9 0800 | 0000 4883 | 8748 0100 | 0001 498b | d048 b8ff | ffff ffff 

  0x000001ecdf6d20f4: ;   {virtual_call}
  0x000001ecdf6d20f4: ffff ffe8 

  0x000001ecdf6d20f8: ; ImmutableOopMap {[48]=Oop }
                      ;*invokevirtual toString {reexecute=0 rethrow=0 return_oop=0}
                      ; - java.lang.String::valueOf@11 (line 4465)
                      ; - java.lang.StringBuilder::append@2 (line 173)
  0x000001ecdf6d20f8: 1cc6 3f07 

  0x000001ecdf6d20fc: ;   {other}
  0x000001ecdf6d20fc: 0f1f 8400 | 6c03 0000 | 488b f048 | 8b54 2430 

  0x000001ecdf6d210c: ;   {metadata(method data for {method} {0x000001ec80469588} 'append' '(Ljava/lang/Object;)Ljava/lang/StringBuilder;' in 'java/lang/StringBuilder')}
  0x000001ecdf6d210c: 4c8b c248 | bf08 cb24 | f7ec 0100 | 0048 8387 | 2001 0000 

  0x000001ecdf6d2120: ;   {metadata(method data for {method} {0x000001ec80469530} 'append' '(Ljava/lang/String;)Ljava/lang/StringBuilder;' in 'java/lang/StringBuilder')}
  0x000001ecdf6d2120: 0149 b890 | d400 f7ec | 0100 0041 | 8bb8 cc00 | 0000 83c7 | 0241 89b8 | cc00 0000 | 81e7 feff 
  0x000001ecdf6d2140: 1f00 85ff | 0f84 9100 | 0000 4c8b 

  0x000001ecdf6d214c: ;   {metadata(method data for {method} {0x000001ec80469530} 'append' '(Ljava/lang/String;)Ljava/lang/StringBuilder;' in 'java/lang/StringBuilder')}
  0x000001ecdf6d214c: c248 bf90 | d400 f7ec | 0100 0048 | 8387 1001 | 0000 014c | 8bc6 488b | f248 8bd6 | 0f1f 8000 
  0x000001ecdf6d216c: ;   {optimized virtual_call}
  0x000001ecdf6d216c: 0000 00e8 

  0x000001ecdf6d2170: ; ImmutableOopMap {[48]=Oop }
                      ;*invokespecial append {reexecute=0 rethrow=0 return_oop=0}
                      ; - java.lang.StringBuilder::append@2 (line 179)
                      ; - java.lang.StringBuilder::append@5 (line 173)
  0x000001ecdf6d2170: 8cf8 8c07 

  0x000001ecdf6d2174: ;   {other}
  0x000001ecdf6d2174: 0f1f 8400 | e403 0001 | 488b 4424 | 3048 83c4 

  0x000001ecdf6d2184: ;   {poll_return}
  0x000001ecdf6d2184: 405d 493b | a750 0400 | 000f 8769 | 0000 00c3 

  0x000001ecdf6d2194: ;   {metadata({method} {0x000001ec80469588} 'append' '(Ljava/lang/Object;)Ljava/lang/StringBuilder;' in 'java/lang/StringBuilder')}
  0x000001ecdf6d2194: 49ba 8095 | 4680 ec01 | 0000 4c89 | 5424 0848 | c704 24ff 

  0x000001ecdf6d21a8: ;   {runtime_call counter_overflow Runtime1 stub}
  0x000001ecdf6d21a8: ffff ffe8 

  0x000001ecdf6d21ac: ; ImmutableOopMap {rdx=Oop r8=Oop [48]=Oop }
                      ;*synchronization entry
                      ; - java.lang.StringBuilder::append@-1 (line 173)
  0x000001ecdf6d21ac: 5067 3f07 | e912 feff 

  0x000001ecdf6d21b4: ;   {metadata({method} {0x000001ec8045cd10} 'valueOf' '(Ljava/lang/Object;)Ljava/lang/String;' in 'java/lang/String')}
  0x000001ecdf6d21b4: ff49 ba08 | cd45 80ec | 0100 004c | 8954 2408 | 48c7 0424 | ffff ffff 

  0x000001ecdf6d21cc: ;   {runtime_call counter_overflow Runtime1 stub}
  0x000001ecdf6d21cc: e82f 673f 

  0x000001ecdf6d21d0: ; ImmutableOopMap {rdx=Oop r8=Oop [48]=Oop }
                      ;*synchronization entry
                      ; - java.lang.String::valueOf@-1 (line 4465)
                      ; - java.lang.StringBuilder::append@2 (line 173)
  0x000001ecdf6d21d0: 07e9 2afe 

  0x000001ecdf6d21d4: ;   {runtime_call throw_null_pointer_exception Runtime1 stub}
  0x000001ecdf6d21d4: ffff e8a5 

  0x000001ecdf6d21d8: ; ImmutableOopMap {r8=Oop [48]=Oop }
                      ;*invokevirtual toString {reexecute=0 rethrow=0 return_oop=0}
                      ; - java.lang.String::valueOf@11 (line 4465)
                      ; - java.lang.StringBuilder::append@2 (line 173)
                      ;   {metadata({method} {0x000001ec80469530} 'append' '(Ljava/lang/String;)Ljava/lang/StringBuilder;' in 'java/lang/StringBuilder')}
  0x000001ecdf6d21d8: 023f 0749 | ba28 9546 | 80ec 0100 | 004c 8954 | 2408 48c7 | 0424 ffff 

  0x000001ecdf6d21f0: ;   {runtime_call counter_overflow Runtime1 stub}
  0x000001ecdf6d21f0: ffff e809 

  0x000001ecdf6d21f4: ; ImmutableOopMap {rsi=Oop rdx=Oop [48]=Oop }
                      ;*synchronization entry
                      ; - java.lang.StringBuilder::append@-1 (line 179)
                      ; - java.lang.StringBuilder::append@5 (line 173)
  0x000001ecdf6d21f4: 673f 07e9 | 4eff ffff 

  0x000001ecdf6d21fc: ;   {internal_word}
  0x000001ecdf6d21fc: 49ba 8621 | 6ddf ec01 | 0000 4d89 | 9768 0400 

  0x000001ecdf6d220c: ;   {runtime_call SafepointBlob}
  0x000001ecdf6d220c: 00e9 ee34 | 3307 498b | 8700 0500 | 0049 c787 | 0005 0000 | 0000 0000 | 49c7 8708 | 0500 0000 
  0x000001ecdf6d222c: 0000 0048 | 83c4 405d 

  0x000001ecdf6d2234: ;   {runtime_call unwind_exception Runtime1 stub}
  0x000001ecdf6d2234: e9c7 e93e | 07f4 f4f4 | f4f4 f4f4 
[Stub Code]
  0x000001ecdf6d2240: ;   {no_reloc}
  0x000001ecdf6d2240: 0f1f 4400 

  0x000001ecdf6d2244: ;   {static_stub}
  0x000001ecdf6d2244: 0048 bb00 | 0000 0000 

  0x000001ecdf6d224c: ;   {runtime_call}
  0x000001ecdf6d224c: 0000 00e9 | fbff ffff 

  0x000001ecdf6d2254: ;   {static_stub}
  0x000001ecdf6d2254: 9048 bb00 | 0000 0000 

  0x000001ecdf6d225c: ;   {runtime_call}
  0x000001ecdf6d225c: 0000 00e9 | fbff ffff 
[Exception Handler]
  0x000001ecdf6d2264: ;   {runtime_call handle_exception_from_callee Runtime1 stub}
  0x000001ecdf6d2264: e897 243f 

  0x000001ecdf6d2268: ;   {external_word}
  0x000001ecdf6d2268: 0748 b900 | 4805 98fb | 7f00 0048 

  0x000001ecdf6d2274: ;   {runtime_call}
  0x000001ecdf6d2274: 83e4 f048 | b840 24cd | 97fb 7f00 | 00ff d0f4 
[Deopt Handler Code]
  0x000001ecdf6d2284: ;   {section_word}
  0x000001ecdf6d2284: 49ba 8422 | 6ddf ec01 | 0000 4152 

  0x000001ecdf6d2290: ;   {runtime_call DeoptimizationBlob}
  0x000001ecdf6d2290: e90b 2733 | 07f4 f4f4 
[/MachCode]


---------------  P R O C E S S  ---------------

Threads class SMR info:
_java_thread_list=0x000001ecfb361980, length=16, elements={
0x000001ecd58205e0, 0x000001ecf68a4e80, 0x000001ecf68a5da0, 0x000001ecf68a9530,
0x000001ecf68ac0a0, 0x000001ecf68ae3e0, 0x000001ecf68af5e0, 0x000001ecf68b6280,
0x000001ecf68b75f0, 0x000001ecf6aa4ac0, 0x000001ecf6c42960, 0x000001ecf6bc4870,
0x000001ecf6d57700, 0x000001ecfbb83fc0, 0x000001ecfbb84ab0, 0x000001ecfb76f310
}

Java Threads: ( => current thread )
  0x000001ecd58205e0 JavaThread "main"                              [_thread_blocked, id=14320, stack(0x000000a22cb00000,0x000000a22cc00000) (1024K)]
  0x000001ecf68a4e80 JavaThread "Reference Handler"          daemon [_thread_blocked, id=17988, stack(0x000000a22d300000,0x000000a22d400000) (1024K)]
  0x000001ecf68a5da0 JavaThread "Finalizer"                  daemon [_thread_blocked, id=8492, stack(0x000000a22d400000,0x000000a22d500000) (1024K)]
  0x000001ecf68a9530 JavaThread "Signal Dispatcher"          daemon [_thread_blocked, id=16364, stack(0x000000a22d500000,0x000000a22d600000) (1024K)]
=>0x000001ecf68ac0a0 JavaThread "Attach Listener"            daemon [_thread_in_vm, id=2648, stack(0x000000a22d600000,0x000000a22d700000) (1024K)]
  0x000001ecf68ae3e0 JavaThread "Service Thread"             daemon [_thread_blocked, id=18464, stack(0x000000a22d700000,0x000000a22d800000) (1024K)]
  0x000001ecf68af5e0 JavaThread "Monitor Deflation Thread"   daemon [_thread_blocked, id=5068, stack(0x000000a22d800000,0x000000a22d900000) (1024K)]
  0x000001ecf68b6280 JavaThread "C2 CompilerThread0"         daemon [_thread_in_native, id=11392, stack(0x000000a22d900000,0x000000a22da00000) (1024K)]
  0x000001ecf68b75f0 JavaThread "C1 CompilerThread0"         daemon [_thread_in_vm, id=6016, stack(0x000000a22da00000,0x000000a22db00000) (1024K)]
  0x000001ecf6aa4ac0 JavaThread "Common-Cleaner"             daemon [_thread_blocked, id=19100, stack(0x000000a22db00000,0x000000a22dc00000) (1024K)]
  0x000001ecf6c42960 JavaThread "C2 CompilerThread1"         daemon [_thread_in_native, id=11300, stack(0x000000a22dc00000,0x000000a22dd00000) (1024K)]
  0x000001ecf6bc4870 JavaThread "Monitor Ctrl-Break"         daemon [_thread_in_native, id=15884, stack(0x000000a22dd00000,0x000000a22de00000) (1024K)]
  0x000001ecf6d57700 JavaThread "Notification Thread"        daemon [_thread_blocked, id=5096, stack(0x000000a22de00000,0x000000a22df00000) (1024K)]
  0x000001ecfbb83fc0 JavaThread "Thread-0"                          [_thread_blocked, id=7268, stack(0x000000a22df00000,0x000000a22e000000) (1024K)]
  0x000001ecfbb84ab0 JavaThread "restartedMain"                     [_thread_in_vm, id=12828, stack(0x000000a22e000000,0x000000a22e100000) (1024K)]
  0x000001ecfb76f310 JavaThread "background-preinit"                [_thread_in_vm, id=16528, stack(0x000000a22e100000,0x000000a22e200000) (1024K)]
Total: 16

Other Threads:
  0x000001ecf6887770 VMThread "VM Thread"                           [id=18732, stack(0x000000a22d200000,0x000000a22d300000) (1024K)]
  0x000001ecf686f890 WatcherThread "VM Periodic Task Thread"        [id=18864, stack(0x000000a22d100000,0x000000a22d200000) (1024K)]
  0x000001ecd58885d0 WorkerThread "GC Thread#0"                     [id=11360, stack(0x000000a22cc00000,0x000000a22cd00000) (1024K)]
  0x000001ecfba32860 WorkerThread "GC Thread#1"                     [id=1768, stack(0x000000a22e200000,0x000000a22e300000) (1024K)]
  0x000001ecfb6d8f00 WorkerThread "GC Thread#2"                     [id=5164, stack(0x000000a22e300000,0x000000a22e400000) (1024K)]
  0x000001ecfb6d92a0 WorkerThread "GC Thread#3"                     [id=14400, stack(0x000000a22e400000,0x000000a22e500000) (1024K)]
  0x000001ecfb885d40 WorkerThread "GC Thread#4"                     [id=12604, stack(0x000000a22e500000,0x000000a22e600000) (1024K)]
  0x000001ecfb886560 WorkerThread "GC Thread#5"                     [id=1520, stack(0x000000a22e600000,0x000000a22e700000) (1024K)]
  0x000001ecfb886d80 WorkerThread "GC Thread#6"                     [id=9940, stack(0x000000a22e700000,0x000000a22e800000) (1024K)]
  0x000001ecfb887120 WorkerThread "GC Thread#7"                     [id=4256, stack(0x000000a22e800000,0x000000a22e900000) (1024K)]
  0x000001ecd589a380 ConcurrentGCThread "G1 Main Marker"            [id=10860, stack(0x000000a22cd00000,0x000000a22ce00000) (1024K)]
  0x000001ecd589b620 WorkerThread "G1 Conc#0"                       [id=11656, stack(0x000000a22ce00000,0x000000a22cf00000) (1024K)]
  0x000001ecd58de070 ConcurrentGCThread "G1 Refine#0"               [id=6776, stack(0x000000a22cf00000,0x000000a22d000000) (1024K)]
  0x000001ecf6741570 ConcurrentGCThread "G1 Service"                [id=16472, stack(0x000000a22d000000,0x000000a22d100000) (1024K)]
Total: 14

Threads with active compile tasks:
C2 CompilerThread0     1155 1772   !   4       java.net.URL::<init> (543 bytes)
C1 CompilerThread0     1155 1778       3       java.lang.System$2::getAnnotationType (5 bytes)
C2 CompilerThread1     1155 1744       4       sun.util.locale.BaseLocale::getInstance (150 bytes)
Total: 3

VM state: not at safepoint (normal execution)

VM Mutex/Monitor currently owned by a thread:  ([mutex/lock_event])
[0x00007ffb982eace8] Metaspace_lock - owner thread: 0x000001ecf68ac0a0

Heap address: 0x0000000703e00000, size: 4034 MB, Compressed Oops mode: Zero based, Oop shift amount: 3

CDS archive(s) mapped at: [0x000001ec80000000-0x000001ec80c90000-0x000001ec80c90000), size 13172736, SharedBaseAddress: 0x000001ec80000000, ArchiveRelocationMode: 1.
Compressed class space mapped at: 0x000001ec81000000-0x000001ecc1000000, reserved size: 1073741824
Narrow klass base: 0x000001ec80000000, Narrow klass shift: 0, Narrow klass range: 0x100000000

GC Precious Log:
 CardTable entry size: 512
 Card Set container configuration: InlinePtr #cards 4 size 8 Array Of Cards #cards 16 size 48 Howl #buckets 8 coarsen threshold 3686 Howl Bitmap #cards 512 size 80 coarsen threshold 460 Card regions per heap region 1 cards per card region 4096
 CPUs: 8 total, 8 available
 Memory: 16130M
 Large Page Support: Disabled
 NUMA Support: Disabled
 Compressed Oops: Enabled (Zero based)
 Heap Region Size: 2M
 Heap Min Capacity: 8M
 Heap Initial Capacity: 254M
 Heap Max Capacity: 4034M
 Pre-touch: Disabled
 Parallel Workers: 8
 Concurrent Workers: 2
 Concurrent Refinement Workers: 8
 Periodic GC: Disabled

Heap:
 garbage-first heap   total 260096K, used 13175K [0x0000000703e00000, 0x0000000800000000)
  region size 2048K, 4 young (8192K), 1 survivors (2048K)
 Metaspace       used 14591K, committed 14784K, reserved 1114112K
  class space    used 1791K, committed 1920K, reserved 1048576K

Heap Regions: E=young(eden), S=young(survivor), O=old, HS=humongous(starts), HC=humongous(continues), CS=collection set, F=free, TAMS=top-at-mark-start, PB=parsable bottom
|   0|0x0000000703e00000, 0x0000000704000000, 0x0000000704000000|100%| O|  |TAMS 0x0000000703e00000| PB 0x0000000703e00000| Untracked 
|   1|0x0000000704000000, 0x0000000704200000, 0x0000000704200000|100%| O|  |TAMS 0x0000000704000000| PB 0x0000000704000000| Untracked 
|   2|0x0000000704200000, 0x0000000704400000, 0x0000000704400000|100%| O|  |TAMS 0x0000000704200000| PB 0x0000000704200000| Untracked 
|   3|0x0000000704400000, 0x00000007044fd578, 0x0000000704600000| 49%| O|  |TAMS 0x0000000704400000| PB 0x0000000704400000| Untracked 
|   4|0x0000000704600000, 0x0000000704600000, 0x0000000704800000|  0%| F|  |TAMS 0x0000000704600000| PB 0x0000000704600000| Untracked 
|   5|0x0000000704800000, 0x0000000704800000, 0x0000000704a00000|  0%| F|  |TAMS 0x0000000704800000| PB 0x0000000704800000| Untracked 
|   6|0x0000000704a00000, 0x0000000704a00000, 0x0000000704c00000|  0%| F|  |TAMS 0x0000000704a00000| PB 0x0000000704a00000| Untracked 
|   7|0x0000000704c00000, 0x0000000704c00000, 0x0000000704e00000|  0%| F|  |TAMS 0x0000000704c00000| PB 0x0000000704c00000| Untracked 
|   8|0x0000000704e00000, 0x0000000704e00000, 0x0000000705000000|  0%| F|  |TAMS 0x0000000704e00000| PB 0x0000000704e00000| Untracked 
|   9|0x0000000705000000, 0x0000000705000000, 0x0000000705200000|  0%| F|  |TAMS 0x0000000705000000| PB 0x0000000705000000| Untracked 
|  10|0x0000000705200000, 0x0000000705200000, 0x0000000705400000|  0%| F|  |TAMS 0x0000000705200000| PB 0x0000000705200000| Untracked 
|  11|0x0000000705400000, 0x0000000705400000, 0x0000000705600000|  0%| F|  |TAMS 0x0000000705400000| PB 0x0000000705400000| Untracked 
|  12|0x0000000705600000, 0x0000000705600000, 0x0000000705800000|  0%| F|  |TAMS 0x0000000705600000| PB 0x0000000705600000| Untracked 
|  13|0x0000000705800000, 0x0000000705800000, 0x0000000705a00000|  0%| F|  |TAMS 0x0000000705800000| PB 0x0000000705800000| Untracked 
|  14|0x0000000705a00000, 0x0000000705a00000, 0x0000000705c00000|  0%| F|  |TAMS 0x0000000705a00000| PB 0x0000000705a00000| Untracked 
|  15|0x0000000705c00000, 0x0000000705c00000, 0x0000000705e00000|  0%| F|  |TAMS 0x0000000705c00000| PB 0x0000000705c00000| Untracked 
|  16|0x0000000705e00000, 0x0000000705e00000, 0x0000000706000000|  0%| F|  |TAMS 0x0000000705e00000| PB 0x0000000705e00000| Untracked 
|  17|0x0000000706000000, 0x0000000706000000, 0x0000000706200000|  0%| F|  |TAMS 0x0000000706000000| PB 0x0000000706000000| Untracked 
|  18|0x0000000706200000, 0x0000000706200000, 0x0000000706400000|  0%| F|  |TAMS 0x0000000706200000| PB 0x0000000706200000| Untracked 
|  19|0x0000000706400000, 0x0000000706400000, 0x0000000706600000|  0%| F|  |TAMS 0x0000000706400000| PB 0x0000000706400000| Untracked 
|  20|0x0000000706600000, 0x0000000706600000, 0x0000000706800000|  0%| F|  |TAMS 0x0000000706600000| PB 0x0000000706600000| Untracked 
|  21|0x0000000706800000, 0x0000000706800000, 0x0000000706a00000|  0%| F|  |TAMS 0x0000000706800000| PB 0x0000000706800000| Untracked 
|  22|0x0000000706a00000, 0x0000000706a00000, 0x0000000706c00000|  0%| F|  |TAMS 0x0000000706a00000| PB 0x0000000706a00000| Untracked 
|  23|0x0000000706c00000, 0x0000000706c00000, 0x0000000706e00000|  0%| F|  |TAMS 0x0000000706c00000| PB 0x0000000706c00000| Untracked 
|  24|0x0000000706e00000, 0x0000000706e00000, 0x0000000707000000|  0%| F|  |TAMS 0x0000000706e00000| PB 0x0000000706e00000| Untracked 
|  25|0x0000000707000000, 0x0000000707000000, 0x0000000707200000|  0%| F|  |TAMS 0x0000000707000000| PB 0x0000000707000000| Untracked 
|  26|0x0000000707200000, 0x0000000707200000, 0x0000000707400000|  0%| F|  |TAMS 0x0000000707200000| PB 0x0000000707200000| Untracked 
|  27|0x0000000707400000, 0x0000000707400000, 0x0000000707600000|  0%| F|  |TAMS 0x0000000707400000| PB 0x0000000707400000| Untracked 
|  28|0x0000000707600000, 0x0000000707600000, 0x0000000707800000|  0%| F|  |TAMS 0x0000000707600000| PB 0x0000000707600000| Untracked 
|  29|0x0000000707800000, 0x0000000707800000, 0x0000000707a00000|  0%| F|  |TAMS 0x0000000707800000| PB 0x0000000707800000| Untracked 
|  30|0x0000000707a00000, 0x0000000707a00000, 0x0000000707c00000|  0%| F|  |TAMS 0x0000000707a00000| PB 0x0000000707a00000| Untracked 
|  31|0x0000000707c00000, 0x0000000707c00000, 0x0000000707e00000|  0%| F|  |TAMS 0x0000000707c00000| PB 0x0000000707c00000| Untracked 
|  32|0x0000000707e00000, 0x0000000707e00000, 0x0000000708000000|  0%| F|  |TAMS 0x0000000707e00000| PB 0x0000000707e00000| Untracked 
|  33|0x0000000708000000, 0x0000000708000000, 0x0000000708200000|  0%| F|  |TAMS 0x0000000708000000| PB 0x0000000708000000| Untracked 
|  34|0x0000000708200000, 0x0000000708200000, 0x0000000708400000|  0%| F|  |TAMS 0x0000000708200000| PB 0x0000000708200000| Untracked 
|  35|0x0000000708400000, 0x0000000708400000, 0x0000000708600000|  0%| F|  |TAMS 0x0000000708400000| PB 0x0000000708400000| Untracked 
|  36|0x0000000708600000, 0x0000000708600000, 0x0000000708800000|  0%| F|  |TAMS 0x0000000708600000| PB 0x0000000708600000| Untracked 
|  37|0x0000000708800000, 0x0000000708800000, 0x0000000708a00000|  0%| F|  |TAMS 0x0000000708800000| PB 0x0000000708800000| Untracked 
|  38|0x0000000708a00000, 0x0000000708a00000, 0x0000000708c00000|  0%| F|  |TAMS 0x0000000708a00000| PB 0x0000000708a00000| Untracked 
|  39|0x0000000708c00000, 0x0000000708c00000, 0x0000000708e00000|  0%| F|  |TAMS 0x0000000708c00000| PB 0x0000000708c00000| Untracked 
|  40|0x0000000708e00000, 0x0000000708e00000, 0x0000000709000000|  0%| F|  |TAMS 0x0000000708e00000| PB 0x0000000708e00000| Untracked 
|  41|0x0000000709000000, 0x0000000709000000, 0x0000000709200000|  0%| F|  |TAMS 0x0000000709000000| PB 0x0000000709000000| Untracked 
|  42|0x0000000709200000, 0x0000000709200000, 0x0000000709400000|  0%| F|  |TAMS 0x0000000709200000| PB 0x0000000709200000| Untracked 
|  43|0x0000000709400000, 0x0000000709400000, 0x0000000709600000|  0%| F|  |TAMS 0x0000000709400000| PB 0x0000000709400000| Untracked 
|  44|0x0000000709600000, 0x0000000709600000, 0x0000000709800000|  0%| F|  |TAMS 0x0000000709600000| PB 0x0000000709600000| Untracked 
|  45|0x0000000709800000, 0x0000000709800000, 0x0000000709a00000|  0%| F|  |TAMS 0x0000000709800000| PB 0x0000000709800000| Untracked 
|  46|0x0000000709a00000, 0x0000000709a00000, 0x0000000709c00000|  0%| F|  |TAMS 0x0000000709a00000| PB 0x0000000709a00000| Untracked 
|  47|0x0000000709c00000, 0x0000000709c00000, 0x0000000709e00000|  0%| F|  |TAMS 0x0000000709c00000| PB 0x0000000709c00000| Untracked 
|  48|0x0000000709e00000, 0x0000000709e00000, 0x000000070a000000|  0%| F|  |TAMS 0x0000000709e00000| PB 0x0000000709e00000| Untracked 
|  49|0x000000070a000000, 0x000000070a000000, 0x000000070a200000|  0%| F|  |TAMS 0x000000070a000000| PB 0x000000070a000000| Untracked 
|  50|0x000000070a200000, 0x000000070a200000, 0x000000070a400000|  0%| F|  |TAMS 0x000000070a200000| PB 0x000000070a200000| Untracked 
|  51|0x000000070a400000, 0x000000070a400000, 0x000000070a600000|  0%| F|  |TAMS 0x000000070a400000| PB 0x000000070a400000| Untracked 
|  52|0x000000070a600000, 0x000000070a600000, 0x000000070a800000|  0%| F|  |TAMS 0x000000070a600000| PB 0x000000070a600000| Untracked 
|  53|0x000000070a800000, 0x000000070a800000, 0x000000070aa00000|  0%| F|  |TAMS 0x000000070a800000| PB 0x000000070a800000| Untracked 
|  54|0x000000070aa00000, 0x000000070aa00000, 0x000000070ac00000|  0%| F|  |TAMS 0x000000070aa00000| PB 0x000000070aa00000| Untracked 
|  55|0x000000070ac00000, 0x000000070ac00000, 0x000000070ae00000|  0%| F|  |TAMS 0x000000070ac00000| PB 0x000000070ac00000| Untracked 
|  56|0x000000070ae00000, 0x000000070ae00000, 0x000000070b000000|  0%| F|  |TAMS 0x000000070ae00000| PB 0x000000070ae00000| Untracked 
|  57|0x000000070b000000, 0x000000070b000000, 0x000000070b200000|  0%| F|  |TAMS 0x000000070b000000| PB 0x000000070b000000| Untracked 
|  58|0x000000070b200000, 0x000000070b200000, 0x000000070b400000|  0%| F|  |TAMS 0x000000070b200000| PB 0x000000070b200000| Untracked 
|  59|0x000000070b400000, 0x000000070b400000, 0x000000070b600000|  0%| F|  |TAMS 0x000000070b400000| PB 0x000000070b400000| Untracked 
|  60|0x000000070b600000, 0x000000070b600000, 0x000000070b800000|  0%| F|  |TAMS 0x000000070b600000| PB 0x000000070b600000| Untracked 
|  61|0x000000070b800000, 0x000000070b800000, 0x000000070ba00000|  0%| F|  |TAMS 0x000000070b800000| PB 0x000000070b800000| Untracked 
|  62|0x000000070ba00000, 0x000000070ba00000, 0x000000070bc00000|  0%| F|  |TAMS 0x000000070ba00000| PB 0x000000070ba00000| Untracked 
|  63|0x000000070bc00000, 0x000000070bc00000, 0x000000070be00000|  0%| F|  |TAMS 0x000000070bc00000| PB 0x000000070bc00000| Untracked 
|  64|0x000000070be00000, 0x000000070be00000, 0x000000070c000000|  0%| F|  |TAMS 0x000000070be00000| PB 0x000000070be00000| Untracked 
|  65|0x000000070c000000, 0x000000070c000000, 0x000000070c200000|  0%| F|  |TAMS 0x000000070c000000| PB 0x000000070c000000| Untracked 
|  66|0x000000070c200000, 0x000000070c200000, 0x000000070c400000|  0%| F|  |TAMS 0x000000070c200000| PB 0x000000070c200000| Untracked 
|  67|0x000000070c400000, 0x000000070c400000, 0x000000070c600000|  0%| F|  |TAMS 0x000000070c400000| PB 0x000000070c400000| Untracked 
|  68|0x000000070c600000, 0x000000070c600000, 0x000000070c800000|  0%| F|  |TAMS 0x000000070c600000| PB 0x000000070c600000| Untracked 
|  69|0x000000070c800000, 0x000000070c800000, 0x000000070ca00000|  0%| F|  |TAMS 0x000000070c800000| PB 0x000000070c800000| Untracked 
|  70|0x000000070ca00000, 0x000000070ca00000, 0x000000070cc00000|  0%| F|  |TAMS 0x000000070ca00000| PB 0x000000070ca00000| Untracked 
|  71|0x000000070cc00000, 0x000000070cc00000, 0x000000070ce00000|  0%| F|  |TAMS 0x000000070cc00000| PB 0x000000070cc00000| Untracked 
|  72|0x000000070ce00000, 0x000000070ce00000, 0x000000070d000000|  0%| F|  |TAMS 0x000000070ce00000| PB 0x000000070ce00000| Untracked 
|  73|0x000000070d000000, 0x000000070d000000, 0x000000070d200000|  0%| F|  |TAMS 0x000000070d000000| PB 0x000000070d000000| Untracked 
|  74|0x000000070d200000, 0x000000070d200000, 0x000000070d400000|  0%| F|  |TAMS 0x000000070d200000| PB 0x000000070d200000| Untracked 
|  75|0x000000070d400000, 0x000000070d400000, 0x000000070d600000|  0%| F|  |TAMS 0x000000070d400000| PB 0x000000070d400000| Untracked 
|  76|0x000000070d600000, 0x000000070d600000, 0x000000070d800000|  0%| F|  |TAMS 0x000000070d600000| PB 0x000000070d600000| Untracked 
|  77|0x000000070d800000, 0x000000070d800000, 0x000000070da00000|  0%| F|  |TAMS 0x000000070d800000| PB 0x000000070d800000| Untracked 
|  78|0x000000070da00000, 0x000000070da00000, 0x000000070dc00000|  0%| F|  |TAMS 0x000000070da00000| PB 0x000000070da00000| Untracked 
|  79|0x000000070dc00000, 0x000000070dc00000, 0x000000070de00000|  0%| F|  |TAMS 0x000000070dc00000| PB 0x000000070dc00000| Untracked 
|  80|0x000000070de00000, 0x000000070de00000, 0x000000070e000000|  0%| F|  |TAMS 0x000000070de00000| PB 0x000000070de00000| Untracked 
|  81|0x000000070e000000, 0x000000070e000000, 0x000000070e200000|  0%| F|  |TAMS 0x000000070e000000| PB 0x000000070e000000| Untracked 
|  82|0x000000070e200000, 0x000000070e200000, 0x000000070e400000|  0%| F|  |TAMS 0x000000070e200000| PB 0x000000070e200000| Untracked 
|  83|0x000000070e400000, 0x000000070e400000, 0x000000070e600000|  0%| F|  |TAMS 0x000000070e400000| PB 0x000000070e400000| Untracked 
|  84|0x000000070e600000, 0x000000070e600000, 0x000000070e800000|  0%| F|  |TAMS 0x000000070e600000| PB 0x000000070e600000| Untracked 
|  85|0x000000070e800000, 0x000000070e800000, 0x000000070ea00000|  0%| F|  |TAMS 0x000000070e800000| PB 0x000000070e800000| Untracked 
|  86|0x000000070ea00000, 0x000000070ea00000, 0x000000070ec00000|  0%| F|  |TAMS 0x000000070ea00000| PB 0x000000070ea00000| Untracked 
|  87|0x000000070ec00000, 0x000000070ec00000, 0x000000070ee00000|  0%| F|  |TAMS 0x000000070ec00000| PB 0x000000070ec00000| Untracked 
|  88|0x000000070ee00000, 0x000000070ee00000, 0x000000070f000000|  0%| F|  |TAMS 0x000000070ee00000| PB 0x000000070ee00000| Untracked 
|  89|0x000000070f000000, 0x000000070f000000, 0x000000070f200000|  0%| F|  |TAMS 0x000000070f000000| PB 0x000000070f000000| Untracked 
|  90|0x000000070f200000, 0x000000070f200000, 0x000000070f400000|  0%| F|  |TAMS 0x000000070f200000| PB 0x000000070f200000| Untracked 
|  91|0x000000070f400000, 0x000000070f400000, 0x000000070f600000|  0%| F|  |TAMS 0x000000070f400000| PB 0x000000070f400000| Untracked 
|  92|0x000000070f600000, 0x000000070f600000, 0x000000070f800000|  0%| F|  |TAMS 0x000000070f600000| PB 0x000000070f600000| Untracked 
|  93|0x000000070f800000, 0x000000070f800000, 0x000000070fa00000|  0%| F|  |TAMS 0x000000070f800000| PB 0x000000070f800000| Untracked 
|  94|0x000000070fa00000, 0x000000070fa00000, 0x000000070fc00000|  0%| F|  |TAMS 0x000000070fa00000| PB 0x000000070fa00000| Untracked 
|  95|0x000000070fc00000, 0x000000070fc00000, 0x000000070fe00000|  0%| F|  |TAMS 0x000000070fc00000| PB 0x000000070fc00000| Untracked 
|  96|0x000000070fe00000, 0x000000070fe00000, 0x0000000710000000|  0%| F|  |TAMS 0x000000070fe00000| PB 0x000000070fe00000| Untracked 
|  97|0x0000000710000000, 0x0000000710000000, 0x0000000710200000|  0%| F|  |TAMS 0x0000000710000000| PB 0x0000000710000000| Untracked 
|  98|0x0000000710200000, 0x0000000710200000, 0x0000000710400000|  0%| F|  |TAMS 0x0000000710200000| PB 0x0000000710200000| Untracked 
|  99|0x0000000710400000, 0x0000000710400000, 0x0000000710600000|  0%| F|  |TAMS 0x0000000710400000| PB 0x0000000710400000| Untracked 
| 100|0x0000000710600000, 0x0000000710600000, 0x0000000710800000|  0%| F|  |TAMS 0x0000000710600000| PB 0x0000000710600000| Untracked 
| 101|0x0000000710800000, 0x0000000710800000, 0x0000000710a00000|  0%| F|  |TAMS 0x0000000710800000| PB 0x0000000710800000| Untracked 
| 102|0x0000000710a00000, 0x0000000710a00000, 0x0000000710c00000|  0%| F|  |TAMS 0x0000000710a00000| PB 0x0000000710a00000| Untracked 
| 103|0x0000000710c00000, 0x0000000710c00000, 0x0000000710e00000|  0%| F|  |TAMS 0x0000000710c00000| PB 0x0000000710c00000| Untracked 
| 104|0x0000000710e00000, 0x0000000710e00000, 0x0000000711000000|  0%| F|  |TAMS 0x0000000710e00000| PB 0x0000000710e00000| Untracked 
| 105|0x0000000711000000, 0x0000000711000000, 0x0000000711200000|  0%| F|  |TAMS 0x0000000711000000| PB 0x0000000711000000| Untracked 
| 106|0x0000000711200000, 0x0000000711200000, 0x0000000711400000|  0%| F|  |TAMS 0x0000000711200000| PB 0x0000000711200000| Untracked 
| 107|0x0000000711400000, 0x0000000711400000, 0x0000000711600000|  0%| F|  |TAMS 0x0000000711400000| PB 0x0000000711400000| Untracked 
| 108|0x0000000711600000, 0x0000000711600000, 0x0000000711800000|  0%| F|  |TAMS 0x0000000711600000| PB 0x0000000711600000| Untracked 
| 109|0x0000000711800000, 0x0000000711800000, 0x0000000711a00000|  0%| F|  |TAMS 0x0000000711800000| PB 0x0000000711800000| Untracked 
| 110|0x0000000711a00000, 0x0000000711a00000, 0x0000000711c00000|  0%| F|  |TAMS 0x0000000711a00000| PB 0x0000000711a00000| Untracked 
| 111|0x0000000711c00000, 0x0000000711de07b8, 0x0000000711e00000| 93%| S|CS|TAMS 0x0000000711c00000| PB 0x0000000711c00000| Complete 
| 112|0x0000000711e00000, 0x0000000711e00000, 0x0000000712000000|  0%| F|  |TAMS 0x0000000711e00000| PB 0x0000000711e00000| Untracked 
| 113|0x0000000712000000, 0x0000000712000000, 0x0000000712200000|  0%| F|  |TAMS 0x0000000712000000| PB 0x0000000712000000| Untracked 
| 114|0x0000000712200000, 0x0000000712200000, 0x0000000712400000|  0%| F|  |TAMS 0x0000000712200000| PB 0x0000000712200000| Untracked 
| 115|0x0000000712400000, 0x0000000712400000, 0x0000000712600000|  0%| F|  |TAMS 0x0000000712400000| PB 0x0000000712400000| Untracked 
| 116|0x0000000712600000, 0x0000000712600000, 0x0000000712800000|  0%| F|  |TAMS 0x0000000712600000| PB 0x0000000712600000| Untracked 
| 117|0x0000000712800000, 0x0000000712800000, 0x0000000712a00000|  0%| F|  |TAMS 0x0000000712800000| PB 0x0000000712800000| Untracked 
| 118|0x0000000712a00000, 0x0000000712a00000, 0x0000000712c00000|  0%| F|  |TAMS 0x0000000712a00000| PB 0x0000000712a00000| Untracked 
| 119|0x0000000712c00000, 0x0000000712c00000, 0x0000000712e00000|  0%| F|  |TAMS 0x0000000712c00000| PB 0x0000000712c00000| Untracked 
| 120|0x0000000712e00000, 0x0000000712e00000, 0x0000000713000000|  0%| F|  |TAMS 0x0000000712e00000| PB 0x0000000712e00000| Untracked 
| 121|0x0000000713000000, 0x0000000713000000, 0x0000000713200000|  0%| F|  |TAMS 0x0000000713000000| PB 0x0000000713000000| Untracked 
| 122|0x0000000713200000, 0x0000000713200000, 0x0000000713400000|  0%| F|  |TAMS 0x0000000713200000| PB 0x0000000713200000| Untracked 
| 123|0x0000000713400000, 0x0000000713400000, 0x0000000713600000|  0%| F|  |TAMS 0x0000000713400000| PB 0x0000000713400000| Untracked 
| 124|0x0000000713600000, 0x00000007137c4de8, 0x0000000713800000| 88%| E|  |TAMS 0x0000000713600000| PB 0x0000000713600000| Complete 
| 125|0x0000000713800000, 0x0000000713a00000, 0x0000000713a00000|100%| E|CS|TAMS 0x0000000713800000| PB 0x0000000713800000| Complete 
| 126|0x0000000713a00000, 0x0000000713c00000, 0x0000000713c00000|100%| E|CS|TAMS 0x0000000713a00000| PB 0x0000000713a00000| Complete 

Card table byte_map: [0x000001ecef6d0000,0x000001ecefec0000] _byte_map_base: 0x000001ecebeb1000

Marking Bits: (CMBitMap*) 0x000001ecd5888cd0
 Bits: [0x000001ecefec0000, 0x000001ecf3dc8000)

Polling page: 0x000001ecd58e0000

Metaspace:

Usage:
  Non-class:     12.50 MB used.
      Class:      1.75 MB used.
       Both:     14.25 MB used.

Virtual space:
  Non-class space:       64.00 MB reserved,      12.56 MB ( 20%) committed,  1 nodes.
      Class space:        1.00 GB reserved,       1.88 MB ( <1%) committed,  1 nodes.
             Both:        1.06 GB reserved,      14.44 MB (  1%) committed. 

Chunk freelists:
   Non-Class:  2.75 MB
       Class:  14.15 MB
        Both:  16.90 MB

MaxMetaspaceSize: unlimited
CompressedClassSpaceSize: 1.00 GB
Initial GC threshold: 21.00 MB
Current GC threshold: 21.00 MB
CDS: on
 - commit_granule_bytes: 65536.
 - commit_granule_words: 8192.
 - virtual_space_node_default_size: 8388608.
 - enlarge_chunks_in_place: 1.
 - use_allocation_guard: 0.


Internal statistics:

num_allocs_failed_limit: 0.
num_arena_births: 152.
num_arena_deaths: 0.
num_vsnodes_births: 2.
num_vsnodes_deaths: 0.
num_space_committed: 231.
num_space_uncommitted: 0.
num_chunks_returned_to_freelist: 0.
num_chunks_taken_from_freelist: 571.
num_chunk_merges: 0.
num_chunk_splits: 402.
num_chunks_enlarged: 332.
num_inconsistent_stats: 0.

CodeHeap 'non-profiled nmethods': size=120000Kb used=643Kb max_used=643Kb free=119356Kb
 bounds [0x000001ece6f50000, 0x000001ece71c0000, 0x000001ecee480000]
CodeHeap 'profiled nmethods': size=120000Kb used=3387Kb max_used=3387Kb free=116613Kb
 bounds [0x000001ecdf480000, 0x000001ecdf7d0000, 0x000001ece69b0000]
CodeHeap 'non-nmethods': size=5760Kb used=1396Kb max_used=1418Kb free=4363Kb
 bounds [0x000001ece69b0000, 0x000001ece6c20000, 0x000001ece6f50000]
 total_blobs=2270 nmethods=1775 adapters=400
 compilation: enabled
              stopped_count=0, restarted_count=0
 full_count=0

Compilation events (20 events):
Event: 1.092 Thread 0x000001ecf68b75f0 1767       1       java.lang.Enum::name (5 bytes)
Event: 1.092 Thread 0x000001ecf68b75f0 nmethod 1767 0x000001ece6ff0b90 code [0x000001ece6ff0d20, 0x000001ece6ff0df0]
Event: 1.093 Thread 0x000001ecf68b75f0 1768       3       java.lang.ClassNotFoundException::<init> (7 bytes)
Event: 1.093 Thread 0x000001ecf68b75f0 nmethod 1768 0x000001ecdf7cae90 code [0x000001ecdf7cb040, 0x000001ecdf7cb240]
Event: 1.093 Thread 0x000001ecf68b75f0 1769       3       jdk.internal.misc.Unsafe::getIntUnaligned (83 bytes)
Event: 1.094 Thread 0x000001ecf68b75f0 nmethod 1769 0x000001ecdf7cb310 code [0x000001ecdf7cb500, 0x000001ecdf7cb9b0]
Event: 1.097 Thread 0x000001ecf68b75f0 1770       3       java.lang.invoke.InnerClassLambdaMetafactory::getLoadOpcode (26 bytes)
Event: 1.098 Thread 0x000001ecf68b75f0 nmethod 1770 0x000001ecdf7cbb10 code [0x000001ecdf7cbce0, 0x000001ecdf7cbef8]
Event: 1.098 Thread 0x000001ecf68b75f0 1771       3       jdk.internal.org.objectweb.asm.MethodVisitor::visitVarInsn (17 bytes)
Event: 1.098 Thread 0x000001ecf68b75f0 nmethod 1771 0x000001ecdf7cc010 code [0x000001ecdf7cc1c0, 0x000001ecdf7cc3d0]
Event: 1.098 Thread 0x000001ecf68b6280 1772   !   4       java.net.URL::<init> (543 bytes)
Event: 1.099 Thread 0x000001ecf68b75f0 1773       3       jdk.internal.misc.VM::isSystemDomainLoader (17 bytes)
Event: 1.099 Thread 0x000001ecf68b75f0 nmethod 1773 0x000001ecdf7cc490 code [0x000001ecdf7cc660, 0x000001ecdf7cc9d8]
Event: 1.100 Thread 0x000001ecf68b75f0 1774       3       java.lang.invoke.BoundMethodHandle::editor (8 bytes)
Event: 1.100 Thread 0x000001ecf68b75f0 nmethod 1774 0x000001ecdf7ccb10 code [0x000001ecdf7ccce0, 0x000001ecdf7cd088]
Event: 1.100 Thread 0x000001ecf68b75f0 1775       3       java.lang.invoke.LambdaFormBuffer::ownedCount (7 bytes)
Event: 1.100 Thread 0x000001ecf68b75f0 nmethod 1775 0x000001ecdf7cd210 code [0x000001ecdf7cd3a0, 0x000001ecdf7cd4b0]
Event: 1.104 Thread 0x000001ecf68b75f0 1776       3       sun.invoke.util.VerifyAccess::isTypeVisible (47 bytes)
Event: 1.105 Thread 0x000001ecf68b75f0 nmethod 1776 0x000001ecdf7cd510 code [0x000001ecdf7cd700, 0x000001ecdf7cdb08]
Event: 1.106 Thread 0x000001ecf68b75f0 1777   !   3       java.lang.reflect.Executable::declaredAnnotations (85 bytes)

GC Heap History (4 events):
Event: 0.658 GC heap before
{Heap before GC invocations=0 (full 0):
 garbage-first heap   total 260096K, used 20480K [0x0000000703e00000, 0x0000000800000000)
  region size 2048K, 11 young (22528K), 0 survivors (0K)
 Metaspace       used 5708K, committed 5824K, reserved 1114112K
  class space    used 622K, committed 704K, reserved 1048576K
}
Event: 0.662 GC heap after
{Heap after GC invocations=1 (full 0):
 garbage-first heap   total 260096K, used 6875K [0x0000000703e00000, 0x0000000800000000)
  region size 2048K, 2 young (4096K), 2 survivors (4096K)
 Metaspace       used 5708K, committed 5824K, reserved 1114112K
  class space    used 622K, committed 704K, reserved 1048576K
}
Event: 1.041 GC heap before
{Heap before GC invocations=1 (full 0):
 garbage-first heap   total 260096K, used 31451K [0x0000000703e00000, 0x0000000800000000)
  region size 2048K, 15 young (30720K), 2 survivors (4096K)
 Metaspace       used 13110K, committed 13312K, reserved 1114112K
  class space    used 1646K, committed 1728K, reserved 1048576K
}
Event: 1.045 GC heap after
{Heap after GC invocations=2 (full 0):
 garbage-first heap   total 260096K, used 9079K [0x0000000703e00000, 0x0000000800000000)
  region size 2048K, 1 young (2048K), 1 survivors (2048K)
 Metaspace       used 13110K, committed 13312K, reserved 1114112K
  class space    used 1646K, committed 1728K, reserved 1048576K
}

Dll operation events (13 events):
Event: 0.014 Loaded shared library C:\Program Files\Java\jdk-21\bin\java.dll
Event: 0.048 Loaded shared library C:\Program Files\Java\jdk-21\bin\jsvml.dll
Event: 0.120 Loaded shared library C:\Program Files\Java\jdk-21\bin\zip.dll
Event: 0.124 Loaded shared library C:\Program Files\Java\jdk-21\bin\instrument.dll
Event: 0.129 Loaded shared library C:\Program Files\Java\jdk-21\bin\net.dll
Event: 0.132 Loaded shared library C:\Program Files\Java\jdk-21\bin\nio.dll
Event: 0.135 Loaded shared library C:\Program Files\Java\jdk-21\bin\zip.dll
Event: 0.215 Loaded shared library C:\Program Files\JetBrains\IntelliJ IDEA Community Edition 2023.2.2\bin\breakgen64.dll
Event: 0.223 Loaded shared library C:\Program Files\Java\jdk-21\bin\extnet.dll
Event: 0.246 Loaded shared library C:\Program Files\Java\jdk-21\bin\verify.dll
Event: 0.250 Loaded shared library C:\Program Files\Java\jdk-21\bin\jimage.dll
Event: 0.481 Loaded shared library C:\Program Files\Java\jdk-21\bin\management.dll
Event: 0.484 Loaded shared library C:\Program Files\Java\jdk-21\bin\management_ext.dll

Deoptimization events (20 events):
Event: 0.887 Thread 0x000001ecfb76f310 Uncommon trap: trap_request=0xffffffde fr.pc=0x000001ece6fdcc5c relative=0x000000000000013c
Event: 0.887 Thread 0x000001ecfb76f310 Uncommon trap: reason=class_check action=maybe_recompile pc=0x000001ece6fdcc5c method=jdk.internal.misc.Unsafe.allocateUninitializedArray(Ljava/lang/Class;I)Ljava/lang/Object; @ 51 c2
Event: 0.887 Thread 0x000001ecfb76f310 DEOPT PACKING pc=0x000001ece6fdcc5c sp=0x000000a22e1faa80
Event: 0.887 Thread 0x000001ecfb76f310 DEOPT UNPACKING pc=0x000001ece6a046a2 sp=0x000000a22e1fa9f8 mode 2
Event: 0.887 Thread 0x000001ecfb76f310 Uncommon trap: trap_request=0xffffffde fr.pc=0x000001ece6fdcc5c relative=0x000000000000013c
Event: 0.887 Thread 0x000001ecfb76f310 Uncommon trap: reason=class_check action=maybe_recompile pc=0x000001ece6fdcc5c method=jdk.internal.misc.Unsafe.allocateUninitializedArray(Ljava/lang/Class;I)Ljava/lang/Object; @ 51 c2
Event: 0.887 Thread 0x000001ecfb76f310 DEOPT PACKING pc=0x000001ece6fdcc5c sp=0x000000a22e1fac40
Event: 0.887 Thread 0x000001ecfb76f310 DEOPT UNPACKING pc=0x000001ece6a046a2 sp=0x000000a22e1fabb8 mode 2
Event: 0.929 Thread 0x000001ecfb76f310 Uncommon trap: trap_request=0xffffff45 fr.pc=0x000001ece6f98e8c relative=0x00000000000002cc
Event: 0.929 Thread 0x000001ecfb76f310 Uncommon trap: reason=unstable_if action=reinterpret pc=0x000001ece6f98e8c method=java.util.concurrent.ConcurrentHashMap.get(Ljava/lang/Object;)Ljava/lang/Object; @ 76 c2
Event: 0.929 Thread 0x000001ecfb76f310 DEOPT PACKING pc=0x000001ece6f98e8c sp=0x000000a22e1fe0e0
Event: 0.929 Thread 0x000001ecfb76f310 DEOPT UNPACKING pc=0x000001ece6a046a2 sp=0x000000a22e1fe058 mode 2
Event: 0.970 Thread 0x000001ecfbb84ab0 Uncommon trap: trap_request=0xffffff45 fr.pc=0x000001ece6fdf900 relative=0x0000000000000340
Event: 0.970 Thread 0x000001ecfbb84ab0 Uncommon trap: reason=unstable_if action=reinterpret pc=0x000001ece6fdf900 method=jdk.internal.org.objectweb.asm.SymbolTable.put(Ljdk/internal/org/objectweb/asm/SymbolTable$Entry;)Ljdk/internal/org/objectweb/asm/SymbolTable$Entry; @ 13 c2
Event: 0.970 Thread 0x000001ecfbb84ab0 DEOPT PACKING pc=0x000001ece6fdf900 sp=0x000000a22e0fd8e0
Event: 0.970 Thread 0x000001ecfbb84ab0 DEOPT UNPACKING pc=0x000001ece6a046a2 sp=0x000000a22e0fd860 mode 2
Event: 1.061 Thread 0x000001ecfb76f310 Uncommon trap: trap_request=0xffffff45 fr.pc=0x000001ece6fb1ef4 relative=0x0000000000000054
Event: 1.061 Thread 0x000001ecfb76f310 Uncommon trap: reason=unstable_if action=reinterpret pc=0x000001ece6fb1ef4 method=java.lang.CharacterData.of(I)Ljava/lang/CharacterData; @ 4 c2
Event: 1.061 Thread 0x000001ecfb76f310 DEOPT PACKING pc=0x000001ece6fb1ef4 sp=0x000000a22e1fd370
Event: 1.061 Thread 0x000001ecfb76f310 DEOPT UNPACKING pc=0x000001ece6a046a2 sp=0x000000a22e1fd308 mode 2

Classes loaded (20 events):
Event: 1.078 Loading class com/sun/beans/introspect/PropertyInfo$Name done
Event: 1.078 Loading class java/beans/GenericBeanInfo
Event: 1.078 Loading class java/beans/SimpleBeanInfo
Event: 1.079 Loading class java/beans/SimpleBeanInfo done
Event: 1.079 Loading class java/beans/GenericBeanInfo done
Event: 1.080 Loading class java/util/Hashtable$EntrySet
Event: 1.080 Loading class java/util/Hashtable$EntrySet done
Event: 1.104 Loading class jdk/internal/vm/VMSupport
Event: 1.104 Loading class jdk/internal/vm/VMSupport done
Event: 1.104 Loading class sun/nio/cs/ISO_8859_1$Encoder
Event: 1.104 Loading class sun/nio/cs/ISO_8859_1$Encoder done
Event: 1.105 Loading class sun/nio/cs/Surrogate$Parser
Event: 1.105 Loading class sun/nio/cs/Surrogate$Parser done
Event: 1.105 Loading class sun/nio/cs/Surrogate
Event: 1.105 Loading class sun/nio/cs/Surrogate done
Event: 1.105 Loading class sun/util/locale/provider/TimeZoneNameUtility
Event: 1.105 Loading class sun/util/locale/provider/TimeZoneNameUtility done
Event: 1.105 Loading class sun/util/locale/provider/TimeZoneNameUtility$TimeZoneNameGetter
Event: 1.105 Loading class sun/util/locale/provider/TimeZoneNameUtility$TimeZoneNameGetter done
Event: 1.106 Loading class sun/util/cldr/CLDRTimeZoneNameProviderImpl

Classes unloaded (0 events):
No events

Classes redefined (0 events):
No events

Internal exceptions (20 events):
Event: 0.917 Thread 0x000001ecfb76f310 Exception <a 'java/lang/NoSuchMethodError'{0x0000000712b3a970}: 'void java.lang.invoke.DirectMethodHandle$Holder.invokeStatic(java.lang.Object, java.lang.Object, java.lang.Object, java.lang.Object, java.lang.Object, java.lang.Object)'> (0x0000000712b3a970) 
thrown [s\open\src\hotspot\share\interpreter\linkResolver.cpp, line 773]
Event: 0.939 Thread 0x000001ecfbb84ab0 Exception <a 'java/lang/NoSuchMethodError'{0x0000000712853740}: 'org.slf4j.impl.StaticMDCBinder org.slf4j.impl.StaticMDCBinder.getSingleton()'> (0x0000000712853740) 
thrown [s\open\src\hotspot\share\interpreter\linkResolver.cpp, line 773]
Event: 0.948 Thread 0x000001ecfbb84ab0 Exception <a 'java/lang/NoSuchMethodError'{0x00000007128e7d00}: 'int java.lang.invoke.Invokers$Holder.invokeExact_MT(java.lang.Object, java.lang.Object)'> (0x00000007128e7d00) 
thrown [s\open\src\hotspot\share\interpreter\linkResolver.cpp, line 773]
Event: 0.951 Thread 0x000001ecfb76f310 Exception <a 'java/lang/NoSuchMethodError'{0x0000000712917f88}: 'void java.lang.invoke.DirectMethodHandle$Holder.invokeSpecial(java.lang.Object, java.lang.Object, java.lang.Object, java.lang.Object, java.lang.Object)'> (0x0000000712917f88) 
thrown [s\open\src\hotspot\share\interpreter\linkResolver.cpp, line 773]
Event: 0.965 Thread 0x000001ecfb76f310 Exception <a 'java/lang/NoSuchMethodError'{0x000000071263dd90}: 'int java.lang.invoke.DirectMethodHandle$Holder.invokeInterface(java.lang.Object, java.lang.Object)'> (0x000000071263dd90) 
thrown [s\open\src\hotspot\share\interpreter\linkResolver.cpp, line 773]
Event: 0.972 Thread 0x000001ecfb76f310 Exception <a 'java/lang/NoSuchMethodError'{0x0000000712697270}: 'java.lang.Object java.lang.invoke.DirectMethodHandle$Holder.invokeStaticInit(java.lang.Object, java.lang.Object, java.lang.Object)'> (0x0000000712697270) 
thrown [s\open\src\hotspot\share\interpreter\linkResolver.cpp, line 773]
Event: 0.973 Thread 0x000001ecfb76f310 Exception <a 'java/lang/NoSuchMethodError'{0x000000071269c818}: 'java.lang.Object java.lang.invoke.DirectMethodHandle$Holder.invokeStaticInit(java.lang.Object, java.lang.Object, java.lang.Object, java.lang.Object, java.lang.Object)'> (0x000000071269c818) 
thrown [s\open\src\hotspot\share\interpreter\linkResolver.cpp, line 773]
Event: 1.071 Thread 0x000001ecfbb84ab0 Exception <a 'java/lang/ClassNotFoundException'{0x000000071387adc0}: java/lang/ObjectCustomizer> (0x000000071387adc0) 
thrown [s\open\src\hotspot\share\classfile\systemDictionary.cpp, line 312]
Event: 1.074 Thread 0x000001ecfbb84ab0 Exception <a 'java/lang/IncompatibleClassChangeError'{0x000000071387ecd8}: Found class java.lang.Object, but interface was expected> (0x000000071387ecd8) 
thrown [s\open\src\hotspot\share\interpreter\linkResolver.cpp, line 840]
Event: 1.079 Thread 0x000001ecfbb84ab0 Exception <a 'java/lang/ClassNotFoundException'{0x0000000713890520}: org/springframework/context/annotation/ConfigurationClassPostProcessorCustomizer> (0x0000000713890520) 
thrown [s\open\src\hotspot\share\classfile\systemDictionary.cpp, line 312]
Event: 1.089 Thread 0x000001ecfbb84ab0 Exception <a 'java/lang/ClassNotFoundException'{0x00000007139d2968}: org/springframework/beans/factory/support/BeanDefinitionRegistryPostProcessorCustomizer> (0x00000007139d2968) 
thrown [s\open\src\hotspot\share\classfile\systemDictionary.cpp, line 312]
Event: 1.090 Thread 0x000001ecfbb84ab0 Exception <a 'java/lang/ClassNotFoundException'{0x00000007139d76a8}: org/springframework/beans/factory/config/BeanFactoryPostProcessorCustomizer> (0x00000007139d76a8) 
thrown [s\open\src\hotspot\share\classfile\systemDictionary.cpp, line 312]
Event: 1.091 Thread 0x000001ecfbb84ab0 Exception <a 'java/lang/ClassNotFoundException'{0x00000007139dbbe8}: org/springframework/core/PriorityOrderedCustomizer> (0x00000007139dbbe8) 
thrown [s\open\src\hotspot\share\classfile\systemDictionary.cpp, line 312]
Event: 1.091 Thread 0x000001ecfbb84ab0 Exception <a 'java/lang/ClassNotFoundException'{0x00000007139dee40}: org/springframework/core/OrderedCustomizer> (0x00000007139dee40) 
thrown [s\open\src\hotspot\share\classfile\systemDictionary.cpp, line 312]
Event: 1.092 Thread 0x000001ecfbb84ab0 Exception <a 'java/lang/ClassNotFoundException'{0x00000007139e31a0}: org/springframework/context/ResourceLoaderAwareCustomizer> (0x00000007139e31a0) 
thrown [s\open\src\hotspot\share\classfile\systemDictionary.cpp, line 312]
Event: 1.093 Thread 0x000001ecfbb84ab0 Exception <a 'java/lang/ClassNotFoundException'{0x00000007139e76a0}: org/springframework/beans/factory/AwareCustomizer> (0x00000007139e76a0) 
thrown [s\open\src\hotspot\share\classfile\systemDictionary.cpp, line 312]
Event: 1.093 Thread 0x000001ecfbb84ab0 Exception <a 'java/lang/ClassNotFoundException'{0x00000007139eabe0}: org/springframework/beans/factory/BeanClassLoaderAwareCustomizer> (0x00000007139eabe0) 
thrown [s\open\src\hotspot\share\classfile\systemDictionary.cpp, line 312]
Event: 1.094 Thread 0x000001ecfbb84ab0 Exception <a 'java/lang/ClassNotFoundException'{0x00000007136572b0}: org/springframework/beans/factory/AwareCustomizer> (0x00000007136572b0) 
thrown [s\open\src\hotspot\share\classfile\systemDictionary.cpp, line 312]
Event: 1.094 Thread 0x000001ecfbb84ab0 Exception <a 'java/lang/ClassNotFoundException'{0x000000071365a568}: org/springframework/context/EnvironmentAwareCustomizer> (0x000000071365a568) 
thrown [s\open\src\hotspot\share\classfile\systemDictionary.cpp, line 312]
Event: 1.095 Thread 0x000001ecfbb84ab0 Exception <a 'java/lang/ClassNotFoundException'{0x000000071365e9c0}: org/springframework/beans/factory/AwareCustomizer> (0x000000071365e9c0) 
thrown [s\open\src\hotspot\share\classfile\systemDictionary.cpp, line 312]

ZGC Phase Switch (0 events):
No events

VM Operations (20 events):
Event: 0.589 Executing VM operation: HandshakeAllThreads (Deoptimize)
Event: 0.589 Executing VM operation: HandshakeAllThreads (Deoptimize) done
Event: 0.658 Executing VM operation: G1CollectForAllocation (G1 Evacuation Pause)
Event: 0.662 Executing VM operation: G1CollectForAllocation (G1 Evacuation Pause) done
Event: 0.692 Executing VM operation: HandshakeAllThreads (Deoptimize)
Event: 0.692 Executing VM operation: HandshakeAllThreads (Deoptimize) done
Event: 0.755 Executing VM operation: HandshakeAllThreads (Deoptimize)
Event: 0.755 Executing VM operation: HandshakeAllThreads (Deoptimize) done
Event: 0.808 Executing VM operation: HandshakeAllThreads (Deoptimize)
Event: 0.808 Executing VM operation: HandshakeAllThreads (Deoptimize) done
Event: 0.877 Executing VM operation: HandshakeAllThreads (Deoptimize)
Event: 0.877 Executing VM operation: HandshakeAllThreads (Deoptimize) done
Event: 0.878 Executing VM operation: HandshakeAllThreads (Deoptimize)
Event: 0.878 Executing VM operation: HandshakeAllThreads (Deoptimize) done
Event: 1.032 Executing VM operation: HandshakeAllThreads (Deoptimize)
Event: 1.032 Executing VM operation: HandshakeAllThreads (Deoptimize) done
Event: 1.041 Executing VM operation: G1CollectForAllocation (G1 Evacuation Pause)
Event: 1.045 Executing VM operation: G1CollectForAllocation (G1 Evacuation Pause) done
Event: 1.077 Executing VM operation: HandshakeAllThreads (Deoptimize)
Event: 1.077 Executing VM operation: HandshakeAllThreads (Deoptimize) done

Events (16 events):
Event: 0.029 Thread 0x000001ecd58205e0 Thread added: 0x000001ecd58205e0
Event: 0.045 Thread 0x000001ecf68a4e80 Thread added: 0x000001ecf68a4e80
Event: 0.045 Thread 0x000001ecf68a5da0 Thread added: 0x000001ecf68a5da0
Event: 0.045 Thread 0x000001ecf68a9530 Thread added: 0x000001ecf68a9530
Event: 0.045 Thread 0x000001ecf68ac0a0 Thread added: 0x000001ecf68ac0a0
Event: 0.045 Thread 0x000001ecf68ae3e0 Thread added: 0x000001ecf68ae3e0
Event: 0.046 Thread 0x000001ecf68af5e0 Thread added: 0x000001ecf68af5e0
Event: 0.046 Thread 0x000001ecf68b6280 Thread added: 0x000001ecf68b6280
Event: 0.046 Thread 0x000001ecf68b75f0 Thread added: 0x000001ecf68b75f0
Event: 0.101 Thread 0x000001ecf6aa4ac0 Thread added: 0x000001ecf6aa4ac0
Event: 0.167 Thread 0x000001ecf6c42960 Thread added: 0x000001ecf6c42960
Event: 0.216 Thread 0x000001ecf6bc4870 Thread added: 0x000001ecf6bc4870
Event: 0.216 Thread 0x000001ecf6d57700 Thread added: 0x000001ecf6d57700
Event: 0.533 Thread 0x000001ecfbb83fc0 Thread added: 0x000001ecfbb83fc0
Event: 0.536 Thread 0x000001ecfbb84ab0 Thread added: 0x000001ecfbb84ab0
Event: 0.571 Thread 0x000001ecfb76f310 Thread added: 0x000001ecfb76f310


Dynamic libraries:
0x00007ff71fff0000 - 0x00007ff720000000 	C:\Program Files\Java\jdk-21\bin\java.exe
0x00007ffc3c830000 - 0x00007ffc3ca47000 	C:\WINDOWS\SYSTEM32\ntdll.dll
0x00007ffc3b600000 - 0x00007ffc3b6c4000 	C:\WINDOWS\System32\KERNEL32.DLL
0x00007ffc39fb0000 - 0x00007ffc3a380000 	C:\WINDOWS\System32\KERNELBASE.dll
0x00007ffc39da0000 - 0x00007ffc39eb1000 	C:\WINDOWS\System32\ucrtbase.dll
0x00007ffc206b0000 - 0x00007ffc206cb000 	C:\Program Files\Java\jdk-21\bin\VCRUNTIME140.dll
0x00007ffc0db40000 - 0x00007ffc0db59000 	C:\Program Files\Java\jdk-21\bin\jli.dll
0x00007ffc3bad0000 - 0x00007ffc3bb81000 	C:\WINDOWS\System32\ADVAPI32.dll
0x00007ffc3ba20000 - 0x00007ffc3bac7000 	C:\WINDOWS\System32\msvcrt.dll
0x00007ffc3aec0000 - 0x00007ffc3af67000 	C:\WINDOWS\System32\sechost.dll
0x00007ffc3a380000 - 0x00007ffc3a3a8000 	C:\WINDOWS\System32\bcrypt.dll
0x00007ffc3c050000 - 0x00007ffc3c164000 	C:\WINDOWS\System32\RPCRT4.dll
0x00007ffc3bb90000 - 0x00007ffc3bd3e000 	C:\WINDOWS\System32\USER32.dll
0x00007ffc1adb0000 - 0x00007ffc1b042000 	C:\WINDOWS\WinSxS\amd64_microsoft.windows.common-controls_6595b64144ccf1df_6.0.22621.4830_none_270fe7d773858e80\COMCTL32.dll
0x00007ffc39f80000 - 0x00007ffc39fa6000 	C:\WINDOWS\System32\win32u.dll
0x00007ffc3c170000 - 0x00007ffc3c199000 	C:\WINDOWS\System32\GDI32.dll
0x00007ffc39b80000 - 0x00007ffc39c9b000 	C:\WINDOWS\System32\gdi32full.dll
0x00007ffc30680000 - 0x00007ffc3068a000 	C:\WINDOWS\SYSTEM32\VERSION.dll
0x00007ffc39ae0000 - 0x00007ffc39b7a000 	C:\WINDOWS\System32\msvcp_win.dll
0x00007ffc3b6d0000 - 0x00007ffc3b701000 	C:\WINDOWS\System32\IMM32.DLL
0x00007ffc26fd0000 - 0x00007ffc26fdc000 	C:\Program Files\Java\jdk-21\bin\vcruntime140_1.dll
0x00007ffbc6140000 - 0x00007ffbc61ce000 	C:\Program Files\Java\jdk-21\bin\msvcp140.dll
0x00007ffb976b0000 - 0x00007ffb983c7000 	C:\Program Files\Java\jdk-21\bin\server\jvm.dll
0x00007ffc3c380000 - 0x00007ffc3c3f1000 	C:\WINDOWS\System32\WS2_32.dll
0x00007ffc30a40000 - 0x00007ffc30a74000 	C:\WINDOWS\SYSTEM32\WINMM.dll
0x00007ffc39800000 - 0x00007ffc3984d000 	C:\WINDOWS\SYSTEM32\POWRPROF.dll
0x00007ffc397e0000 - 0x00007ffc397f3000 	C:\WINDOWS\SYSTEM32\UMPDC.dll
0x00007ffc38a00000 - 0x00007ffc38a18000 	C:\WINDOWS\SYSTEM32\kernel.appcore.dll
0x00007ffc21870000 - 0x00007ffc2187a000 	C:\Program Files\Java\jdk-21\bin\jimage.dll
0x00007ffc1d910000 - 0x00007ffc1db42000 	C:\WINDOWS\SYSTEM32\DBGHELP.DLL
0x00007ffc3c400000 - 0x00007ffc3c790000 	C:\WINDOWS\System32\combase.dll
0x00007ffc3b7a0000 - 0x00007ffc3b877000 	C:\WINDOWS\System32\OLEAUT32.dll
0x00007ffc1e170000 - 0x00007ffc1e1a2000 	C:\WINDOWS\SYSTEM32\dbgcore.DLL
0x00007ffc39ca0000 - 0x00007ffc39d1b000 	C:\WINDOWS\System32\bcryptPrimitives.dll
0x00007ffc36a40000 - 0x00007ffc36a4f000 	C:\Program Files\Java\jdk-21\bin\instrument.dll
0x00007ffc0c4c0000 - 0x00007ffc0c4df000 	C:\Program Files\Java\jdk-21\bin\java.dll
0x00007ffc3a5e0000 - 0x00007ffc3ae58000 	C:\WINDOWS\System32\SHELL32.dll
0x00007ffc37850000 - 0x00007ffc38160000 	C:\WINDOWS\SYSTEM32\windows.storage.dll
0x00007ffc37710000 - 0x00007ffc3784f000 	C:\WINDOWS\SYSTEM32\wintypes.dll
0x00007ffc3b880000 - 0x00007ffc3b98a000 	C:\WINDOWS\System32\SHCORE.dll
0x00007ffc3ae60000 - 0x00007ffc3aebe000 	C:\WINDOWS\System32\shlwapi.dll
0x00007ffc39a10000 - 0x00007ffc39a3b000 	C:\WINDOWS\SYSTEM32\profapi.dll
0x00007ffbbb7f0000 - 0x00007ffbbb8c7000 	C:\Program Files\Java\jdk-21\bin\jsvml.dll
0x00007ffc04610000 - 0x00007ffc04628000 	C:\Program Files\Java\jdk-21\bin\zip.dll
0x00007ffc217a0000 - 0x00007ffc217b0000 	C:\Program Files\Java\jdk-21\bin\net.dll
0x00007ffc38a20000 - 0x00007ffc38b4c000 	C:\WINDOWS\SYSTEM32\WINHTTP.dll
0x00007ffc38fa0000 - 0x00007ffc3900a000 	C:\WINDOWS\system32\mswsock.dll
0x00007ffc0c180000 - 0x00007ffc0c196000 	C:\Program Files\Java\jdk-21\bin\nio.dll
0x00007ffc349b0000 - 0x00007ffc349ca000 	C:\Program Files\JetBrains\IntelliJ IDEA Community Edition 2023.2.2\bin\breakgen64.dll
0x00007ffc215b0000 - 0x00007ffc215b9000 	C:\Program Files\Java\jdk-21\bin\extnet.dll
0x00007ffc20950000 - 0x00007ffc20960000 	C:\Program Files\Java\jdk-21\bin\verify.dll
0x00007ffc34d60000 - 0x00007ffc34d6a000 	C:\Program Files\Java\jdk-21\bin\management.dll
0x00007ffc34d20000 - 0x00007ffc34d2b000 	C:\Program Files\Java\jdk-21\bin\management_ext.dll
0x00007ffc3b990000 - 0x00007ffc3b998000 	C:\WINDOWS\System32\PSAPI.DLL
0x00007ffc11930000 - 0x00007ffc11947000 	C:\WINDOWS\system32\napinsp.dll
0x00007ffc10e00000 - 0x00007ffc10e1b000 	C:\WINDOWS\system32\pnrpnsp.dll
0x00007ffc382b0000 - 0x00007ffc383b2000 	C:\WINDOWS\SYSTEM32\DNSAPI.dll
0x00007ffc38280000 - 0x00007ffc382ad000 	C:\WINDOWS\SYSTEM32\IPHLPAPI.DLL
0x00007ffc3af70000 - 0x00007ffc3af79000 	C:\WINDOWS\System32\NSI.dll
0x00007ffc10de0000 - 0x00007ffc10df1000 	C:\WINDOWS\System32\winrnr.dll
0x00007ffc10dc0000 - 0x00007ffc10dd5000 	C:\WINDOWS\system32\wshbth.dll
0x00007ffc10d90000 - 0x00007ffc10db7000 	C:\WINDOWS\system32\nlansp_c.dll
0x00007ffc2ee40000 - 0x00007ffc2ee4a000 	C:\Windows\System32\rasadhlp.dll
0x00007ffc32800000 - 0x00007ffc32883000 	C:\WINDOWS\System32\fwpuclnt.dll

dbghelp: loaded successfully - version: 4.0.5 - missing functions: none
symbol engine: initialized successfully - sym options: 0x614 - pdb path: .;C:\Program Files\Java\jdk-21\bin;C:\WINDOWS\SYSTEM32;C:\WINDOWS\WinSxS\amd64_microsoft.windows.common-controls_6595b64144ccf1df_6.0.22621.4830_none_270fe7d773858e80;C:\Program Files\Java\jdk-21\bin\server;C:\Program Files\JetBrains\IntelliJ IDEA Community Edition 2023.2.2\bin

VM Arguments:
jvm_args: -javaagent:C:\Program Files\JetBrains\IntelliJ IDEA Community Edition 2023.2.2\lib\idea_rt.jar=62619:C:\Program Files\JetBrains\IntelliJ IDEA Community Edition 2023.2.2\bin -Dfile.encoding=UTF-8 -Dsun.stdout.encoding=UTF-8 -Dsun.stderr.encoding=UTF-8 
java_command: com.algaworks.algafood.AlgafoodApiApplication
java_class_path (initial): C:\Users\rodrigofc\Downloads\algafood-api\algafood-api\target\classes;C:\Users\rodrigofc\.m2\repository\org\springframework\boot\spring-boot-starter-web\2.1.7.RELEASE\spring-boot-starter-web-2.1.7.RELEASE.jar;C:\Users\rodrigofc\.m2\repository\org\springframework\boot\spring-boot-starter\2.1.7.RELEASE\spring-boot-starter-2.1.7.RELEASE.jar;C:\Users\rodrigofc\.m2\repository\org\springframework\boot\spring-boot-starter-logging\2.1.7.RELEASE\spring-boot-starter-logging-2.1.7.RELEASE.jar;C:\Users\rodrigofc\.m2\repository\ch\qos\logback\logback-classic\1.2.3\logback-classic-1.2.3.jar;C:\Users\rodrigofc\.m2\repository\ch\qos\logback\logback-core\1.2.3\logback-core-1.2.3.jar;C:\Users\rodrigofc\.m2\repository\org\apache\logging\log4j\log4j-to-slf4j\2.11.2\log4j-to-slf4j-2.11.2.jar;C:\Users\rodrigofc\.m2\repository\org\apache\logging\log4j\log4j-api\2.11.2\log4j-api-2.11.2.jar;C:\Users\rodrigofc\.m2\repository\org\slf4j\jul-to-slf4j\1.7.26\jul-to-slf4j-1.7.26.jar;C:\Users\rodrigofc\.m2\repository\javax\annotation\javax.annotation-api\1.3.2\javax.annotation-api-1.3.2.jar;C:\Users\rodrigofc\.m2\repository\org\yaml\snakeyaml\1.23\snakeyaml-1.23.jar;C:\Users\rodrigofc\.m2\repository\org\springframework\boot\spring-boot-starter-json\2.1.7.RELEASE\spring-boot-starter-json-2.1.7.RELEASE.jar;C:\Users\rodrigofc\.m2\repository\com\fasterxml\jackson\core\jackson-databind\2.9.9\jackson-databind-2.9.9.jar;C:\Users\rodrigofc\.m2\repository\com\fasterxml\jackson\core\jackson-annotations\2.9.0\jackson-annotations-2.9.0.jar;C:\Users\rodrigofc\.m2\repository\com\fasterxml\jackson\core\jackson-core\2.9.9\jackson-core-2.9.9.jar;C:\Users\rodrigofc\.m2\repository\com\fasterxml\jackson\datatype\jackson-datatype-jdk8\2.9.9\jackson-datatype-jdk8-2.9.9.jar;C:\Users\rodrigofc\.m2\repository\com\fasterxml\jackson\datatype\jackson-datatype-jsr310\2.9.9\jackson-datatype-jsr310-2.9.9.jar;C:\Users\rodrigofc\.m2\repository\com\fasterxml\jackson\module\jackson-module-parameter-names\2.9.9\jackson-module-parameter-names-2.9.9.jar;C:\Users\rodrigofc\.m2\repository\org\springframework\boot\spring-boot-starter-tomcat\2.1.7.RELEASE\spring-boot-starter-tomcat-2.1.7.RELEASE.jar;C:\Users\rodrigofc\.m2\repository\org\apache\tomcat\embed\tomcat-embed-core\9.0.22\tomcat-embed-core-9.0.22.jar;C:\Users\rodrigofc\.m2\repository\org\apache\tomcat\embed\tomcat-embed-el\9.0.22\tomcat-embed-el-9.0.22.jar;C:\Users\rodrigofc\.m2\repository\org\apache\tomcat\embed\tomcat-embed-websocket\9.0.22\tomcat-embed-websocket-9.0.22.jar;C:\Users\rodrigofc\.m2\repository\org\hibernate\validator\hibernate-validator\6.0.17.Final\hibernate-validator-6.0.17.Final.jar;C:\Users\rodrigofc\.m2\repository\javax\validation\validation-api\2.0.1.Final\validation-api-2.0.1.Final.jar;C:\Users\rodrigofc\.m2\repository\org\jboss\logging\jboss-logging\3.3.2.Final\jboss-logging-3.3.2.Final.jar;C:\Users\rodrigofc\.m2\repository\com\fasterxml\classmate\1.4.0\classmate-1.4.0.jar;C:\Users\rodrigofc\.m2\repository\org\springframework\spring-web\5.1.9.RELEASE\spring-web-5.1.9.RELEASE.jar;C:\Users\rodrigofc\.m2\repository\org\springframework\spring-beans\5.1.9.RELEASE\spring-beans-5.1.9.RELEASE.jar;C:\Users\rodrigofc\.m2\repository\org\springframework\spring-webmvc\5.1.9.RELEASE\spring-webmvc-5.1.9.RELEASE.jar;C:\Users\rodrigofc\.m2\repository\org\springframework\spring-aop\5.1.9.RELEASE\spring-aop-5.1.9.RELEASE.jar;C:\Users\rodrigofc\.m2\repository\org\springframework\spring-context\5.1.9.RELEASE\spring-context-5.1.9.RELEASE.jar;C:\Users\rodrigofc\.m2\repository\org\springframework\spring-expression\5.1.9.RELEASE\spring-expression-5.1.9.RELEASE.jar;C:\Users\rodrigofc\.m2\repository\org\slf4j\slf4j-api\1.7.26\slf4j-api-1.7.26.jar;C:\Users\rodrigofc\.m2\repository\net\bytebuddy\byte-buddy\1.9.16\byte-buddy-1.9.16.jar;C:\Users\rodrigofc\.m2\repository\org\springframework\spring-core\5.1.9.RELEASE\spring-core-5.1.9.RELEASE.jar;C:\Users\rodrigofc\.m2\repository\org\springframework\spring-jcl\5.1.9.RELEASE\spring-jcl-5.1.9.RELEASE.jar;C:\Users\rodrigofc\.m2\repository\org\springframework\boot\spring-boot-devtools\2.1.7.RELEASE\spring-boot-devtools-2.1.7.RELEASE.jar;C:\Users\rodrigofc\.m2\repository\org\springframework\boot\spring-boot\2.1.7.RELEASE\spring-boot-2.1.7.RELEASE.jar;C:\Users\rodrigofc\.m2\repository\org\springframework\boot\spring-boot-autoconfigure\2.1.7.RELEASE\spring-boot-autoconfigure-2.1.7.RELEASE.jar;C:\Users\rodrigofc\.m2\repository\org\springframework\boot\spring-boot-configuration-processor\2.1.7.RELEASE\spring-boot-configuration-processor-2.1.7.RELEASE.jar;C:\Users\rodrigofc\.m2\repository\org\springframework\boot\spring-boot-starter-data-jpa\2.1.7.RELEASE\spring-boot-starter-data-jpa-2.1.7.RELEASE.jar;C:\Users\rodrigofc\.m2\repository\org\springframework\boot\spring-boot-starter-aop\2.1.7.RELEASE\spring-boot-starter-aop-2.1.7.RELEASE.jar;C:\Users\rodrigofc\.m2\repository\org\aspectj\aspectjweaver\1.9.4\aspectjweaver-1.9.4.jar;C:\Users\rodrigofc\.m2\repository\org\springframework\boot\spring-boot-starter-jdbc\2.1.7.RELEASE\spring-boot-starter-jdbc-2.1.7.RELEASE.jar;C:\Users\rodrigofc\.m2\repository\com\zaxxer\HikariCP\3.2.0\HikariCP-3.2.0.jar;C:\Users\rodrigofc\.m2\repository\org\springframework\spring-jdbc\5.1.9.RELEASE\spring-jdbc-5.1.9.RELEASE.jar;C:\Users\rodrigofc\.m2\repository\javax\transaction\javax.transaction-api\1.3\javax.transaction-api-1.3.jar;C:\Users\rodrigofc\.m2\repository\javax\xml\bind\jaxb-api\2.3.1\jaxb-api-2.3.1.jar;C:\Users\rodrigofc\.m2\repository\javax\activation\javax.activation-api\1.2.0\javax.activation-api-1.2.0.jar;C:\Users\rodrigofc\.m2\repository\org\hibernate\hibernate-core\5.3.10.Final\hibernate-core-5.3.10.Final.jar;C:\Users\rodrigofc\.m2\repository\org\javassist\javassist\3.23.2-GA\javassist-3.23.2-GA.jar;C:\Users\rodrigofc\.m2\repository\antlr\antlr\2.7.7\antlr-2.7.7.jar;C:\Users\rodrigofc\.m2\repository\org\jboss\jandex\2.0.5.Final\jandex-2.0.5.Final.jar;C:\Users\rodrigofc\.m2\repository\org\dom4j\dom4j\2.1.1\dom4j-2.1.1.jar;C:\Users\rodrigofc\.m2\repository\org\hibernate\common\hibernate-commons-annotations\5.0.4.Final\hibernate-commons-annotations-5.0.4.Final.jar;C:\Users\rodrigofc\.m2\repository\org\springframework\data\spring-data-jpa\2.1.10.RELEASE\spring-data-jpa-2.1.10.RELEASE.jar;C:\Users\rodrigofc\.m2\repository\org\springframework\data\spring-data-commons\2.1.10.RELEASE\spring-data-commons-2.1.10.RELEASE.jar;C:\Users\rodrigofc\.m2\repository\org\springframework\spring-orm\5.1.9.RELEASE\spring-orm-5.1.9.RELEASE.jar;C:\Users\rodrigofc\.m2\repository\org\springframework\spring-tx\5.1.9.RELEASE\spring-tx-5.1.9.RELEASE.jar;C:\Users\rodrigofc\.m2\repository\org\springframework\spring-aspects\5.1.9.RELEASE\spring-aspects-5.1.9.RELEASE.jar;C:\Users\rodrigofc\.m2\repository\mysql\mysql-connector-java\8.0.17\mysql-connector-java-8.0.17.jar;C:\Users\rodrigofc\.m2\repository\org\flywaydb\flyway-core\5.2.4\flyway-core-5.2.4.jar;C:\Users\rodrigofc\.m2\repository\org\apache\commons\commons-lang3\3.8.1\commons-lang3-3.8.1.jar;C:\Users\rodrigofc\.m2\repository\org\modelmapper\modelmapper\3.0.0\modelmapper-3.0.0.jar;C:\Users\rodrigofc\.m2\repository\com\mysql\mysql-connector-j\8.3.0\mysql-connector-j-8.3.0.jar;C:\Users\rodrigofc\.m2\repository\com\google\protobuf\protobuf-java\3.25.1\protobuf-java-3.25.1.jar;C:\Users\rodrigofc\.m2\repository\xerces\xercesImpl\2.9.1\xercesImpl-2.9.1.jar;C:\Users\rodrigofc\.m2\repository\xml-apis\xml-apis\1.4.01\xml-apis-1.4.01.jar;C:\Users\rodrigofc\.m2\repository\javax\persistence\javax.persistence-api\2.2\javax.persistence-api-2.2.jar
Launcher Type: SUN_STANDARD

[Global flags]
     intx CICompilerCount                          = 4                                         {product} {ergonomic}
     uint ConcGCThreads                            = 2                                         {product} {ergonomic}
     uint G1ConcRefinementThreads                  = 8                                         {product} {ergonomic}
   size_t G1HeapRegionSize                         = 2097152                                   {product} {ergonomic}
    uintx GCDrainStackTargetSize                   = 64                                        {product} {ergonomic}
   size_t InitialHeapSize                          = 266338304                                 {product} {ergonomic}
   size_t MarkStackSize                            = 4194304                                   {product} {ergonomic}
   size_t MaxHeapSize                              = 4229955584                                {product} {ergonomic}
   size_t MaxNewSize                               = 2537553920                                {product} {ergonomic}
   size_t MinHeapDeltaBytes                        = 2097152                                   {product} {ergonomic}
   size_t MinHeapSize                              = 8388608                                   {product} {ergonomic}
    uintx NonNMethodCodeHeapSize                   = 5839372                                {pd product} {ergonomic}
    uintx NonProfiledCodeHeapSize                  = 122909434                              {pd product} {ergonomic}
    uintx ProfiledCodeHeapSize                     = 122909434                              {pd product} {ergonomic}
    uintx ReservedCodeCacheSize                    = 251658240                              {pd product} {ergonomic}
     bool SegmentedCodeCache                       = true                                      {product} {ergonomic}
   size_t SoftMaxHeapSize                          = 4229955584                             {manageable} {ergonomic}
     bool UseCompressedOops                        = true                           {product lp64_product} {ergonomic}
     bool UseG1GC                                  = true                                      {product} {ergonomic}
     bool UseLargePagesIndividualAllocation        = false                                  {pd product} {ergonomic}

Logging:
Log output configuration:
 #0: stdout all=warning uptime,level,tags foldmultilines=false
 #1: stderr all=off uptime,level,tags foldmultilines=false

Environment Variables:
JAVA_HOME=C:\Program Files\Java\jdk-19
PATH=C:\Program Files\Eclipse Adoptium\jdk-21.0.3.9-hotspot\bin;C:\Program Files\Common Files\Oracle\Java\javapath;C:\WINDOWS\system32;C:\WINDOWS;C:\WINDOWS\System32\Wbem;C:\WINDOWS\System32\WindowsPowerShell\v1.0\;C:\WINDOWS\System32\OpenSSH\;C:\Program Files\Java\jdk-19\bin;C:\Program Files\Git\cmd;C:\Program Files\SafeNet\Authentication\SAC\x64;C:\Program Files\SafeNet\Authentication\SAC\x32;C:\Program Files\MySQL\MySQL Shell 8.0\bin\;C:\Users\rodrigofc\AppData\Local\Microsoft\WindowsApps;C:\Program Files\Java\jdk-19\bin;C:\Users\rodrigofc\AppData\Local\Programs\Microsoft VS Code\bin;
USERNAME=rodrigofc
OS=Windows_NT
PROCESSOR_IDENTIFIER=Intel64 Family 6 Model 165 Stepping 3, GenuineIntel
TMP=C:\Users\RODRIG~1\AppData\Local\Temp
TEMP=C:\Users\RODRIG~1\AppData\Local\Temp




Periodic native trim disabled

---------------  S Y S T E M  ---------------

OS:
 Windows 11 , 64 bit Build 22621 (10.0.22621.4830)
OS uptime: 0 days 5:32 hours
Hyper-V role detected

CPU: total 8 (initial active 8) (4 cores per cpu, 2 threads per core) family 6 model 165 stepping 3 microcode 0xf4, cx8, cmov, fxsr, ht, mmx, 3dnowpref, sse, sse2, sse3, ssse3, sse4.1, sse4.2, popcnt, lzcnt, tsc, tscinvbit, avx, avx2, aes, erms, clmul, bmi1, bmi2, adx, fma, vzeroupper, clflush, clflushopt, hv, rdtscp, f16c
Processor Information for all 8 processors :
  Max Mhz: 2901, Current Mhz: 2901, Mhz Limit: 2901

Memory: 4k page, system-wide physical 16130M (4077M free)
TotalPageFile size 16130M (AvailPageFile size 1M)
current process WorkingSet (physical memory assigned to process): 116M, peak: 116M
current process commit charge ("private bytes"): 374M, peak: 375M

vm_info: Java HotSpot(TM) 64-Bit Server VM (21.0.2+13-LTS-58) for windows-amd64 JRE (21.0.2+13-LTS-58), built on 2024-01-05T18:32:24Z by "mach5one" with MS VC++ 17.1 (VS2022)

END.
