#
# There is insufficient memory for the Java Runtime Environment to continue.
# Native memory allocation (mmap) failed to map 65536 bytes for Failed to commit metaspace.
# Possible reasons:
#   The system is out of physical RAM or swap space
#   The process is running with CompressedOops enabled, and the Java Heap may be blocking the growth of the native heap
# Possible solutions:
#   Reduce memory load on the system
#   Increase physical memory or swap space
#   Check if swap backing store is full
#   Decrease Java heap size (-Xmx/-Xms)
#   Decrease number of Java threads
#   Decrease Java thread stack sizes (-Xss)
#   Set larger code cache with -XX:ReservedCodeCacheSize=
#   JVM is running with Zero Based Compressed Oops mode in which the Java heap is
#     placed in the first 32GB address space. The Java Heap base address is the
#     maximum limit for the native heap growth. Please use -XX:HeapBaseMinAddress
#     to set the Java Heap base and to place the Java Heap above 32GB virtual address.
# This output file may be truncated or incomplete.
#
#  Out of Memory Error (virtualSpaceNode.cpp:112), pid=10808, tid=14468
#
# JRE version: Java(TM) SE Runtime Environment (21.0.2+13) (build 21.0.2+13-LTS-58)
# Java VM: Java HotSpot(TM) 64-Bit Server VM (21.0.2+13-LTS-58, mixed mode, sharing, tiered, compressed oops, compressed class ptrs, g1 gc, windows-amd64)
# No core dump will be written. Minidumps are not enabled by default on client versions of Windows
#

---------------  S U M M A R Y ------------

Command Line: -agentlib:jdwp=transport=dt_socket,address=127.0.0.1:49551,suspend=y,server=n -javaagent:C:\Users\rodrigofc\AppData\Local\JetBrains\IdeaIC2023.2\captureAgent\debugger-agent.jar -Dfile.encoding=UTF-8 -Dsun.stdout.encoding=UTF-8 -Dsun.stderr.encoding=UTF-8 com.algaworks.algafood.AlgafoodApiApplication

Host: Intel(R) Core(TM) i3-10100T CPU @ 3.00GHz, 8 cores, 15G,  Windows 11 , 64 bit Build 22621 (10.0.22621.4391)
Time: Wed Feb  5 19:00:29 2025 Hora oficial do Brasil elapsed time: 1.031965 seconds (0d 0h 0m 1s)

---------------  T H R E A D  ---------------

Current thread (0x000001fb219bbf20):  JavaThread "background-preinit"        [_thread_in_vm, id=14468, stack(0x000000b4a3600000,0x000000b4a3700000) (1024K)]

Stack: [0x000000b4a3600000,0x000000b4a3700000]
Native frames: (J=compiled Java code, j=interpreted, Vv=VM code, C=native code)
V  [jvm.dll+0x6cade9]
V  [jvm.dll+0x8569c1]
V  [jvm.dll+0x858d2e]
V  [jvm.dll+0x859413]
V  [jvm.dll+0x280e56]
V  [jvm.dll+0x8526ee]
V  [jvm.dll+0x66e705]
V  [jvm.dll+0x1e68cc]
V  [jvm.dll+0x1e669e]
V  [jvm.dll+0x67104c]
V  [jvm.dll+0x670e62]
V  [jvm.dll+0x66f0de]
V  [jvm.dll+0x26b47f]
V  [jvm.dll+0x679305]
V  [jvm.dll+0x217b73]
V  [jvm.dll+0x2180b5]
V  [jvm.dll+0x218ad1]
V  [jvm.dll+0x20dd9e]
V  [jvm.dll+0x5ad3dc]
V  [jvm.dll+0x7cf5e6]
V  [jvm.dll+0x470270]
V  [jvm.dll+0x475ef8]
C  [java.dll+0x17ec]

Java frames: (J=compiled Java code, j=interpreted, Vv=VM code)
J 860  java.lang.ClassLoader.defineClass1(Ljava/lang/ClassLoader;Ljava/lang/String;[BIILjava/security/ProtectionDomain;Ljava/lang/String;)Ljava/lang/Class; java.base@21.0.2 (0 bytes) @ 0x000001facbb37111 [0x000001facbb37040+0x00000000000000d1]
J 1104 c1 java.lang.ClassLoader.defineClass(Ljava/lang/String;[BIILjava/security/ProtectionDomain;)Ljava/lang/Class; java.base@21.0.2 (43 bytes) @ 0x000001fac424ce34 [0x000001fac424caa0+0x0000000000000394]
J 1101 c1 java.security.SecureClassLoader.defineClass(Ljava/lang/String;[BIILjava/security/CodeSource;)Ljava/lang/Class; java.base@21.0.2 (16 bytes) @ 0x000001fac424bca4 [0x000001fac424bbc0+0x00000000000000e4]
J 863 c1 jdk.internal.loader.BuiltinClassLoader.defineClass(Ljava/lang/String;Ljdk/internal/loader/Resource;)Ljava/lang/Class; java.base@21.0.2 (121 bytes) @ 0x000001fac41bf3a4 [0x000001fac41be3c0+0x0000000000000fe4]
J 1050 c1 jdk.internal.loader.BuiltinClassLoader.findClassOnClassPathOrNull(Ljava/lang/String;)Ljava/lang/Class; java.base@21.0.2 (64 bytes) @ 0x000001fac4223d8c [0x000001fac4223020+0x0000000000000d6c]
J 554 c1 jdk.internal.loader.BuiltinClassLoader.loadClassOrNull(Ljava/lang/String;Z)Ljava/lang/Class; java.base@21.0.2 (143 bytes) @ 0x000001fac40fea74 [0x000001fac40fdfe0+0x0000000000000a94]
J 719 c1 jdk.internal.loader.ClassLoaders$AppClassLoader.loadClass(Ljava/lang/String;Z)Ljava/lang/Class; java.base@21.0.2 (40 bytes) @ 0x000001fac415a204 [0x000001fac415a000+0x0000000000000204]
J 1016 c1 java.lang.ClassLoader.loadClass(Ljava/lang/String;)Ljava/lang/Class; java.base@21.0.2 (7 bytes) @ 0x000001fac4210fe4 [0x000001fac4210ec0+0x0000000000000124]
v  ~StubRoutines::call_stub 0x000001facb55100d
j  javax.validation.Validation.byDefaultProvider()Ljavax/validation/bootstrap/GenericBootstrap;+0
j  org.springframework.boot.autoconfigure.BackgroundPreinitializer$ValidationInitializer.run()V+0
j  org.springframework.boot.autoconfigure.BackgroundPreinitializer$1.runSafely(Ljava/lang/Runnable;)V+1
j  org.springframework.boot.autoconfigure.BackgroundPreinitializer$1.run()V+21
j  java.lang.Thread.runWith(Ljava/lang/Object;Ljava/lang/Runnable;)V+5 java.base@21.0.2
j  java.lang.Thread.run()V+19 java.base@21.0.2
v  ~StubRoutines::call_stub 0x000001facb55100d

Compiled method (n/a)    1054  860     n 0       java.lang.ClassLoader::defineClass1 (native)
 total in heap  [0x000001facbb36e90,0x000001facbb374f0] = 1632
 relocation     [0x000001facbb36ff0,0x000001facbb37028] = 56
 main code      [0x000001facbb37040,0x000001facbb374ef] = 1199
 stub code      [0x000001facbb374ef,0x000001facbb374f0] = 1

[Constant Pool (empty)]

[MachCode]
[Entry Point]
  # {method} {0x000001fadc43cd80} 'defineClass1' '(Ljava/lang/ClassLoader;Ljava/lang/String;[BIILjava/security/ProtectionDomain;Ljava/lang/String;)Ljava/lang/Class;' in 'java/lang/ClassLoader'
  # parm0:    rdx:rdx   = 'java/lang/ClassLoader'
  # parm1:    r8:r8     = 'java/lang/String'
  # parm2:    r9:r9     = '[B'
  # parm3:    rdi       = int
  # parm4:    rsi       = int
  # parm5:    rcx:rcx   = 'java/security/ProtectionDomain'
  # parm6:    [sp+0xa0]   = 'java/lang/String'  (sp of caller)
  0x000001facbb37040: 448b 5208 | 49bb 0000 | 00dc fa01 | 0000 4d03 | d349 3bc2 | 0f84 0600 

  0x000001facbb37058: ;   {runtime_call ic_miss_stub}
  0x000001facbb37058: 0000 e921 | 77a6 ff90 
[Verified Entry Point]
  0x000001facbb37060: 8984 2400 | 80ff ff55 | 488b ec48 | 81ec 9000 | 0000 6690 | 4181 7f20 | 0100 0000 

  0x000001facbb3707c: ;   {runtime_call StubRoutines (final stubs)}
  0x000001facbb3707c: 7405 e8dd | dca4 ff48 | 837d 1000 | 488d 4510 | 480f 4445 | 1048 8944 | 2440 4889 | 4c24 7048 
  0x000001facbb3709c: 83f9 0048 | 8d44 2470 | 480f 4444 | 2470 4889 | 4424 3848 | 8974 2430 | 4889 7c24 | 284c 894c 
  0x000001facbb370bc: 2458 4983 | f900 488d | 4424 5848 | 0f44 4424 | 5848 8944 | 2420 4c89 | 4424 5049 | 83f8 004c 
  0x000001facbb370dc: 8d4c 2450 | 4c0f 444c | 2450 4889 | 5424 4848 | 83fa 004c | 8d44 2448 | 4c0f 4444 

  0x000001facbb370f8: ;   {oop(a 'java/lang/Class'{0x0000000712415a88} = 'java/lang/ClassLoader')}
  0x000001facbb370f8: 2448 49be | 885a 4112 | 0700 0000 | 4c89 7424 | 784c 8d74 | 2478 498b | d6c5 f877 

  0x000001facbb37114: ;   {internal_word}
  0x000001facbb37114: 49ba 1171 | b3cb fa01 | 0000 4d89 | 97a0 0300 | 0049 89a7 | 9803 0000 

  0x000001facbb3712c: ;   {external_word}
  0x000001facbb3712c: 49ba f945 | c92a f97f | 0000 4180 | 3a00 0f84 | 4e00 0000 | 5241 5041 

  0x000001facbb37144: ;   {metadata({method} {0x000001fadc43cd80} 'defineClass1' '(Ljava/lang/ClassLoader;Ljava/lang/String;[BIILjava/security/ProtectionDomain;Ljava/lang/String;)Ljava/lang/Class;' in 'java/lang/ClassLoader')}
  0x000001facbb37144: 5148 ba78 | cd43 dcfa | 0100 0049 | 8bcf 4883 | ec20 40f6 | c40f 0f84 | 1900 0000 | 4883 ec08 
  0x000001facbb37164: ;   {runtime_call}
  0x000001facbb37164: 48b8 4009 | 7a2a f97f | 0000 ffd0 | 4883 c408 | e90c 0000 

  0x000001facbb37178: ;   {runtime_call}
  0x000001facbb37178: 0048 b840 | 097a 2af9 | 7f00 00ff | d048 83c4 | 2041 5941 | 585a 498d | 8fb8 0300 | 0041 c787 
  0x000001facbb37198: 4c04 0000 | 0400 0000 

  0x000001facbb371a0: ;   {runtime_call}
  0x000001facbb371a0: 48b8 ac16 | 26a9 f97f | 0000 ffd0 | c5f8 7741 | c787 4c04 | 0000 0500 | 0000 f083 | 4424 c000 
  0x000001facbb371c0: 493b af50 | 0400 000f | 870e 0000 | 0041 83bf | 4804 0000 | 000f 842b | 0000 00c5 | f877 4889 
  0x000001facbb371e0: 45f8 498b | cf4c 8be4 | 4883 ec20 | 4883 e4f0 

  0x000001facbb371f0: ;   {runtime_call}
  0x000001facbb371f0: 48b8 d0c3 | 452a f97f | 0000 ffd0 | 498b e44d | 33e4 488b | 45f8 41c7 | 874c 0400 | 0008 0000 
  0x000001facbb37210: 0041 83bf | c804 0000 | 020f 84a3 

  0x000001facbb3721c: ;   {external_word}
  0x000001facbb3721c: 0200 0049 | baf9 45c9 | 2af9 7f00 | 0041 803a | 000f 844c | 0000 0048 

  0x000001facbb37234: ;   {metadata({method} {0x000001fadc43cd80} 'defineClass1' '(Ljava/lang/ClassLoader;Ljava/lang/String;[BIILjava/security/ProtectionDomain;Ljava/lang/String;)Ljava/lang/Class;' in 'java/lang/ClassLoader')}
  0x000001facbb37234: 8945 f848 | ba78 cd43 | dcfa 0100 | 0049 8bcf | 4883 ec20 | 40f6 c40f | 0f84 1900 | 0000 4883 
  0x000001facbb37254: ;   {runtime_call}
  0x000001facbb37254: ec08 48b8 | 4009 7a2a | f97f 0000 | ffd0 4883 | c408 e90c 

  0x000001facbb37268: ;   {runtime_call}
  0x000001facbb37268: 0000 0048 | b840 097a | 2af9 7f00 | 00ff d048 | 83c4 2048 | 8b45 f849 | c787 9803 | 0000 0000 
  0x000001facbb37288: 0000 49c7 | 87a0 0300 | 0000 0000 | 00c5 f877 | 4885 c00f | 84fe 0100 | 00a8 030f | 8508 0000 
  0x000001facbb372a8: 0048 8b00 | e9ee 0100 | 00a8 010f | 8509 0000 | 0048 8b40 | fee9 dd01 | 0000 488b | 40ff 4180 
  0x000001facbb372c8: 7f40 000f | 84ce 0100 | 0048 83f8 | 000f 84c4 | 0100 0049 | 8b4f 2848 | 83f9 000f | 8414 0000 
  0x000001facbb372e8: 0048 83e9 | 0849 894f | 2849 034f | 3848 8901 | e9a2 0100 | 0048 81ec | d000 0000 | 4889 0424 
  0x000001facbb37308: 4889 4c24 | 0848 8954 | 2410 4889 | 7424 1848 | 897c 2420 | 4c89 4424 | 284c 894c | 2430 4c89 
  0x000001facbb37328: 5424 384c | 895c 2440 | c5fb 1144 | 2450 c5fb | 114c 2458 | c5fb 1154 | 2460 c5fb | 115c 2468 
  0x000001facbb37348: c5fb 1164 | 2470 c5fb | 116c 2478 | c5fb 11b4 | 2480 0000 | 00c5 fb11 | bc24 8800 | 0000 c57b 
  0x000001facbb37368: ;   {no_reloc}
  0x000001facbb37368: 1184 2490 | 0000 00c5 | 7b11 8c24 | 9800 0000 | c57b 1194 | 24a0 0000 | 00c5 7b11 | 9c24 a800 
  0x000001facbb37388: 0000 c57b | 11a4 24b0 | 0000 00c5 | 7b11 ac24 | b800 0000 | c57b 11b4 | 24c0 0000 | 00c5 7b11 
  0x000001facbb373a8: bc24 c800 | 0000 498b | d748 8bc8 | 4883 ec20 | 40f6 c40f | 0f84 1900 | 0000 4883 

  0x000001facbb373c4: ;   {runtime_call}
  0x000001facbb373c4: ec08 48b8 | 9026 392a | f97f 0000 | ffd0 4883 | c408 e90c 

  0x000001facbb373d8: ;   {runtime_call}
  0x000001facbb373d8: 0000 0048 | b890 2639 | 2af9 7f00 | 00ff d048 | 83c4 20c5 | 7b10 bc24 | c800 0000 | c57b 10b4 
  0x000001facbb373f8: 24c0 0000 | 00c5 7b10 | ac24 b800 | 0000 c57b | 10a4 24b0 | 0000 00c5 | 7b10 9c24 | a800 0000 
  0x000001facbb37418: c57b 1094 | 24a0 0000 | 00c5 7b10 | 8c24 9800 | 0000 c57b | 1084 2490 | 0000 00c5 | fb10 bc24 
  0x000001facbb37438: 8800 0000 | c5fb 10b4 | 2480 0000 | 00c5 fb10 | 6c24 78c5 | fb10 6424 | 70c5 fb10 | 5c24 68c5 
  0x000001facbb37458: fb10 5424 | 60c5 fb10 | 4c24 58c5 | fb10 4424 | 504c 8b5c | 2440 4c8b | 5424 384c | 8b4c 2430 
  0x000001facbb37478: 4c8b 4424 | 2848 8b7c | 2420 488b | 7424 1848 | 8b54 2410 | 488b 4c24 | 0848 8b04 | 2448 81c4 
  0x000001facbb37498: d000 0000 | c5f8 7749 | 8b8f 2804 | 0000 c781 | 0001 0000 | 0000 0000 | c949 837f | 0800 0f85 
  0x000001facbb374b8: 0100 0000 

  0x000001facbb374bc: ;   {runtime_call StubRoutines (initial stubs)}
  0x000001facbb374bc: c3e9 3e9a | a1ff c5f8 | 7748 8945 | f84c 8be4 | 4883 ec20 | 4883 e4f0 

  0x000001facbb374d4: ;   {runtime_call}
  0x000001facbb374d4: 48b8 7041 | 7a2a f97f | 0000 ffd0 | 498b e44d | 33e4 488b | 45f8 e930 | fdff fff4 
[/MachCode]


Compiled method (c1)    1064 1104       3       java.lang.ClassLoader::defineClass (43 bytes)
 total in heap  [0x000001fac424c890,0x000001fac424d288] = 2552
 relocation     [0x000001fac424c9f0,0x000001fac424ca90] = 160
 main code      [0x000001fac424caa0,0x000001fac424cf78] = 1240
 stub code      [0x000001fac424cf78,0x000001fac424cff0] = 120
 metadata       [0x000001fac424cff0,0x000001fac424d030] = 64
 scopes data    [0x000001fac424d030,0x000001fac424d168] = 312
 scopes pcs     [0x000001fac424d168,0x000001fac424d248] = 224
 dependencies   [0x000001fac424d248,0x000001fac424d260] = 24
 nul chk table  [0x000001fac424d260,0x000001fac424d288] = 40

[Constant Pool (empty)]

[MachCode]
[Entry Point]
  # {method} {0x000001fadc43d100} 'defineClass' '(Ljava/lang/String;[BIILjava/security/ProtectionDomain;)Ljava/lang/Class;' in 'java/lang/ClassLoader'
  # this:     rdx:rdx   = 'java/lang/ClassLoader'
  # parm0:    r8:r8     = 'java/lang/String'
  # parm1:    r9:r9     = '[B'
  # parm2:    rdi       = int
  # parm3:    rsi       = int
  # parm4:    rcx:rcx   = 'java/security/ProtectionDomain'
  #           [sp+0xe0]  (sp of caller)
  0x000001fac424caa0: 448b 5208 | 49bb 0000 | 00dc fa01 | 0000 4d03 | d34c 3bd0 

  0x000001fac424cab4: ;   {runtime_call ic_miss_stub}
  0x000001fac424cab4: 0f85 c61c | 3507 660f | 1f44 0000 
[Verified Entry Point]
  0x000001fac424cac0: 8984 2400 | 80ff ff55 | 4881 ecd0 | 0000 0090 | 4181 7f20 | 0100 0000 

  0x000001fac424cad8: ;   {runtime_call StubRoutines (final stubs)}
  0x000001fac424cad8: 7405 e881 | 8233 0748 | 8954 2478 | 4c89 8424 | 8000 0000 | 4c89 8c24 | 8800 0000 | 89bc 2490 
  0x000001fac424caf8: 0000 0089 | b424 9400 

  0x000001fac424cb00: ;   {metadata(method data for {method} {0x000001fadc43d100} 'defineClass' '(Ljava/lang/String;[BIILjava/security/ProtectionDomain;)Ljava/lang/Class;' in 'java/lang/ClassLoader')}
  0x000001fac424cb00: 0000 48bb | f0e2 291d | fb01 0000 | 8b83 cc00 | 0000 83c0 | 0289 83cc | 0000 0025 | fe07 0000 
  0x000001fac424cb20: 85c0 0f84 | 7203 0000 

  0x000001fac424cb28: ;   {metadata(method data for {method} {0x000001fadc43d100} 'defineClass' '(Ljava/lang/String;[BIILjava/security/ProtectionDomain;)Ljava/lang/Class;' in 'java/lang/ClassLoader')}
  0x000001fac424cb28: 488b da48 | b8f0 e229 | 1dfb 0100 | 0048 8380 | 1001 0000 | 0149 8bd8 | 4c8b c34c | 8bc9 4c8b 
  0x000001fac424cb48: da49 8bd3 | 4889 8c24 | 9800 0000 

  0x000001fac424cb54: ;   {optimized virtual_call}
  0x000001fac424cb54: 6666 90e8 

  0x000001fac424cb58: ; ImmutableOopMap {[120]=Oop [128]=Oop [136]=Oop [152]=Oop }
                      ;*invokevirtual preDefineClass {reexecute=0 rethrow=0 return_oop=0}
                      ; - java.lang.ClassLoader::defineClass@4 (line 1025)
  0x000001fac424cb58: e497 ffff 

  0x000001fac424cb5c: ;   {other}
  0x000001fac424cb5c: 0f1f 8400 | cc02 0000 | 4889 8424 | a000 0000 | 488b 5424 

  0x000001fac424cb70: ;   {metadata(method data for {method} {0x000001fadc43d100} 'defineClass' '(Ljava/lang/String;[BIILjava/security/ProtectionDomain;)Ljava/lang/Class;' in 'java/lang/ClassLoader')}
  0x000001fac424cb70: 7849 b8f0 | e229 1dfb | 0100 0049 | 8380 4801 

  0x000001fac424cb80: ;   {metadata(method data for {method} {0x000001fadc43cde8} 'defineClassSourceLocation' '(Ljava/security/ProtectionDomain;)Ljava/lang/String;' in 'java/lang/ClassLoader')}
  0x000001fac424cb80: 0000 0149 | b8b8 bc29 | 1dfb 0100 | 0041 8b90 | cc00 0000 | 83c2 0241 | 8990 cc00 | 0000 81e2 
  0x000001fac424cba0: feff 1f00 | 85d2 0f84 | 0f03 0000 

  0x000001fac424cbac: ; implicit exception: dispatches to 0x000001fac424cedc
  0x000001fac424cbac: 483b 004c 

  0x000001fac424cbb0: ;   {metadata(method data for {method} {0x000001fadc43cde8} 'defineClassSourceLocation' '(Ljava/security/ProtectionDomain;)Ljava/lang/String;' in 'java/lang/ClassLoader')}
  0x000001fac424cbb0: 8bc0 48ba | b8bc 291d | fb01 0000 | 4883 8210 | 0100 0001 | 8b70 1048 | c1e6 0348 

  0x000001fac424cbcc: ;   {metadata(method data for {method} {0x000001fadc43cde8} 'defineClassSourceLocation' '(Ljava/security/ProtectionDomain;)Ljava/lang/String;' in 'java/lang/ClassLoader')}
  0x000001fac424cbcc: 85f6 49b8 | b8bc 291d | fb01 0000 | 48ba 5801 | 0000 0000 | 0000 750a | 48ba 4801 | 0000 0000 
  0x000001fac424cbec: 0000 498b | 3c10 488d | 7f01 4989 | 3c10 0f85 | 0f00 0000 

  0x000001fac424cc00: ;   {oop(nullptr)}
  0x000001fac424cc00: 48bb 0000 | 0000 0000 | 0000 e9b8 | 0100 0048 | 3b06 4c8b 

  0x000001fac424cc14: ;   {metadata(method data for {method} {0x000001fadc43cde8} 'defineClassSourceLocation' '(Ljava/security/ProtectionDomain;)Ljava/lang/String;' in 'java/lang/ClassLoader')}
  0x000001fac424cc14: c648 bab8 | bc29 1dfb | 0100 0048 | 8382 6801 | 0000 018b | 7e0c 48c1 | e703 4885 

  0x000001fac424cc30: ;   {metadata(method data for {method} {0x000001fadc43cde8} 'defineClassSourceLocation' '(Ljava/security/ProtectionDomain;)Ljava/lang/String;' in 'java/lang/ClassLoader')}
  0x000001fac424cc30: ff49 b8b8 | bc29 1dfb | 0100 0048 | bab0 0100 | 0000 0000 | 0075 0a48 | baa0 0100 | 0000 0000 
  0x000001fac424cc50: 0049 8b1c | 1048 8d5b | 0149 891c | 100f 850f 

  0x000001fac424cc60: ;   {oop(nullptr)}
  0x000001fac424cc60: 0000 0048 | bb00 0000 | 0000 0000 | 00e9 5501 | 0000 4c8b 

  0x000001fac424cc74: ;   {metadata(method data for {method} {0x000001fadc43cde8} 'defineClassSourceLocation' '(Ljava/security/ProtectionDomain;)Ljava/lang/String;' in 'java/lang/ClassLoader')}
  0x000001fac424cc74: c648 bab8 | bc29 1dfb | 0100 0048 | 8382 c001 | 0000 0148 | 3b07 4c8b 

  0x000001fac424cc8c: ;   {metadata(method data for {method} {0x000001fadc43cde8} 'defineClassSourceLocation' '(Ljava/security/ProtectionDomain;)Ljava/lang/String;' in 'java/lang/ClassLoader')}
  0x000001fac424cc8c: c748 bab8 | bc29 1dfb | 0100 0048 | 8382 f801 

  0x000001fac424cc9c: ;   {metadata(method data for {method} {0x000001fadc01aa98} 'toString' '()Ljava/lang/String;' in 'java/net/URL')}
  0x000001fac424cc9c: 0000 0149 | b858 0f1a | 1dfb 0100 | 0041 8b90 | cc00 0000 | 83c2 0241 | 8990 cc00 | 0000 81e2 
  0x000001fac424ccbc: feff 1f00 | 85d2 0f84 | 2302 0000 

  0x000001fac424ccc8: ;   {metadata(method data for {method} {0x000001fadc01aa98} 'toString' '()Ljava/lang/String;' in 'java/net/URL')}
  0x000001fac424ccc8: 4c8b c748 | ba58 0f1a | 1dfb 0100 | 0048 8382 | 1001 0000 

  0x000001fac424ccdc: ;   {metadata(method data for {method} {0x000001fadc430a00} 'toExternalForm' '()Ljava/lang/String;' in 'java/net/URL')}
  0x000001fac424ccdc: 0149 b8e0 | 101a 1dfb | 0100 0041 | 8b90 cc00 | 0000 83c2 | 0241 8990 | cc00 0000 | 81e2 feff 
  0x000001fac424ccfc: 1f00 85d2 | 0f84 0602 | 0000 8b57 | 3848 c1e2 | 0348 3b02 

  0x000001fac424cd10: ;   {metadata(method data for {method} {0x000001fadc430a00} 'toExternalForm' '()Ljava/lang/String;' in 'java/net/URL')}
  0x000001fac424cd10: 4c8b c248 | bbe0 101a | 1dfb 0100 | 0045 8b40 | 0849 ba00 | 0000 dcfa | 0100 004d | 03c2 4c3b 
  0x000001fac424cd30: 8320 0100 | 0075 0d48 | 8383 2801 | 0000 01e9 | 6000 0000 | 4c3b 8330 | 0100 0075 | 0d48 8383 
  0x000001fac424cd50: 3801 0000 | 01e9 4a00 | 0000 4883 | bb20 0100 | 0000 7517 | 4c89 8320 | 0100 0048 | c783 2801 
  0x000001fac424cd70: 0000 0100 | 0000 e929 | 0000 0048 | 83bb 3001 | 0000 0075 | 174c 8983 | 3001 0000 | 48c7 8338 
  0x000001fac424cd90: 0100 0001 | 0000 00e9 | 0800 0000 | 4883 8310 | 0100 0001 | 4c8b c748 | 89b4 24b0 | 0000 0048 
  0x000001fac424cdb0: 89bc 24a8 

  0x000001fac424cdb4: ;   {optimized virtual_call}
  0x000001fac424cdb4: 0000 00e8 

  0x000001fac424cdb8: ; ImmutableOopMap {[120]=Oop [128]=Oop [136]=Oop [160]=Oop [168]=Oop [176]=Oop }
                      ;*invokevirtual toExternalForm {reexecute=0 rethrow=0 return_oop=0}
                      ; - java.net.URL::toExternalForm@5 (line 1203)
                      ; - java.net.URL::toString@1 (line 1189)
                      ; - java.lang.ClassLoader::defineClassSourceLocation@22 (line 927)
                      ; - java.lang.ClassLoader::defineClass@12 (line 1026)
  0x000001fac424cdb8: e4b6 f9ff 

  0x000001fac424cdbc: ;   {other}
  0x000001fac424cdbc: 0f1f 8400 | 2c05 0001 | 488b d848 | 8b84 24a0 | 0000 008b | bc24 9000 | 0000 4c8b | 8c24 8800 
  0x000001fac424cddc: 0000 4c8b | 8424 8000 | 0000 488b 

  0x000001fac424cde8: ;   {metadata(method data for {method} {0x000001fadc43d100} 'defineClass' '(Ljava/lang/String;[BIILjava/security/ProtectionDomain;)Ljava/lang/Class;' in 'java/lang/ClassLoader')}
  0x000001fac424cde8: 5424 7848 | b9f0 e229 | 1dfb 0100 | 0048 8381 | 8001 0000 | 014c 8bda | 498b d34d | 8be8 4d8b 
  0x000001fac424ce08: c54d 8bf1 | 4d8b ce48 | 8bcf 488b | f98b b424 | 9400 0000 | 488b c848 | 891c 2448 | 899c 24b8 
  0x000001fac424ce28: 0000 000f 

  0x000001fac424ce2c: ;   {static_call}
  0x000001fac424ce2c: 1f40 00e8 

  0x000001fac424ce30: ; ImmutableOopMap {[120]=Oop [128]=Oop [136]=Oop [160]=Oop [184]=Oop }
                      ;*invokestatic defineClass1 {reexecute=0 rethrow=0 return_oop=0}
                      ; - java.lang.ClassLoader::defineClass@27 (line 1027)
  0x000001fac424ce30: 2ca2 8e07 

  0x000001fac424ce34: ;   {other}
  0x000001fac424ce34: 0f1f 8400 | a405 0002 | 488b 5424 

  0x000001fac424ce40: ;   {metadata(method data for {method} {0x000001fadc43d100} 'defineClass' '(Ljava/lang/String;[BIILjava/security/ProtectionDomain;)Ljava/lang/Class;' in 'java/lang/ClassLoader')}
  0x000001fac424ce40: 7849 b8f0 | e229 1dfb | 0100 0049 | 8380 9001 | 0000 014c | 8bc0 4c8b | 8c24 a000 | 0000 488b 
  0x000001fac424ce60: 5424 7848 | 8984 24c0 | 0000 000f 

  0x000001fac424ce6c: ;   {optimized virtual_call}
  0x000001fac424ce6c: 1f40 00e8 

  0x000001fac424ce70: ; ImmutableOopMap {[120]=Oop [128]=Oop [136]=Oop [160]=Oop [184]=Oop [192]=Oop }
                      ;*invokevirtual postDefineClass {reexecute=0 rethrow=0 return_oop=0}
                      ; - java.lang.ClassLoader::defineClass@37 (line 1028)
  0x000001fac424ce70: ac73 ffff 

  0x000001fac424ce74: ;   {other}
  0x000001fac424ce74: 0f1f 8400 | e405 0003 | 488b 8424 | c000 0000 | 4881 c4d0 | 0000 005d 

  0x000001fac424ce8c: ;   {poll_return}
  0x000001fac424ce8c: 493b a750 | 0400 000f | 8799 0000 

  0x000001fac424ce98: ;   {metadata({method} {0x000001fadc43d100} 'defineClass' '(Ljava/lang/String;[BIILjava/security/ProtectionDomain;)Ljava/lang/Class;' in 'java/lang/ClassLoader')}
  0x000001fac424ce98: 00c3 49ba | f8d0 43dc | fa01 0000 | 4c89 5424 | 0848 c704 | 24ff ffff 

  0x000001fac424ceb0: ;   {runtime_call counter_overflow Runtime1 stub}
  0x000001fac424ceb0: ffe8 4a99 

  0x000001fac424ceb4: ; ImmutableOopMap {rdx=Oop r8=Oop r9=Oop rcx=Oop [120]=Oop [128]=Oop [136]=Oop }
                      ;*synchronization entry
                      ; - java.lang.ClassLoader::defineClass@-1 (line 1025)
  0x000001fac424ceb4: 4207 e96d 

  0x000001fac424ceb8: ;   {metadata({method} {0x000001fadc43cde8} 'defineClassSourceLocation' '(Ljava/security/ProtectionDomain;)Ljava/lang/String;' in 'java/lang/ClassLoader')}
  0x000001fac424ceb8: fcff ff49 | bae0 cd43 | dcfa 0100 | 004c 8954 | 2408 48c7 | 0424 ffff 

  0x000001fac424ced0: ;   {runtime_call counter_overflow Runtime1 stub}
  0x000001fac424ced0: ffff e829 

  0x000001fac424ced4: ; ImmutableOopMap {rax=Oop [120]=Oop [128]=Oop [136]=Oop [160]=Oop }
                      ;*synchronization entry
                      ; - java.lang.ClassLoader::defineClassSourceLocation@-1 (line 924)
                      ; - java.lang.ClassLoader::defineClass@12 (line 1026)
  0x000001fac424ced4: 9942 07e9 | d0fc ffff 

  0x000001fac424cedc: ;   {runtime_call throw_null_pointer_exception Runtime1 stub}
  0x000001fac424cedc: e89f 2c42 

  0x000001fac424cee0: ; ImmutableOopMap {rax=Oop [120]=Oop [128]=Oop [136]=Oop [160]=Oop }
                      ;*invokevirtual getCodeSource {reexecute=0 rethrow=0 return_oop=0}
                      ; - java.lang.ClassLoader::defineClassSourceLocation@1 (line 924)
                      ; - java.lang.ClassLoader::defineClass@12 (line 1026)
                      ;   {runtime_call throw_null_pointer_exception Runtime1 stub}
  0x000001fac424cee0: 07e8 9a2c 

  0x000001fac424cee4: ; ImmutableOopMap {rax=Oop rsi=Oop [120]=Oop [128]=Oop [136]=Oop [160]=Oop }
                      ;*invokevirtual getLocation {reexecute=0 rethrow=0 return_oop=0}
                      ; - java.lang.ClassLoader::defineClassSourceLocation@12 (line 926)
                      ; - java.lang.ClassLoader::defineClass@12 (line 1026)
                      ;   {runtime_call throw_null_pointer_exception Runtime1 stub}
  0x000001fac424cee4: 4207 e895 

  0x000001fac424cee8: ; ImmutableOopMap {rdi=Oop rsi=Oop [120]=Oop [128]=Oop [136]=Oop [160]=Oop }
                      ;*invokevirtual toString {reexecute=0 rethrow=0 return_oop=0}
                      ; - java.lang.ClassLoader::defineClassSourceLocation@22 (line 927)
                      ; - java.lang.ClassLoader::defineClass@12 (line 1026)
                      ;   {metadata({method} {0x000001fadc01aa98} 'toString' '()Ljava/lang/String;' in 'java/net/URL')}
  0x000001fac424cee8: 2c42 0749 | ba90 aa01 | dcfa 0100 | 004c 8954 | 2408 48c7 | 0424 ffff 

  0x000001fac424cf00: ;   {runtime_call counter_overflow Runtime1 stub}
  0x000001fac424cf00: ffff e8f9 

  0x000001fac424cf04: ; ImmutableOopMap {rdi=Oop rsi=Oop [120]=Oop [128]=Oop [136]=Oop [160]=Oop }
                      ;*synchronization entry
                      ; - java.net.URL::toString@-1 (line 1189)
                      ; - java.lang.ClassLoader::defineClassSourceLocation@22 (line 927)
                      ; - java.lang.ClassLoader::defineClass@12 (line 1026)
  0x000001fac424cf04: 9842 07e9 | bcfd ffff 

  0x000001fac424cf0c: ;   {metadata({method} {0x000001fadc430a00} 'toExternalForm' '()Ljava/lang/String;' in 'java/net/URL')}
  0x000001fac424cf0c: 49ba f809 | 43dc fa01 | 0000 4c89 | 5424 0848 | c704 24ff 

  0x000001fac424cf20: ;   {runtime_call counter_overflow Runtime1 stub}
  0x000001fac424cf20: ffff ffe8 

  0x000001fac424cf24: ; ImmutableOopMap {rdi=Oop rsi=Oop [120]=Oop [128]=Oop [136]=Oop [160]=Oop }
                      ;*synchronization entry
                      ; - java.net.URL::toExternalForm@-1 (line 1203)
                      ; - java.net.URL::toString@1 (line 1189)
                      ; - java.lang.ClassLoader::defineClassSourceLocation@22 (line 927)
                      ; - java.lang.ClassLoader::defineClass@12 (line 1026)
  0x000001fac424cf24: d898 4207 | e9d9 fdff 

  0x000001fac424cf2c: ;   {runtime_call throw_null_pointer_exception Runtime1 stub}
  0x000001fac424cf2c: ffe8 4e2c 

  0x000001fac424cf30: ; ImmutableOopMap {rdi=Oop rsi=Oop rdx=Oop [120]=Oop [128]=Oop [136]=Oop [160]=Oop }
                      ;*invokevirtual toExternalForm {reexecute=0 rethrow=0 return_oop=0}
                      ; - java.net.URL::toExternalForm@5 (line 1203)
                      ; - java.net.URL::toString@1 (line 1189)
                      ; - java.lang.ClassLoader::defineClassSourceLocation@22 (line 927)
                      ; - java.lang.ClassLoader::defineClass@12 (line 1026)
                      ;   {internal_word}
  0x000001fac424cf30: 4207 49ba | 8cce 24c4 | fa01 0000 | 4d89 9768 

  0x000001fac424cf40: ;   {runtime_call SafepointBlob}
  0x000001fac424cf40: 0400 00e9 | b887 3507 | 498b 8700 | 0500 0049 | c787 0005 | 0000 0000 | 0000 49c7 | 8708 0500 
  0x000001fac424cf60: 0000 0000 | 0048 81c4 | d000 0000 

  0x000001fac424cf6c: ;   {runtime_call unwind_exception Runtime1 stub}
  0x000001fac424cf6c: 5de9 0e1d | 4207 f4f4 | f4f4 f4f4 
[Stub Code]
  0x000001fac424cf78: ;   {no_reloc}
  0x000001fac424cf78: 0f1f 4400 

  0x000001fac424cf7c: ;   {static_stub}
  0x000001fac424cf7c: 0048 bb00 | 0000 0000 

  0x000001fac424cf84: ;   {runtime_call}
  0x000001fac424cf84: 0000 00e9 | fbff ffff 

  0x000001fac424cf8c: ;   {static_stub}
  0x000001fac424cf8c: 48bb 0000 | 0000 0000 

  0x000001fac424cf94: ;   {runtime_call}
  0x000001fac424cf94: 0000 e9fb 

  0x000001fac424cf98: ;   {static_stub}
  0x000001fac424cf98: ffff ff48 | bb00 0000 | 0000 0000 

  0x000001fac424cfa4: ;   {runtime_call}
  0x000001fac424cfa4: 00e9 fbff 

  0x000001fac424cfa8: ;   {static_stub}
  0x000001fac424cfa8: ffff 48bb | 0000 0000 | 0000 0000 

  0x000001fac424cfb4: ;   {runtime_call}
  0x000001fac424cfb4: e9fb ffff 

  0x000001fac424cfb8: ;   {runtime_call handle_exception_from_callee Runtime1 stub}
  0x000001fac424cfb8: ffe8 4253 

  0x000001fac424cfbc: ;   {external_word}
  0x000001fac424cfbc: 4207 48b9 | 0048 a12a | f97f 0000 | 4883 e4f0 

  0x000001fac424cfcc: ;   {runtime_call}
  0x000001fac424cfcc: 48b8 4024 | 692a f97f | 0000 ffd0 

  0x000001fac424cfd8: ;   {section_word}
  0x000001fac424cfd8: f449 bad9 | cf24 c4fa | 0100 0041 

  0x000001fac424cfe4: ;   {runtime_call DeoptimizationBlob}
  0x000001fac424cfe4: 52e9 b679 | 3507 f4f4 | f4f4 f4f4 
[/MachCode]


Compiled method (c1)    1079 1101       3       java.security.SecureClassLoader::defineClass (16 bytes)
 total in heap  [0x000001fac424ba10,0x000001fac424be18] = 1032
 relocation     [0x000001fac424bb70,0x000001fac424bbc0] = 80
 main code      [0x000001fac424bbc0,0x000001fac424bd20] = 352
 stub code      [0x000001fac424bd20,0x000001fac424bd70] = 80
 metadata       [0x000001fac424bd70,0x000001fac424bd78] = 8
 scopes data    [0x000001fac424bd78,0x000001fac424bdc0] = 72
 scopes pcs     [0x000001fac424bdc0,0x000001fac424be10] = 80
 dependencies   [0x000001fac424be10,0x000001fac424be18] = 8

[Constant Pool (empty)]

[MachCode]
[Entry Point]
  # {method} {0x000001fadc04d810} 'defineClass' '(Ljava/lang/String;[BIILjava/security/CodeSource;)Ljava/lang/Class;' in 'java/security/SecureClassLoader'
  # this:     rdx:rdx   = 'java/security/SecureClassLoader'
  # parm0:    r8:r8     = 'java/lang/String'
  # parm1:    r9:r9     = '[B'
  # parm2:    rdi       = int
  # parm3:    rsi       = int
  # parm4:    rcx:rcx   = 'java/security/CodeSource'
  #           [sp+0x80]  (sp of caller)
  0x000001fac424bbc0: 448b 5208 | 49bb 0000 | 00dc fa01 | 0000 4d03 | d34c 3bd0 

  0x000001fac424bbd4: ;   {runtime_call ic_miss_stub}
  0x000001fac424bbd4: 0f85 a62b | 3507 660f | 1f44 0000 
[Verified Entry Point]
  0x000001fac424bbe0: 8984 2400 | 80ff ff55 | 4883 ec70 | 4181 7f20 | 0100 0000 

  0x000001fac424bbf4: ;   {runtime_call StubRoutines (final stubs)}
  0x000001fac424bbf4: 7405 e865 

  0x000001fac424bbf8: ;   {metadata(method data for {method} {0x000001fadc04d810} 'defineClass' '(Ljava/lang/String;[BIILjava/security/CodeSource;)Ljava/lang/Class;' in 'java/security/SecureClassLoader')}
  0x000001fac424bbf8: 9133 0748 | bb10 c91f | 1dfb 0100 | 008b 83cc | 0000 0083 | c002 8983 | cc00 0000 | 25fe 0700 
  0x000001fac424bc18: 0085 c00f | 849e 0000 | 0089 7424 | 5c89 7c24 | 584c 894c | 2450 4c89 | 4424 4848 

  0x000001fac424bc34: ;   {metadata(method data for {method} {0x000001fadc04d810} 'defineClass' '(Ljava/lang/String;[BIILjava/security/CodeSource;)Ljava/lang/Class;' in 'java/security/SecureClassLoader')}
  0x000001fac424bc34: 8bda 48b8 | 10c9 1f1d | fb01 0000 | 4883 8010 | 0100 0001 | 4c8b c148 | 8bc2 488b | d048 894c 
  0x000001fac424bc54: 2460 4889 | 4424 400f 

  0x000001fac424bc5c: ;   {optimized virtual_call}
  0x000001fac424bc5c: 1f40 00e8 

  0x000001fac424bc60: ; ImmutableOopMap {[64]=Oop [72]=Oop [80]=Oop [96]=Oop }
                      ;*invokevirtual getProtectionDomain {reexecute=0 rethrow=0 return_oop=0}
                      ; - java.security.SecureClassLoader::defineClass@9 (line 150)
  0x000001fac424bc60: 3c96 ffff 

  0x000001fac424bc64: ;   {other}
  0x000001fac424bc64: 0f1f 8400 | 5402 0000 | 488b 5424 

  0x000001fac424bc70: ;   {metadata(method data for {method} {0x000001fadc04d810} 'defineClass' '(Ljava/lang/String;[BIILjava/security/CodeSource;)Ljava/lang/Class;' in 'java/security/SecureClassLoader')}
  0x000001fac424bc70: 4049 b810 | c91f 1dfb | 0100 0049 | 8380 4801 | 0000 014c | 8b44 2448 | 4c8b 4c24 | 508b 7c24 
  0x000001fac424bc90: 588b 7424 | 5c48 8bc8 | 488b 5424 

  0x000001fac424bc9c: ;   {optimized virtual_call}
  0x000001fac424bc9c: 4066 90e8 

  0x000001fac424bca0: ; ImmutableOopMap {[64]=Oop [72]=Oop [80]=Oop [96]=Oop }
                      ;*invokevirtual defineClass {reexecute=0 rethrow=0 return_oop=0}
                      ; - java.security.SecureClassLoader::defineClass@12 (line 150)
  0x000001fac424bca0: 1c0e 0000 

  0x000001fac424bca4: ;   {other}
  0x000001fac424bca4: 0f1f 8400 | 9402 0001 | 4883 c470 

  0x000001fac424bcb0: ;   {poll_return}
  0x000001fac424bcb0: 5d49 3ba7 | 5004 0000 | 0f87 2200 

  0x000001fac424bcbc: ;   {metadata({method} {0x000001fadc04d810} 'defineClass' '(Ljava/lang/String;[BIILjava/security/CodeSource;)Ljava/lang/Class;' in 'java/security/SecureClassLoader')}
  0x000001fac424bcbc: 0000 c349 | ba08 d804 | dcfa 0100 | 004c 8954 | 2408 48c7 | 0424 ffff 

  0x000001fac424bcd4: ;   {runtime_call counter_overflow Runtime1 stub}
  0x000001fac424bcd4: ffff e825 

  0x000001fac424bcd8: ; ImmutableOopMap {rdx=Oop r8=Oop r9=Oop rcx=Oop }
                      ;*synchronization entry
                      ; - java.security.SecureClassLoader::defineClass@-1 (line 150)
  0x000001fac424bcd8: ab42 07e9 | 41ff ffff 

  0x000001fac424bce0: ;   {internal_word}
  0x000001fac424bce0: 49ba b1bc | 24c4 fa01 | 0000 4d89 | 9768 0400 

  0x000001fac424bcf0: ;   {runtime_call SafepointBlob}
  0x000001fac424bcf0: 00e9 0a9a | 3507 498b | 8700 0500 | 0049 c787 | 0005 0000 | 0000 0000 | 49c7 8708 | 0500 0000 
  0x000001fac424bd10: 0000 0048 | 83c4 705d 

  0x000001fac424bd18: ;   {runtime_call unwind_exception Runtime1 stub}
  0x000001fac424bd18: e963 2f42 | 07f4 f4f4 
[Stub Code]
  0x000001fac424bd20: ;   {no_reloc}
  0x000001fac424bd20: 48bb 0000 | 0000 0000 

  0x000001fac424bd28: ;   {runtime_call}
  0x000001fac424bd28: 0000 e9fb 

  0x000001fac424bd2c: ;   {static_stub}
  0x000001fac424bd2c: ffff ff48 | bb00 0000 | 0000 0000 

  0x000001fac424bd38: ;   {runtime_call}
  0x000001fac424bd38: 00e9 fbff 

  0x000001fac424bd3c: ;   {runtime_call handle_exception_from_callee Runtime1 stub}
  0x000001fac424bd3c: ffff e8bd 

  0x000001fac424bd40: ;   {external_word}
  0x000001fac424bd40: 6542 0748 | b900 48a1 | 2af9 7f00 | 0048 83e4 

  0x000001fac424bd50: ;   {runtime_call}
  0x000001fac424bd50: f048 b840 | 2469 2af9 | 7f00 00ff 

  0x000001fac424bd5c: ;   {section_word}
  0x000001fac424bd5c: d0f4 49ba | 5ebd 24c4 | fa01 0000 

  0x000001fac424bd68: ;   {runtime_call DeoptimizationBlob}
  0x000001fac424bd68: 4152 e931 | 8c35 07f4 
[/MachCode]


---------------  P R O C E S S  ---------------

Threads class SMR info:
_java_thread_list=0x000001fb2136ad90, length=18, elements={
0x000001faba3f17f0, 0x000001fadb4588a0, 0x000001fadb4596c0, 0x000001fadb45bf10,
0x000001fadb45e980, 0x000001fadb460520, 0x000001fadb460f80, 0x000001fadb46f360,
0x000001fadb470060, 0x000001fadb66fdc0, 0x000001fadb763210, 0x000001fadb7dffd0,
0x000001fadb7ea760, 0x000001fadb894f70, 0x000001fadb97b700, 0x000001fb214465c0,
0x000001fb219edc30, 0x000001fb219bbf20
}

Java Threads: ( => current thread )
  0x000001faba3f17f0 JavaThread "main"                              [_thread_blocked, id=4848, stack(0x000000b4a1700000,0x000000b4a1800000) (1024K)]
  0x000001fadb4588a0 JavaThread "Reference Handler"          daemon [_thread_blocked, id=17916, stack(0x000000b4a1f00000,0x000000b4a2000000) (1024K)]
  0x000001fadb4596c0 JavaThread "Finalizer"                  daemon [_thread_blocked, id=18408, stack(0x000000b4a2000000,0x000000b4a2100000) (1024K)]
  0x000001fadb45bf10 JavaThread "Signal Dispatcher"          daemon [_thread_blocked, id=11416, stack(0x000000b4a2100000,0x000000b4a2200000) (1024K)]
  0x000001fadb45e980 JavaThread "Attach Listener"            daemon [_thread_blocked, id=16788, stack(0x000000b4a2200000,0x000000b4a2300000) (1024K)]
  0x000001fadb460520 JavaThread "Service Thread"             daemon [_thread_blocked, id=12736, stack(0x000000b4a2300000,0x000000b4a2400000) (1024K)]
  0x000001fadb460f80 JavaThread "Monitor Deflation Thread"   daemon [_thread_blocked, id=3816, stack(0x000000b4a2400000,0x000000b4a2500000) (1024K)]
  0x000001fadb46f360 JavaThread "C2 CompilerThread0"         daemon [_thread_blocked, id=17316, stack(0x000000b4a2500000,0x000000b4a2600000) (1024K)]
  0x000001fadb470060 JavaThread "C1 CompilerThread0"         daemon [_thread_blocked, id=16972, stack(0x000000b4a2600000,0x000000b4a2700000) (1024K)]
  0x000001fadb66fdc0 JavaThread "Common-Cleaner"             daemon [_thread_blocked, id=13432, stack(0x000000b4a2700000,0x000000b4a2800000) (1024K)]
  0x000001fadb763210 JavaThread "JDWP Transport Listener: dt_socket" daemon [_thread_blocked, id=6884, stack(0x000000b4a2800000,0x000000b4a2900000) (1024K)]
  0x000001fadb7dffd0 JavaThread "JDWP Event Helper Thread"   daemon [_thread_blocked, id=11516, stack(0x000000b4a2900000,0x000000b4a2a00000) (1024K)]
  0x000001fadb7ea760 JavaThread "JDWP Command Reader"        daemon [_thread_in_native, id=4024, stack(0x000000b4a2a00000,0x000000b4a2b00000) (1024K)]
  0x000001fadb894f70 JavaThread "Notification Thread"        daemon [_thread_blocked, id=6680, stack(0x000000b4a2b00000,0x000000b4a2c00000) (1024K)]
  0x000001fadb97b700 JavaThread "C2 CompilerThread1"         daemon [_thread_blocked, id=2548, stack(0x000000b4a2c00000,0x000000b4a2d00000) (1024K)]
  0x000001fb214465c0 JavaThread "Thread-0"                          [_thread_blocked, id=4900, stack(0x000000b4a2d00000,0x000000b4a2e00000) (1024K)]
  0x000001fb219edc30 JavaThread "restartedMain"                     [_thread_in_vm, id=4240, stack(0x000000b4a2e00000,0x000000b4a2f00000) (1024K)]
=>0x000001fb219bbf20 JavaThread "background-preinit"                [_thread_in_vm, id=14468, stack(0x000000b4a3600000,0x000000b4a3700000) (1024K)]
Total: 18

Other Threads:
  0x000001fadb43b850 VMThread "VM Thread"                           [id=5688, stack(0x000000b4a1e00000,0x000000b4a1f00000) (1024K)]
  0x000001fadb425030 WatcherThread "VM Periodic Task Thread"        [id=17312, stack(0x000000b4a1d00000,0x000000b4a1e00000) (1024K)]
  0x000001faba45cef0 WorkerThread "GC Thread#0"                     [id=860, stack(0x000000b4a1800000,0x000000b4a1900000) (1024K)]
  0x000001fb21532b40 WorkerThread "GC Thread#1"                     [id=13392, stack(0x000000b4a2f00000,0x000000b4a3000000) (1024K)]
  0x000001fb21532ee0 WorkerThread "GC Thread#2"                     [id=3872, stack(0x000000b4a3000000,0x000000b4a3100000) (1024K)]
  0x000001fb21533690 WorkerThread "GC Thread#3"                     [id=14884, stack(0x000000b4a3100000,0x000000b4a3200000) (1024K)]
  0x000001fb21533a30 WorkerThread "GC Thread#4"                     [id=3208, stack(0x000000b4a3200000,0x000000b4a3300000) (1024K)]
  0x000001fb21533dd0 WorkerThread "GC Thread#5"                     [id=168, stack(0x000000b4a3300000,0x000000b4a3400000) (1024K)]
  0x000001fb219aea00 WorkerThread "GC Thread#6"                     [id=13896, stack(0x000000b4a3400000,0x000000b4a3500000) (1024K)]
  0x000001fb219aeda0 WorkerThread "GC Thread#7"                     [id=2828, stack(0x000000b4a3500000,0x000000b4a3600000) (1024K)]
  0x000001faba46dc90 ConcurrentGCThread "G1 Main Marker"            [id=16448, stack(0x000000b4a1900000,0x000000b4a1a00000) (1024K)]
  0x000001faba46ef30 WorkerThread "G1 Conc#0"                       [id=15608, stack(0x000000b4a1a00000,0x000000b4a1b00000) (1024K)]
  0x000001fadb2f2580 ConcurrentGCThread "G1 Refine#0"               [id=15784, stack(0x000000b4a1b00000,0x000000b4a1c00000) (1024K)]
  0x000001fadb2f30f0 ConcurrentGCThread "G1 Service"                [id=14896, stack(0x000000b4a1c00000,0x000000b4a1d00000) (1024K)]
Total: 14

Threads with active compile tasks:
Total: 0

VM state: not at safepoint (normal execution)

VM Mutex/Monitor currently owned by a thread:  ([mutex/lock_event])
[0x00007ff92acaace8] Metaspace_lock - owner thread: 0x000001fb219bbf20

Heap address: 0x0000000703e00000, size: 4034 MB, Compressed Oops mode: Zero based, Oop shift amount: 3

CDS archive(s) mapped at: [0x000001fadc000000-0x000001fadcc90000-0x000001fadcc90000), size 13172736, SharedBaseAddress: 0x000001fadc000000, ArchiveRelocationMode: 1.
Compressed class space mapped at: 0x000001fadd000000-0x000001fb1d000000, reserved size: 1073741824
Narrow klass base: 0x000001fadc000000, Narrow klass shift: 0, Narrow klass range: 0x100000000

GC Precious Log:
 CardTable entry size: 512
 Card Set container configuration: InlinePtr #cards 4 size 8 Array Of Cards #cards 16 size 48 Howl #buckets 8 coarsen threshold 3686 Howl Bitmap #cards 512 size 80 coarsen threshold 460 Card regions per heap region 1 cards per card region 4096
 CPUs: 8 total, 8 available
 Memory: 16130M
 Large Page Support: Disabled
 NUMA Support: Disabled
 Compressed Oops: Enabled (Zero based)
 Heap Region Size: 2M
 Heap Min Capacity: 8M
 Heap Initial Capacity: 254M
 Heap Max Capacity: 4034M
 Pre-touch: Disabled
 Parallel Workers: 8
 Concurrent Workers: 2
 Concurrent Refinement Workers: 8
 Periodic GC: Disabled

Heap:
 garbage-first heap   total 260096K, used 12605K [0x0000000703e00000, 0x0000000800000000)
  region size 2048K, 6 young (12288K), 2 survivors (4096K)
 Metaspace       used 5448K, committed 5568K, reserved 1114112K
  class space    used 581K, committed 640K, reserved 1048576K

Heap Regions: E=young(eden), S=young(survivor), O=old, HS=humongous(starts), HC=humongous(continues), CS=collection set, F=free, TAMS=top-at-mark-start, PB=parsable bottom
|   0|0x0000000703e00000, 0x0000000704000000, 0x0000000704000000|100%| O|  |TAMS 0x0000000703e00000| PB 0x0000000703e00000| Untracked 
|   1|0x0000000704000000, 0x000000070404f798, 0x0000000704200000| 15%| O|  |TAMS 0x0000000704000000| PB 0x0000000704000000| Untracked 
|   2|0x0000000704200000, 0x0000000704200000, 0x0000000704400000|  0%| F|  |TAMS 0x0000000704200000| PB 0x0000000704200000| Untracked 
|   3|0x0000000704400000, 0x0000000704400000, 0x0000000704600000|  0%| F|  |TAMS 0x0000000704400000| PB 0x0000000704400000| Untracked 
|   4|0x0000000704600000, 0x0000000704600000, 0x0000000704800000|  0%| F|  |TAMS 0x0000000704600000| PB 0x0000000704600000| Untracked 
|   5|0x0000000704800000, 0x0000000704800000, 0x0000000704a00000|  0%| F|  |TAMS 0x0000000704800000| PB 0x0000000704800000| Untracked 
|   6|0x0000000704a00000, 0x0000000704a00000, 0x0000000704c00000|  0%| F|  |TAMS 0x0000000704a00000| PB 0x0000000704a00000| Untracked 
|   7|0x0000000704c00000, 0x0000000704c00000, 0x0000000704e00000|  0%| F|  |TAMS 0x0000000704c00000| PB 0x0000000704c00000| Untracked 
|   8|0x0000000704e00000, 0x0000000704e00000, 0x0000000705000000|  0%| F|  |TAMS 0x0000000704e00000| PB 0x0000000704e00000| Untracked 
|   9|0x0000000705000000, 0x0000000705000000, 0x0000000705200000|  0%| F|  |TAMS 0x0000000705000000| PB 0x0000000705000000| Untracked 
|  10|0x0000000705200000, 0x0000000705200000, 0x0000000705400000|  0%| F|  |TAMS 0x0000000705200000| PB 0x0000000705200000| Untracked 
|  11|0x0000000705400000, 0x0000000705400000, 0x0000000705600000|  0%| F|  |TAMS 0x0000000705400000| PB 0x0000000705400000| Untracked 
|  12|0x0000000705600000, 0x0000000705600000, 0x0000000705800000|  0%| F|  |TAMS 0x0000000705600000| PB 0x0000000705600000| Untracked 
|  13|0x0000000705800000, 0x0000000705800000, 0x0000000705a00000|  0%| F|  |TAMS 0x0000000705800000| PB 0x0000000705800000| Untracked 
|  14|0x0000000705a00000, 0x0000000705a00000, 0x0000000705c00000|  0%| F|  |TAMS 0x0000000705a00000| PB 0x0000000705a00000| Untracked 
|  15|0x0000000705c00000, 0x0000000705c00000, 0x0000000705e00000|  0%| F|  |TAMS 0x0000000705c00000| PB 0x0000000705c00000| Untracked 
|  16|0x0000000705e00000, 0x0000000705e00000, 0x0000000706000000|  0%| F|  |TAMS 0x0000000705e00000| PB 0x0000000705e00000| Untracked 
|  17|0x0000000706000000, 0x0000000706000000, 0x0000000706200000|  0%| F|  |TAMS 0x0000000706000000| PB 0x0000000706000000| Untracked 
|  18|0x0000000706200000, 0x0000000706200000, 0x0000000706400000|  0%| F|  |TAMS 0x0000000706200000| PB 0x0000000706200000| Untracked 
|  19|0x0000000706400000, 0x0000000706400000, 0x0000000706600000|  0%| F|  |TAMS 0x0000000706400000| PB 0x0000000706400000| Untracked 
|  20|0x0000000706600000, 0x0000000706600000, 0x0000000706800000|  0%| F|  |TAMS 0x0000000706600000| PB 0x0000000706600000| Untracked 
|  21|0x0000000706800000, 0x0000000706800000, 0x0000000706a00000|  0%| F|  |TAMS 0x0000000706800000| PB 0x0000000706800000| Untracked 
|  22|0x0000000706a00000, 0x0000000706a00000, 0x0000000706c00000|  0%| F|  |TAMS 0x0000000706a00000| PB 0x0000000706a00000| Untracked 
|  23|0x0000000706c00000, 0x0000000706c00000, 0x0000000706e00000|  0%| F|  |TAMS 0x0000000706c00000| PB 0x0000000706c00000| Untracked 
|  24|0x0000000706e00000, 0x0000000706e00000, 0x0000000707000000|  0%| F|  |TAMS 0x0000000706e00000| PB 0x0000000706e00000| Untracked 
|  25|0x0000000707000000, 0x0000000707000000, 0x0000000707200000|  0%| F|  |TAMS 0x0000000707000000| PB 0x0000000707000000| Untracked 
|  26|0x0000000707200000, 0x0000000707200000, 0x0000000707400000|  0%| F|  |TAMS 0x0000000707200000| PB 0x0000000707200000| Untracked 
|  27|0x0000000707400000, 0x0000000707400000, 0x0000000707600000|  0%| F|  |TAMS 0x0000000707400000| PB 0x0000000707400000| Untracked 
|  28|0x0000000707600000, 0x0000000707600000, 0x0000000707800000|  0%| F|  |TAMS 0x0000000707600000| PB 0x0000000707600000| Untracked 
|  29|0x0000000707800000, 0x0000000707800000, 0x0000000707a00000|  0%| F|  |TAMS 0x0000000707800000| PB 0x0000000707800000| Untracked 
|  30|0x0000000707a00000, 0x0000000707a00000, 0x0000000707c00000|  0%| F|  |TAMS 0x0000000707a00000| PB 0x0000000707a00000| Untracked 
|  31|0x0000000707c00000, 0x0000000707c00000, 0x0000000707e00000|  0%| F|  |TAMS 0x0000000707c00000| PB 0x0000000707c00000| Untracked 
|  32|0x0000000707e00000, 0x0000000707e00000, 0x0000000708000000|  0%| F|  |TAMS 0x0000000707e00000| PB 0x0000000707e00000| Untracked 
|  33|0x0000000708000000, 0x0000000708000000, 0x0000000708200000|  0%| F|  |TAMS 0x0000000708000000| PB 0x0000000708000000| Untracked 
|  34|0x0000000708200000, 0x0000000708200000, 0x0000000708400000|  0%| F|  |TAMS 0x0000000708200000| PB 0x0000000708200000| Untracked 
|  35|0x0000000708400000, 0x0000000708400000, 0x0000000708600000|  0%| F|  |TAMS 0x0000000708400000| PB 0x0000000708400000| Untracked 
|  36|0x0000000708600000, 0x0000000708600000, 0x0000000708800000|  0%| F|  |TAMS 0x0000000708600000| PB 0x0000000708600000| Untracked 
|  37|0x0000000708800000, 0x0000000708800000, 0x0000000708a00000|  0%| F|  |TAMS 0x0000000708800000| PB 0x0000000708800000| Untracked 
|  38|0x0000000708a00000, 0x0000000708a00000, 0x0000000708c00000|  0%| F|  |TAMS 0x0000000708a00000| PB 0x0000000708a00000| Untracked 
|  39|0x0000000708c00000, 0x0000000708c00000, 0x0000000708e00000|  0%| F|  |TAMS 0x0000000708c00000| PB 0x0000000708c00000| Untracked 
|  40|0x0000000708e00000, 0x0000000708e00000, 0x0000000709000000|  0%| F|  |TAMS 0x0000000708e00000| PB 0x0000000708e00000| Untracked 
|  41|0x0000000709000000, 0x0000000709000000, 0x0000000709200000|  0%| F|  |TAMS 0x0000000709000000| PB 0x0000000709000000| Untracked 
|  42|0x0000000709200000, 0x0000000709200000, 0x0000000709400000|  0%| F|  |TAMS 0x0000000709200000| PB 0x0000000709200000| Untracked 
|  43|0x0000000709400000, 0x0000000709400000, 0x0000000709600000|  0%| F|  |TAMS 0x0000000709400000| PB 0x0000000709400000| Untracked 
|  44|0x0000000709600000, 0x0000000709600000, 0x0000000709800000|  0%| F|  |TAMS 0x0000000709600000| PB 0x0000000709600000| Untracked 
|  45|0x0000000709800000, 0x0000000709800000, 0x0000000709a00000|  0%| F|  |TAMS 0x0000000709800000| PB 0x0000000709800000| Untracked 
|  46|0x0000000709a00000, 0x0000000709a00000, 0x0000000709c00000|  0%| F|  |TAMS 0x0000000709a00000| PB 0x0000000709a00000| Untracked 
|  47|0x0000000709c00000, 0x0000000709c00000, 0x0000000709e00000|  0%| F|  |TAMS 0x0000000709c00000| PB 0x0000000709c00000| Untracked 
|  48|0x0000000709e00000, 0x0000000709e00000, 0x000000070a000000|  0%| F|  |TAMS 0x0000000709e00000| PB 0x0000000709e00000| Untracked 
|  49|0x000000070a000000, 0x000000070a000000, 0x000000070a200000|  0%| F|  |TAMS 0x000000070a000000| PB 0x000000070a000000| Untracked 
|  50|0x000000070a200000, 0x000000070a200000, 0x000000070a400000|  0%| F|  |TAMS 0x000000070a200000| PB 0x000000070a200000| Untracked 
|  51|0x000000070a400000, 0x000000070a400000, 0x000000070a600000|  0%| F|  |TAMS 0x000000070a400000| PB 0x000000070a400000| Untracked 
|  52|0x000000070a600000, 0x000000070a600000, 0x000000070a800000|  0%| F|  |TAMS 0x000000070a600000| PB 0x000000070a600000| Untracked 
|  53|0x000000070a800000, 0x000000070a800000, 0x000000070aa00000|  0%| F|  |TAMS 0x000000070a800000| PB 0x000000070a800000| Untracked 
|  54|0x000000070aa00000, 0x000000070aa00000, 0x000000070ac00000|  0%| F|  |TAMS 0x000000070aa00000| PB 0x000000070aa00000| Untracked 
|  55|0x000000070ac00000, 0x000000070ac00000, 0x000000070ae00000|  0%| F|  |TAMS 0x000000070ac00000| PB 0x000000070ac00000| Untracked 
|  56|0x000000070ae00000, 0x000000070ae00000, 0x000000070b000000|  0%| F|  |TAMS 0x000000070ae00000| PB 0x000000070ae00000| Untracked 
|  57|0x000000070b000000, 0x000000070b000000, 0x000000070b200000|  0%| F|  |TAMS 0x000000070b000000| PB 0x000000070b000000| Untracked 
|  58|0x000000070b200000, 0x000000070b200000, 0x000000070b400000|  0%| F|  |TAMS 0x000000070b200000| PB 0x000000070b200000| Untracked 
|  59|0x000000070b400000, 0x000000070b400000, 0x000000070b600000|  0%| F|  |TAMS 0x000000070b400000| PB 0x000000070b400000| Untracked 
|  60|0x000000070b600000, 0x000000070b600000, 0x000000070b800000|  0%| F|  |TAMS 0x000000070b600000| PB 0x000000070b600000| Untracked 
|  61|0x000000070b800000, 0x000000070b800000, 0x000000070ba00000|  0%| F|  |TAMS 0x000000070b800000| PB 0x000000070b800000| Untracked 
|  62|0x000000070ba00000, 0x000000070ba00000, 0x000000070bc00000|  0%| F|  |TAMS 0x000000070ba00000| PB 0x000000070ba00000| Untracked 
|  63|0x000000070bc00000, 0x000000070bc00000, 0x000000070be00000|  0%| F|  |TAMS 0x000000070bc00000| PB 0x000000070bc00000| Untracked 
|  64|0x000000070be00000, 0x000000070be00000, 0x000000070c000000|  0%| F|  |TAMS 0x000000070be00000| PB 0x000000070be00000| Untracked 
|  65|0x000000070c000000, 0x000000070c000000, 0x000000070c200000|  0%| F|  |TAMS 0x000000070c000000| PB 0x000000070c000000| Untracked 
|  66|0x000000070c200000, 0x000000070c200000, 0x000000070c400000|  0%| F|  |TAMS 0x000000070c200000| PB 0x000000070c200000| Untracked 
|  67|0x000000070c400000, 0x000000070c400000, 0x000000070c600000|  0%| F|  |TAMS 0x000000070c400000| PB 0x000000070c400000| Untracked 
|  68|0x000000070c600000, 0x000000070c600000, 0x000000070c800000|  0%| F|  |TAMS 0x000000070c600000| PB 0x000000070c600000| Untracked 
|  69|0x000000070c800000, 0x000000070c800000, 0x000000070ca00000|  0%| F|  |TAMS 0x000000070c800000| PB 0x000000070c800000| Untracked 
|  70|0x000000070ca00000, 0x000000070ca00000, 0x000000070cc00000|  0%| F|  |TAMS 0x000000070ca00000| PB 0x000000070ca00000| Untracked 
|  71|0x000000070cc00000, 0x000000070cc00000, 0x000000070ce00000|  0%| F|  |TAMS 0x000000070cc00000| PB 0x000000070cc00000| Untracked 
|  72|0x000000070ce00000, 0x000000070ce00000, 0x000000070d000000|  0%| F|  |TAMS 0x000000070ce00000| PB 0x000000070ce00000| Untracked 
|  73|0x000000070d000000, 0x000000070d000000, 0x000000070d200000|  0%| F|  |TAMS 0x000000070d000000| PB 0x000000070d000000| Untracked 
|  74|0x000000070d200000, 0x000000070d200000, 0x000000070d400000|  0%| F|  |TAMS 0x000000070d200000| PB 0x000000070d200000| Untracked 
|  75|0x000000070d400000, 0x000000070d400000, 0x000000070d600000|  0%| F|  |TAMS 0x000000070d400000| PB 0x000000070d400000| Untracked 
|  76|0x000000070d600000, 0x000000070d600000, 0x000000070d800000|  0%| F|  |TAMS 0x000000070d600000| PB 0x000000070d600000| Untracked 
|  77|0x000000070d800000, 0x000000070d800000, 0x000000070da00000|  0%| F|  |TAMS 0x000000070d800000| PB 0x000000070d800000| Untracked 
|  78|0x000000070da00000, 0x000000070da00000, 0x000000070dc00000|  0%| F|  |TAMS 0x000000070da00000| PB 0x000000070da00000| Untracked 
|  79|0x000000070dc00000, 0x000000070dc00000, 0x000000070de00000|  0%| F|  |TAMS 0x000000070dc00000| PB 0x000000070dc00000| Untracked 
|  80|0x000000070de00000, 0x000000070de00000, 0x000000070e000000|  0%| F|  |TAMS 0x000000070de00000| PB 0x000000070de00000| Untracked 
|  81|0x000000070e000000, 0x000000070e000000, 0x000000070e200000|  0%| F|  |TAMS 0x000000070e000000| PB 0x000000070e000000| Untracked 
|  82|0x000000070e200000, 0x000000070e200000, 0x000000070e400000|  0%| F|  |TAMS 0x000000070e200000| PB 0x000000070e200000| Untracked 
|  83|0x000000070e400000, 0x000000070e400000, 0x000000070e600000|  0%| F|  |TAMS 0x000000070e400000| PB 0x000000070e400000| Untracked 
|  84|0x000000070e600000, 0x000000070e600000, 0x000000070e800000|  0%| F|  |TAMS 0x000000070e600000| PB 0x000000070e600000| Untracked 
|  85|0x000000070e800000, 0x000000070e800000, 0x000000070ea00000|  0%| F|  |TAMS 0x000000070e800000| PB 0x000000070e800000| Untracked 
|  86|0x000000070ea00000, 0x000000070ea00000, 0x000000070ec00000|  0%| F|  |TAMS 0x000000070ea00000| PB 0x000000070ea00000| Untracked 
|  87|0x000000070ec00000, 0x000000070ec00000, 0x000000070ee00000|  0%| F|  |TAMS 0x000000070ec00000| PB 0x000000070ec00000| Untracked 
|  88|0x000000070ee00000, 0x000000070ee00000, 0x000000070f000000|  0%| F|  |TAMS 0x000000070ee00000| PB 0x000000070ee00000| Untracked 
|  89|0x000000070f000000, 0x000000070f000000, 0x000000070f200000|  0%| F|  |TAMS 0x000000070f000000| PB 0x000000070f000000| Untracked 
|  90|0x000000070f200000, 0x000000070f200000, 0x000000070f400000|  0%| F|  |TAMS 0x000000070f200000| PB 0x000000070f200000| Untracked 
|  91|0x000000070f400000, 0x000000070f400000, 0x000000070f600000|  0%| F|  |TAMS 0x000000070f400000| PB 0x000000070f400000| Untracked 
|  92|0x000000070f600000, 0x000000070f600000, 0x000000070f800000|  0%| F|  |TAMS 0x000000070f600000| PB 0x000000070f600000| Untracked 
|  93|0x000000070f800000, 0x000000070f800000, 0x000000070fa00000|  0%| F|  |TAMS 0x000000070f800000| PB 0x000000070f800000| Untracked 
|  94|0x000000070fa00000, 0x000000070fa00000, 0x000000070fc00000|  0%| F|  |TAMS 0x000000070fa00000| PB 0x000000070fa00000| Untracked 
|  95|0x000000070fc00000, 0x000000070fc00000, 0x000000070fe00000|  0%| F|  |TAMS 0x000000070fc00000| PB 0x000000070fc00000| Untracked 
|  96|0x000000070fe00000, 0x000000070fe00000, 0x0000000710000000|  0%| F|  |TAMS 0x000000070fe00000| PB 0x000000070fe00000| Untracked 
|  97|0x0000000710000000, 0x0000000710000000, 0x0000000710200000|  0%| F|  |TAMS 0x0000000710000000| PB 0x0000000710000000| Untracked 
|  98|0x0000000710200000, 0x0000000710200000, 0x0000000710400000|  0%| F|  |TAMS 0x0000000710200000| PB 0x0000000710200000| Untracked 
|  99|0x0000000710400000, 0x0000000710400000, 0x0000000710600000|  0%| F|  |TAMS 0x0000000710400000| PB 0x0000000710400000| Untracked 
| 100|0x0000000710600000, 0x0000000710600000, 0x0000000710800000|  0%| F|  |TAMS 0x0000000710600000| PB 0x0000000710600000| Untracked 
| 101|0x0000000710800000, 0x0000000710800000, 0x0000000710a00000|  0%| F|  |TAMS 0x0000000710800000| PB 0x0000000710800000| Untracked 
| 102|0x0000000710a00000, 0x0000000710a00000, 0x0000000710c00000|  0%| F|  |TAMS 0x0000000710a00000| PB 0x0000000710a00000| Untracked 
| 103|0x0000000710c00000, 0x0000000710c00000, 0x0000000710e00000|  0%| F|  |TAMS 0x0000000710c00000| PB 0x0000000710c00000| Untracked 
| 104|0x0000000710e00000, 0x0000000710e00000, 0x0000000711000000|  0%| F|  |TAMS 0x0000000710e00000| PB 0x0000000710e00000| Untracked 
| 105|0x0000000711000000, 0x0000000711000000, 0x0000000711200000|  0%| F|  |TAMS 0x0000000711000000| PB 0x0000000711000000| Untracked 
| 106|0x0000000711200000, 0x0000000711200000, 0x0000000711400000|  0%| F|  |TAMS 0x0000000711200000| PB 0x0000000711200000| Untracked 
| 107|0x0000000711400000, 0x0000000711400000, 0x0000000711600000|  0%| F|  |TAMS 0x0000000711400000| PB 0x0000000711400000| Untracked 
| 108|0x0000000711600000, 0x0000000711600000, 0x0000000711800000|  0%| F|  |TAMS 0x0000000711600000| PB 0x0000000711600000| Untracked 
| 109|0x0000000711800000, 0x0000000711800000, 0x0000000711a00000|  0%| F|  |TAMS 0x0000000711800000| PB 0x0000000711800000| Untracked 
| 110|0x0000000711a00000, 0x0000000711a00000, 0x0000000711c00000|  0%| F|  |TAMS 0x0000000711a00000| PB 0x0000000711a00000| Untracked 
| 111|0x0000000711c00000, 0x0000000711c00000, 0x0000000711e00000|  0%| F|  |TAMS 0x0000000711c00000| PB 0x0000000711c00000| Untracked 
| 112|0x0000000711e00000, 0x0000000711e00000, 0x0000000712000000|  0%| F|  |TAMS 0x0000000711e00000| PB 0x0000000711e00000| Untracked 
| 113|0x0000000712000000, 0x0000000712000000, 0x0000000712200000|  0%| F|  |TAMS 0x0000000712000000| PB 0x0000000712000000| Untracked 
| 114|0x0000000712200000, 0x0000000712400000, 0x0000000712400000|100%| S|CS|TAMS 0x0000000712200000| PB 0x0000000712200000| Complete 
| 115|0x0000000712400000, 0x0000000712600000, 0x0000000712600000|100%| S|CS|TAMS 0x0000000712400000| PB 0x0000000712400000| Complete 
| 116|0x0000000712600000, 0x0000000712600000, 0x0000000712800000|  0%| F|  |TAMS 0x0000000712600000| PB 0x0000000712600000| Untracked 
| 117|0x0000000712800000, 0x0000000712800000, 0x0000000712a00000|  0%| F|  |TAMS 0x0000000712800000| PB 0x0000000712800000| Untracked 
| 118|0x0000000712a00000, 0x0000000712a00000, 0x0000000712c00000|  0%| F|  |TAMS 0x0000000712a00000| PB 0x0000000712a00000| Untracked 
| 119|0x0000000712c00000, 0x0000000712c00000, 0x0000000712e00000|  0%| F|  |TAMS 0x0000000712c00000| PB 0x0000000712c00000| Untracked 
| 120|0x0000000712e00000, 0x0000000712e00000, 0x0000000713000000|  0%| F|  |TAMS 0x0000000712e00000| PB 0x0000000712e00000| Untracked 
| 121|0x0000000713000000, 0x0000000713000000, 0x0000000713200000|  0%| F|  |TAMS 0x0000000713000000| PB 0x0000000713000000| Untracked 
| 122|0x0000000713200000, 0x0000000713200000, 0x0000000713400000|  0%| F|  |TAMS 0x0000000713200000| PB 0x0000000713200000| Untracked 
| 123|0x0000000713400000, 0x0000000713422cf0, 0x0000000713600000|  6%| E|  |TAMS 0x0000000713400000| PB 0x0000000713400000| Complete 
| 124|0x0000000713600000, 0x0000000713800000, 0x0000000713800000|100%| E|CS|TAMS 0x0000000713600000| PB 0x0000000713600000| Complete 
| 125|0x0000000713800000, 0x0000000713a00000, 0x0000000713a00000|100%| E|CS|TAMS 0x0000000713800000| PB 0x0000000713800000| Complete 
| 126|0x0000000713a00000, 0x0000000713c00000, 0x0000000713c00000|100%| E|CS|TAMS 0x0000000713a00000| PB 0x0000000713a00000| Complete 

Card table byte_map: [0x000001fad4280000,0x000001fad4a70000] _byte_map_base: 0x000001fad0a61000

Marking Bits: (CMBitMap*) 0x000001faba45d5f0
 Bits: [0x000001fad4a70000, 0x000001fad8978000)

Polling page: 0x000001fac4000000

Metaspace:

Usage:
  Non-class:      4.75 MB used.
      Class:    581.22 KB used.
       Both:      5.32 MB used.

Virtual space:
  Non-class space:       64.00 MB reserved,       4.81 MB (  8%) committed,  1 nodes.
      Class space:        1.00 GB reserved,     640.00 KB ( <1%) committed,  1 nodes.
             Both:        1.06 GB reserved,       5.44 MB ( <1%) committed. 

Chunk freelists:
   Non-Class:  10.11 MB
       Class:  15.19 MB
        Both:  25.30 MB

MaxMetaspaceSize: unlimited
CompressedClassSpaceSize: 1.00 GB
Initial GC threshold: 21.00 MB
Current GC threshold: 21.00 MB
CDS: on
 - commit_granule_bytes: 65536.
 - commit_granule_words: 8192.
 - virtual_space_node_default_size: 8388608.
 - enlarge_chunks_in_place: 1.
 - use_allocation_guard: 0.


Internal statistics:

num_allocs_failed_limit: 0.
num_arena_births: 56.
num_arena_deaths: 0.
num_vsnodes_births: 2.
num_vsnodes_deaths: 0.
num_space_committed: 87.
num_space_uncommitted: 0.
num_chunks_returned_to_freelist: 0.
num_chunks_taken_from_freelist: 164.
num_chunk_merges: 0.
num_chunk_splits: 103.
num_chunks_enlarged: 82.
num_inconsistent_stats: 0.

CodeHeap 'non-profiled nmethods': size=120000Kb used=412Kb max_used=412Kb free=119587Kb
 bounds [0x000001facbaf0000, 0x000001facbd60000, 0x000001fad3020000]
CodeHeap 'profiled nmethods': size=120000Kb used=2383Kb max_used=2383Kb free=117616Kb
 bounds [0x000001fac4020000, 0x000001fac4290000, 0x000001facb550000]
CodeHeap 'non-nmethods': size=5760Kb used=1424Kb max_used=1441Kb free=4335Kb
 bounds [0x000001facb550000, 0x000001facb7c0000, 0x000001facbaf0000]
 total_blobs=1653 nmethods=1189 adapters=369
 compilation: enabled
              stopped_count=0, restarted_count=0
 full_count=0

Compilation events (20 events):
Event: 1.026 Thread 0x000001fadb470060 nmethod 1179 0x000001fac426fb90 code [0x000001fac426fd40, 0x000001fac426ffb0]
Event: 1.026 Thread 0x000001fadb470060 1182       3       org.springframework.core.ResolvableType::calculateHashCode (80 bytes)
Event: 1.027 Thread 0x000001fadb470060 nmethod 1182 0x000001fac4270090 code [0x000001fac4270280, 0x000001fac42706e8]
Event: 1.027 Thread 0x000001fadb470060 1180       3       java.util.Collections$1::next (25 bytes)
Event: 1.027 Thread 0x000001fadb470060 nmethod 1180 0x000001fac4270890 code [0x000001fac4270a40, 0x000001fac4270c20]
Event: 1.027 Thread 0x000001fadb470060 1181       3       java.util.Collections::singleton (9 bytes)
Event: 1.027 Thread 0x000001fadb470060 nmethod 1181 0x000001fac4270d10 code [0x000001fac4270ee0, 0x000001fac4271200]
Event: 1.027 Thread 0x000001fadb470060 1183       3       java.util.Collections$SingletonSet::iterator (8 bytes)
Event: 1.027 Thread 0x000001fadb470060 nmethod 1183 0x000001fac4271390 code [0x000001fac4271540, 0x000001fac4271830]
Event: 1.027 Thread 0x000001fadb470060 1184       3       org.springframework.core.convert.support.GenericConversionService::invalidateCache (10 bytes)
Event: 1.027 Thread 0x000001fadb470060 nmethod 1184 0x000001fac4271990 code [0x000001fac4271b40, 0x000001fac4271d28]
Event: 1.028 Thread 0x000001fadb46f360 1185       4       java.util.jar.Manifest$FastInputStream::readLine (296 bytes)
Event: 1.028 Thread 0x000001fadb470060 1186       3       java.util.HashMap::put (13 bytes)
Event: 1.028 Thread 0x000001fadb470060 nmethod 1186 0x000001fac4271e10 code [0x000001fac4271fe0, 0x000001fac42722f0]
Event: 1.029 Thread 0x000001fadb470060 1187       3       java.util.HashMap::getNode (150 bytes)
Event: 1.030 Thread 0x000001fadb470060 nmethod 1187 0x000001fac4272410 code [0x000001fac4272660, 0x000001fac4273238]
Event: 1.030 Thread 0x000001fadb470060 1188       1       java.lang.ClassLoader::getUnnamedModule (5 bytes)
Event: 1.030 Thread 0x000001fadb470060 nmethod 1188 0x000001facbb55c90 code [0x000001facbb55e20, 0x000001facbb55ef0]
Event: 1.030 Thread 0x000001fadb470060 1189       3       java.util.Arrays::hashCode (56 bytes)
Event: 1.030 Thread 0x000001fadb470060 nmethod 1189 0x000001fac4273610 code [0x000001fac42737e0, 0x000001fac4273b50]

GC Heap History (2 events):
Event: 0.886 GC heap before
{Heap before GC invocations=0 (full 0):
 garbage-first heap   total 260096K, used 22528K [0x0000000703e00000, 0x0000000800000000)
  region size 2048K, 11 young (22528K), 0 survivors (0K)
 Metaspace       used 4140K, committed 4352K, reserved 1114112K
  class space    used 417K, committed 512K, reserved 1048576K
}
Event: 0.890 GC heap after
{Heap after GC invocations=1 (full 0):
 garbage-first heap   total 260096K, used 6461K [0x0000000703e00000, 0x0000000800000000)
  region size 2048K, 2 young (4096K), 2 survivors (4096K)
 Metaspace       used 4140K, committed 4352K, reserved 1114112K
  class space    used 417K, committed 512K, reserved 1048576K
}

Dll operation events (11 events):
Event: 0.015 Loaded shared library C:\Program Files\Java\jdk-21\bin\java.dll
Event: 0.017 Loaded shared library C:\Program Files\Java\jdk-21\bin\zip.dll
Event: 0.056 Loaded shared library C:\Program Files\Java\jdk-21\bin\jsvml.dll
Event: 0.299 Loaded shared library C:\Program Files\Java\jdk-21\bin\instrument.dll
Event: 0.364 Loaded shared library C:\Program Files\Java\jdk-21\bin\net.dll
Event: 0.366 Loaded shared library C:\Program Files\Java\jdk-21\bin\nio.dll
Event: 0.375 Loaded shared library C:\Program Files\Java\jdk-21\bin\zip.dll
Event: 0.454 Loaded shared library C:\Program Files\Java\jdk-21\bin\verify.dll
Event: 0.464 Loaded shared library C:\Program Files\Java\jdk-21\bin\jimage.dll
Event: 0.818 Loaded shared library C:\Program Files\Java\jdk-21\bin\management.dll
Event: 0.820 Loaded shared library C:\Program Files\Java\jdk-21\bin\management_ext.dll

Deoptimization events (20 events):
Event: 1.008 Thread 0x000001fb219bbf20 Uncommon trap: reason=class_check action=maybe_recompile pc=0x000001facbb539e8 method=jdk.internal.misc.Unsafe.allocateUninitializedArray(Ljava/lang/Class;I)Ljava/lang/Object; @ 51 c2
Event: 1.008 Thread 0x000001fb219edc30 Uncommon trap: reason=class_check action=maybe_recompile pc=0x000001facbb539e8 method=jdk.internal.misc.Unsafe.allocateUninitializedArray(Ljava/lang/Class;I)Ljava/lang/Object; @ 51 c2
Event: 1.008 Thread 0x000001fb219bbf20 DEOPT PACKING pc=0x000001facbb539e8 sp=0x000000b4a36fe850
Event: 1.008 Thread 0x000001fb219bbf20 DEOPT UNPACKING pc=0x000001facb5a46a2 sp=0x000000b4a36fe7d8 mode 2
Event: 1.008 Thread 0x000001fb219edc30 DEOPT PACKING pc=0x000001facbb539e8 sp=0x000000b4a2efe3d0
Event: 1.008 Thread 0x000001fb219edc30 DEOPT UNPACKING pc=0x000001facb5a46a2 sp=0x000000b4a2efe358 mode 2
Event: 1.016 Thread 0x000001fb219bbf20 Uncommon trap: trap_request=0xffffff45 fr.pc=0x000001facbb3c21c relative=0x00000000000000fc
Event: 1.016 Thread 0x000001fb219bbf20 Uncommon trap: reason=unstable_if action=reinterpret pc=0x000001facbb3c21c method=java.util.HashMap.hash(Ljava/lang/Object;)I @ 1 c2
Event: 1.016 Thread 0x000001fb219bbf20 DEOPT PACKING pc=0x000001facbb3c21c sp=0x000000b4a36fe2c0
Event: 1.016 Thread 0x000001fb219bbf20 DEOPT UNPACKING pc=0x000001facb5a46a2 sp=0x000000b4a36fe210 mode 2
Event: 1.026 Thread 0x000001fb219edc30 Uncommon trap: trap_request=0xffffffc6 fr.pc=0x000001facbb432c8 relative=0x0000000000000448
Event: 1.026 Thread 0x000001fb219bbf20 Uncommon trap: trap_request=0xffffffc6 fr.pc=0x000001facbb432c8 relative=0x0000000000000448
Event: 1.026 Thread 0x000001fb219edc30 Uncommon trap: reason=bimorphic_or_optimized_type_check action=maybe_recompile pc=0x000001facbb432c8 method=java.util.HashMap.getNode(Ljava/lang/Object;)Ljava/util/HashMap$Node; @ 63 c2
Event: 1.026 Thread 0x000001fb219bbf20 Uncommon trap: reason=bimorphic_or_optimized_type_check action=maybe_recompile pc=0x000001facbb432c8 method=java.util.HashMap.getNode(Ljava/lang/Object;)Ljava/util/HashMap$Node; @ 63 c2
Event: 1.026 Thread 0x000001fb219edc30 DEOPT PACKING pc=0x000001facbb432c8 sp=0x000000b4a2efea80
Event: 1.026 Thread 0x000001fb219bbf20 DEOPT PACKING pc=0x000001facbb432c8 sp=0x000000b4a36feef0
Event: 1.026 Thread 0x000001fb219bbf20 DEOPT UNPACKING pc=0x000001facb5a46a2 sp=0x000000b4a36fee88 mode 2
Event: 1.026 Thread 0x000001fb219edc30 DEOPT UNPACKING pc=0x000001facb5a46a2 sp=0x000000b4a2efea18 mode 2
Event: 1.028 Thread 0x000001fb219bbf20 DEOPT PACKING pc=0x000001fac41ef8e9 sp=0x000000b4a36fdbb0
Event: 1.028 Thread 0x000001fb219bbf20 DEOPT UNPACKING pc=0x000001facb5a4e42 sp=0x000000b4a36fd050 mode 0

Classes loaded (20 events):
Event: 1.028 Loading class sun/reflect/generics/tree/ArrayTypeSignature
Event: 1.028 Loading class sun/reflect/generics/tree/ArrayTypeSignature done
Event: 1.028 Loading class org/springframework/boot/convert/InetAddressFormatter
Event: 1.028 Loading class org/springframework/boot/convert/InetAddressFormatter done
Event: 1.028 Loading class javax/validation/bootstrap/ProviderSpecificBootstrap
Event: 1.028 Loading class javax/validation/bootstrap/ProviderSpecificBootstrap done
Event: 1.029 Loading class java/net/UnknownHostException
Event: 1.029 Loading class javax/validation/bootstrap/GenericBootstrap
Event: 1.029 Loading class javax/validation/bootstrap/GenericBootstrap done
Event: 1.029 Loading class java/net/UnknownHostException done
Event: 1.029 Loading class javax/validation/Validation$GenericBootstrapImpl
Event: 1.029 Loading class javax/validation/Validation$GenericBootstrapImpl done
Event: 1.029 Loading class javax/validation/spi/BootstrapState
Event: 1.029 Loading class javax/validation/spi/BootstrapState done
Event: 1.029 Loading class org/springframework/boot/convert/IsoOffsetFormatter
Event: 1.029 Loading class org/springframework/boot/convert/IsoOffsetFormatter done
Event: 1.030 Loading class javax/validation/ValidationException
Event: 1.030 Loading class javax/validation/ValidationException done
Event: 1.030 Loading class org/springframework/boot/convert/ArrayToDelimitedStringConverter
Event: 1.030 Loading class org/springframework/boot/convert/ArrayToDelimitedStringConverter done

Classes unloaded (0 events):
No events

Classes redefined (0 events):
No events

Internal exceptions (12 events):
Event: 0.300 Thread 0x000001faba3f17f0 Exception <a 'java/lang/NoSuchMethodError'{0x00000007139073f8}: 'void java.lang.invoke.DirectMethodHandle$Holder.invokeStatic(java.lang.Object, java.lang.Object, java.lang.Object)'> (0x00000007139073f8) 
thrown [s\open\src\hotspot\share\interpreter\linkResolver.cpp, line 773]
Event: 0.306 Thread 0x000001faba3f17f0 Exception <a 'java/lang/NoSuchMethodError'{0x000000071391e900}: 'java.lang.Object java.lang.invoke.Invokers$Holder.invokeExact_MT(java.lang.Object, java.lang.Object, java.lang.Object, java.lang.Object, java.lang.Object)'> (0x000000071391e900) 
thrown [s\open\src\hotspot\share\interpreter\linkResolver.cpp, line 773]
Event: 0.557 Thread 0x000001faba3f17f0 Exception <a 'java/lang/ClassNotFoundException'{0x000000071318c798}: javax/smartcardio/CardPermission> (0x000000071318c798) 
thrown [s\open\src\hotspot\share\classfile\systemDictionary.cpp, line 312]
Event: 0.560 Thread 0x000001faba3f17f0 Exception <a 'java/io/FileNotFoundException'{0x000000071319d3d8}> (0x000000071319d3d8) 
thrown [s\open\src\hotspot\share\prims\jni.cpp, line 520]
Event: 0.699 Thread 0x000001faba3f17f0 Exception <a 'java/lang/NoSuchMethodError'{0x0000000712a0f090}: 'int java.lang.invoke.DirectMethodHandle$Holder.invokeStaticInit(java.lang.Object, java.lang.Object)'> (0x0000000712a0f090) 
thrown [s\open\src\hotspot\share\interpreter\linkResolver.cpp, line 773]
Event: 0.718 Thread 0x000001faba3f17f0 Exception <a 'java/lang/NoSuchMethodError'{0x0000000712aa2650}: 'java.lang.Object java.lang.invoke.DirectMethodHandle$Holder.invokeInterface(java.lang.Object, java.lang.Object)'> (0x0000000712aa2650) 
thrown [s\open\src\hotspot\share\interpreter\linkResolver.cpp, line 773]
Event: 0.740 Thread 0x000001faba3f17f0 Exception <a 'java/lang/NoSuchMethodError'{0x0000000712b30440}: 'java.lang.Object java.lang.invoke.DirectMethodHandle$Holder.newInvokeSpecial(java.lang.Object, java.lang.Object, java.lang.Object, java.lang.Object, java.lang.Object)'> (0x0000000712b30440) 
thrown [s\open\src\hotspot\share\interpreter\linkResolver.cpp, line 773]
Event: 0.829 Thread 0x000001faba3f17f0 Exception <a 'java/lang/NoSuchMethodError'{0x0000000712955930}: 'int java.lang.invoke.DirectMethodHandle$Holder.invokeSpecial(java.lang.Object, java.lang.Object, java.lang.Object)'> (0x0000000712955930) 
thrown [s\open\src\hotspot\share\interpreter\linkResolver.cpp, line 773]
Event: 0.893 Thread 0x000001fb219edc30 Exception <a 'java/lang/NoSuchMethodError'{0x0000000713a04dc0}: 'void java.lang.invoke.DirectMethodHandle$Holder.invokeStatic(java.lang.Object, java.lang.Object)'> (0x0000000713a04dc0) 
thrown [s\open\src\hotspot\share\interpreter\linkResolver.cpp, line 773]
Event: 0.893 Thread 0x000001fb219edc30 Exception <a 'java/lang/NoSuchMethodError'{0x0000000713a08538}: 'void java.lang.invoke.DirectMethodHandle$Holder.invokeSpecial(java.lang.Object, java.lang.Object, java.lang.Object)'> (0x0000000713a08538) 
thrown [s\open\src\hotspot\share\interpreter\linkResolver.cpp, line 773]
Event: 0.953 Thread 0x000001fb219edc30 Exception <a 'sun/nio/fs/WindowsException'{0x000000071388bc00}> (0x000000071388bc00) 
thrown [s\open\src\hotspot\share\prims\jni.cpp, line 520]
Event: 1.016 Thread 0x000001fb219bbf20 Implicit null exception at 0x000001facbb3c166 to 0x000001facbb3c212

ZGC Phase Switch (0 events):
No events

VM Operations (20 events):
Event: 0.295 Executing VM operation: ChangeBreakpoints
Event: 0.295 Executing VM operation: ChangeBreakpoints done
Event: 0.296 Executing VM operation: ChangeBreakpoints
Event: 0.296 Executing VM operation: ChangeBreakpoints done
Event: 0.367 Executing VM operation: HandshakeAllThreads (Deoptimize)
Event: 0.367 Executing VM operation: HandshakeAllThreads (Deoptimize) done
Event: 0.624 Executing VM operation: HandshakeAllThreads (Deoptimize)
Event: 0.624 Executing VM operation: HandshakeAllThreads (Deoptimize) done
Event: 0.684 Executing VM operation: HandshakeAllThreads (Deoptimize)
Event: 0.684 Executing VM operation: HandshakeAllThreads (Deoptimize) done
Event: 0.775 Executing VM operation: HandshakeAllThreads (Deoptimize)
Event: 0.775 Executing VM operation: HandshakeAllThreads (Deoptimize) done
Event: 0.776 Executing VM operation: HandshakeAllThreads (Deoptimize)
Event: 0.776 Executing VM operation: HandshakeAllThreads (Deoptimize) done
Event: 0.811 Executing VM operation: HandshakeAllThreads (Deoptimize)
Event: 0.811 Executing VM operation: HandshakeAllThreads (Deoptimize) done
Event: 0.886 Executing VM operation: G1CollectForAllocation (G1 Evacuation Pause)
Event: 0.890 Executing VM operation: G1CollectForAllocation (G1 Evacuation Pause) done
Event: 0.954 Executing VM operation: HandshakeAllThreads (Deoptimize)
Event: 0.954 Executing VM operation: HandshakeAllThreads (Deoptimize) done

Events (18 events):
Event: 0.034 Thread 0x000001faba3f17f0 Thread added: 0x000001faba3f17f0
Event: 0.054 Thread 0x000001fadb4588a0 Thread added: 0x000001fadb4588a0
Event: 0.054 Thread 0x000001fadb4596c0 Thread added: 0x000001fadb4596c0
Event: 0.054 Thread 0x000001fadb45bf10 Thread added: 0x000001fadb45bf10
Event: 0.054 Thread 0x000001fadb45e980 Thread added: 0x000001fadb45e980
Event: 0.054 Thread 0x000001fadb460520 Thread added: 0x000001fadb460520
Event: 0.054 Thread 0x000001fadb460f80 Thread added: 0x000001fadb460f80
Event: 0.055 Thread 0x000001fadb46f360 Thread added: 0x000001fadb46f360
Event: 0.055 Thread 0x000001fadb470060 Thread added: 0x000001fadb470060
Event: 0.135 Thread 0x000001fadb66fdc0 Thread added: 0x000001fadb66fdc0
Event: 0.164 Thread 0x000001fadb763210 Thread added: 0x000001fadb763210
Event: 0.164 Thread 0x000001fadb7dffd0 Thread added: 0x000001fadb7dffd0
Event: 0.164 Thread 0x000001fadb7ea760 Thread added: 0x000001fadb7ea760
Event: 0.314 Thread 0x000001fadb894f70 Thread added: 0x000001fadb894f70
Event: 0.414 Thread 0x000001fadb97b700 Thread added: 0x000001fadb97b700
Event: 0.883 Thread 0x000001fb214465c0 Thread added: 0x000001fb214465c0
Event: 0.886 Thread 0x000001fb219edc30 Thread added: 0x000001fb219edc30
Event: 0.934 Thread 0x000001fb219bbf20 Thread added: 0x000001fb219bbf20


Dynamic libraries:
0x00007ff6185b0000 - 0x00007ff6185c0000 	C:\Program Files\Java\jdk-21\bin\java.exe
0x00007ff9d1b10000 - 0x00007ff9d1d27000 	C:\WINDOWS\SYSTEM32\ntdll.dll
0x00007ff9d0f10000 - 0x00007ff9d0fd4000 	C:\WINDOWS\System32\KERNEL32.DLL
0x00007ff9cf330000 - 0x00007ff9cf6ea000 	C:\WINDOWS\System32\KERNELBASE.dll
0x00007ff9cf6f0000 - 0x00007ff9cf801000 	C:\WINDOWS\System32\ucrtbase.dll
0x00007ff9c9ea0000 - 0x00007ff9c9ebb000 	C:\Program Files\Java\jdk-21\bin\VCRUNTIME140.dll
0x00007ff9c5fb0000 - 0x00007ff9c5fc9000 	C:\Program Files\Java\jdk-21\bin\jli.dll
0x00007ff9d0760000 - 0x00007ff9d0812000 	C:\WINDOWS\System32\ADVAPI32.dll
0x00007ff9cf810000 - 0x00007ff9cf8b7000 	C:\WINDOWS\System32\msvcrt.dll
0x00007ff9d17d0000 - 0x00007ff9d1877000 	C:\WINDOWS\System32\sechost.dll
0x00007ff9cf300000 - 0x00007ff9cf328000 	C:\WINDOWS\System32\bcrypt.dll
0x00007ff9d1640000 - 0x00007ff9d1754000 	C:\WINDOWS\System32\RPCRT4.dll
0x00007ff9d0830000 - 0x00007ff9d09de000 	C:\WINDOWS\System32\USER32.dll
0x00007ff9ad660000 - 0x00007ff9ad8f2000 	C:\WINDOWS\WinSxS\amd64_microsoft.windows.common-controls_6595b64144ccf1df_6.0.22621.4541_none_2710d1c57384c085\COMCTL32.dll
0x00007ff9cee60000 - 0x00007ff9cee86000 	C:\WINDOWS\System32\win32u.dll
0x00007ff9d1780000 - 0x00007ff9d17a9000 	C:\WINDOWS\System32\GDI32.dll
0x00007ff9cefb0000 - 0x00007ff9cf0cb000 	C:\WINDOWS\System32\gdi32full.dll
0x00007ff9c7580000 - 0x00007ff9c758a000 	C:\WINDOWS\SYSTEM32\VERSION.dll
0x00007ff9cee90000 - 0x00007ff9cef2a000 	C:\WINDOWS\System32\msvcp_win.dll
0x00007ff9d1a30000 - 0x00007ff9d1a61000 	C:\WINDOWS\System32\IMM32.DLL
0x00007ff9c5fa0000 - 0x00007ff9c5fac000 	C:\Program Files\Java\jdk-21\bin\vcruntime140_1.dll
0x00007ff99ef20000 - 0x00007ff99efae000 	C:\Program Files\Java\jdk-21\bin\msvcp140.dll
0x00007ff92a070000 - 0x00007ff92ad87000 	C:\Program Files\Java\jdk-21\bin\server\jvm.dll
0x00007ff9d06e0000 - 0x00007ff9d0751000 	C:\WINDOWS\System32\WS2_32.dll
0x00007ff9ceb00000 - 0x00007ff9ceb4d000 	C:\WINDOWS\SYSTEM32\POWRPROF.dll
0x00007ff9c5e80000 - 0x00007ff9c5eb4000 	C:\WINDOWS\SYSTEM32\WINMM.dll
0x00007ff9ceae0000 - 0x00007ff9ceaf3000 	C:\WINDOWS\SYSTEM32\UMPDC.dll
0x00007ff9cdcf0000 - 0x00007ff9cdd08000 	C:\WINDOWS\SYSTEM32\kernel.appcore.dll
0x00007ff9c5f90000 - 0x00007ff9c5f9a000 	C:\Program Files\Java\jdk-21\bin\jimage.dll
0x00007ff9b2e10000 - 0x00007ff9b3042000 	C:\WINDOWS\SYSTEM32\DBGHELP.DLL
0x00007ff9d0ae0000 - 0x00007ff9d0e6f000 	C:\WINDOWS\System32\combase.dll
0x00007ff9d1560000 - 0x00007ff9d1637000 	C:\WINDOWS\System32\OLEAUT32.dll
0x00007ff9b2dd0000 - 0x00007ff9b2e02000 	C:\WINDOWS\SYSTEM32\dbgcore.DLL
0x00007ff9cef30000 - 0x00007ff9cefab000 	C:\WINDOWS\System32\bcryptPrimitives.dll
0x00007ff9b7270000 - 0x00007ff9b72ac000 	C:\Program Files\Java\jdk-21\bin\jdwp.dll
0x00007ff9c9c60000 - 0x00007ff9c9c6f000 	C:\Program Files\Java\jdk-21\bin\instrument.dll
0x00007ff9a9260000 - 0x00007ff9a927f000 	C:\Program Files\Java\jdk-21\bin\java.dll
0x00007ff9a9220000 - 0x00007ff9a9238000 	C:\Program Files\Java\jdk-21\bin\zip.dll
0x00007ff9cfc70000 - 0x00007ff9d04e8000 	C:\WINDOWS\System32\SHELL32.dll
0x00007ff9ccb30000 - 0x00007ff9cd438000 	C:\WINDOWS\SYSTEM32\windows.storage.dll
0x00007ff9cc9f0000 - 0x00007ff9ccb2f000 	C:\WINDOWS\SYSTEM32\wintypes.dll
0x00007ff9d09e0000 - 0x00007ff9d0ada000 	C:\WINDOWS\System32\SHCORE.dll
0x00007ff9d04f0000 - 0x00007ff9d054e000 	C:\WINDOWS\System32\shlwapi.dll
0x00007ff9ced10000 - 0x00007ff9ced3b000 	C:\WINDOWS\SYSTEM32\profapi.dll
0x00007ff99ee40000 - 0x00007ff99ef17000 	C:\Program Files\Java\jdk-21\bin\jsvml.dll
0x00007ff9c9c50000 - 0x00007ff9c9c5c000 	C:\Program Files\Java\jdk-21\bin\dt_socket.dll
0x00007ff9cd560000 - 0x00007ff9cd58d000 	C:\WINDOWS\SYSTEM32\IPHLPAPI.DLL
0x00007ff9ce2a0000 - 0x00007ff9ce309000 	C:\WINDOWS\system32\mswsock.dll
0x00007ff9c5f80000 - 0x00007ff9c5f90000 	C:\Program Files\Java\jdk-21\bin\net.dll
0x00007ff9cdd10000 - 0x00007ff9cde46000 	C:\WINDOWS\SYSTEM32\WINHTTP.dll
0x00007ff9a9240000 - 0x00007ff9a9256000 	C:\Program Files\Java\jdk-21\bin\nio.dll
0x00007ff9a1a40000 - 0x00007ff9a1a50000 	C:\Program Files\Java\jdk-21\bin\verify.dll
0x00007ff9c9c10000 - 0x00007ff9c9c1a000 	C:\Program Files\Java\jdk-21\bin\management.dll
0x00007ff9c7590000 - 0x00007ff9c759b000 	C:\Program Files\Java\jdk-21\bin\management_ext.dll
0x00007ff9d06d0000 - 0x00007ff9d06d8000 	C:\WINDOWS\System32\PSAPI.DLL

dbghelp: loaded successfully - version: 4.0.5 - missing functions: none
symbol engine: initialized successfully - sym options: 0x614 - pdb path: .;C:\Program Files\Java\jdk-21\bin;C:\WINDOWS\SYSTEM32;C:\WINDOWS\WinSxS\amd64_microsoft.windows.common-controls_6595b64144ccf1df_6.0.22621.4541_none_2710d1c57384c085;C:\Program Files\Java\jdk-21\bin\server

VM Arguments:
jvm_args: -agentlib:jdwp=transport=dt_socket,address=127.0.0.1:49551,suspend=y,server=n -javaagent:C:\Users\rodrigofc\AppData\Local\JetBrains\IdeaIC2023.2\captureAgent\debugger-agent.jar -Dfile.encoding=UTF-8 -Dsun.stdout.encoding=UTF-8 -Dsun.stderr.encoding=UTF-8 
java_command: com.algaworks.algafood.AlgafoodApiApplication
java_class_path (initial): C:\Users\rodrigofc\Downloads\algafood-api\algafood-api\target\classes;C:\Users\rodrigofc\.m2\repository\org\springframework\boot\spring-boot-starter-web\2.1.7.RELEASE\spring-boot-starter-web-2.1.7.RELEASE.jar;C:\Users\rodrigofc\.m2\repository\org\springframework\boot\spring-boot-starter\2.1.7.RELEASE\spring-boot-starter-2.1.7.RELEASE.jar;C:\Users\rodrigofc\.m2\repository\org\springframework\boot\spring-boot-starter-logging\2.1.7.RELEASE\spring-boot-starter-logging-2.1.7.RELEASE.jar;C:\Users\rodrigofc\.m2\repository\ch\qos\logback\logback-classic\1.2.3\logback-classic-1.2.3.jar;C:\Users\rodrigofc\.m2\repository\ch\qos\logback\logback-core\1.2.3\logback-core-1.2.3.jar;C:\Users\rodrigofc\.m2\repository\org\apache\logging\log4j\log4j-to-slf4j\2.11.2\log4j-to-slf4j-2.11.2.jar;C:\Users\rodrigofc\.m2\repository\org\apache\logging\log4j\log4j-api\2.11.2\log4j-api-2.11.2.jar;C:\Users\rodrigofc\.m2\repository\org\slf4j\jul-to-slf4j\1.7.26\jul-to-slf4j-1.7.26.jar;C:\Users\rodrigofc\.m2\repository\javax\annotation\javax.annotation-api\1.3.2\javax.annotation-api-1.3.2.jar;C:\Users\rodrigofc\.m2\repository\org\yaml\snakeyaml\1.23\snakeyaml-1.23.jar;C:\Users\rodrigofc\.m2\repository\org\springframework\boot\spring-boot-starter-json\2.1.7.RELEASE\spring-boot-starter-json-2.1.7.RELEASE.jar;C:\Users\rodrigofc\.m2\repository\com\fasterxml\jackson\core\jackson-databind\2.9.9\jackson-databind-2.9.9.jar;C:\Users\rodrigofc\.m2\repository\com\fasterxml\jackson\core\jackson-annotations\2.9.0\jackson-annotations-2.9.0.jar;C:\Users\rodrigofc\.m2\repository\com\fasterxml\jackson\core\jackson-core\2.9.9\jackson-core-2.9.9.jar;C:\Users\rodrigofc\.m2\repository\com\fasterxml\jackson\datatype\jackson-datatype-jdk8\2.9.9\jackson-datatype-jdk8-2.9.9.jar;C:\Users\rodrigofc\.m2\repository\com\fasterxml\jackson\datatype\jackson-datatype-jsr310\2.9.9\jackson-datatype-jsr310-2.9.9.jar;C:\Users\rodrigofc\.m2\repository\com\fasterxml\jackson\module\jackson-module-parameter-names\2.9.9\jackson-module-parameter-names-2.9.9.jar;C:\Users\rodrigofc\.m2\repository\org\springframework\boot\spring-boot-starter-tomcat\2.1.7.RELEASE\spring-boot-starter-tomcat-2.1.7.RELEASE.jar;C:\Users\rodrigofc\.m2\repository\org\apache\tomcat\embed\tomcat-embed-core\9.0.22\tomcat-embed-core-9.0.22.jar;C:\Users\rodrigofc\.m2\repository\org\apache\tomcat\embed\tomcat-embed-el\9.0.22\tomcat-embed-el-9.0.22.jar;C:\Users\rodrigofc\.m2\repository\org\apache\tomcat\embed\tomcat-embed-websocket\9.0.22\tomcat-embed-websocket-9.0.22.jar;C:\Users\rodrigofc\.m2\repository\org\hibernate\validator\hibernate-validator\6.0.17.Final\hibernate-validator-6.0.17.Final.jar;C:\Users\rodrigofc\.m2\repository\javax\validation\validation-api\2.0.1.Final\validation-api-2.0.1.Final.jar;C:\Users\rodrigofc\.m2\repository\org\jboss\logging\jboss-logging\3.3.2.Final\jboss-logging-3.3.2.Final.jar;C:\Users\rodrigofc\.m2\repository\com\fasterxml\classmate\1.4.0\classmate-1.4.0.jar;C:\Users\rodrigofc\.m2\repository\org\springframework\spring-web\5.1.9.RELEASE\spring-web-5.1.9.RELEASE.jar;C:\Users\rodrigofc\.m2\repository\org\springframework\spring-beans\5.1.9.RELEASE\spring-beans-5.1.9.RELEASE.jar;C:\Users\rodrigofc\.m2\repository\org\springframework\spring-webmvc\5.1.9.RELEASE\spring-webmvc-5.1.9.RELEASE.jar;C:\Users\rodrigofc\.m2\repository\org\springframework\spring-aop\5.1.9.RELEASE\spring-aop-5.1.9.RELEASE.jar;C:\Users\rodrigofc\.m2\repository\org\springframework\spring-context\5.1.9.RELEASE\spring-context-5.1.9.RELEASE.jar;C:\Users\rodrigofc\.m2\repository\org\springframework\spring-expression\5.1.9.RELEASE\spring-expression-5.1.9.RELEASE.jar;C:\Users\rodrigofc\.m2\repository\org\slf4j\slf4j-api\1.7.26\slf4j-api-1.7.26.jar;C:\Users\rodrigofc\.m2\repository\net\bytebuddy\byte-buddy\1.9.16\byte-buddy-1.9.16.jar;C:\Users\rodrigofc\.m2\repository\org\springframework\spring-core\5.1.9.RELEASE\spring-core-5.1.9.RELEASE.jar;C:\Users\rodrigofc\.m2\repository\org\springframework\spring-jcl\5.1.9.RELEASE\spring-jcl-5.1.9.RELEASE.jar;C:\Users\rodrigofc\.m2\repository\org\springframework\boot\spring-boot-devtools\2.1.7.RELEASE\spring-boot-devtools-2.1.7.RELEASE.jar;C:\Users\rodrigofc\.m2\repository\org\springframework\boot\spring-boot\2.1.7.RELEASE\spring-boot-2.1.7.RELEASE.jar;C:\Users\rodrigofc\.m2\repository\org\springframework\boot\spring-boot-autoconfigure\2.1.7.RELEASE\spring-boot-autoconfigure-2.1.7.RELEASE.jar;C:\Users\rodrigofc\.m2\repository\org\springframework\boot\spring-boot-configuration-processor\2.1.7.RELEASE\spring-boot-configuration-processor-2.1.7.RELEASE.jar;C:\Users\rodrigofc\.m2\repository\org\springframework\boot\spring-boot-starter-data-jpa\2.1.7.RELEASE\spring-boot-starter-data-jpa-2.1.7.RELEASE.jar;C:\Users\rodrigofc\.m2\repository\org\springframework\boot\spring-boot-starter-aop\2.1.7.RELEASE\spring-boot-starter-aop-2.1.7.RELEASE.jar;C:\Users\rodrigofc\.m2\repository\org\aspectj\aspectjweaver\1.9.4\aspectjweaver-1.9.4.jar;C:\Users\rodrigofc\.m2\repository\org\springframework\boot\spring-boot-starter-jdbc\2.1.7.RELEASE\spring-boot-starter-jdbc-2.1.7.RELEASE.jar;C:\Users\rodrigofc\.m2\repository\com\zaxxer\HikariCP\3.2.0\HikariCP-3.2.0.jar;C:\Users\rodrigofc\.m2\repository\org\springframework\spring-jdbc\5.1.9.RELEASE\spring-jdbc-5.1.9.RELEASE.jar;C:\Users\rodrigofc\.m2\repository\javax\transaction\javax.transaction-api\1.3\javax.transaction-api-1.3.jar;C:\Users\rodrigofc\.m2\repository\javax\xml\bind\jaxb-api\2.3.1\jaxb-api-2.3.1.jar;C:\Users\rodrigofc\.m2\repository\javax\activation\javax.activation-api\1.2.0\javax.activation-api-1.2.0.jar;C:\Users\rodrigofc\.m2\repository\org\hibernate\hibernate-core\5.3.10.Final\hibernate-core-5.3.10.Final.jar;C:\Users\rodrigofc\.m2\repository\org\javassist\javassist\3.23.2-GA\javassist-3.23.2-GA.jar;C:\Users\rodrigofc\.m2\repository\antlr\antlr\2.7.7\antlr-2.7.7.jar;C:\Users\rodrigofc\.m2\repository\org\jboss\jandex\2.0.5.Final\jandex-2.0.5.Final.jar;C:\Users\rodrigofc\.m2\repository\org\dom4j\dom4j\2.1.1\dom4j-2.1.1.jar;C:\Users\rodrigofc\.m2\repository\org\hibernate\common\hibernate-commons-annotations\5.0.4.Final\hibernate-commons-annotations-5.0.4.Final.jar;C:\Users\rodrigofc\.m2\repository\org\springframework\data\spring-data-jpa\2.1.10.RELEASE\spring-data-jpa-2.1.10.RELEASE.jar;C:\Users\rodrigofc\.m2\repository\org\springframework\data\spring-data-commons\2.1.10.RELEASE\spring-data-commons-2.1.10.RELEASE.jar;C:\Users\rodrigofc\.m2\repository\org\springframework\spring-orm\5.1.9.RELEASE\spring-orm-5.1.9.RELEASE.jar;C:\Users\rodrigofc\.m2\repository\org\springframework\spring-tx\5.1.9.RELEASE\spring-tx-5.1.9.RELEASE.jar;C:\Users\rodrigofc\.m2\repository\org\springframework\spring-aspects\5.1.9.RELEASE\spring-aspects-5.1.9.RELEASE.jar;C:\Users\rodrigofc\.m2\repository\mysql\mysql-connector-java\8.0.17\mysql-connector-java-8.0.17.jar;C:\Users\rodrigofc\.m2\repository\org\flywaydb\flyway-core\5.2.4\flyway-core-5.2.4.jar;C:\Users\rodrigofc\.m2\repository\org\apache\commons\commons-lang3\3.8.1\commons-lang3-3.8.1.jar;C:\Users\rodrigofc\.m2\repository\org\modelmapper\modelmapper\2.3.0\modelmapper-2.3.0.jar;C:\Users\rodrigofc\.m2\repository\com\mysql\mysql-connector-j\8.3.0\mysql-connector-j-8.3.0.jar;C:\Users\rodrigofc\.m2\repository\com\google\protobuf\protobuf-java\3.25.1\protobuf-java-3.25.1.jar;C:\Users\rodrigofc\.m2\repository\xerces\xercesImpl\2.9.1\xercesImpl-2.9.1.jar;C:\Users\rodrigofc\.m2\repository\xml-apis\xml-apis\1.4.01\xml-apis-1.4.01.jar;C:\Users\rodrigofc\.m2\repository\javax\persistence\javax.persistence-api\2.2\javax.persistence-api-2.2.jar;C:\Program Files\JetBrains\IntelliJ IDEA Community Edition 2023.2.2\lib\idea_rt.jar
Launcher Type: SUN_STANDARD

[Global flags]
     intx CICompilerCount                          = 4                                         {product} {ergonomic}
     uint ConcGCThreads                            = 2                                         {product} {ergonomic}
     uint G1ConcRefinementThreads                  = 8                                         {product} {ergonomic}
   size_t G1HeapRegionSize                         = 2097152                                   {product} {ergonomic}
    uintx GCDrainStackTargetSize                   = 64                                        {product} {ergonomic}
   size_t InitialHeapSize                          = 266338304                                 {product} {ergonomic}
   size_t MarkStackSize                            = 4194304                                   {product} {ergonomic}
   size_t MaxHeapSize                              = 4229955584                                {product} {ergonomic}
   size_t MaxNewSize                               = 2537553920                                {product} {ergonomic}
   size_t MinHeapDeltaBytes                        = 2097152                                   {product} {ergonomic}
   size_t MinHeapSize                              = 8388608                                   {product} {ergonomic}
    uintx NonNMethodCodeHeapSize                   = 5839372                                {pd product} {ergonomic}
    uintx NonProfiledCodeHeapSize                  = 122909434                              {pd product} {ergonomic}
    uintx ProfiledCodeHeapSize                     = 122909434                              {pd product} {ergonomic}
    uintx ReservedCodeCacheSize                    = 251658240                              {pd product} {ergonomic}
     bool SegmentedCodeCache                       = true                                      {product} {ergonomic}
   size_t SoftMaxHeapSize                          = 4229955584                             {manageable} {ergonomic}
     bool UseCompressedOops                        = true                           {product lp64_product} {ergonomic}
     bool UseG1GC                                  = true                                      {product} {ergonomic}
     bool UseLargePagesIndividualAllocation        = false                                  {pd product} {ergonomic}

Logging:
Log output configuration:
 #0: stdout all=warning uptime,level,tags foldmultilines=false
 #1: stderr all=off uptime,level,tags foldmultilines=false

Environment Variables:
JAVA_HOME=C:\Program Files\Java\jdk-19
PATH=C:\Program Files\Eclipse Adoptium\jdk-21.0.3.9-hotspot\bin;C:\Program Files\Common Files\Oracle\Java\javapath;C:\WINDOWS\system32;C:\WINDOWS;C:\WINDOWS\System32\Wbem;C:\WINDOWS\System32\WindowsPowerShell\v1.0\;C:\WINDOWS\System32\OpenSSH\;C:\Program Files\Java\jdk-19\bin;C:\Program Files\Git\cmd;C:\Program Files\SafeNet\Authentication\SAC\x64;C:\Program Files\SafeNet\Authentication\SAC\x32;C:\Program Files\MySQL\MySQL Shell 8.0\bin\;C:\Users\rodrigofc\AppData\Local\Microsoft\WindowsApps;C:\Program Files\Java\jdk-19\bin;C:\Users\rodrigofc\AppData\Local\Programs\Microsoft VS Code\bin;
USERNAME=rodrigofc
OS=Windows_NT
PROCESSOR_IDENTIFIER=Intel64 Family 6 Model 165 Stepping 3, GenuineIntel
TMP=C:\Users\RODRIG~1\AppData\Local\Temp
TEMP=C:\Users\RODRIG~1\AppData\Local\Temp




Periodic native trim disabled

---------------  S Y S T E M  ---------------

OS:
 Windows 11 , 64 bit Build 22621 (10.0.22621.4391)
OS uptime: 0 days 7:25 hours
Hyper-V role detected

CPU: total 8 (initial active 8) (4 cores per cpu, 2 threads per core) family 6 model 165 stepping 3 microcode 0xf4, cx8, cmov, fxsr, ht, mmx, 3dnowpref, sse, sse2, sse3, ssse3, sse4.1, sse4.2, popcnt, lzcnt, tsc, tscinvbit, avx, avx2, aes, erms, clmul, bmi1, bmi2, adx, fma, vzeroupper, clflush, clflushopt, hv, rdtscp, f16c
Processor Information for all 8 processors :
  Max Mhz: 2901, Current Mhz: 2901, Mhz Limit: 2901

Memory: 4k page, system-wide physical 16130M (3691M free)
TotalPageFile size 16130M (AvailPageFile size 2M)
current process WorkingSet (physical memory assigned to process): 87M, peak: 87M
current process commit charge ("private bytes"): 357M, peak: 357M

vm_info: Java HotSpot(TM) 64-Bit Server VM (21.0.2+13-LTS-58) for windows-amd64 JRE (21.0.2+13-LTS-58), built on 2024-01-05T18:32:24Z by "mach5one" with MS VC++ 17.1 (VS2022)

END.
