#
# There is insufficient memory for the Java Runtime Environment to continue.
# Native memory allocation (malloc) failed to allocate 161776 bytes for Chunk::new
# Possible reasons:
#   The system is out of physical RAM or swap space
#   The process is running with CompressedOops enabled, and the Java Heap may be blocking the growth of the native heap
# Possible solutions:
#   Reduce memory load on the system
#   Increase physical memory or swap space
#   Check if swap backing store is full
#   Decrease Java heap size (-Xmx/-Xms)
#   Decrease number of Java threads
#   Decrease Java thread stack sizes (-Xss)
#   Set larger code cache with -XX:ReservedCodeCacheSize=
#   JVM is running with Zero Based Compressed Oops mode in which the Java heap is
#     placed in the first 32GB address space. The Java Heap base address is the
#     maximum limit for the native heap growth. Please use -XX:HeapBaseMinAddress
#     to set the Java Heap base and to place the Java Heap above 32GB virtual address.
# This output file may be truncated or incomplete.
#
#  Out of Memory Error (arena.cpp:168), pid=2868, tid=1292
#
# JRE version: Java(TM) SE Runtime Environment (21.0.2+13) (build 21.0.2+13-LTS-58)
# Java VM: Java HotSpot(TM) 64-Bit Server VM (21.0.2+13-LTS-58, mixed mode, sharing, tiered, compressed oops, compressed class ptrs, g1 gc, windows-amd64)
# No core dump will be written. Minidumps are not enabled by default on client versions of Windows
#

---------------  S U M M A R Y ------------

Command Line: -javaagent:C:\Program Files\JetBrains\IntelliJ IDEA Community Edition 2023.2.2\lib\idea_rt.jar=49529:C:\Program Files\JetBrains\IntelliJ IDEA Community Edition 2023.2.2\bin -Dfile.encoding=UTF-8 -Dsun.stdout.encoding=UTF-8 -Dsun.stderr.encoding=UTF-8 com.algaworks.algafood.AlgafoodApiApplication

Host: Intel(R) Core(TM) i3-10100T CPU @ 3.00GHz, 8 cores, 15G,  Windows 11 , 64 bit Build 22621 (10.0.22621.4391)
Time: Wed Feb  5 18:59:47 2025 Hora oficial do Brasil elapsed time: 0.409718 seconds (0d 0h 0m 0s)

---------------  T H R E A D  ---------------

Current thread (0x000001ccd0c6dce0):  JavaThread "C2 CompilerThread0" daemon [_thread_in_native, id=1292, stack(0x000000c7fe300000,0x000000c7fe400000) (1024K)]


Current CompileTask:
C2:    409  690       4       java.lang.StringLatin1::replace (198 bytes)

Stack: [0x000000c7fe300000,0x000000c7fe400000]
Native frames: (J=compiled Java code, j=interpreted, Vv=VM code, C=native code)
V  [jvm.dll+0x6cade9]
V  [jvm.dll+0x8569c1]
V  [jvm.dll+0x858d2e]
V  [jvm.dll+0x859413]
V  [jvm.dll+0x280e56]
V  [jvm.dll+0xc3f3d]
V  [jvm.dll+0xc4473]
V  [jvm.dll+0x2f437f]
V  [jvm.dll+0x5f5056]
V  [jvm.dll+0x252d7f]
V  [jvm.dll+0x25315f]
V  [jvm.dll+0x24b8e0]
V  [jvm.dll+0x2490a3]
V  [jvm.dll+0x1c9634]
V  [jvm.dll+0x258859]
V  [jvm.dll+0x256e3a]
V  [jvm.dll+0x3ef6c6]
V  [jvm.dll+0x7ff568]
V  [jvm.dll+0x6c953d]
C  [ucrtbase.dll+0x29333]
C  [KERNEL32.DLL+0x1259d]
C  [ntdll.dll+0x5af38]


---------------  P R O C E S S  ---------------

Threads class SMR info:
_java_thread_list=0x000001ccd169aef0, length=13, elements={
0x000001ccb0201c30, 0x000001ccd0c60b30, 0x000001ccd0c61950, 0x000001ccd0c64120,
0x000001ccd0c65210, 0x000001ccd0c68d90, 0x000001ccd0c69920, 0x000001ccd0c6dce0,
0x000001ccd0c6e4c0, 0x000001ccd14e3aa0, 0x000001ccd15b3430, 0x000001ccd17f5a70,
0x000001ccd17f60e0
}

Java Threads: ( => current thread )
  0x000001ccb0201c30 JavaThread "main"                              [_thread_in_vm, id=16960, stack(0x000000c7fd500000,0x000000c7fd600000) (1024K)]
  0x000001ccd0c60b30 JavaThread "Reference Handler"          daemon [_thread_blocked, id=10764, stack(0x000000c7fdd00000,0x000000c7fde00000) (1024K)]
  0x000001ccd0c61950 JavaThread "Finalizer"                  daemon [_thread_blocked, id=14672, stack(0x000000c7fde00000,0x000000c7fdf00000) (1024K)]
  0x000001ccd0c64120 JavaThread "Signal Dispatcher"          daemon [_thread_blocked, id=12444, stack(0x000000c7fdf00000,0x000000c7fe000000) (1024K)]
  0x000001ccd0c65210 JavaThread "Attach Listener"            daemon [_thread_blocked, id=12976, stack(0x000000c7fe000000,0x000000c7fe100000) (1024K)]
  0x000001ccd0c68d90 JavaThread "Service Thread"             daemon [_thread_blocked, id=3500, stack(0x000000c7fe100000,0x000000c7fe200000) (1024K)]
  0x000001ccd0c69920 JavaThread "Monitor Deflation Thread"   daemon [_thread_blocked, id=11024, stack(0x000000c7fe200000,0x000000c7fe300000) (1024K)]
=>0x000001ccd0c6dce0 JavaThread "C2 CompilerThread0"         daemon [_thread_in_native, id=1292, stack(0x000000c7fe300000,0x000000c7fe400000) (1024K)]
  0x000001ccd0c6e4c0 JavaThread "C1 CompilerThread0"         daemon [_thread_in_vm, id=8144, stack(0x000000c7fe400000,0x000000c7fe500000) (1024K)]
  0x000001ccd14e3aa0 JavaThread "Common-Cleaner"             daemon [_thread_blocked, id=9224, stack(0x000000c7fe500000,0x000000c7fe600000) (1024K)]
  0x000001ccd15b3430 JavaThread "C2 CompilerThread1"         daemon [_thread_blocked, id=8932, stack(0x000000c7fe600000,0x000000c7fe700000) (1024K)]
  0x000001ccd17f5a70 JavaThread "Monitor Ctrl-Break"         daemon [_thread_in_native, id=10648, stack(0x000000c7fe700000,0x000000c7fe800000) (1024K)]
  0x000001ccd17f60e0 JavaThread "Notification Thread"        daemon [_thread_blocked, id=3764, stack(0x000000c7fe800000,0x000000c7fe900000) (1024K)]
Total: 13

Other Threads:
  0x000001ccd0c3fcb0 VMThread "VM Thread"                           [id=4108, stack(0x000000c7fdc00000,0x000000c7fdd00000) (1024K)]
  0x000001ccd0c2b020 WatcherThread "VM Periodic Task Thread"        [id=13888, stack(0x000000c7fdb00000,0x000000c7fdc00000) (1024K)]
  0x000001ccb0269b30 WorkerThread "GC Thread#0"                     [id=17472, stack(0x000000c7fd600000,0x000000c7fd700000) (1024K)]
  0x000001ccb027b0e0 ConcurrentGCThread "G1 Main Marker"            [id=17852, stack(0x000000c7fd700000,0x000000c7fd800000) (1024K)]
  0x000001ccb027c380 WorkerThread "G1 Conc#0"                       [id=2268, stack(0x000000c7fd800000,0x000000c7fd900000) (1024K)]
  0x000001ccb02bdff0 ConcurrentGCThread "G1 Refine#0"               [id=17096, stack(0x000000c7fd900000,0x000000c7fda00000) (1024K)]
  0x000001ccb02beb60 ConcurrentGCThread "G1 Service"                [id=6036, stack(0x000000c7fda00000,0x000000c7fdb00000) (1024K)]
Total: 7

Threads with active compile tasks:
C2 CompilerThread0      438  690       4       java.lang.StringLatin1::replace (198 bytes)
C1 CompilerThread0      438  700       3       jdk.internal.loader.ClassLoaders$AppClassLoader::loadClass (40 bytes)
Total: 2

VM state: not at safepoint (normal execution)

VM Mutex/Monitor currently owned by a thread:  ([mutex/lock_event])
[0x00007ff92acaace8] Metaspace_lock - owner thread: 0x000001ccd0c6e4c0

Heap address: 0x0000000703e00000, size: 4034 MB, Compressed Oops mode: Zero based, Oop shift amount: 3

CDS archive(s) mapped at: [0x000001ccd2000000-0x000001ccd2c90000-0x000001ccd2c90000), size 13172736, SharedBaseAddress: 0x000001ccd2000000, ArchiveRelocationMode: 1.
Compressed class space mapped at: 0x000001ccd3000000-0x000001cd13000000, reserved size: 1073741824
Narrow klass base: 0x000001ccd2000000, Narrow klass shift: 0, Narrow klass range: 0x100000000

GC Precious Log:
 CardTable entry size: 512
 Card Set container configuration: InlinePtr #cards 4 size 8 Array Of Cards #cards 16 size 48 Howl #buckets 8 coarsen threshold 3686 Howl Bitmap #cards 512 size 80 coarsen threshold 460 Card regions per heap region 1 cards per card region 4096
 CPUs: 8 total, 8 available
 Memory: 16130M
 Large Page Support: Disabled
 NUMA Support: Disabled
 Compressed Oops: Enabled (Zero based)
 Heap Region Size: 2M
 Heap Min Capacity: 8M
 Heap Initial Capacity: 254M
 Heap Max Capacity: 4034M
 Pre-touch: Disabled
 Parallel Workers: 8
 Concurrent Workers: 2
 Concurrent Refinement Workers: 8
 Periodic GC: Disabled

Heap:
 garbage-first heap   total 260096K, used 10240K [0x0000000703e00000, 0x0000000800000000)
  region size 2048K, 7 young (14336K), 0 survivors (0K)
 Metaspace       used 2661K, committed 2752K, reserved 1114112K
  class space    used 244K, committed 320K, reserved 1048576K

Heap Regions: E=young(eden), S=young(survivor), O=old, HS=humongous(starts), HC=humongous(continues), CS=collection set, F=free, TAMS=top-at-mark-start, PB=parsable bottom
|   0|0x0000000703e00000, 0x0000000703e00000, 0x0000000704000000|  0%| F|  |TAMS 0x0000000703e00000| PB 0x0000000703e00000| Untracked 
|   1|0x0000000704000000, 0x0000000704000000, 0x0000000704200000|  0%| F|  |TAMS 0x0000000704000000| PB 0x0000000704000000| Untracked 
|   2|0x0000000704200000, 0x0000000704200000, 0x0000000704400000|  0%| F|  |TAMS 0x0000000704200000| PB 0x0000000704200000| Untracked 
|   3|0x0000000704400000, 0x0000000704400000, 0x0000000704600000|  0%| F|  |TAMS 0x0000000704400000| PB 0x0000000704400000| Untracked 
|   4|0x0000000704600000, 0x0000000704600000, 0x0000000704800000|  0%| F|  |TAMS 0x0000000704600000| PB 0x0000000704600000| Untracked 
|   5|0x0000000704800000, 0x0000000704800000, 0x0000000704a00000|  0%| F|  |TAMS 0x0000000704800000| PB 0x0000000704800000| Untracked 
|   6|0x0000000704a00000, 0x0000000704a00000, 0x0000000704c00000|  0%| F|  |TAMS 0x0000000704a00000| PB 0x0000000704a00000| Untracked 
|   7|0x0000000704c00000, 0x0000000704c00000, 0x0000000704e00000|  0%| F|  |TAMS 0x0000000704c00000| PB 0x0000000704c00000| Untracked 
|   8|0x0000000704e00000, 0x0000000704e00000, 0x0000000705000000|  0%| F|  |TAMS 0x0000000704e00000| PB 0x0000000704e00000| Untracked 
|   9|0x0000000705000000, 0x0000000705000000, 0x0000000705200000|  0%| F|  |TAMS 0x0000000705000000| PB 0x0000000705000000| Untracked 
|  10|0x0000000705200000, 0x0000000705200000, 0x0000000705400000|  0%| F|  |TAMS 0x0000000705200000| PB 0x0000000705200000| Untracked 
|  11|0x0000000705400000, 0x0000000705400000, 0x0000000705600000|  0%| F|  |TAMS 0x0000000705400000| PB 0x0000000705400000| Untracked 
|  12|0x0000000705600000, 0x0000000705600000, 0x0000000705800000|  0%| F|  |TAMS 0x0000000705600000| PB 0x0000000705600000| Untracked 
|  13|0x0000000705800000, 0x0000000705800000, 0x0000000705a00000|  0%| F|  |TAMS 0x0000000705800000| PB 0x0000000705800000| Untracked 
|  14|0x0000000705a00000, 0x0000000705a00000, 0x0000000705c00000|  0%| F|  |TAMS 0x0000000705a00000| PB 0x0000000705a00000| Untracked 
|  15|0x0000000705c00000, 0x0000000705c00000, 0x0000000705e00000|  0%| F|  |TAMS 0x0000000705c00000| PB 0x0000000705c00000| Untracked 
|  16|0x0000000705e00000, 0x0000000705e00000, 0x0000000706000000|  0%| F|  |TAMS 0x0000000705e00000| PB 0x0000000705e00000| Untracked 
|  17|0x0000000706000000, 0x0000000706000000, 0x0000000706200000|  0%| F|  |TAMS 0x0000000706000000| PB 0x0000000706000000| Untracked 
|  18|0x0000000706200000, 0x0000000706200000, 0x0000000706400000|  0%| F|  |TAMS 0x0000000706200000| PB 0x0000000706200000| Untracked 
|  19|0x0000000706400000, 0x0000000706400000, 0x0000000706600000|  0%| F|  |TAMS 0x0000000706400000| PB 0x0000000706400000| Untracked 
|  20|0x0000000706600000, 0x0000000706600000, 0x0000000706800000|  0%| F|  |TAMS 0x0000000706600000| PB 0x0000000706600000| Untracked 
|  21|0x0000000706800000, 0x0000000706800000, 0x0000000706a00000|  0%| F|  |TAMS 0x0000000706800000| PB 0x0000000706800000| Untracked 
|  22|0x0000000706a00000, 0x0000000706a00000, 0x0000000706c00000|  0%| F|  |TAMS 0x0000000706a00000| PB 0x0000000706a00000| Untracked 
|  23|0x0000000706c00000, 0x0000000706c00000, 0x0000000706e00000|  0%| F|  |TAMS 0x0000000706c00000| PB 0x0000000706c00000| Untracked 
|  24|0x0000000706e00000, 0x0000000706e00000, 0x0000000707000000|  0%| F|  |TAMS 0x0000000706e00000| PB 0x0000000706e00000| Untracked 
|  25|0x0000000707000000, 0x0000000707000000, 0x0000000707200000|  0%| F|  |TAMS 0x0000000707000000| PB 0x0000000707000000| Untracked 
|  26|0x0000000707200000, 0x0000000707200000, 0x0000000707400000|  0%| F|  |TAMS 0x0000000707200000| PB 0x0000000707200000| Untracked 
|  27|0x0000000707400000, 0x0000000707400000, 0x0000000707600000|  0%| F|  |TAMS 0x0000000707400000| PB 0x0000000707400000| Untracked 
|  28|0x0000000707600000, 0x0000000707600000, 0x0000000707800000|  0%| F|  |TAMS 0x0000000707600000| PB 0x0000000707600000| Untracked 
|  29|0x0000000707800000, 0x0000000707800000, 0x0000000707a00000|  0%| F|  |TAMS 0x0000000707800000| PB 0x0000000707800000| Untracked 
|  30|0x0000000707a00000, 0x0000000707a00000, 0x0000000707c00000|  0%| F|  |TAMS 0x0000000707a00000| PB 0x0000000707a00000| Untracked 
|  31|0x0000000707c00000, 0x0000000707c00000, 0x0000000707e00000|  0%| F|  |TAMS 0x0000000707c00000| PB 0x0000000707c00000| Untracked 
|  32|0x0000000707e00000, 0x0000000707e00000, 0x0000000708000000|  0%| F|  |TAMS 0x0000000707e00000| PB 0x0000000707e00000| Untracked 
|  33|0x0000000708000000, 0x0000000708000000, 0x0000000708200000|  0%| F|  |TAMS 0x0000000708000000| PB 0x0000000708000000| Untracked 
|  34|0x0000000708200000, 0x0000000708200000, 0x0000000708400000|  0%| F|  |TAMS 0x0000000708200000| PB 0x0000000708200000| Untracked 
|  35|0x0000000708400000, 0x0000000708400000, 0x0000000708600000|  0%| F|  |TAMS 0x0000000708400000| PB 0x0000000708400000| Untracked 
|  36|0x0000000708600000, 0x0000000708600000, 0x0000000708800000|  0%| F|  |TAMS 0x0000000708600000| PB 0x0000000708600000| Untracked 
|  37|0x0000000708800000, 0x0000000708800000, 0x0000000708a00000|  0%| F|  |TAMS 0x0000000708800000| PB 0x0000000708800000| Untracked 
|  38|0x0000000708a00000, 0x0000000708a00000, 0x0000000708c00000|  0%| F|  |TAMS 0x0000000708a00000| PB 0x0000000708a00000| Untracked 
|  39|0x0000000708c00000, 0x0000000708c00000, 0x0000000708e00000|  0%| F|  |TAMS 0x0000000708c00000| PB 0x0000000708c00000| Untracked 
|  40|0x0000000708e00000, 0x0000000708e00000, 0x0000000709000000|  0%| F|  |TAMS 0x0000000708e00000| PB 0x0000000708e00000| Untracked 
|  41|0x0000000709000000, 0x0000000709000000, 0x0000000709200000|  0%| F|  |TAMS 0x0000000709000000| PB 0x0000000709000000| Untracked 
|  42|0x0000000709200000, 0x0000000709200000, 0x0000000709400000|  0%| F|  |TAMS 0x0000000709200000| PB 0x0000000709200000| Untracked 
|  43|0x0000000709400000, 0x0000000709400000, 0x0000000709600000|  0%| F|  |TAMS 0x0000000709400000| PB 0x0000000709400000| Untracked 
|  44|0x0000000709600000, 0x0000000709600000, 0x0000000709800000|  0%| F|  |TAMS 0x0000000709600000| PB 0x0000000709600000| Untracked 
|  45|0x0000000709800000, 0x0000000709800000, 0x0000000709a00000|  0%| F|  |TAMS 0x0000000709800000| PB 0x0000000709800000| Untracked 
|  46|0x0000000709a00000, 0x0000000709a00000, 0x0000000709c00000|  0%| F|  |TAMS 0x0000000709a00000| PB 0x0000000709a00000| Untracked 
|  47|0x0000000709c00000, 0x0000000709c00000, 0x0000000709e00000|  0%| F|  |TAMS 0x0000000709c00000| PB 0x0000000709c00000| Untracked 
|  48|0x0000000709e00000, 0x0000000709e00000, 0x000000070a000000|  0%| F|  |TAMS 0x0000000709e00000| PB 0x0000000709e00000| Untracked 
|  49|0x000000070a000000, 0x000000070a000000, 0x000000070a200000|  0%| F|  |TAMS 0x000000070a000000| PB 0x000000070a000000| Untracked 
|  50|0x000000070a200000, 0x000000070a200000, 0x000000070a400000|  0%| F|  |TAMS 0x000000070a200000| PB 0x000000070a200000| Untracked 
|  51|0x000000070a400000, 0x000000070a400000, 0x000000070a600000|  0%| F|  |TAMS 0x000000070a400000| PB 0x000000070a400000| Untracked 
|  52|0x000000070a600000, 0x000000070a600000, 0x000000070a800000|  0%| F|  |TAMS 0x000000070a600000| PB 0x000000070a600000| Untracked 
|  53|0x000000070a800000, 0x000000070a800000, 0x000000070aa00000|  0%| F|  |TAMS 0x000000070a800000| PB 0x000000070a800000| Untracked 
|  54|0x000000070aa00000, 0x000000070aa00000, 0x000000070ac00000|  0%| F|  |TAMS 0x000000070aa00000| PB 0x000000070aa00000| Untracked 
|  55|0x000000070ac00000, 0x000000070ac00000, 0x000000070ae00000|  0%| F|  |TAMS 0x000000070ac00000| PB 0x000000070ac00000| Untracked 
|  56|0x000000070ae00000, 0x000000070ae00000, 0x000000070b000000|  0%| F|  |TAMS 0x000000070ae00000| PB 0x000000070ae00000| Untracked 
|  57|0x000000070b000000, 0x000000070b000000, 0x000000070b200000|  0%| F|  |TAMS 0x000000070b000000| PB 0x000000070b000000| Untracked 
|  58|0x000000070b200000, 0x000000070b200000, 0x000000070b400000|  0%| F|  |TAMS 0x000000070b200000| PB 0x000000070b200000| Untracked 
|  59|0x000000070b400000, 0x000000070b400000, 0x000000070b600000|  0%| F|  |TAMS 0x000000070b400000| PB 0x000000070b400000| Untracked 
|  60|0x000000070b600000, 0x000000070b600000, 0x000000070b800000|  0%| F|  |TAMS 0x000000070b600000| PB 0x000000070b600000| Untracked 
|  61|0x000000070b800000, 0x000000070b800000, 0x000000070ba00000|  0%| F|  |TAMS 0x000000070b800000| PB 0x000000070b800000| Untracked 
|  62|0x000000070ba00000, 0x000000070ba00000, 0x000000070bc00000|  0%| F|  |TAMS 0x000000070ba00000| PB 0x000000070ba00000| Untracked 
|  63|0x000000070bc00000, 0x000000070bc00000, 0x000000070be00000|  0%| F|  |TAMS 0x000000070bc00000| PB 0x000000070bc00000| Untracked 
|  64|0x000000070be00000, 0x000000070be00000, 0x000000070c000000|  0%| F|  |TAMS 0x000000070be00000| PB 0x000000070be00000| Untracked 
|  65|0x000000070c000000, 0x000000070c000000, 0x000000070c200000|  0%| F|  |TAMS 0x000000070c000000| PB 0x000000070c000000| Untracked 
|  66|0x000000070c200000, 0x000000070c200000, 0x000000070c400000|  0%| F|  |TAMS 0x000000070c200000| PB 0x000000070c200000| Untracked 
|  67|0x000000070c400000, 0x000000070c400000, 0x000000070c600000|  0%| F|  |TAMS 0x000000070c400000| PB 0x000000070c400000| Untracked 
|  68|0x000000070c600000, 0x000000070c600000, 0x000000070c800000|  0%| F|  |TAMS 0x000000070c600000| PB 0x000000070c600000| Untracked 
|  69|0x000000070c800000, 0x000000070c800000, 0x000000070ca00000|  0%| F|  |TAMS 0x000000070c800000| PB 0x000000070c800000| Untracked 
|  70|0x000000070ca00000, 0x000000070ca00000, 0x000000070cc00000|  0%| F|  |TAMS 0x000000070ca00000| PB 0x000000070ca00000| Untracked 
|  71|0x000000070cc00000, 0x000000070cc00000, 0x000000070ce00000|  0%| F|  |TAMS 0x000000070cc00000| PB 0x000000070cc00000| Untracked 
|  72|0x000000070ce00000, 0x000000070ce00000, 0x000000070d000000|  0%| F|  |TAMS 0x000000070ce00000| PB 0x000000070ce00000| Untracked 
|  73|0x000000070d000000, 0x000000070d000000, 0x000000070d200000|  0%| F|  |TAMS 0x000000070d000000| PB 0x000000070d000000| Untracked 
|  74|0x000000070d200000, 0x000000070d200000, 0x000000070d400000|  0%| F|  |TAMS 0x000000070d200000| PB 0x000000070d200000| Untracked 
|  75|0x000000070d400000, 0x000000070d400000, 0x000000070d600000|  0%| F|  |TAMS 0x000000070d400000| PB 0x000000070d400000| Untracked 
|  76|0x000000070d600000, 0x000000070d600000, 0x000000070d800000|  0%| F|  |TAMS 0x000000070d600000| PB 0x000000070d600000| Untracked 
|  77|0x000000070d800000, 0x000000070d800000, 0x000000070da00000|  0%| F|  |TAMS 0x000000070d800000| PB 0x000000070d800000| Untracked 
|  78|0x000000070da00000, 0x000000070da00000, 0x000000070dc00000|  0%| F|  |TAMS 0x000000070da00000| PB 0x000000070da00000| Untracked 
|  79|0x000000070dc00000, 0x000000070dc00000, 0x000000070de00000|  0%| F|  |TAMS 0x000000070dc00000| PB 0x000000070dc00000| Untracked 
|  80|0x000000070de00000, 0x000000070de00000, 0x000000070e000000|  0%| F|  |TAMS 0x000000070de00000| PB 0x000000070de00000| Untracked 
|  81|0x000000070e000000, 0x000000070e000000, 0x000000070e200000|  0%| F|  |TAMS 0x000000070e000000| PB 0x000000070e000000| Untracked 
|  82|0x000000070e200000, 0x000000070e200000, 0x000000070e400000|  0%| F|  |TAMS 0x000000070e200000| PB 0x000000070e200000| Untracked 
|  83|0x000000070e400000, 0x000000070e400000, 0x000000070e600000|  0%| F|  |TAMS 0x000000070e400000| PB 0x000000070e400000| Untracked 
|  84|0x000000070e600000, 0x000000070e600000, 0x000000070e800000|  0%| F|  |TAMS 0x000000070e600000| PB 0x000000070e600000| Untracked 
|  85|0x000000070e800000, 0x000000070e800000, 0x000000070ea00000|  0%| F|  |TAMS 0x000000070e800000| PB 0x000000070e800000| Untracked 
|  86|0x000000070ea00000, 0x000000070ea00000, 0x000000070ec00000|  0%| F|  |TAMS 0x000000070ea00000| PB 0x000000070ea00000| Untracked 
|  87|0x000000070ec00000, 0x000000070ec00000, 0x000000070ee00000|  0%| F|  |TAMS 0x000000070ec00000| PB 0x000000070ec00000| Untracked 
|  88|0x000000070ee00000, 0x000000070ee00000, 0x000000070f000000|  0%| F|  |TAMS 0x000000070ee00000| PB 0x000000070ee00000| Untracked 
|  89|0x000000070f000000, 0x000000070f000000, 0x000000070f200000|  0%| F|  |TAMS 0x000000070f000000| PB 0x000000070f000000| Untracked 
|  90|0x000000070f200000, 0x000000070f200000, 0x000000070f400000|  0%| F|  |TAMS 0x000000070f200000| PB 0x000000070f200000| Untracked 
|  91|0x000000070f400000, 0x000000070f400000, 0x000000070f600000|  0%| F|  |TAMS 0x000000070f400000| PB 0x000000070f400000| Untracked 
|  92|0x000000070f600000, 0x000000070f600000, 0x000000070f800000|  0%| F|  |TAMS 0x000000070f600000| PB 0x000000070f600000| Untracked 
|  93|0x000000070f800000, 0x000000070f800000, 0x000000070fa00000|  0%| F|  |TAMS 0x000000070f800000| PB 0x000000070f800000| Untracked 
|  94|0x000000070fa00000, 0x000000070fa00000, 0x000000070fc00000|  0%| F|  |TAMS 0x000000070fa00000| PB 0x000000070fa00000| Untracked 
|  95|0x000000070fc00000, 0x000000070fc00000, 0x000000070fe00000|  0%| F|  |TAMS 0x000000070fc00000| PB 0x000000070fc00000| Untracked 
|  96|0x000000070fe00000, 0x000000070fe00000, 0x0000000710000000|  0%| F|  |TAMS 0x000000070fe00000| PB 0x000000070fe00000| Untracked 
|  97|0x0000000710000000, 0x0000000710000000, 0x0000000710200000|  0%| F|  |TAMS 0x0000000710000000| PB 0x0000000710000000| Untracked 
|  98|0x0000000710200000, 0x0000000710200000, 0x0000000710400000|  0%| F|  |TAMS 0x0000000710200000| PB 0x0000000710200000| Untracked 
|  99|0x0000000710400000, 0x0000000710400000, 0x0000000710600000|  0%| F|  |TAMS 0x0000000710400000| PB 0x0000000710400000| Untracked 
| 100|0x0000000710600000, 0x0000000710600000, 0x0000000710800000|  0%| F|  |TAMS 0x0000000710600000| PB 0x0000000710600000| Untracked 
| 101|0x0000000710800000, 0x0000000710800000, 0x0000000710a00000|  0%| F|  |TAMS 0x0000000710800000| PB 0x0000000710800000| Untracked 
| 102|0x0000000710a00000, 0x0000000710a00000, 0x0000000710c00000|  0%| F|  |TAMS 0x0000000710a00000| PB 0x0000000710a00000| Untracked 
| 103|0x0000000710c00000, 0x0000000710c00000, 0x0000000710e00000|  0%| F|  |TAMS 0x0000000710c00000| PB 0x0000000710c00000| Untracked 
| 104|0x0000000710e00000, 0x0000000710e00000, 0x0000000711000000|  0%| F|  |TAMS 0x0000000710e00000| PB 0x0000000710e00000| Untracked 
| 105|0x0000000711000000, 0x0000000711000000, 0x0000000711200000|  0%| F|  |TAMS 0x0000000711000000| PB 0x0000000711000000| Untracked 
| 106|0x0000000711200000, 0x0000000711200000, 0x0000000711400000|  0%| F|  |TAMS 0x0000000711200000| PB 0x0000000711200000| Untracked 
| 107|0x0000000711400000, 0x0000000711400000, 0x0000000711600000|  0%| F|  |TAMS 0x0000000711400000| PB 0x0000000711400000| Untracked 
| 108|0x0000000711600000, 0x0000000711600000, 0x0000000711800000|  0%| F|  |TAMS 0x0000000711600000| PB 0x0000000711600000| Untracked 
| 109|0x0000000711800000, 0x0000000711800000, 0x0000000711a00000|  0%| F|  |TAMS 0x0000000711800000| PB 0x0000000711800000| Untracked 
| 110|0x0000000711a00000, 0x0000000711a00000, 0x0000000711c00000|  0%| F|  |TAMS 0x0000000711a00000| PB 0x0000000711a00000| Untracked 
| 111|0x0000000711c00000, 0x0000000711c00000, 0x0000000711e00000|  0%| F|  |TAMS 0x0000000711c00000| PB 0x0000000711c00000| Untracked 
| 112|0x0000000711e00000, 0x0000000711e00000, 0x0000000712000000|  0%| F|  |TAMS 0x0000000711e00000| PB 0x0000000711e00000| Untracked 
| 113|0x0000000712000000, 0x0000000712000000, 0x0000000712200000|  0%| F|  |TAMS 0x0000000712000000| PB 0x0000000712000000| Untracked 
| 114|0x0000000712200000, 0x0000000712200000, 0x0000000712400000|  0%| F|  |TAMS 0x0000000712200000| PB 0x0000000712200000| Untracked 
| 115|0x0000000712400000, 0x0000000712400000, 0x0000000712600000|  0%| F|  |TAMS 0x0000000712400000| PB 0x0000000712400000| Untracked 
| 116|0x0000000712600000, 0x0000000712600000, 0x0000000712800000|  0%| F|  |TAMS 0x0000000712600000| PB 0x0000000712600000| Untracked 
| 117|0x0000000712800000, 0x0000000712800000, 0x0000000712a00000|  0%| F|  |TAMS 0x0000000712800000| PB 0x0000000712800000| Untracked 
| 118|0x0000000712a00000, 0x0000000712a00000, 0x0000000712c00000|  0%| F|  |TAMS 0x0000000712a00000| PB 0x0000000712a00000| Untracked 
| 119|0x0000000712c00000, 0x0000000712c00000, 0x0000000712e00000|  0%| F|  |TAMS 0x0000000712c00000| PB 0x0000000712c00000| Untracked 
| 120|0x0000000712e00000, 0x0000000712e712e0, 0x0000000713000000| 22%| E|  |TAMS 0x0000000712e00000| PB 0x0000000712e00000| Complete 
| 121|0x0000000713000000, 0x0000000713200000, 0x0000000713200000|100%| E|CS|TAMS 0x0000000713000000| PB 0x0000000713000000| Complete 
| 122|0x0000000713200000, 0x0000000713400000, 0x0000000713400000|100%| E|CS|TAMS 0x0000000713200000| PB 0x0000000713200000| Complete 
| 123|0x0000000713400000, 0x0000000713600000, 0x0000000713600000|100%| E|CS|TAMS 0x0000000713400000| PB 0x0000000713400000| Complete 
| 124|0x0000000713600000, 0x0000000713800000, 0x0000000713800000|100%| E|  |TAMS 0x0000000713600000| PB 0x0000000713600000| Complete 
| 125|0x0000000713800000, 0x0000000713a00000, 0x0000000713a00000|100%| E|CS|TAMS 0x0000000713800000| PB 0x0000000713800000| Complete 
| 126|0x0000000713a00000, 0x0000000713c00000, 0x0000000713c00000|100%| E|CS|TAMS 0x0000000713a00000| PB 0x0000000713a00000| Complete 

Card table byte_map: [0x000001ccca0d0000,0x000001ccca8c0000] _byte_map_base: 0x000001ccc68b1000

Marking Bits: (CMBitMap*) 0x000001ccb026aa40
 Bits: [0x000001ccca8c0000, 0x000001ccce7c8000)

Polling page: 0x000001ccb02c0000

Metaspace:

Usage:
  Non-class:      2.36 MB used.
      Class:    244.03 KB used.
       Both:      2.60 MB used.

Virtual space:
  Non-class space:       64.00 MB reserved,       2.38 MB (  4%) committed,  1 nodes.
      Class space:        1.00 GB reserved,     320.00 KB ( <1%) committed,  1 nodes.
             Both:        1.06 GB reserved,       2.69 MB ( <1%) committed. 

Chunk freelists:
   Non-Class:  11.25 MB
       Class:  15.62 MB
        Both:  26.88 MB

MaxMetaspaceSize: unlimited
CompressedClassSpaceSize: 1.00 GB
Initial GC threshold: 21.00 MB
Current GC threshold: 21.00 MB
CDS: on
 - commit_granule_bytes: 65536.
 - commit_granule_words: 8192.
 - virtual_space_node_default_size: 8388608.
 - enlarge_chunks_in_place: 1.
 - use_allocation_guard: 0.


Internal statistics:

num_allocs_failed_limit: 0.
num_arena_births: 28.
num_arena_deaths: 0.
num_vsnodes_births: 2.
num_vsnodes_deaths: 0.
num_space_committed: 43.
num_space_uncommitted: 0.
num_chunks_returned_to_freelist: 0.
num_chunks_taken_from_freelist: 74.
num_chunk_merges: 0.
num_chunk_splits: 45.
num_chunks_enlarged: 34.
num_inconsistent_stats: 0.

CodeHeap 'non-profiled nmethods': size=120000Kb used=219Kb max_used=219Kb free=119780Kb
 bounds [0x000001ccc1940000, 0x000001ccc1bb0000, 0x000001ccc8e70000]
CodeHeap 'profiled nmethods': size=120000Kb used=1163Kb max_used=1163Kb free=118836Kb
 bounds [0x000001ccb9e70000, 0x000001ccba0e0000, 0x000001ccc13a0000]
CodeHeap 'non-nmethods': size=5760Kb used=1340Kb max_used=1348Kb free=4419Kb
 bounds [0x000001ccc13a0000, 0x000001ccc1610000, 0x000001ccc1940000]
 total_blobs=1147 nmethods=698 adapters=354
 compilation: enabled
              stopped_count=0, restarted_count=0
 full_count=0

Compilation events (20 events):
Event: 0.402 Thread 0x000001ccd0c6dce0  690       4       java.lang.StringLatin1::replace (198 bytes)
Event: 0.402 Thread 0x000001ccd0c6e4c0 nmethod 689 0x000001ccb9f8d290 code [0x000001ccb9f8d460, 0x000001ccb9f8d620]
Event: 0.403 Thread 0x000001ccd0c6e4c0  691       3       java.lang.ClassLoader::loadClass (7 bytes)
Event: 0.403 Thread 0x000001ccd0c6e4c0 nmethod 691 0x000001ccb9f8d710 code [0x000001ccb9f8d8c0, 0x000001ccb9f8da98]
Event: 0.403 Thread 0x000001ccd0c6e4c0  692       3       jdk.internal.loader.BuiltinClassLoader::loadClass (22 bytes)
Event: 0.403 Thread 0x000001ccd0c6e4c0 nmethod 692 0x000001ccb9f8db10 code [0x000001ccb9f8dce0, 0x000001ccb9f8df98]
Event: 0.403 Thread 0x000001ccd0c6e4c0  693       3       jdk.internal.loader.ClassLoaders$BootClassLoader::loadClassOrNull (10 bytes)
Event: 0.403 Thread 0x000001ccd0c6e4c0 nmethod 693 0x000001ccb9f8e090 code [0x000001ccb9f8e260, 0x000001ccb9f8e4f8]
Event: 0.404 Thread 0x000001ccd0c6e4c0  694   !   3       java.util.zip.Inflater::needsInput (55 bytes)
Event: 0.404 Thread 0x000001ccd0c6e4c0 nmethod 694 0x000001ccb9f8e610 code [0x000001ccb9f8e7c0, 0x000001ccb9f8eb80]
Event: 0.404 Thread 0x000001ccd0c6e4c0  695   !   3       java.util.zip.Inflater::inflate (456 bytes)
Event: 0.406 Thread 0x000001ccd0c6e4c0 nmethod 695 0x000001ccb9f8ed10 code [0x000001ccb9f8f100, 0x000001ccb9f90e70]
Event: 0.406 Thread 0x000001ccd0c6e4c0  696       3       jdk.internal.module.SystemModuleFinders$SystemImage::reader (4 bytes)
Event: 0.406 Thread 0x000001ccd0c6e4c0 nmethod 696 0x000001ccb9f91e10 code [0x000001ccb9f91fa0, 0x000001ccb9f92098]
Event: 0.406 Thread 0x000001ccd0c6e4c0  697       3       jdk.internal.jimage.ImageReader::requireOpen (18 bytes)
Event: 0.406 Thread 0x000001ccd0c6e4c0 nmethod 697 0x000001ccb9f92110 code [0x000001ccb9f922c0, 0x000001ccb9f924e8]
Event: 0.407 Thread 0x000001ccd0c6e4c0  698       3       java.lang.StringBuilder::append (8 bytes)
Event: 0.407 Thread 0x000001ccd0c6e4c0 nmethod 698 0x000001ccb9f92610 code [0x000001ccb9f927c0, 0x000001ccb9f92910]
Event: 0.408 Thread 0x000001ccd0c6e4c0  699       3       java.lang.StringCoding::hasNegatives (16 bytes)
Event: 0.408 Thread 0x000001ccd0c6e4c0 nmethod 699 0x000001ccb9f92990 code [0x000001ccb9f92b40, 0x000001ccb9f92cb8]

GC Heap History (0 events):
No events

Dll operation events (11 events):
Event: 0.016 Loaded shared library C:\Program Files\Java\jdk-21\bin\java.dll
Event: 0.049 Loaded shared library C:\Program Files\Java\jdk-21\bin\jsvml.dll
Event: 0.132 Loaded shared library C:\Program Files\Java\jdk-21\bin\zip.dll
Event: 0.136 Loaded shared library C:\Program Files\Java\jdk-21\bin\instrument.dll
Event: 0.142 Loaded shared library C:\Program Files\Java\jdk-21\bin\net.dll
Event: 0.144 Loaded shared library C:\Program Files\Java\jdk-21\bin\nio.dll
Event: 0.148 Loaded shared library C:\Program Files\Java\jdk-21\bin\zip.dll
Event: 0.244 Loaded shared library C:\Program Files\JetBrains\IntelliJ IDEA Community Edition 2023.2.2\bin\breakgen64.dll
Event: 0.252 Loaded shared library C:\Program Files\Java\jdk-21\bin\extnet.dll
Event: 0.280 Loaded shared library C:\Program Files\Java\jdk-21\bin\verify.dll
Event: 0.284 Loaded shared library C:\Program Files\Java\jdk-21\bin\jimage.dll

Deoptimization events (20 events):
Event: 0.371 Thread 0x000001ccb0201c30 Uncommon trap: trap_request=0xffffff45 fr.pc=0x000001ccc1973790 relative=0x0000000000000750
Event: 0.371 Thread 0x000001ccb0201c30 Uncommon trap: reason=unstable_if action=reinterpret pc=0x000001ccc1973790 method=java.util.regex.Matcher.search(I)Z @ 30 c2
Event: 0.371 Thread 0x000001ccb0201c30 DEOPT PACKING pc=0x000001ccc1973790 sp=0x000000c7fd5fcaf0
Event: 0.371 Thread 0x000001ccb0201c30 DEOPT UNPACKING pc=0x000001ccc13f46a2 sp=0x000000c7fd5fcad0 mode 2
Event: 0.377 Thread 0x000001ccb0201c30 Uncommon trap: trap_request=0xffffff45 fr.pc=0x000001ccc1955ba0 relative=0x00000000000004c0
Event: 0.377 Thread 0x000001ccb0201c30 Uncommon trap: reason=unstable_if action=reinterpret pc=0x000001ccc1955ba0 method=java.lang.StringLatin1.canEncode(I)Z @ 4 c2
Event: 0.377 Thread 0x000001ccb0201c30 DEOPT PACKING pc=0x000001ccc1955ba0 sp=0x000000c7fd5fd120
Event: 0.377 Thread 0x000001ccb0201c30 DEOPT UNPACKING pc=0x000001ccc13f46a2 sp=0x000000c7fd5fd058 mode 2
Event: 0.377 Thread 0x000001ccb0201c30 Uncommon trap: trap_request=0xffffff45 fr.pc=0x000001ccc195c318 relative=0x00000000000004b8
Event: 0.377 Thread 0x000001ccb0201c30 Uncommon trap: reason=unstable_if action=reinterpret pc=0x000001ccc195c318 method=java.lang.AbstractStringBuilder.isLatin1()Z @ 10 c2
Event: 0.377 Thread 0x000001ccb0201c30 DEOPT PACKING pc=0x000001ccc195c318 sp=0x000000c7fd5fd140
Event: 0.377 Thread 0x000001ccb0201c30 DEOPT UNPACKING pc=0x000001ccc13f46a2 sp=0x000000c7fd5fd0d0 mode 2
Event: 0.377 Thread 0x000001ccb0201c30 Uncommon trap: trap_request=0xffffff45 fr.pc=0x000001ccc195490c relative=0x000000000000006c
Event: 0.377 Thread 0x000001ccb0201c30 Uncommon trap: reason=unstable_if action=reinterpret pc=0x000001ccc195490c method=java.lang.AbstractStringBuilder.isLatin1()Z @ 10 c2
Event: 0.377 Thread 0x000001ccb0201c30 DEOPT PACKING pc=0x000001ccc195490c sp=0x000000c7fd5fd140
Event: 0.377 Thread 0x000001ccb0201c30 DEOPT UNPACKING pc=0x000001ccc13f46a2 sp=0x000000c7fd5fd0d0 mode 2
Event: 0.387 Thread 0x000001ccb0201c30 Uncommon trap: trap_request=0xffffff45 fr.pc=0x000001ccc19524e8 relative=0x0000000000000048
Event: 0.387 Thread 0x000001ccb0201c30 Uncommon trap: reason=unstable_if action=reinterpret pc=0x000001ccc19524e8 method=java.lang.StringLatin1.canEncode(I)Z @ 4 c2
Event: 0.387 Thread 0x000001ccb0201c30 DEOPT PACKING pc=0x000001ccc19524e8 sp=0x000000c7fd5fc5d0
Event: 0.387 Thread 0x000001ccb0201c30 DEOPT UNPACKING pc=0x000001ccc13f46a2 sp=0x000000c7fd5fc560 mode 2

Classes loaded (20 events):
Event: 0.373 Loading class sun/util/resources/Bundles$2
Event: 0.373 Loading class sun/util/resources/Bundles$2 done
Event: 0.374 Loading class java/lang/InstantiationException
Event: 0.374 Loading class java/lang/InstantiationException done
Event: 0.385 Loading class java/lang/NumberFormatException
Event: 0.385 Loading class java/lang/NumberFormatException done
Event: 0.391 Loading class java/util/Arrays$ArrayItr
Event: 0.391 Loading class java/util/Arrays$ArrayItr done
Event: 0.392 Loading class java/lang/IllegalAccessError
Event: 0.393 Loading class java/lang/IllegalAccessError done
Event: 0.393 Loading class java/util/IdentityHashMap$EntrySet
Event: 0.393 Loading class java/util/IdentityHashMap$EntrySet done
Event: 0.393 Loading class java/util/IdentityHashMap$EntryIterator
Event: 0.393 Loading class java/util/IdentityHashMap$EntryIterator done
Event: 0.393 Loading class java/util/IdentityHashMap$EntryIterator$Entry
Event: 0.393 Loading class java/util/IdentityHashMap$EntryIterator$Entry done
Event: 0.393 Loading class java/util/IdentityHashMap$ValueIterator
Event: 0.393 Loading class java/util/IdentityHashMap$ValueIterator done
Event: 0.393 Loading class java/io/Externalizable
Event: 0.393 Loading class java/io/Externalizable done

Classes unloaded (0 events):
No events

Classes redefined (0 events):
No events

Internal exceptions (5 events):
Event: 0.236 Thread 0x000001ccb0201c30 Exception <a 'java/lang/NoSuchMethodError'{0x000000071358a150}: 'void java.lang.invoke.DirectMethodHandle$Holder.invokeStatic(java.lang.Object, java.lang.Object, java.lang.Object)'> (0x000000071358a150) 
thrown [s\open\src\hotspot\share\interpreter\linkResolver.cpp, line 773]
Event: 0.239 Thread 0x000001ccb0201c30 Exception <a 'java/lang/NoSuchMethodError'{0x00000007135a1658}: 'java.lang.Object java.lang.invoke.Invokers$Holder.invokeExact_MT(java.lang.Object, java.lang.Object, java.lang.Object, java.lang.Object, java.lang.Object)'> (0x00000007135a1658) 
thrown [s\open\src\hotspot\share\interpreter\linkResolver.cpp, line 773]
Event: 0.254 Thread 0x000001ccd17f5a70 Exception <a 'java/lang/NoSuchMethodError'{0x00000007135f2018}: 'void java.lang.invoke.DirectMethodHandle$Holder.invokeStatic(java.lang.Object, java.lang.Object)'> (0x00000007135f2018) 
thrown [s\open\src\hotspot\share\interpreter\linkResolver.cpp, line 773]
Event: 0.322 Thread 0x000001ccb0201c30 Exception <a 'java/lang/ClassNotFoundException'{0x00000007133adb30}: javax/smartcardio/CardPermission> (0x00000007133adb30) 
thrown [s\open\src\hotspot\share\classfile\systemDictionary.cpp, line 312]
Event: 0.325 Thread 0x000001ccb0201c30 Exception <a 'java/io/FileNotFoundException'{0x00000007133bc340}> (0x00000007133bc340) 
thrown [s\open\src\hotspot\share\prims\jni.cpp, line 520]

ZGC Phase Switch (0 events):
No events

VM Operations (4 events):
Event: 0.117 Executing VM operation: HandshakeAllThreads (Deoptimize)
Event: 0.117 Executing VM operation: HandshakeAllThreads (Deoptimize) done
Event: 0.370 Executing VM operation: HandshakeAllThreads (Deoptimize)
Event: 0.370 Executing VM operation: HandshakeAllThreads (Deoptimize) done

Events (13 events):
Event: 0.032 Thread 0x000001ccb0201c30 Thread added: 0x000001ccb0201c30
Event: 0.047 Thread 0x000001ccd0c60b30 Thread added: 0x000001ccd0c60b30
Event: 0.048 Thread 0x000001ccd0c61950 Thread added: 0x000001ccd0c61950
Event: 0.048 Thread 0x000001ccd0c64120 Thread added: 0x000001ccd0c64120
Event: 0.048 Thread 0x000001ccd0c65210 Thread added: 0x000001ccd0c65210
Event: 0.048 Thread 0x000001ccd0c68d90 Thread added: 0x000001ccd0c68d90
Event: 0.048 Thread 0x000001ccd0c69920 Thread added: 0x000001ccd0c69920
Event: 0.048 Thread 0x000001ccd0c6dce0 Thread added: 0x000001ccd0c6dce0
Event: 0.048 Thread 0x000001ccd0c6e4c0 Thread added: 0x000001ccd0c6e4c0
Event: 0.110 Thread 0x000001ccd14e3aa0 Thread added: 0x000001ccd14e3aa0
Event: 0.129 Thread 0x000001ccd15b3430 Thread added: 0x000001ccd15b3430
Event: 0.244 Thread 0x000001ccd17f5a70 Thread added: 0x000001ccd17f5a70
Event: 0.244 Thread 0x000001ccd17f60e0 Thread added: 0x000001ccd17f60e0


Dynamic libraries:
0x00007ff6185b0000 - 0x00007ff6185c0000 	C:\Program Files\Java\jdk-21\bin\java.exe
0x00007ff9d1b10000 - 0x00007ff9d1d27000 	C:\WINDOWS\SYSTEM32\ntdll.dll
0x00007ff9d0f10000 - 0x00007ff9d0fd4000 	C:\WINDOWS\System32\KERNEL32.DLL
0x00007ff9cf330000 - 0x00007ff9cf6ea000 	C:\WINDOWS\System32\KERNELBASE.dll
0x00007ff9cf6f0000 - 0x00007ff9cf801000 	C:\WINDOWS\System32\ucrtbase.dll
0x00007ff9c5fb0000 - 0x00007ff9c5fc9000 	C:\Program Files\Java\jdk-21\bin\jli.dll
0x00007ff9c9ea0000 - 0x00007ff9c9ebb000 	C:\Program Files\Java\jdk-21\bin\VCRUNTIME140.dll
0x00007ff9d0760000 - 0x00007ff9d0812000 	C:\WINDOWS\System32\ADVAPI32.dll
0x00007ff9cf810000 - 0x00007ff9cf8b7000 	C:\WINDOWS\System32\msvcrt.dll
0x00007ff9d17d0000 - 0x00007ff9d1877000 	C:\WINDOWS\System32\sechost.dll
0x00007ff9cf300000 - 0x00007ff9cf328000 	C:\WINDOWS\System32\bcrypt.dll
0x00007ff9d1640000 - 0x00007ff9d1754000 	C:\WINDOWS\System32\RPCRT4.dll
0x00007ff9d0830000 - 0x00007ff9d09de000 	C:\WINDOWS\System32\USER32.dll
0x00007ff9ad660000 - 0x00007ff9ad8f2000 	C:\WINDOWS\WinSxS\amd64_microsoft.windows.common-controls_6595b64144ccf1df_6.0.22621.4541_none_2710d1c57384c085\COMCTL32.dll
0x00007ff9cee60000 - 0x00007ff9cee86000 	C:\WINDOWS\System32\win32u.dll
0x00007ff9d1780000 - 0x00007ff9d17a9000 	C:\WINDOWS\System32\GDI32.dll
0x00007ff9cefb0000 - 0x00007ff9cf0cb000 	C:\WINDOWS\System32\gdi32full.dll
0x00007ff9cee90000 - 0x00007ff9cef2a000 	C:\WINDOWS\System32\msvcp_win.dll
0x00007ff9c7580000 - 0x00007ff9c758a000 	C:\WINDOWS\SYSTEM32\VERSION.dll
0x00007ff9d1a30000 - 0x00007ff9d1a61000 	C:\WINDOWS\System32\IMM32.DLL
0x00007ff9c5fa0000 - 0x00007ff9c5fac000 	C:\Program Files\Java\jdk-21\bin\vcruntime140_1.dll
0x00007ff99ef20000 - 0x00007ff99efae000 	C:\Program Files\Java\jdk-21\bin\msvcp140.dll
0x00007ff92a070000 - 0x00007ff92ad87000 	C:\Program Files\Java\jdk-21\bin\server\jvm.dll
0x00007ff9d06e0000 - 0x00007ff9d0751000 	C:\WINDOWS\System32\WS2_32.dll
0x00007ff9ceb00000 - 0x00007ff9ceb4d000 	C:\WINDOWS\SYSTEM32\POWRPROF.dll
0x00007ff9c5e80000 - 0x00007ff9c5eb4000 	C:\WINDOWS\SYSTEM32\WINMM.dll
0x00007ff9ceae0000 - 0x00007ff9ceaf3000 	C:\WINDOWS\SYSTEM32\UMPDC.dll
0x00007ff9cdcf0000 - 0x00007ff9cdd08000 	C:\WINDOWS\SYSTEM32\kernel.appcore.dll
0x00007ff9c5f90000 - 0x00007ff9c5f9a000 	C:\Program Files\Java\jdk-21\bin\jimage.dll
0x00007ff9b2e10000 - 0x00007ff9b3042000 	C:\WINDOWS\SYSTEM32\DBGHELP.DLL
0x00007ff9d0ae0000 - 0x00007ff9d0e6f000 	C:\WINDOWS\System32\combase.dll
0x00007ff9d1560000 - 0x00007ff9d1637000 	C:\WINDOWS\System32\OLEAUT32.dll
0x00007ff9b2dd0000 - 0x00007ff9b2e02000 	C:\WINDOWS\SYSTEM32\dbgcore.DLL
0x00007ff9cef30000 - 0x00007ff9cefab000 	C:\WINDOWS\System32\bcryptPrimitives.dll
0x00007ff9cbd00000 - 0x00007ff9cbd0f000 	C:\Program Files\Java\jdk-21\bin\instrument.dll
0x00007ff9a9260000 - 0x00007ff9a927f000 	C:\Program Files\Java\jdk-21\bin\java.dll
0x00007ff9cfc70000 - 0x00007ff9d04e8000 	C:\WINDOWS\System32\SHELL32.dll
0x00007ff9ccb30000 - 0x00007ff9cd438000 	C:\WINDOWS\SYSTEM32\windows.storage.dll
0x00007ff9cc9f0000 - 0x00007ff9ccb2f000 	C:\WINDOWS\SYSTEM32\wintypes.dll
0x00007ff9d09e0000 - 0x00007ff9d0ada000 	C:\WINDOWS\System32\SHCORE.dll
0x00007ff9d04f0000 - 0x00007ff9d054e000 	C:\WINDOWS\System32\shlwapi.dll
0x00007ff9ced10000 - 0x00007ff9ced3b000 	C:\WINDOWS\SYSTEM32\profapi.dll
0x00007ff99ee40000 - 0x00007ff99ef17000 	C:\Program Files\Java\jdk-21\bin\jsvml.dll
0x00007ff9a9220000 - 0x00007ff9a9238000 	C:\Program Files\Java\jdk-21\bin\zip.dll
0x00007ff9c5f80000 - 0x00007ff9c5f90000 	C:\Program Files\Java\jdk-21\bin\net.dll
0x00007ff9cdd10000 - 0x00007ff9cde46000 	C:\WINDOWS\SYSTEM32\WINHTTP.dll
0x00007ff9ce2a0000 - 0x00007ff9ce309000 	C:\WINDOWS\system32\mswsock.dll
0x00007ff9a9240000 - 0x00007ff9a9256000 	C:\Program Files\Java\jdk-21\bin\nio.dll
0x00007ff9bf710000 - 0x00007ff9bf72a000 	C:\Program Files\JetBrains\IntelliJ IDEA Community Edition 2023.2.2\bin\breakgen64.dll
0x00007ff9aada0000 - 0x00007ff9aada9000 	C:\Program Files\Java\jdk-21\bin\extnet.dll
0x00007ff9a1a40000 - 0x00007ff9a1a50000 	C:\Program Files\Java\jdk-21\bin\verify.dll

dbghelp: loaded successfully - version: 4.0.5 - missing functions: none
symbol engine: initialized successfully - sym options: 0x614 - pdb path: .;C:\Program Files\Java\jdk-21\bin;C:\WINDOWS\SYSTEM32;C:\WINDOWS\WinSxS\amd64_microsoft.windows.common-controls_6595b64144ccf1df_6.0.22621.4541_none_2710d1c57384c085;C:\Program Files\Java\jdk-21\bin\server;C:\Program Files\JetBrains\IntelliJ IDEA Community Edition 2023.2.2\bin

VM Arguments:
jvm_args: -javaagent:C:\Program Files\JetBrains\IntelliJ IDEA Community Edition 2023.2.2\lib\idea_rt.jar=49529:C:\Program Files\JetBrains\IntelliJ IDEA Community Edition 2023.2.2\bin -Dfile.encoding=UTF-8 -Dsun.stdout.encoding=UTF-8 -Dsun.stderr.encoding=UTF-8 
java_command: com.algaworks.algafood.AlgafoodApiApplication
java_class_path (initial): C:\Users\rodrigofc\Downloads\algafood-api\algafood-api\target\classes;C:\Users\rodrigofc\.m2\repository\org\springframework\boot\spring-boot-starter-web\2.1.7.RELEASE\spring-boot-starter-web-2.1.7.RELEASE.jar;C:\Users\rodrigofc\.m2\repository\org\springframework\boot\spring-boot-starter\2.1.7.RELEASE\spring-boot-starter-2.1.7.RELEASE.jar;C:\Users\rodrigofc\.m2\repository\org\springframework\boot\spring-boot-starter-logging\2.1.7.RELEASE\spring-boot-starter-logging-2.1.7.RELEASE.jar;C:\Users\rodrigofc\.m2\repository\ch\qos\logback\logback-classic\1.2.3\logback-classic-1.2.3.jar;C:\Users\rodrigofc\.m2\repository\ch\qos\logback\logback-core\1.2.3\logback-core-1.2.3.jar;C:\Users\rodrigofc\.m2\repository\org\apache\logging\log4j\log4j-to-slf4j\2.11.2\log4j-to-slf4j-2.11.2.jar;C:\Users\rodrigofc\.m2\repository\org\apache\logging\log4j\log4j-api\2.11.2\log4j-api-2.11.2.jar;C:\Users\rodrigofc\.m2\repository\org\slf4j\jul-to-slf4j\1.7.26\jul-to-slf4j-1.7.26.jar;C:\Users\rodrigofc\.m2\repository\javax\annotation\javax.annotation-api\1.3.2\javax.annotation-api-1.3.2.jar;C:\Users\rodrigofc\.m2\repository\org\yaml\snakeyaml\1.23\snakeyaml-1.23.jar;C:\Users\rodrigofc\.m2\repository\org\springframework\boot\spring-boot-starter-json\2.1.7.RELEASE\spring-boot-starter-json-2.1.7.RELEASE.jar;C:\Users\rodrigofc\.m2\repository\com\fasterxml\jackson\core\jackson-databind\2.9.9\jackson-databind-2.9.9.jar;C:\Users\rodrigofc\.m2\repository\com\fasterxml\jackson\core\jackson-annotations\2.9.0\jackson-annotations-2.9.0.jar;C:\Users\rodrigofc\.m2\repository\com\fasterxml\jackson\core\jackson-core\2.9.9\jackson-core-2.9.9.jar;C:\Users\rodrigofc\.m2\repository\com\fasterxml\jackson\datatype\jackson-datatype-jdk8\2.9.9\jackson-datatype-jdk8-2.9.9.jar;C:\Users\rodrigofc\.m2\repository\com\fasterxml\jackson\datatype\jackson-datatype-jsr310\2.9.9\jackson-datatype-jsr310-2.9.9.jar;C:\Users\rodrigofc\.m2\repository\com\fasterxml\jackson\module\jackson-module-parameter-names\2.9.9\jackson-module-parameter-names-2.9.9.jar;C:\Users\rodrigofc\.m2\repository\org\springframework\boot\spring-boot-starter-tomcat\2.1.7.RELEASE\spring-boot-starter-tomcat-2.1.7.RELEASE.jar;C:\Users\rodrigofc\.m2\repository\org\apache\tomcat\embed\tomcat-embed-core\9.0.22\tomcat-embed-core-9.0.22.jar;C:\Users\rodrigofc\.m2\repository\org\apache\tomcat\embed\tomcat-embed-el\9.0.22\tomcat-embed-el-9.0.22.jar;C:\Users\rodrigofc\.m2\repository\org\apache\tomcat\embed\tomcat-embed-websocket\9.0.22\tomcat-embed-websocket-9.0.22.jar;C:\Users\rodrigofc\.m2\repository\org\hibernate\validator\hibernate-validator\6.0.17.Final\hibernate-validator-6.0.17.Final.jar;C:\Users\rodrigofc\.m2\repository\javax\validation\validation-api\2.0.1.Final\validation-api-2.0.1.Final.jar;C:\Users\rodrigofc\.m2\repository\org\jboss\logging\jboss-logging\3.3.2.Final\jboss-logging-3.3.2.Final.jar;C:\Users\rodrigofc\.m2\repository\com\fasterxml\classmate\1.4.0\classmate-1.4.0.jar;C:\Users\rodrigofc\.m2\repository\org\springframework\spring-web\5.1.9.RELEASE\spring-web-5.1.9.RELEASE.jar;C:\Users\rodrigofc\.m2\repository\org\springframework\spring-beans\5.1.9.RELEASE\spring-beans-5.1.9.RELEASE.jar;C:\Users\rodrigofc\.m2\repository\org\springframework\spring-webmvc\5.1.9.RELEASE\spring-webmvc-5.1.9.RELEASE.jar;C:\Users\rodrigofc\.m2\repository\org\springframework\spring-aop\5.1.9.RELEASE\spring-aop-5.1.9.RELEASE.jar;C:\Users\rodrigofc\.m2\repository\org\springframework\spring-context\5.1.9.RELEASE\spring-context-5.1.9.RELEASE.jar;C:\Users\rodrigofc\.m2\repository\org\springframework\spring-expression\5.1.9.RELEASE\spring-expression-5.1.9.RELEASE.jar;C:\Users\rodrigofc\.m2\repository\org\slf4j\slf4j-api\1.7.26\slf4j-api-1.7.26.jar;C:\Users\rodrigofc\.m2\repository\net\bytebuddy\byte-buddy\1.9.16\byte-buddy-1.9.16.jar;C:\Users\rodrigofc\.m2\repository\org\springframework\spring-core\5.1.9.RELEASE\spring-core-5.1.9.RELEASE.jar;C:\Users\rodrigofc\.m2\repository\org\springframework\spring-jcl\5.1.9.RELEASE\spring-jcl-5.1.9.RELEASE.jar;C:\Users\rodrigofc\.m2\repository\org\springframework\boot\spring-boot-devtools\2.1.7.RELEASE\spring-boot-devtools-2.1.7.RELEASE.jar;C:\Users\rodrigofc\.m2\repository\org\springframework\boot\spring-boot\2.1.7.RELEASE\spring-boot-2.1.7.RELEASE.jar;C:\Users\rodrigofc\.m2\repository\org\springframework\boot\spring-boot-autoconfigure\2.1.7.RELEASE\spring-boot-autoconfigure-2.1.7.RELEASE.jar;C:\Users\rodrigofc\.m2\repository\org\springframework\boot\spring-boot-configuration-processor\2.1.7.RELEASE\spring-boot-configuration-processor-2.1.7.RELEASE.jar;C:\Users\rodrigofc\.m2\repository\org\springframework\boot\spring-boot-starter-data-jpa\2.1.7.RELEASE\spring-boot-starter-data-jpa-2.1.7.RELEASE.jar;C:\Users\rodrigofc\.m2\repository\org\springframework\boot\spring-boot-starter-aop\2.1.7.RELEASE\spring-boot-starter-aop-2.1.7.RELEASE.jar;C:\Users\rodrigofc\.m2\repository\org\aspectj\aspectjweaver\1.9.4\aspectjweaver-1.9.4.jar;C:\Users\rodrigofc\.m2\repository\org\springframework\boot\spring-boot-starter-jdbc\2.1.7.RELEASE\spring-boot-starter-jdbc-2.1.7.RELEASE.jar;C:\Users\rodrigofc\.m2\repository\com\zaxxer\HikariCP\3.2.0\HikariCP-3.2.0.jar;C:\Users\rodrigofc\.m2\repository\org\springframework\spring-jdbc\5.1.9.RELEASE\spring-jdbc-5.1.9.RELEASE.jar;C:\Users\rodrigofc\.m2\repository\javax\transaction\javax.transaction-api\1.3\javax.transaction-api-1.3.jar;C:\Users\rodrigofc\.m2\repository\javax\xml\bind\jaxb-api\2.3.1\jaxb-api-2.3.1.jar;C:\Users\rodrigofc\.m2\repository\javax\activation\javax.activation-api\1.2.0\javax.activation-api-1.2.0.jar;C:\Users\rodrigofc\.m2\repository\org\hibernate\hibernate-core\5.3.10.Final\hibernate-core-5.3.10.Final.jar;C:\Users\rodrigofc\.m2\repository\org\javassist\javassist\3.23.2-GA\javassist-3.23.2-GA.jar;C:\Users\rodrigofc\.m2\repository\antlr\antlr\2.7.7\antlr-2.7.7.jar;C:\Users\rodrigofc\.m2\repository\org\jboss\jandex\2.0.5.Final\jandex-2.0.5.Final.jar;C:\Users\rodrigofc\.m2\repository\org\dom4j\dom4j\2.1.1\dom4j-2.1.1.jar;C:\Users\rodrigofc\.m2\repository\org\hibernate\common\hibernate-commons-annotations\5.0.4.Final\hibernate-commons-annotations-5.0.4.Final.jar;C:\Users\rodrigofc\.m2\repository\org\springframework\data\spring-data-jpa\2.1.10.RELEASE\spring-data-jpa-2.1.10.RELEASE.jar;C:\Users\rodrigofc\.m2\repository\org\springframework\data\spring-data-commons\2.1.10.RELEASE\spring-data-commons-2.1.10.RELEASE.jar;C:\Users\rodrigofc\.m2\repository\org\springframework\spring-orm\5.1.9.RELEASE\spring-orm-5.1.9.RELEASE.jar;C:\Users\rodrigofc\.m2\repository\org\springframework\spring-tx\5.1.9.RELEASE\spring-tx-5.1.9.RELEASE.jar;C:\Users\rodrigofc\.m2\repository\org\springframework\spring-aspects\5.1.9.RELEASE\spring-aspects-5.1.9.RELEASE.jar;C:\Users\rodrigofc\.m2\repository\mysql\mysql-connector-java\8.0.17\mysql-connector-java-8.0.17.jar;C:\Users\rodrigofc\.m2\repository\org\flywaydb\flyway-core\5.2.4\flyway-core-5.2.4.jar;C:\Users\rodrigofc\.m2\repository\org\apache\commons\commons-lang3\3.8.1\commons-lang3-3.8.1.jar;C:\Users\rodrigofc\.m2\repository\org\modelmapper\modelmapper\2.3.0\modelmapper-2.3.0.jar;C:\Users\rodrigofc\.m2\repository\com\mysql\mysql-connector-j\8.3.0\mysql-connector-j-8.3.0.jar;C:\Users\rodrigofc\.m2\repository\com\google\protobuf\protobuf-java\3.25.1\protobuf-java-3.25.1.jar;C:\Users\rodrigofc\.m2\repository\xerces\xercesImpl\2.9.1\xercesImpl-2.9.1.jar;C:\Users\rodrigofc\.m2\repository\xml-apis\xml-apis\1.4.01\xml-apis-1.4.01.jar;C:\Users\rodrigofc\.m2\repository\javax\persistence\javax.persistence-api\2.2\javax.persistence-api-2.2.jar
Launcher Type: SUN_STANDARD

[Global flags]
     intx CICompilerCount                          = 4                                         {product} {ergonomic}
     uint ConcGCThreads                            = 2                                         {product} {ergonomic}
     uint G1ConcRefinementThreads                  = 8                                         {product} {ergonomic}
   size_t G1HeapRegionSize                         = 2097152                                   {product} {ergonomic}
    uintx GCDrainStackTargetSize                   = 64                                        {product} {ergonomic}
   size_t InitialHeapSize                          = 266338304                                 {product} {ergonomic}
   size_t MarkStackSize                            = 4194304                                   {product} {ergonomic}
   size_t MaxHeapSize                              = 4229955584                                {product} {ergonomic}
   size_t MaxNewSize                               = 2537553920                                {product} {ergonomic}
   size_t MinHeapDeltaBytes                        = 2097152                                   {product} {ergonomic}
   size_t MinHeapSize                              = 8388608                                   {product} {ergonomic}
    uintx NonNMethodCodeHeapSize                   = 5839372                                {pd product} {ergonomic}
    uintx NonProfiledCodeHeapSize                  = 122909434                              {pd product} {ergonomic}
    uintx ProfiledCodeHeapSize                     = 122909434                              {pd product} {ergonomic}
    uintx ReservedCodeCacheSize                    = 251658240                              {pd product} {ergonomic}
     bool SegmentedCodeCache                       = true                                      {product} {ergonomic}
   size_t SoftMaxHeapSize                          = 4229955584                             {manageable} {ergonomic}
     bool UseCompressedOops                        = true                           {product lp64_product} {ergonomic}
     bool UseG1GC                                  = true                                      {product} {ergonomic}
     bool UseLargePagesIndividualAllocation        = false                                  {pd product} {ergonomic}

Logging:
Log output configuration:
 #0: stdout all=warning uptime,level,tags foldmultilines=false
 #1: stderr all=off uptime,level,tags foldmultilines=false

Environment Variables:
JAVA_HOME=C:\Program Files\Java\jdk-19
PATH=C:\Program Files\Eclipse Adoptium\jdk-21.0.3.9-hotspot\bin;C:\Program Files\Common Files\Oracle\Java\javapath;C:\WINDOWS\system32;C:\WINDOWS;C:\WINDOWS\System32\Wbem;C:\WINDOWS\System32\WindowsPowerShell\v1.0\;C:\WINDOWS\System32\OpenSSH\;C:\Program Files\Java\jdk-19\bin;C:\Program Files\Git\cmd;C:\Program Files\SafeNet\Authentication\SAC\x64;C:\Program Files\SafeNet\Authentication\SAC\x32;C:\Program Files\MySQL\MySQL Shell 8.0\bin\;C:\Users\rodrigofc\AppData\Local\Microsoft\WindowsApps;C:\Program Files\Java\jdk-19\bin;C:\Users\rodrigofc\AppData\Local\Programs\Microsoft VS Code\bin;
USERNAME=rodrigofc
OS=Windows_NT
PROCESSOR_IDENTIFIER=Intel64 Family 6 Model 165 Stepping 3, GenuineIntel
TMP=C:\Users\RODRIG~1\AppData\Local\Temp
TEMP=C:\Users\RODRIG~1\AppData\Local\Temp




Periodic native trim disabled

---------------  S Y S T E M  ---------------

OS:
 Windows 11 , 64 bit Build 22621 (10.0.22621.4391)
OS uptime: 0 days 7:24 hours
Hyper-V role detected

CPU: total 8 (initial active 8) (4 cores per cpu, 2 threads per core) family 6 model 165 stepping 3 microcode 0xf4, cx8, cmov, fxsr, ht, mmx, 3dnowpref, sse, sse2, sse3, ssse3, sse4.1, sse4.2, popcnt, lzcnt, tsc, tscinvbit, avx, avx2, aes, erms, clmul, bmi1, bmi2, adx, fma, vzeroupper, clflush, clflushopt, hv, rdtscp, f16c
Processor Information for all 8 processors :
  Max Mhz: 2901, Current Mhz: 2901, Mhz Limit: 2901

Memory: 4k page, system-wide physical 16130M (3776M free)
TotalPageFile size 16130M (AvailPageFile size 2M)
current process WorkingSet (physical memory assigned to process): 56M, peak: 56M
current process commit charge ("private bytes"): 346M, peak: 346M

vm_info: Java HotSpot(TM) 64-Bit Server VM (21.0.2+13-LTS-58) for windows-amd64 JRE (21.0.2+13-LTS-58), built on 2024-01-05T18:32:24Z by "mach5one" with MS VC++ 17.1 (VS2022)

END.
