#
# There is insufficient memory for the Java Runtime Environment to continue.
# Native memory allocation (malloc) failed to allocate 1754256 bytes for Chunk::new
# Possible reasons:
#   The system is out of physical RAM or swap space
#   The process is running with CompressedOops enabled, and the Java Heap may be blocking the growth of the native heap
# Possible solutions:
#   Reduce memory load on the system
#   Increase physical memory or swap space
#   Check if swap backing store is full
#   Decrease Java heap size (-Xmx/-Xms)
#   Decrease number of Java threads
#   Decrease Java thread stack sizes (-Xss)
#   Set larger code cache with -XX:ReservedCodeCacheSize=
#   JVM is running with Zero Based Compressed Oops mode in which the Java heap is
#     placed in the first 32GB address space. The Java Heap base address is the
#     maximum limit for the native heap growth. Please use -XX:HeapBaseMinAddress
#     to set the Java Heap base and to place the Java Heap above 32GB virtual address.
# This output file may be truncated or incomplete.
#
#  Out of Memory Error (arena.cpp:168), pid=14640, tid=11160
#
# JRE version: Java(TM) SE Runtime Environment (21.0.2+13) (build 21.0.2+13-LTS-58)
# Java VM: Java HotSpot(TM) 64-Bit Server VM (21.0.2+13-LTS-58, mixed mode, sharing, tiered, compressed oops, compressed class ptrs, g1 gc, windows-amd64)
# No core dump will be written. Minidumps are not enabled by default on client versions of Windows
#

---------------  S U M M A R Y ------------

Command Line: -javaagent:C:\Program Files\JetBrains\IntelliJ IDEA Community Edition 2023.2.2\lib\idea_rt.jar=61612:C:\Program Files\JetBrains\IntelliJ IDEA Community Edition 2023.2.2\bin -Dfile.encoding=UTF-8 -Dsun.stdout.encoding=UTF-8 -Dsun.stderr.encoding=UTF-8 com.algaworks.algafood.AlgafoodApiApplication

Host: Intel(R) Core(TM) i3-10100T CPU @ 3.00GHz, 8 cores, 15G,  Windows 11 , 64 bit Build 22621 (10.0.22621.4391)
Time: Tue Jan  7 14:05:40 2025 Hora oficial do Brasil elapsed time: 2.044225 seconds (0d 0h 0m 2s)

---------------  T H R E A D  ---------------

Current thread (0x0000020e7c87d740):  JavaThread "C2 CompilerThread0" daemon [_thread_in_native, id=11160, stack(0x0000005969d00000,0x0000005969e00000) (1024K)]


Current CompileTask:
C2:   2044 2275   !   4       jdk.internal.loader.BuiltinClassLoader::loadClassOrNull (143 bytes)

Stack: [0x0000005969d00000,0x0000005969e00000]
Native frames: (J=compiled Java code, j=interpreted, Vv=VM code, C=native code)
V  [jvm.dll+0x6cade9]
V  [jvm.dll+0x8569c1]
V  [jvm.dll+0x858d2e]
V  [jvm.dll+0x859413]
V  [jvm.dll+0x280e56]
V  [jvm.dll+0xc3f3d]
V  [jvm.dll+0xc4473]
V  [jvm.dll+0x3b5bf2]
V  [jvm.dll+0x382855]
V  [jvm.dll+0x381cca]
V  [jvm.dll+0x249bd0]
V  [jvm.dll+0x2491b1]
V  [jvm.dll+0x1c9634]
V  [jvm.dll+0x258859]
V  [jvm.dll+0x256e3a]
V  [jvm.dll+0x3ef6c6]
V  [jvm.dll+0x7ff568]
V  [jvm.dll+0x6c953d]
C  [ucrtbase.dll+0x29333]
C  [KERNEL32.DLL+0x1259d]
C  [ntdll.dll+0x5af38]


---------------  P R O C E S S  ---------------

Threads class SMR info:
_java_thread_list=0x0000020e7d41e5f0, length=17, elements={
0x0000020e5d791960, 0x0000020e7c867840, 0x0000020e7c868760, 0x0000020e7c86b8a0,
0x0000020e7c86d6c0, 0x0000020e7c870230, 0x0000020e7c870c90, 0x0000020e7c87d740,
0x0000020e7c89e1f0, 0x0000020e7cacbfb0, 0x0000020e7cc33040, 0x0000020e7cddaf10,
0x0000020e7cd83010, 0x0000020e7d1f0df0, 0x0000020e7d5cd4f0, 0x0000020e7d1e0f40,
0x0000020e7d917d00
}

Java Threads: ( => current thread )
  0x0000020e5d791960 JavaThread "main"                              [_thread_blocked, id=20208, stack(0x0000005968f00000,0x0000005969000000) (1024K)]
  0x0000020e7c867840 JavaThread "Reference Handler"          daemon [_thread_blocked, id=17900, stack(0x0000005969700000,0x0000005969800000) (1024K)]
  0x0000020e7c868760 JavaThread "Finalizer"                  daemon [_thread_blocked, id=7820, stack(0x0000005969800000,0x0000005969900000) (1024K)]
  0x0000020e7c86b8a0 JavaThread "Signal Dispatcher"          daemon [_thread_blocked, id=8908, stack(0x0000005969900000,0x0000005969a00000) (1024K)]
  0x0000020e7c86d6c0 JavaThread "Attach Listener"            daemon [_thread_blocked, id=14500, stack(0x0000005969a00000,0x0000005969b00000) (1024K)]
  0x0000020e7c870230 JavaThread "Service Thread"             daemon [_thread_blocked, id=13364, stack(0x0000005969b00000,0x0000005969c00000) (1024K)]
  0x0000020e7c870c90 JavaThread "Monitor Deflation Thread"   daemon [_thread_blocked, id=6596, stack(0x0000005969c00000,0x0000005969d00000) (1024K)]
=>0x0000020e7c87d740 JavaThread "C2 CompilerThread0"         daemon [_thread_in_native, id=11160, stack(0x0000005969d00000,0x0000005969e00000) (1024K)]
  0x0000020e7c89e1f0 JavaThread "C1 CompilerThread0"         daemon [_thread_in_vm, id=8912, stack(0x0000005969e00000,0x0000005969f00000) (1024K)]
  0x0000020e7cacbfb0 JavaThread "Common-Cleaner"             daemon [_thread_blocked, id=13276, stack(0x0000005969f00000,0x000000596a000000) (1024K)]
  0x0000020e7cc33040 JavaThread "C2 CompilerThread1"         daemon [_thread_in_native, id=20120, stack(0x000000596a000000,0x000000596a100000) (1024K)]
  0x0000020e7cddaf10 JavaThread "Monitor Ctrl-Break"         daemon [_thread_in_native, id=13292, stack(0x000000596a100000,0x000000596a200000) (1024K)]
  0x0000020e7cd83010 JavaThread "Notification Thread"        daemon [_thread_blocked, id=19040, stack(0x000000596a200000,0x000000596a300000) (1024K)]
  0x0000020e7d1f0df0 JavaThread "Thread-0"                          [_thread_blocked, id=11520, stack(0x000000596a300000,0x000000596a400000) (1024K)]
  0x0000020e7d5cd4f0 JavaThread "restartedMain"                     [_thread_in_Java, id=18684, stack(0x000000596a400000,0x000000596a500000) (1024K)]
  0x0000020e7d1e0f40 JavaThread "background-preinit"                [_thread_in_vm, id=19212, stack(0x000000596a500000,0x000000596a600000) (1024K)]
  0x0000020e7d917d00 JavaThread "C2 CompilerThread2"         daemon [_thread_in_native, id=18476, stack(0x000000596ad00000,0x000000596ae00000) (1024K)]
Total: 17

Other Threads:
  0x0000020e7c84a9d0 VMThread "VM Thread"                           [id=18704, stack(0x0000005969600000,0x0000005969700000) (1024K)]
  0x0000020e7c834f20 WatcherThread "VM Periodic Task Thread"        [id=20316, stack(0x0000005969500000,0x0000005969600000) (1024K)]
  0x0000020e5d7f9770 WorkerThread "GC Thread#0"                     [id=2116, stack(0x0000005969000000,0x0000005969100000) (1024K)]
  0x0000020e7d8fe0a0 WorkerThread "GC Thread#1"                     [id=3212, stack(0x000000596a600000,0x000000596a700000) (1024K)]
  0x0000020e7d90d590 WorkerThread "GC Thread#2"                     [id=18628, stack(0x000000596a700000,0x000000596a800000) (1024K)]
  0x0000020e7d4248e0 WorkerThread "GC Thread#3"                     [id=20688, stack(0x000000596a800000,0x000000596a900000) (1024K)]
  0x0000020e7d424c80 WorkerThread "GC Thread#4"                     [id=8992, stack(0x000000596a900000,0x000000596aa00000) (1024K)]
  0x0000020e7d8982a0 WorkerThread "GC Thread#5"                     [id=14964, stack(0x000000596aa00000,0x000000596ab00000) (1024K)]
  0x0000020e7d898ec0 WorkerThread "GC Thread#6"                     [id=1352, stack(0x000000596ab00000,0x000000596ac00000) (1024K)]
  0x0000020e7d8996e0 WorkerThread "GC Thread#7"                     [id=8484, stack(0x000000596ac00000,0x000000596ad00000) (1024K)]
  0x0000020e5d80ad20 ConcurrentGCThread "G1 Main Marker"            [id=4676, stack(0x0000005969100000,0x0000005969200000) (1024K)]
  0x0000020e5d80bfd0 WorkerThread "G1 Conc#0"                       [id=20452, stack(0x0000005969200000,0x0000005969300000) (1024K)]
  0x0000020e7dd94a40 WorkerThread "G1 Conc#1"                       [id=15272, stack(0x000000596ae00000,0x000000596af00000) (1024K)]
  0x0000020e5d84e680 ConcurrentGCThread "G1 Refine#0"               [id=18660, stack(0x0000005969300000,0x0000005969400000) (1024K)]
  0x0000020e7c7023e0 ConcurrentGCThread "G1 Service"                [id=18764, stack(0x0000005969400000,0x0000005969500000) (1024K)]
Total: 15

Threads with active compile tasks:
C2 CompilerThread0     2080 2275   !   4       jdk.internal.loader.BuiltinClassLoader::loadClassOrNull (143 bytes)
C1 CompilerThread0     2080 2611       3       java.util.ImmutableCollections$List12::<init> (20 bytes)
C2 CompilerThread1     2080 2608       4       jdk.internal.util.xml.impl.Parser::del (40 bytes)
C2 CompilerThread2     2080 2356   !   4       org.apache.tomcat.util.IntrospectionUtils::setProperty (736 bytes)
Total: 4

VM state: not at safepoint (normal execution)

VM Mutex/Monitor currently owned by a thread: None

Heap address: 0x0000000703e00000, size: 4034 MB, Compressed Oops mode: Zero based, Oop shift amount: 3

CDS archive(s) mapped at: [0x0000020e00000000-0x0000020e00c90000-0x0000020e00c90000), size 13172736, SharedBaseAddress: 0x0000020e00000000, ArchiveRelocationMode: 1.
Compressed class space mapped at: 0x0000020e01000000-0x0000020e41000000, reserved size: 1073741824
Narrow klass base: 0x0000020e00000000, Narrow klass shift: 0, Narrow klass range: 0x100000000

GC Precious Log:
 CardTable entry size: 512
 Card Set container configuration: InlinePtr #cards 4 size 8 Array Of Cards #cards 16 size 48 Howl #buckets 8 coarsen threshold 3686 Howl Bitmap #cards 512 size 80 coarsen threshold 460 Card regions per heap region 1 cards per card region 4096
 CPUs: 8 total, 8 available
 Memory: 16130M
 Large Page Support: Disabled
 NUMA Support: Disabled
 Compressed Oops: Enabled (Zero based)
 Heap Region Size: 2M
 Heap Min Capacity: 8M
 Heap Initial Capacity: 254M
 Heap Max Capacity: 4034M
 Pre-touch: Disabled
 Parallel Workers: 8
 Concurrent Workers: 2
 Concurrent Refinement Workers: 8
 Periodic GC: Disabled

Heap:
 garbage-first heap   total 260096K, used 14232K [0x0000000703e00000, 0x0000000800000000)
  region size 2048K, 5 young (10240K), 3 survivors (6144K)
 Metaspace       used 21193K, committed 21568K, reserved 1114112K
  class space    used 2575K, committed 2752K, reserved 1048576K

Heap Regions: E=young(eden), S=young(survivor), O=old, HS=humongous(starts), HC=humongous(continues), CS=collection set, F=free, TAMS=top-at-mark-start, PB=parsable bottom
|   0|0x0000000703e00000, 0x0000000704000000, 0x0000000704000000|100%| O|  |TAMS 0x0000000704000000| PB 0x0000000703e00000| Untracked 
|   1|0x0000000704000000, 0x0000000704200000, 0x0000000704200000|100%| O|  |TAMS 0x0000000704200000| PB 0x0000000704000000| Untracked 
|   2|0x0000000704200000, 0x0000000704400000, 0x0000000704400000|100%| O|  |TAMS 0x0000000704400000| PB 0x0000000704200000| Untracked 
|   3|0x0000000704400000, 0x00000007044709e8, 0x0000000704600000| 21%| O|  |TAMS 0x00000007044709e8| PB 0x0000000704400000| Untracked 
|   4|0x0000000704600000, 0x0000000704600000, 0x0000000704800000|  0%| F|  |TAMS 0x0000000704600000| PB 0x0000000704600000| Untracked 
|   5|0x0000000704800000, 0x0000000704800000, 0x0000000704a00000|  0%| F|  |TAMS 0x0000000704800000| PB 0x0000000704800000| Untracked 
|   6|0x0000000704a00000, 0x0000000704a00000, 0x0000000704c00000|  0%| F|  |TAMS 0x0000000704a00000| PB 0x0000000704a00000| Untracked 
|   7|0x0000000704c00000, 0x0000000704c00000, 0x0000000704e00000|  0%| F|  |TAMS 0x0000000704c00000| PB 0x0000000704c00000| Untracked 
|   8|0x0000000704e00000, 0x0000000704e00000, 0x0000000705000000|  0%| F|  |TAMS 0x0000000704e00000| PB 0x0000000704e00000| Untracked 
|   9|0x0000000705000000, 0x0000000705000000, 0x0000000705200000|  0%| F|  |TAMS 0x0000000705000000| PB 0x0000000705000000| Untracked 
|  10|0x0000000705200000, 0x0000000705200000, 0x0000000705400000|  0%| F|  |TAMS 0x0000000705200000| PB 0x0000000705200000| Untracked 
|  11|0x0000000705400000, 0x0000000705400000, 0x0000000705600000|  0%| F|  |TAMS 0x0000000705400000| PB 0x0000000705400000| Untracked 
|  12|0x0000000705600000, 0x0000000705600000, 0x0000000705800000|  0%| F|  |TAMS 0x0000000705600000| PB 0x0000000705600000| Untracked 
|  13|0x0000000705800000, 0x0000000705800000, 0x0000000705a00000|  0%| F|  |TAMS 0x0000000705800000| PB 0x0000000705800000| Untracked 
|  14|0x0000000705a00000, 0x0000000705a00000, 0x0000000705c00000|  0%| F|  |TAMS 0x0000000705a00000| PB 0x0000000705a00000| Untracked 
|  15|0x0000000705c00000, 0x0000000705c00000, 0x0000000705e00000|  0%| F|  |TAMS 0x0000000705c00000| PB 0x0000000705c00000| Untracked 
|  16|0x0000000705e00000, 0x0000000705e00000, 0x0000000706000000|  0%| F|  |TAMS 0x0000000705e00000| PB 0x0000000705e00000| Untracked 
|  17|0x0000000706000000, 0x0000000706000000, 0x0000000706200000|  0%| F|  |TAMS 0x0000000706000000| PB 0x0000000706000000| Untracked 
|  18|0x0000000706200000, 0x0000000706200000, 0x0000000706400000|  0%| F|  |TAMS 0x0000000706200000| PB 0x0000000706200000| Untracked 
|  19|0x0000000706400000, 0x0000000706400000, 0x0000000706600000|  0%| F|  |TAMS 0x0000000706400000| PB 0x0000000706400000| Untracked 
|  20|0x0000000706600000, 0x0000000706600000, 0x0000000706800000|  0%| F|  |TAMS 0x0000000706600000| PB 0x0000000706600000| Untracked 
|  21|0x0000000706800000, 0x0000000706800000, 0x0000000706a00000|  0%| F|  |TAMS 0x0000000706800000| PB 0x0000000706800000| Untracked 
|  22|0x0000000706a00000, 0x0000000706a00000, 0x0000000706c00000|  0%| F|  |TAMS 0x0000000706a00000| PB 0x0000000706a00000| Untracked 
|  23|0x0000000706c00000, 0x0000000706c00000, 0x0000000706e00000|  0%| F|  |TAMS 0x0000000706c00000| PB 0x0000000706c00000| Untracked 
|  24|0x0000000706e00000, 0x0000000706e00000, 0x0000000707000000|  0%| F|  |TAMS 0x0000000706e00000| PB 0x0000000706e00000| Untracked 
|  25|0x0000000707000000, 0x0000000707000000, 0x0000000707200000|  0%| F|  |TAMS 0x0000000707000000| PB 0x0000000707000000| Untracked 
|  26|0x0000000707200000, 0x0000000707200000, 0x0000000707400000|  0%| F|  |TAMS 0x0000000707200000| PB 0x0000000707200000| Untracked 
|  27|0x0000000707400000, 0x0000000707400000, 0x0000000707600000|  0%| F|  |TAMS 0x0000000707400000| PB 0x0000000707400000| Untracked 
|  28|0x0000000707600000, 0x0000000707600000, 0x0000000707800000|  0%| F|  |TAMS 0x0000000707600000| PB 0x0000000707600000| Untracked 
|  29|0x0000000707800000, 0x0000000707800000, 0x0000000707a00000|  0%| F|  |TAMS 0x0000000707800000| PB 0x0000000707800000| Untracked 
|  30|0x0000000707a00000, 0x0000000707a00000, 0x0000000707c00000|  0%| F|  |TAMS 0x0000000707a00000| PB 0x0000000707a00000| Untracked 
|  31|0x0000000707c00000, 0x0000000707c00000, 0x0000000707e00000|  0%| F|  |TAMS 0x0000000707c00000| PB 0x0000000707c00000| Untracked 
|  32|0x0000000707e00000, 0x0000000707e00000, 0x0000000708000000|  0%| F|  |TAMS 0x0000000707e00000| PB 0x0000000707e00000| Untracked 
|  33|0x0000000708000000, 0x0000000708000000, 0x0000000708200000|  0%| F|  |TAMS 0x0000000708000000| PB 0x0000000708000000| Untracked 
|  34|0x0000000708200000, 0x0000000708200000, 0x0000000708400000|  0%| F|  |TAMS 0x0000000708200000| PB 0x0000000708200000| Untracked 
|  35|0x0000000708400000, 0x0000000708400000, 0x0000000708600000|  0%| F|  |TAMS 0x0000000708400000| PB 0x0000000708400000| Untracked 
|  36|0x0000000708600000, 0x0000000708600000, 0x0000000708800000|  0%| F|  |TAMS 0x0000000708600000| PB 0x0000000708600000| Untracked 
|  37|0x0000000708800000, 0x0000000708800000, 0x0000000708a00000|  0%| F|  |TAMS 0x0000000708800000| PB 0x0000000708800000| Untracked 
|  38|0x0000000708a00000, 0x0000000708a00000, 0x0000000708c00000|  0%| F|  |TAMS 0x0000000708a00000| PB 0x0000000708a00000| Untracked 
|  39|0x0000000708c00000, 0x0000000708c00000, 0x0000000708e00000|  0%| F|  |TAMS 0x0000000708c00000| PB 0x0000000708c00000| Untracked 
|  40|0x0000000708e00000, 0x0000000708e00000, 0x0000000709000000|  0%| F|  |TAMS 0x0000000708e00000| PB 0x0000000708e00000| Untracked 
|  41|0x0000000709000000, 0x0000000709000000, 0x0000000709200000|  0%| F|  |TAMS 0x0000000709000000| PB 0x0000000709000000| Untracked 
|  42|0x0000000709200000, 0x0000000709200000, 0x0000000709400000|  0%| F|  |TAMS 0x0000000709200000| PB 0x0000000709200000| Untracked 
|  43|0x0000000709400000, 0x0000000709400000, 0x0000000709600000|  0%| F|  |TAMS 0x0000000709400000| PB 0x0000000709400000| Untracked 
|  44|0x0000000709600000, 0x0000000709600000, 0x0000000709800000|  0%| F|  |TAMS 0x0000000709600000| PB 0x0000000709600000| Untracked 
|  45|0x0000000709800000, 0x0000000709800000, 0x0000000709a00000|  0%| F|  |TAMS 0x0000000709800000| PB 0x0000000709800000| Untracked 
|  46|0x0000000709a00000, 0x0000000709a00000, 0x0000000709c00000|  0%| F|  |TAMS 0x0000000709a00000| PB 0x0000000709a00000| Untracked 
|  47|0x0000000709c00000, 0x0000000709c00000, 0x0000000709e00000|  0%| F|  |TAMS 0x0000000709c00000| PB 0x0000000709c00000| Untracked 
|  48|0x0000000709e00000, 0x0000000709e00000, 0x000000070a000000|  0%| F|  |TAMS 0x0000000709e00000| PB 0x0000000709e00000| Untracked 
|  49|0x000000070a000000, 0x000000070a000000, 0x000000070a200000|  0%| F|  |TAMS 0x000000070a000000| PB 0x000000070a000000| Untracked 
|  50|0x000000070a200000, 0x000000070a200000, 0x000000070a400000|  0%| F|  |TAMS 0x000000070a200000| PB 0x000000070a200000| Untracked 
|  51|0x000000070a400000, 0x000000070a400000, 0x000000070a600000|  0%| F|  |TAMS 0x000000070a400000| PB 0x000000070a400000| Untracked 
|  52|0x000000070a600000, 0x000000070a600000, 0x000000070a800000|  0%| F|  |TAMS 0x000000070a600000| PB 0x000000070a600000| Untracked 
|  53|0x000000070a800000, 0x000000070a800000, 0x000000070aa00000|  0%| F|  |TAMS 0x000000070a800000| PB 0x000000070a800000| Untracked 
|  54|0x000000070aa00000, 0x000000070aa00000, 0x000000070ac00000|  0%| F|  |TAMS 0x000000070aa00000| PB 0x000000070aa00000| Untracked 
|  55|0x000000070ac00000, 0x000000070ac00000, 0x000000070ae00000|  0%| F|  |TAMS 0x000000070ac00000| PB 0x000000070ac00000| Untracked 
|  56|0x000000070ae00000, 0x000000070ae00000, 0x000000070b000000|  0%| F|  |TAMS 0x000000070ae00000| PB 0x000000070ae00000| Untracked 
|  57|0x000000070b000000, 0x000000070b000000, 0x000000070b200000|  0%| F|  |TAMS 0x000000070b000000| PB 0x000000070b000000| Untracked 
|  58|0x000000070b200000, 0x000000070b200000, 0x000000070b400000|  0%| F|  |TAMS 0x000000070b200000| PB 0x000000070b200000| Untracked 
|  59|0x000000070b400000, 0x000000070b400000, 0x000000070b600000|  0%| F|  |TAMS 0x000000070b400000| PB 0x000000070b400000| Untracked 
|  60|0x000000070b600000, 0x000000070b600000, 0x000000070b800000|  0%| F|  |TAMS 0x000000070b600000| PB 0x000000070b600000| Untracked 
|  61|0x000000070b800000, 0x000000070b800000, 0x000000070ba00000|  0%| F|  |TAMS 0x000000070b800000| PB 0x000000070b800000| Untracked 
|  62|0x000000070ba00000, 0x000000070ba00000, 0x000000070bc00000|  0%| F|  |TAMS 0x000000070ba00000| PB 0x000000070ba00000| Untracked 
|  63|0x000000070bc00000, 0x000000070bc00000, 0x000000070be00000|  0%| F|  |TAMS 0x000000070bc00000| PB 0x000000070bc00000| Untracked 
|  64|0x000000070be00000, 0x000000070be00000, 0x000000070c000000|  0%| F|  |TAMS 0x000000070be00000| PB 0x000000070be00000| Untracked 
|  65|0x000000070c000000, 0x000000070c000000, 0x000000070c200000|  0%| F|  |TAMS 0x000000070c000000| PB 0x000000070c000000| Untracked 
|  66|0x000000070c200000, 0x000000070c200000, 0x000000070c400000|  0%| F|  |TAMS 0x000000070c200000| PB 0x000000070c200000| Untracked 
|  67|0x000000070c400000, 0x000000070c400000, 0x000000070c600000|  0%| F|  |TAMS 0x000000070c400000| PB 0x000000070c400000| Untracked 
|  68|0x000000070c600000, 0x000000070c600000, 0x000000070c800000|  0%| F|  |TAMS 0x000000070c600000| PB 0x000000070c600000| Untracked 
|  69|0x000000070c800000, 0x000000070c800000, 0x000000070ca00000|  0%| F|  |TAMS 0x000000070c800000| PB 0x000000070c800000| Untracked 
|  70|0x000000070ca00000, 0x000000070ca00000, 0x000000070cc00000|  0%| F|  |TAMS 0x000000070ca00000| PB 0x000000070ca00000| Untracked 
|  71|0x000000070cc00000, 0x000000070cc00000, 0x000000070ce00000|  0%| F|  |TAMS 0x000000070cc00000| PB 0x000000070cc00000| Untracked 
|  72|0x000000070ce00000, 0x000000070ce00000, 0x000000070d000000|  0%| F|  |TAMS 0x000000070ce00000| PB 0x000000070ce00000| Untracked 
|  73|0x000000070d000000, 0x000000070d000000, 0x000000070d200000|  0%| F|  |TAMS 0x000000070d000000| PB 0x000000070d000000| Untracked 
|  74|0x000000070d200000, 0x000000070d200000, 0x000000070d400000|  0%| F|  |TAMS 0x000000070d200000| PB 0x000000070d200000| Untracked 
|  75|0x000000070d400000, 0x000000070d400000, 0x000000070d600000|  0%| F|  |TAMS 0x000000070d400000| PB 0x000000070d400000| Untracked 
|  76|0x000000070d600000, 0x000000070d600000, 0x000000070d800000|  0%| F|  |TAMS 0x000000070d600000| PB 0x000000070d600000| Untracked 
|  77|0x000000070d800000, 0x000000070d800000, 0x000000070da00000|  0%| F|  |TAMS 0x000000070d800000| PB 0x000000070d800000| Untracked 
|  78|0x000000070da00000, 0x000000070da00000, 0x000000070dc00000|  0%| F|  |TAMS 0x000000070da00000| PB 0x000000070da00000| Untracked 
|  79|0x000000070dc00000, 0x000000070dc00000, 0x000000070de00000|  0%| F|  |TAMS 0x000000070dc00000| PB 0x000000070dc00000| Untracked 
|  80|0x000000070de00000, 0x000000070de00000, 0x000000070e000000|  0%| F|  |TAMS 0x000000070de00000| PB 0x000000070de00000| Untracked 
|  81|0x000000070e000000, 0x000000070e000000, 0x000000070e200000|  0%| F|  |TAMS 0x000000070e000000| PB 0x000000070e000000| Untracked 
|  82|0x000000070e200000, 0x000000070e200000, 0x000000070e400000|  0%| F|  |TAMS 0x000000070e200000| PB 0x000000070e200000| Untracked 
|  83|0x000000070e400000, 0x000000070e400000, 0x000000070e600000|  0%| F|  |TAMS 0x000000070e400000| PB 0x000000070e400000| Untracked 
|  84|0x000000070e600000, 0x000000070e600000, 0x000000070e800000|  0%| F|  |TAMS 0x000000070e600000| PB 0x000000070e600000| Untracked 
|  85|0x000000070e800000, 0x000000070e800000, 0x000000070ea00000|  0%| F|  |TAMS 0x000000070e800000| PB 0x000000070e800000| Untracked 
|  86|0x000000070ea00000, 0x000000070ea00000, 0x000000070ec00000|  0%| F|  |TAMS 0x000000070ea00000| PB 0x000000070ea00000| Untracked 
|  87|0x000000070ec00000, 0x000000070ec00000, 0x000000070ee00000|  0%| F|  |TAMS 0x000000070ec00000| PB 0x000000070ec00000| Untracked 
|  88|0x000000070ee00000, 0x000000070ee00000, 0x000000070f000000|  0%| F|  |TAMS 0x000000070ee00000| PB 0x000000070ee00000| Untracked 
|  89|0x000000070f000000, 0x000000070f000000, 0x000000070f200000|  0%| F|  |TAMS 0x000000070f000000| PB 0x000000070f000000| Untracked 
|  90|0x000000070f200000, 0x000000070f200000, 0x000000070f400000|  0%| F|  |TAMS 0x000000070f200000| PB 0x000000070f200000| Untracked 
|  91|0x000000070f400000, 0x000000070f400000, 0x000000070f600000|  0%| F|  |TAMS 0x000000070f400000| PB 0x000000070f400000| Untracked 
|  92|0x000000070f600000, 0x000000070f600000, 0x000000070f800000|  0%| F|  |TAMS 0x000000070f600000| PB 0x000000070f600000| Untracked 
|  93|0x000000070f800000, 0x000000070f800000, 0x000000070fa00000|  0%| F|  |TAMS 0x000000070f800000| PB 0x000000070f800000| Untracked 
|  94|0x000000070fa00000, 0x000000070fa00000, 0x000000070fc00000|  0%| F|  |TAMS 0x000000070fa00000| PB 0x000000070fa00000| Untracked 
|  95|0x000000070fc00000, 0x000000070fc00000, 0x000000070fe00000|  0%| F|  |TAMS 0x000000070fc00000| PB 0x000000070fc00000| Untracked 
|  96|0x000000070fe00000, 0x000000070fe00000, 0x0000000710000000|  0%| F|  |TAMS 0x000000070fe00000| PB 0x000000070fe00000| Untracked 
|  97|0x0000000710000000, 0x0000000710000000, 0x0000000710200000|  0%| F|  |TAMS 0x0000000710000000| PB 0x0000000710000000| Untracked 
|  98|0x0000000710200000, 0x0000000710200000, 0x0000000710400000|  0%| F|  |TAMS 0x0000000710200000| PB 0x0000000710200000| Untracked 
|  99|0x0000000710400000, 0x0000000710400000, 0x0000000710600000|  0%| F|  |TAMS 0x0000000710400000| PB 0x0000000710400000| Untracked 
| 100|0x0000000710600000, 0x0000000710600000, 0x0000000710800000|  0%| F|  |TAMS 0x0000000710600000| PB 0x0000000710600000| Untracked 
| 101|0x0000000710800000, 0x0000000710800000, 0x0000000710a00000|  0%| F|  |TAMS 0x0000000710800000| PB 0x0000000710800000| Untracked 
| 102|0x0000000710a00000, 0x0000000710a00000, 0x0000000710c00000|  0%| F|  |TAMS 0x0000000710a00000| PB 0x0000000710a00000| Untracked 
| 103|0x0000000710c00000, 0x0000000710c00000, 0x0000000710e00000|  0%| F|  |TAMS 0x0000000710c00000| PB 0x0000000710c00000| Untracked 
| 104|0x0000000710e00000, 0x0000000710f75838, 0x0000000711000000| 72%| S|CS|TAMS 0x0000000710e00000| PB 0x0000000710e00000| Complete 
| 105|0x0000000711000000, 0x0000000711200000, 0x0000000711200000|100%| S|CS|TAMS 0x0000000711000000| PB 0x0000000711000000| Complete 
| 106|0x0000000711200000, 0x0000000711400000, 0x0000000711400000|100%| S|CS|TAMS 0x0000000711200000| PB 0x0000000711200000| Complete 
| 107|0x0000000711400000, 0x0000000711400000, 0x0000000711600000|  0%| F|  |TAMS 0x0000000711400000| PB 0x0000000711400000| Untracked 
| 108|0x0000000711600000, 0x0000000711600000, 0x0000000711800000|  0%| F|  |TAMS 0x0000000711600000| PB 0x0000000711600000| Untracked 
| 109|0x0000000711800000, 0x0000000711800000, 0x0000000711a00000|  0%| F|  |TAMS 0x0000000711800000| PB 0x0000000711800000| Untracked 
| 110|0x0000000711a00000, 0x0000000711a00000, 0x0000000711c00000|  0%| F|  |TAMS 0x0000000711a00000| PB 0x0000000711a00000| Untracked 
| 111|0x0000000711c00000, 0x0000000711c00000, 0x0000000711e00000|  0%| F|  |TAMS 0x0000000711c00000| PB 0x0000000711c00000| Untracked 
| 112|0x0000000711e00000, 0x0000000711e00000, 0x0000000712000000|  0%| F|  |TAMS 0x0000000711e00000| PB 0x0000000711e00000| Untracked 
| 113|0x0000000712000000, 0x0000000712000000, 0x0000000712200000|  0%| F|  |TAMS 0x0000000712000000| PB 0x0000000712000000| Untracked 
| 114|0x0000000712200000, 0x0000000712200000, 0x0000000712400000|  0%| F|  |TAMS 0x0000000712200000| PB 0x0000000712200000| Untracked 
| 115|0x0000000712400000, 0x0000000712400000, 0x0000000712600000|  0%| F|  |TAMS 0x0000000712400000| PB 0x0000000712400000| Untracked 
| 116|0x0000000712600000, 0x0000000712600000, 0x0000000712800000|  0%| F|  |TAMS 0x0000000712600000| PB 0x0000000712600000| Untracked 
| 117|0x0000000712800000, 0x0000000712800000, 0x0000000712a00000|  0%| F|  |TAMS 0x0000000712800000| PB 0x0000000712800000| Untracked 
| 118|0x0000000712a00000, 0x0000000712a00000, 0x0000000712c00000|  0%| F|  |TAMS 0x0000000712a00000| PB 0x0000000712a00000| Untracked 
| 119|0x0000000712c00000, 0x0000000712c00000, 0x0000000712e00000|  0%| F|  |TAMS 0x0000000712c00000| PB 0x0000000712c00000| Untracked 
| 120|0x0000000712e00000, 0x0000000712e00000, 0x0000000713000000|  0%| F|  |TAMS 0x0000000712e00000| PB 0x0000000712e00000| Untracked 
| 121|0x0000000713000000, 0x0000000713000000, 0x0000000713200000|  0%| F|  |TAMS 0x0000000713000000| PB 0x0000000713000000| Untracked 
| 122|0x0000000713200000, 0x0000000713200000, 0x0000000713400000|  0%| F|  |TAMS 0x0000000713200000| PB 0x0000000713200000| Untracked 
| 123|0x0000000713400000, 0x0000000713400000, 0x0000000713600000|  0%| F|  |TAMS 0x0000000713400000| PB 0x0000000713400000| Untracked 
| 124|0x0000000713600000, 0x0000000713600000, 0x0000000713800000|  0%| F|  |TAMS 0x0000000713600000| PB 0x0000000713600000| Untracked 
| 125|0x0000000713800000, 0x00000007138f3780, 0x0000000713a00000| 47%| E|  |TAMS 0x0000000713800000| PB 0x0000000713800000| Complete 
| 126|0x0000000713a00000, 0x0000000713c00000, 0x0000000713c00000|100%| E|CS|TAMS 0x0000000713a00000| PB 0x0000000713a00000| Complete 

Card table byte_map: [0x0000020e75720000,0x0000020e75f10000] _byte_map_base: 0x0000020e71f01000

Marking Bits: (CMBitMap*) 0x0000020e5d7fa680
 Bits: [0x0000020e75f10000, 0x0000020e79e18000)

Polling page: 0x0000020e5b6d0000

Metaspace:

Usage:
  Non-class:     18.21 MB used.
      Class:      2.52 MB used.
       Both:     20.73 MB used.

Virtual space:
  Non-class space:       64.00 MB reserved,      18.38 MB ( 29%) committed,  1 nodes.
      Class space:        1.00 GB reserved,       2.69 MB ( <1%) committed,  1 nodes.
             Both:        1.06 GB reserved,      21.06 MB (  2%) committed. 

Chunk freelists:
   Non-Class:  12.92 MB
       Class:  13.19 MB
        Both:  26.10 MB

MaxMetaspaceSize: unlimited
CompressedClassSpaceSize: 1.00 GB
Initial GC threshold: 21.00 MB
Current GC threshold: 21.31 MB
CDS: on
 - commit_granule_bytes: 65536.
 - commit_granule_words: 8192.
 - virtual_space_node_default_size: 8388608.
 - enlarge_chunks_in_place: 1.
 - use_allocation_guard: 0.


Internal statistics:

num_allocs_failed_limit: 3.
num_arena_births: 264.
num_arena_deaths: 0.
num_vsnodes_births: 2.
num_vsnodes_deaths: 0.
num_space_committed: 337.
num_space_uncommitted: 0.
num_chunks_returned_to_freelist: 3.
num_chunks_taken_from_freelist: 892.
num_chunk_merges: 0.
num_chunk_splits: 613.
num_chunks_enlarged: 492.
num_inconsistent_stats: 0.

CodeHeap 'non-profiled nmethods': size=120000Kb used=1056Kb max_used=1056Kb free=118943Kb
 bounds [0x0000020e6d6c0000, 0x0000020e6d930000, 0x0000020e74bf0000]
CodeHeap 'profiled nmethods': size=120000Kb used=5565Kb max_used=5565Kb free=114434Kb
 bounds [0x0000020e65bf0000, 0x0000020e66160000, 0x0000020e6d120000]
CodeHeap 'non-nmethods': size=5760Kb used=1427Kb max_used=1481Kb free=4332Kb
 bounds [0x0000020e6d120000, 0x0000020e6d390000, 0x0000020e6d6c0000]
 total_blobs=3142 nmethods=2622 adapters=424
 compilation: enabled
              stopped_count=0, restarted_count=0
 full_count=0

Compilation events (20 events):
Event: 2.025 Thread 0x0000020e7cc33040 2508       4       java.util.WeakHashMap::maskNull (12 bytes)
Event: 2.026 Thread 0x0000020e7cc33040 nmethod 2508 0x0000020e6d7bf490 code [0x0000020e6d7bf620, 0x0000020e6d7bf6a8]
Event: 2.026 Thread 0x0000020e7cc33040 2485       4       jdk.internal.module.SystemModuleFinders$SystemModuleReader::containsImageLocation (42 bytes)
Event: 2.030 Thread 0x0000020e7c89e1f0 2522       3       java.util.TreeMap::getEntryUsingComparator (74 bytes)
Event: 2.030 Thread 0x0000020e7c89e1f0 nmethod 2522 0x0000020e66117390 code [0x0000020e66117560, 0x0000020e66117928]
Event: 2.033 Thread 0x0000020e7c89e1f0 2525       3       java.lang.CharacterDataLatin1::isWhitespace (23 bytes)
Event: 2.033 Thread 0x0000020e7c89e1f0 nmethod 2525 0x0000020e66117a90 code [0x0000020e66117c40, 0x0000020e66117e40]
Event: 2.034 Thread 0x0000020e7c89e1f0 2526   !   3       org.springframework.util.ClassUtils::forName (247 bytes)
Event: 2.037 Thread 0x0000020e7c89e1f0 nmethod 2526 0x0000020e66117f90 code [0x0000020e66118540, 0x0000020e6611ac38]
Event: 2.037 Thread 0x0000020e7c89e1f0 2531       3       jdk.jfr.internal.util.Tokenizer::skipWhitespace (48 bytes)
Event: 2.037 Thread 0x0000020e7c89e1f0 nmethod 2531 0x0000020e6611bb10 code [0x0000020e6611bd60, 0x0000020e6611c6d0]
Event: 2.037 Thread 0x0000020e7c89e1f0 2534       3       org.springframework.util.StringUtils::delimitedListToStringArray (165 bytes)
Event: 2.039 Thread 0x0000020e7c89e1f0 nmethod 2534 0x0000020e6611ca90 code [0x0000020e6611ce80, 0x0000020e6611ee58]
Event: 2.039 Thread 0x0000020e7c89e1f0 2535       3       jdk.jfr.internal.util.Tokenizer::findNext (69 bytes)
Event: 2.040 Thread 0x0000020e7c89e1f0 nmethod 2535 0x0000020e6611f910 code [0x0000020e6611fbc0, 0x0000020e66120810]
Event: 2.040 Thread 0x0000020e7c89e1f0 2536       3       jdk.jfr.internal.util.Tokenizer::next (175 bytes)
Event: 2.041 Thread 0x0000020e7cc33040 nmethod 2485 0x0000020e6d7bf790 code [0x0000020e6d7bf9e0, 0x0000020e6d7c05c8]
Event: 2.041 Thread 0x0000020e7c89e1f0 nmethod 2536 0x0000020e66120d10 code [0x0000020e661210e0, 0x0000020e66122928]
Event: 2.041 Thread 0x0000020e7c89e1f0 2532       3       jdk.jfr.internal.util.Tokenizer::accept (107 bytes)
Event: 2.041 Thread 0x0000020e7cc33040 2521       4       java.util.HashMap::putVal (300 bytes)

GC Heap History (4 events):
Event: 0.850 GC heap before
{Heap before GC invocations=0 (full 0):
 garbage-first heap   total 260096K, used 20480K [0x0000000703e00000, 0x0000000800000000)
  region size 2048K, 11 young (22528K), 0 survivors (0K)
 Metaspace       used 5792K, committed 5952K, reserved 1114112K
  class space    used 624K, committed 704K, reserved 1048576K
}
Event: 0.854 GC heap after
{Heap after GC invocations=1 (full 0):
 garbage-first heap   total 260096K, used 6448K [0x0000000703e00000, 0x0000000800000000)
  region size 2048K, 2 young (4096K), 2 survivors (4096K)
 Metaspace       used 5792K, committed 5952K, reserved 1114112K
  class space    used 624K, committed 704K, reserved 1048576K
}
Event: 1.376 GC heap before
{Heap before GC invocations=1 (full 0):
 garbage-first heap   total 260096K, used 31024K [0x0000000703e00000, 0x0000000800000000)
  region size 2048K, 15 young (30720K), 2 survivors (4096K)
 Metaspace       used 13133K, committed 13312K, reserved 1114112K
  class space    used 1643K, committed 1728K, reserved 1048576K
}
Event: 1.382 GC heap after
{Heap after GC invocations=2 (full 0):
 garbage-first heap   total 260096K, used 8567K [0x0000000703e00000, 0x0000000800000000)
  region size 2048K, 1 young (2048K), 1 survivors (2048K)
 Metaspace       used 13133K, committed 13312K, reserved 1114112K
  class space    used 1643K, committed 1728K, reserved 1048576K
}

Dll operation events (13 events):
Event: 0.018 Loaded shared library C:\Program Files\Java\jdk-21\bin\java.dll
Event: 0.068 Loaded shared library C:\Program Files\Java\jdk-21\bin\jsvml.dll
Event: 0.195 Loaded shared library C:\Program Files\Java\jdk-21\bin\zip.dll
Event: 0.201 Loaded shared library C:\Program Files\Java\jdk-21\bin\instrument.dll
Event: 0.207 Loaded shared library C:\Program Files\Java\jdk-21\bin\net.dll
Event: 0.211 Loaded shared library C:\Program Files\Java\jdk-21\bin\nio.dll
Event: 0.215 Loaded shared library C:\Program Files\Java\jdk-21\bin\zip.dll
Event: 0.328 Loaded shared library C:\Program Files\JetBrains\IntelliJ IDEA Community Edition 2023.2.2\bin\breakgen64.dll
Event: 0.340 Loaded shared library C:\Program Files\Java\jdk-21\bin\extnet.dll
Event: 0.355 Loaded shared library C:\Program Files\Java\jdk-21\bin\verify.dll
Event: 0.359 Loaded shared library C:\Program Files\Java\jdk-21\bin\jimage.dll
Event: 0.639 Loaded shared library C:\Program Files\Java\jdk-21\bin\management.dll
Event: 0.641 Loaded shared library C:\Program Files\Java\jdk-21\bin\management_ext.dll

Deoptimization events (20 events):
Event: 1.965 Thread 0x0000020e7d5cd4f0 Uncommon trap: trap_request=0xffffffbe fr.pc=0x0000020e6d79abd8 relative=0x00000000000009b8
Event: 1.965 Thread 0x0000020e7d5cd4f0 Uncommon trap: reason=profile_predicate action=maybe_recompile pc=0x0000020e6d79abd8 method=org.springframework.util.ConcurrentReferenceHashMap$Segment.restructureIfNecessary(Z)V @ 222 c2
Event: 1.965 Thread 0x0000020e7d5cd4f0 DEOPT PACKING pc=0x0000020e6d79abd8 sp=0x000000596a4fe000
Event: 1.965 Thread 0x0000020e7d5cd4f0 DEOPT UNPACKING pc=0x0000020e6d1746a2 sp=0x000000596a4fdf90 mode 2
Event: 1.969 Thread 0x0000020e7d5cd4f0 Uncommon trap: trap_request=0xffffffbe fr.pc=0x0000020e6d79abd8 relative=0x00000000000009b8
Event: 1.969 Thread 0x0000020e7d5cd4f0 Uncommon trap: reason=profile_predicate action=maybe_recompile pc=0x0000020e6d79abd8 method=org.springframework.util.ConcurrentReferenceHashMap$Segment.restructureIfNecessary(Z)V @ 222 c2
Event: 1.969 Thread 0x0000020e7d5cd4f0 DEOPT PACKING pc=0x0000020e6d79abd8 sp=0x000000596a4fdc70
Event: 1.969 Thread 0x0000020e7d5cd4f0 DEOPT UNPACKING pc=0x0000020e6d1746a2 sp=0x000000596a4fdc00 mode 2
Event: 1.970 Thread 0x0000020e7d5cd4f0 Uncommon trap: trap_request=0xffffffbe fr.pc=0x0000020e6d79abd8 relative=0x00000000000009b8
Event: 1.970 Thread 0x0000020e7d5cd4f0 Uncommon trap: reason=profile_predicate action=maybe_recompile pc=0x0000020e6d79abd8 method=org.springframework.util.ConcurrentReferenceHashMap$Segment.restructureIfNecessary(Z)V @ 222 c2
Event: 1.970 Thread 0x0000020e7d5cd4f0 DEOPT PACKING pc=0x0000020e6d79abd8 sp=0x000000596a4fdc70
Event: 1.970 Thread 0x0000020e7d5cd4f0 DEOPT UNPACKING pc=0x0000020e6d1746a2 sp=0x000000596a4fdc00 mode 2
Event: 1.971 Thread 0x0000020e7d5cd4f0 Uncommon trap: trap_request=0xffffffbe fr.pc=0x0000020e6d79abd8 relative=0x00000000000009b8
Event: 1.971 Thread 0x0000020e7d5cd4f0 Uncommon trap: reason=profile_predicate action=maybe_recompile pc=0x0000020e6d79abd8 method=org.springframework.util.ConcurrentReferenceHashMap$Segment.restructureIfNecessary(Z)V @ 222 c2
Event: 1.971 Thread 0x0000020e7d5cd4f0 DEOPT PACKING pc=0x0000020e6d79abd8 sp=0x000000596a4fdc70
Event: 1.971 Thread 0x0000020e7d5cd4f0 DEOPT UNPACKING pc=0x0000020e6d1746a2 sp=0x000000596a4fdc00 mode 2
Event: 2.033 Thread 0x0000020e7d1e0f40 Uncommon trap: trap_request=0xffffff45 fr.pc=0x0000020e6d724440 relative=0x00000000000000a0
Event: 2.033 Thread 0x0000020e7d1e0f40 Uncommon trap: reason=unstable_if action=reinterpret pc=0x0000020e6d724440 method=java.lang.CharacterDataLatin1.isWhitespace(I)Z @ 14 c2
Event: 2.033 Thread 0x0000020e7d1e0f40 DEOPT PACKING pc=0x0000020e6d724440 sp=0x000000596a5fc220
Event: 2.033 Thread 0x0000020e7d1e0f40 DEOPT UNPACKING pc=0x0000020e6d1746a2 sp=0x000000596a5fc190 mode 2

Classes loaded (20 events):
Event: 2.027 Loading class jdk/jfr/internal/dcmd/DCmdDump
Event: 2.027 Loading class jdk/jfr/internal/dcmd/DCmdDump done
Event: 2.028 Loading class jdk/jfr/internal/dcmd/DCmdCheck
Event: 2.028 Loading class jdk/jfr/internal/dcmd/DCmdCheck done
Event: 2.029 Loading class com/sun/management/internal/DiagnosticCommandImpl$Wrapper
Event: 2.029 Loading class com/sun/management/internal/DiagnosticCommandImpl$Wrapper done
Event: 2.030 Loading class java/lang/StringLatin1$LinesSpliterator
Event: 2.030 Loading class java/lang/StringLatin1$LinesSpliterator done
Event: 2.030 Loading class jdk/jfr/internal/query/ViewPrinter
Event: 2.031 Loading class jdk/jfr/internal/query/ViewPrinter done
Event: 2.031 Loading class jdk/jfr/internal/util/Columnizer
Event: 2.031 Loading class jdk/jfr/internal/util/Columnizer done
Event: 2.031 Loading class jdk/jfr/internal/query/ViewFile
Event: 2.032 Loading class jdk/jfr/internal/query/ViewFile done
Event: 2.033 Loading class jdk/jfr/internal/util/Tokenizer
Event: 2.033 Loading class jdk/jfr/internal/util/Tokenizer done
Event: 2.033 Loading class jdk/jfr/internal/query/ViewFile$ViewConfiguration
Event: 2.033 Loading class jdk/jfr/internal/query/ViewFile$ViewConfiguration done
Event: 2.036 Loading class jdk/jfr/internal/util/Columnizer$Column
Event: 2.037 Loading class jdk/jfr/internal/util/Columnizer$Column done

Classes unloaded (0 events):
No events

Classes redefined (0 events):
No events

Internal exceptions (20 events):
Event: 1.524 Thread 0x0000020e7d5cd4f0 Exception <a 'java/lang/ClassNotFoundException'{0x0000000713709470}: org/springframework/context/ResourceLoaderAwareCustomizer> (0x0000000713709470) 
thrown [s\open\src\hotspot\share\classfile\systemDictionary.cpp, line 312]
Event: 1.525 Thread 0x0000020e7d5cd4f0 Exception <a 'java/lang/ClassNotFoundException'{0x000000071370d970}: org/springframework/beans/factory/AwareCustomizer> (0x000000071370d970) 
thrown [s\open\src\hotspot\share\classfile\systemDictionary.cpp, line 312]
Event: 1.526 Thread 0x0000020e7d5cd4f0 Exception <a 'java/lang/ClassNotFoundException'{0x0000000713710eb0}: org/springframework/beans/factory/BeanClassLoaderAwareCustomizer> (0x0000000713710eb0) 
thrown [s\open\src\hotspot\share\classfile\systemDictionary.cpp, line 312]
Event: 1.526 Thread 0x0000020e7d5cd4f0 Exception <a 'java/lang/ClassNotFoundException'{0x0000000713715398}: org/springframework/beans/factory/AwareCustomizer> (0x0000000713715398) 
thrown [s\open\src\hotspot\share\classfile\systemDictionary.cpp, line 312]
Event: 1.530 Thread 0x0000020e7d5cd4f0 Exception <a 'java/lang/ClassNotFoundException'{0x0000000713718650}: org/springframework/context/EnvironmentAwareCustomizer> (0x0000000713718650) 
thrown [s\open\src\hotspot\share\classfile\systemDictionary.cpp, line 312]
Event: 1.531 Thread 0x0000020e7d5cd4f0 Exception <a 'java/lang/ClassNotFoundException'{0x000000071371caa8}: org/springframework/beans/factory/AwareCustomizer> (0x000000071371caa8) 
thrown [s\open\src\hotspot\share\classfile\systemDictionary.cpp, line 312]
Event: 1.576 Thread 0x0000020e7d5cd4f0 Exception <a 'java/lang/NoSuchMethodError'{0x0000000713215cd0}: 'int java.lang.invoke.DirectMethodHandle$Holder.invokeStatic(java.lang.Object, java.lang.Object, java.lang.Object, java.lang.Object)'> (0x0000000713215cd0) 
thrown [s\open\src\hotspot\share\interpreter\linkResolver.cpp, line 773]
Event: 1.640 Thread 0x0000020e7d1e0f40 Exception <a 'java/lang/NoSuchMethodError'{0x0000000712e06098}: 'long java.lang.invoke.DirectMethodHandle$Holder.invokeSpecial(java.lang.Object, java.lang.Object)'> (0x0000000712e06098) 
thrown [s\open\src\hotspot\share\interpreter\linkResolver.cpp, line 773]
Event: 1.643 Thread 0x0000020e7d1e0f40 Exception <a 'java/lang/NoSuchMethodError'{0x0000000712e0ff60}: 'long java.lang.invoke.DirectMethodHandle$Holder.invokeStatic(java.lang.Object, java.lang.Object)'> (0x0000000712e0ff60) 
thrown [s\open\src\hotspot\share\interpreter\linkResolver.cpp, line 773]
Event: 1.643 Thread 0x0000020e7d1e0f40 Exception <a 'java/lang/NoSuchMethodError'{0x0000000712e132c8}: 'long java.lang.invoke.DirectMethodHandle$Holder.invokeStaticInit(java.lang.Object, java.lang.Object)'> (0x0000000712e132c8) 
thrown [s\open\src\hotspot\share\interpreter\linkResolver.cpp, line 773]
Event: 1.646 Thread 0x0000020e7d1e0f40 Exception <a 'java/lang/NoSuchMethodError'{0x0000000712e1f3f8}: 'long java.lang.invoke.DirectMethodHandle$Holder.invokeInterface(java.lang.Object, java.lang.Object)'> (0x0000000712e1f3f8) 
thrown [s\open\src\hotspot\share\interpreter\linkResolver.cpp, line 773]
Event: 1.647 Thread 0x0000020e7d1e0f40 Exception <a 'java/lang/IncompatibleClassChangeError'{0x0000000712e226a8}: Found class java.lang.Object, but interface was expected> (0x0000000712e226a8) 
thrown [s\open\src\hotspot\share\interpreter\linkResolver.cpp, line 840]
Event: 1.657 Thread 0x0000020e7d1e0f40 Exception <a 'java/lang/NoSuchMethodError'{0x0000000712f13860}: 'java.lang.Object java.lang.invoke.DirectMethodHandle$Holder.invokeVirtual(java.lang.Object, java.lang.Object, java.lang.Object, java.lang.Object)'> (0x0000000712f13860) 
thrown [s\open\src\hotspot\share\interpreter\linkResolver.cpp, line 773]
Event: 1.849 Thread 0x0000020e7d1e0f40 Exception <a 'java/lang/NoSuchMethodError'{0x0000000712461da8}: 'int java.lang.invoke.DirectMethodHandle$Holder.invokeVirtual(java.lang.Object, java.lang.Object, java.lang.Object)'> (0x0000000712461da8) 
thrown [s\open\src\hotspot\share\interpreter\linkResolver.cpp, line 773]
Event: 1.853 Thread 0x0000020e7d1e0f40 Exception <a 'java/lang/NoSuchMethodError'{0x00000007124788f0}: 'void java.lang.invoke.DirectMethodHandle$Holder.invokeVirtual(java.lang.Object, java.lang.Object, int)'> (0x00000007124788f0) 
thrown [s\open\src\hotspot\share\interpreter\linkResolver.cpp, line 773]
Event: 1.853 Thread 0x0000020e7d1e0f40 Exception <a 'java/lang/NoSuchMethodError'{0x000000071247c828}: 'int java.lang.invoke.DirectMethodHandle$Holder.invokeSpecial(java.lang.Object, java.lang.Object, java.lang.Object, int)'> (0x000000071247c828) 
thrown [s\open\src\hotspot\share\interpreter\linkResolver.cpp, line 773]
Event: 1.855 Thread 0x0000020e7d1e0f40 Exception <a 'java/lang/NoSuchMethodError'{0x000000071248e470}: 'java.lang.Object java.lang.invoke.DirectMethodHandle$Holder.invokeStatic(java.lang.Object, java.lang.Object, java.lang.Object, java.lang.Object, int)'> (0x000000071248e470) 
thrown [s\open\src\hotspot\share\interpreter\linkResolver.cpp, line 773]
Event: 1.855 Thread 0x0000020e7d1e0f40 Exception <a 'java/lang/NoSuchMethodError'{0x0000000712499278}: 'void java.lang.invoke.DelegatingMethodHandle$Holder.reinvoke_L(java.lang.Object, java.lang.Object, int)'> (0x0000000712499278) 
thrown [s\open\src\hotspot\share\interpreter\linkResolver.cpp, line 773]
Event: 1.942 Thread 0x0000020e7d5cd4f0 Exception <a 'java/lang/IncompatibleClassChangeError'{0x00000007121cc840}: Found class java.lang.Object, but interface was expected> (0x00000007121cc840) 
thrown [s\open\src\hotspot\share\interpreter\linkResolver.cpp, line 840]
Event: 1.967 Thread 0x0000020e7d1e0f40 Exception <a 'java/lang/IncompatibleClassChangeError'{0x0000000711eec2c0}: Found class java.lang.Object, but interface was expected> (0x0000000711eec2c0) 
thrown [s\open\src\hotspot\share\interpreter\linkResolver.cpp, line 840]

ZGC Phase Switch (0 events):
No events

VM Operations (20 events):
Event: 1.125 Executing VM operation: HandshakeAllThreads (Deoptimize)
Event: 1.125 Executing VM operation: HandshakeAllThreads (Deoptimize) done
Event: 1.125 Executing VM operation: HandshakeAllThreads (Deoptimize)
Event: 1.125 Executing VM operation: HandshakeAllThreads (Deoptimize) done
Event: 1.370 Executing VM operation: HandshakeAllThreads (Deoptimize)
Event: 1.371 Executing VM operation: HandshakeAllThreads (Deoptimize) done
Event: 1.376 Executing VM operation: G1CollectForAllocation (G1 Evacuation Pause)
Event: 1.383 Executing VM operation: G1CollectForAllocation (G1 Evacuation Pause) done
Event: 1.507 Executing VM operation: HandshakeAllThreads (Deoptimize)
Event: 1.507 Executing VM operation: HandshakeAllThreads (Deoptimize) done
Event: 1.561 Executing VM operation: HandshakeAllThreads (Deoptimize)
Event: 1.561 Executing VM operation: HandshakeAllThreads (Deoptimize) done
Event: 1.702 Executing VM operation: HandshakeAllThreads (Deoptimize)
Event: 1.702 Executing VM operation: HandshakeAllThreads (Deoptimize) done
Event: 1.864 Executing VM operation: ICBufferFull
Event: 1.865 Executing VM operation: ICBufferFull done
Event: 1.963 Executing VM operation: HandshakeAllThreads (Deoptimize)
Event: 1.963 Executing VM operation: HandshakeAllThreads (Deoptimize) done
Event: 1.972 Executing VM operation: HandshakeAllThreads (Deoptimize)
Event: 1.972 Executing VM operation: HandshakeAllThreads (Deoptimize) done

Events (19 events):
Event: 0.039 Thread 0x0000020e5d791960 Thread added: 0x0000020e5d791960
Event: 0.065 Thread 0x0000020e7c867840 Thread added: 0x0000020e7c867840
Event: 0.065 Thread 0x0000020e7c868760 Thread added: 0x0000020e7c868760
Event: 0.065 Thread 0x0000020e7c86b8a0 Thread added: 0x0000020e7c86b8a0
Event: 0.066 Thread 0x0000020e7c86d6c0 Thread added: 0x0000020e7c86d6c0
Event: 0.066 Thread 0x0000020e7c870230 Thread added: 0x0000020e7c870230
Event: 0.066 Thread 0x0000020e7c870c90 Thread added: 0x0000020e7c870c90
Event: 0.066 Thread 0x0000020e7c87d740 Thread added: 0x0000020e7c87d740
Event: 0.066 Thread 0x0000020e7c89e1f0 Thread added: 0x0000020e7c89e1f0
Event: 0.158 Thread 0x0000020e7cacbfb0 Thread added: 0x0000020e7cacbfb0
Event: 0.263 Thread 0x0000020e7cc33040 Thread added: 0x0000020e7cc33040
Event: 0.329 Thread 0x0000020e7cddaf10 Thread added: 0x0000020e7cddaf10
Event: 0.329 Thread 0x0000020e7cd83010 Thread added: 0x0000020e7cd83010
Event: 0.699 Thread 0x0000020e7d1f0df0 Thread added: 0x0000020e7d1f0df0
Event: 0.701 Thread 0x0000020e7d5cd4f0 Thread added: 0x0000020e7d5cd4f0
Event: 0.738 Thread 0x0000020e7d1e0f40 Thread added: 0x0000020e7d1e0f40
Event: 1.720 Thread 0x0000020e7d917d00 Thread added: 0x0000020e7d917d00
Event: 1.826 Thread 0x0000020e7e360270 Thread added: 0x0000020e7e360270
Event: 1.926 Thread 0x0000020e7e360270 Thread exited: 0x0000020e7e360270


Dynamic libraries:
0x00007ff648f40000 - 0x00007ff648f50000 	C:\Program Files\Java\jdk-21\bin\java.exe
0x00007ffadff30000 - 0x00007ffae0147000 	C:\WINDOWS\SYSTEM32\ntdll.dll
0x00007ffade560000 - 0x00007ffade624000 	C:\WINDOWS\System32\KERNEL32.DLL
0x00007ffadd580000 - 0x00007ffadd93a000 	C:\WINDOWS\System32\KERNELBASE.dll
0x00007ffadd940000 - 0x00007ffadda51000 	C:\WINDOWS\System32\ucrtbase.dll
0x00007ffac8f20000 - 0x00007ffac8f39000 	C:\Program Files\Java\jdk-21\bin\jli.dll
0x00007ffaca150000 - 0x00007ffaca16b000 	C:\Program Files\Java\jdk-21\bin\VCRUNTIME140.dll
0x00007ffade4a0000 - 0x00007ffade552000 	C:\WINDOWS\System32\ADVAPI32.dll
0x00007ffade280000 - 0x00007ffade327000 	C:\WINDOWS\System32\msvcrt.dll
0x00007ffadde80000 - 0x00007ffaddf27000 	C:\WINDOWS\System32\sechost.dll
0x00007ffadd200000 - 0x00007ffadd228000 	C:\WINDOWS\System32\bcrypt.dll
0x00007ffade140000 - 0x00007ffade254000 	C:\WINDOWS\System32\RPCRT4.dll
0x00007ffadf2d0000 - 0x00007ffadf47e000 	C:\WINDOWS\System32\USER32.dll
0x00007ffabc690000 - 0x00007ffabc922000 	C:\WINDOWS\WinSxS\amd64_microsoft.windows.common-controls_6595b64144ccf1df_6.0.22621.4541_none_2710d1c57384c085\COMCTL32.dll
0x00007ffadda60000 - 0x00007ffadda86000 	C:\WINDOWS\System32\win32u.dll
0x00007ffadeef0000 - 0x00007ffadef19000 	C:\WINDOWS\System32\GDI32.dll
0x00007ffadda90000 - 0x00007ffaddbab000 	C:\WINDOWS\System32\gdi32full.dll
0x00007ffad3aa0000 - 0x00007ffad3aaa000 	C:\WINDOWS\SYSTEM32\VERSION.dll
0x00007ffadd4e0000 - 0x00007ffadd57a000 	C:\WINDOWS\System32\msvcp_win.dll
0x00007ffadfe00000 - 0x00007ffadfe31000 	C:\WINDOWS\System32\IMM32.DLL
0x00007ffaca2e0000 - 0x00007ffaca2ec000 	C:\Program Files\Java\jdk-21\bin\vcruntime140_1.dll
0x00007ffab0820000 - 0x00007ffab08ae000 	C:\Program Files\Java\jdk-21\bin\msvcp140.dll
0x00007ffa35f70000 - 0x00007ffa36c87000 	C:\Program Files\Java\jdk-21\bin\server\jvm.dll
0x00007ffadde00000 - 0x00007ffadde71000 	C:\WINDOWS\System32\WS2_32.dll
0x00007ffadcf20000 - 0x00007ffadcf6d000 	C:\WINDOWS\SYSTEM32\POWRPROF.dll
0x00007ffad4b70000 - 0x00007ffad4ba4000 	C:\WINDOWS\SYSTEM32\WINMM.dll
0x00007ffadcf00000 - 0x00007ffadcf13000 	C:\WINDOWS\SYSTEM32\UMPDC.dll
0x00007ffadc110000 - 0x00007ffadc128000 	C:\WINDOWS\SYSTEM32\kernel.appcore.dll
0x00007ffaca0d0000 - 0x00007ffaca0da000 	C:\Program Files\Java\jdk-21\bin\jimage.dll
0x00007ffac1440000 - 0x00007ffac1672000 	C:\WINDOWS\SYSTEM32\DBGHELP.DLL
0x00007ffade630000 - 0x00007ffade9bf000 	C:\WINDOWS\System32\combase.dll
0x00007ffaddfc0000 - 0x00007ffade097000 	C:\WINDOWS\System32\OLEAUT32.dll
0x00007ffac0f00000 - 0x00007ffac0f32000 	C:\WINDOWS\SYSTEM32\dbgcore.DLL
0x00007ffadd460000 - 0x00007ffadd4db000 	C:\WINDOWS\System32\bcryptPrimitives.dll
0x00007ffada1b0000 - 0x00007ffada1bf000 	C:\Program Files\Java\jdk-21\bin\instrument.dll
0x00007ffac7a20000 - 0x00007ffac7a3f000 	C:\Program Files\Java\jdk-21\bin\java.dll
0x00007ffadf480000 - 0x00007ffadfcf8000 	C:\WINDOWS\System32\SHELL32.dll
0x00007ffadaf50000 - 0x00007ffadb858000 	C:\WINDOWS\SYSTEM32\windows.storage.dll
0x00007ffadae10000 - 0x00007ffadaf4f000 	C:\WINDOWS\SYSTEM32\wintypes.dll
0x00007ffadfd00000 - 0x00007ffadfdfa000 	C:\WINDOWS\System32\SHCORE.dll
0x00007ffadfe90000 - 0x00007ffadfeee000 	C:\WINDOWS\System32\shlwapi.dll
0x00007ffadd130000 - 0x00007ffadd15b000 	C:\WINDOWS\SYSTEM32\profapi.dll
0x00007ffaa3930000 - 0x00007ffaa3a07000 	C:\Program Files\Java\jdk-21\bin\jsvml.dll
0x00007ffabe310000 - 0x00007ffabe328000 	C:\Program Files\Java\jdk-21\bin\zip.dll
0x00007ffac8340000 - 0x00007ffac8350000 	C:\Program Files\Java\jdk-21\bin\net.dll
0x00007ffadc130000 - 0x00007ffadc266000 	C:\WINDOWS\SYSTEM32\WINHTTP.dll
0x00007ffadc6c0000 - 0x00007ffadc729000 	C:\WINDOWS\system32\mswsock.dll
0x00007ffac7730000 - 0x00007ffac7746000 	C:\Program Files\Java\jdk-21\bin\nio.dll
0x00007ffad8220000 - 0x00007ffad823a000 	C:\Program Files\JetBrains\IntelliJ IDEA Community Edition 2023.2.2\bin\breakgen64.dll
0x00007ffac7b90000 - 0x00007ffac7b99000 	C:\Program Files\Java\jdk-21\bin\extnet.dll
0x00007ffac7900000 - 0x00007ffac7910000 	C:\Program Files\Java\jdk-21\bin\verify.dll
0x00007ffada120000 - 0x00007ffada12a000 	C:\Program Files\Java\jdk-21\bin\management.dll
0x00007ffada110000 - 0x00007ffada11b000 	C:\Program Files\Java\jdk-21\bin\management_ext.dll
0x00007ffade130000 - 0x00007ffade138000 	C:\WINDOWS\System32\PSAPI.DLL
0x00007ffab1b40000 - 0x00007ffab1b57000 	C:\WINDOWS\system32\napinsp.dll
0x00007ffab2670000 - 0x00007ffab268b000 	C:\WINDOWS\system32\pnrpnsp.dll
0x00007ffadb9b0000 - 0x00007ffadbab2000 	C:\WINDOWS\SYSTEM32\DNSAPI.dll
0x00007ffadb980000 - 0x00007ffadb9ad000 	C:\WINDOWS\SYSTEM32\IPHLPAPI.DLL
0x00007ffadf100000 - 0x00007ffadf109000 	C:\WINDOWS\System32\NSI.dll
0x00007ffab2650000 - 0x00007ffab2661000 	C:\WINDOWS\System32\winrnr.dll
0x00007ffab2630000 - 0x00007ffab2645000 	C:\WINDOWS\system32\wshbth.dll
0x00007ffab1f60000 - 0x00007ffab1f87000 	C:\WINDOWS\system32\nlansp_c.dll
0x00007ffad2ca0000 - 0x00007ffad2caa000 	C:\Windows\System32\rasadhlp.dll
0x00007ffad3d80000 - 0x00007ffad3e03000 	C:\WINDOWS\System32\fwpuclnt.dll

dbghelp: loaded successfully - version: 4.0.5 - missing functions: none
symbol engine: initialized successfully - sym options: 0x614 - pdb path: .;C:\Program Files\Java\jdk-21\bin;C:\WINDOWS\SYSTEM32;C:\WINDOWS\WinSxS\amd64_microsoft.windows.common-controls_6595b64144ccf1df_6.0.22621.4541_none_2710d1c57384c085;C:\Program Files\Java\jdk-21\bin\server;C:\Program Files\JetBrains\IntelliJ IDEA Community Edition 2023.2.2\bin

VM Arguments:
jvm_args: -javaagent:C:\Program Files\JetBrains\IntelliJ IDEA Community Edition 2023.2.2\lib\idea_rt.jar=61612:C:\Program Files\JetBrains\IntelliJ IDEA Community Edition 2023.2.2\bin -Dfile.encoding=UTF-8 -Dsun.stdout.encoding=UTF-8 -Dsun.stderr.encoding=UTF-8 
java_command: com.algaworks.algafood.AlgafoodApiApplication
java_class_path (initial): C:\Users\rodrigofc\Downloads\algafood-api\algafood-api\target\classes;C:\Users\rodrigofc\.m2\repository\org\springframework\boot\spring-boot-starter-web\2.1.7.RELEASE\spring-boot-starter-web-2.1.7.RELEASE.jar;C:\Users\rodrigofc\.m2\repository\org\springframework\boot\spring-boot-starter\2.1.7.RELEASE\spring-boot-starter-2.1.7.RELEASE.jar;C:\Users\rodrigofc\.m2\repository\org\springframework\boot\spring-boot-starter-logging\2.1.7.RELEASE\spring-boot-starter-logging-2.1.7.RELEASE.jar;C:\Users\rodrigofc\.m2\repository\ch\qos\logback\logback-classic\1.2.3\logback-classic-1.2.3.jar;C:\Users\rodrigofc\.m2\repository\ch\qos\logback\logback-core\1.2.3\logback-core-1.2.3.jar;C:\Users\rodrigofc\.m2\repository\org\apache\logging\log4j\log4j-to-slf4j\2.11.2\log4j-to-slf4j-2.11.2.jar;C:\Users\rodrigofc\.m2\repository\org\apache\logging\log4j\log4j-api\2.11.2\log4j-api-2.11.2.jar;C:\Users\rodrigofc\.m2\repository\org\slf4j\jul-to-slf4j\1.7.26\jul-to-slf4j-1.7.26.jar;C:\Users\rodrigofc\.m2\repository\javax\annotation\javax.annotation-api\1.3.2\javax.annotation-api-1.3.2.jar;C:\Users\rodrigofc\.m2\repository\org\yaml\snakeyaml\1.23\snakeyaml-1.23.jar;C:\Users\rodrigofc\.m2\repository\org\springframework\boot\spring-boot-starter-json\2.1.7.RELEASE\spring-boot-starter-json-2.1.7.RELEASE.jar;C:\Users\rodrigofc\.m2\repository\com\fasterxml\jackson\core\jackson-databind\2.9.9\jackson-databind-2.9.9.jar;C:\Users\rodrigofc\.m2\repository\com\fasterxml\jackson\core\jackson-annotations\2.9.0\jackson-annotations-2.9.0.jar;C:\Users\rodrigofc\.m2\repository\com\fasterxml\jackson\core\jackson-core\2.9.9\jackson-core-2.9.9.jar;C:\Users\rodrigofc\.m2\repository\com\fasterxml\jackson\datatype\jackson-datatype-jdk8\2.9.9\jackson-datatype-jdk8-2.9.9.jar;C:\Users\rodrigofc\.m2\repository\com\fasterxml\jackson\datatype\jackson-datatype-jsr310\2.9.9\jackson-datatype-jsr310-2.9.9.jar;C:\Users\rodrigofc\.m2\repository\com\fasterxml\jackson\module\jackson-module-parameter-names\2.9.9\jackson-module-parameter-names-2.9.9.jar;C:\Users\rodrigofc\.m2\repository\org\springframework\boot\spring-boot-starter-tomcat\2.1.7.RELEASE\spring-boot-starter-tomcat-2.1.7.RELEASE.jar;C:\Users\rodrigofc\.m2\repository\org\apache\tomcat\embed\tomcat-embed-core\9.0.22\tomcat-embed-core-9.0.22.jar;C:\Users\rodrigofc\.m2\repository\org\apache\tomcat\embed\tomcat-embed-el\9.0.22\tomcat-embed-el-9.0.22.jar;C:\Users\rodrigofc\.m2\repository\org\apache\tomcat\embed\tomcat-embed-websocket\9.0.22\tomcat-embed-websocket-9.0.22.jar;C:\Users\rodrigofc\.m2\repository\org\hibernate\validator\hibernate-validator\6.0.17.Final\hibernate-validator-6.0.17.Final.jar;C:\Users\rodrigofc\.m2\repository\javax\validation\validation-api\2.0.1.Final\validation-api-2.0.1.Final.jar;C:\Users\rodrigofc\.m2\repository\org\jboss\logging\jboss-logging\3.3.2.Final\jboss-logging-3.3.2.Final.jar;C:\Users\rodrigofc\.m2\repository\com\fasterxml\classmate\1.4.0\classmate-1.4.0.jar;C:\Users\rodrigofc\.m2\repository\org\springframework\spring-web\5.1.9.RELEASE\spring-web-5.1.9.RELEASE.jar;C:\Users\rodrigofc\.m2\repository\org\springframework\spring-beans\5.1.9.RELEASE\spring-beans-5.1.9.RELEASE.jar;C:\Users\rodrigofc\.m2\repository\org\springframework\spring-webmvc\5.1.9.RELEASE\spring-webmvc-5.1.9.RELEASE.jar;C:\Users\rodrigofc\.m2\repository\org\springframework\spring-aop\5.1.9.RELEASE\spring-aop-5.1.9.RELEASE.jar;C:\Users\rodrigofc\.m2\repository\org\springframework\spring-context\5.1.9.RELEASE\spring-context-5.1.9.RELEASE.jar;C:\Users\rodrigofc\.m2\repository\org\springframework\spring-expression\5.1.9.RELEASE\spring-expression-5.1.9.RELEASE.jar;C:\Users\rodrigofc\.m2\repository\org\slf4j\slf4j-api\1.7.26\slf4j-api-1.7.26.jar;C:\Users\rodrigofc\.m2\repository\net\bytebuddy\byte-buddy\1.9.16\byte-buddy-1.9.16.jar;C:\Users\rodrigofc\.m2\repository\org\springframework\spring-core\5.1.9.RELEASE\spring-core-5.1.9.RELEASE.jar;C:\Users\rodrigofc\.m2\repository\org\springframework\spring-jcl\5.1.9.RELEASE\spring-jcl-5.1.9.RELEASE.jar;C:\Users\rodrigofc\.m2\repository\org\springframework\boot\spring-boot-devtools\2.1.7.RELEASE\spring-boot-devtools-2.1.7.RELEASE.jar;C:\Users\rodrigofc\.m2\repository\org\springframework\boot\spring-boot\2.1.7.RELEASE\spring-boot-2.1.7.RELEASE.jar;C:\Users\rodrigofc\.m2\repository\org\springframework\boot\spring-boot-autoconfigure\2.1.7.RELEASE\spring-boot-autoconfigure-2.1.7.RELEASE.jar;C:\Users\rodrigofc\.m2\repository\org\springframework\boot\spring-boot-configuration-processor\2.1.7.RELEASE\spring-boot-configuration-processor-2.1.7.RELEASE.jar;C:\Users\rodrigofc\.m2\repository\org\springframework\boot\spring-boot-starter-data-jpa\2.1.7.RELEASE\spring-boot-starter-data-jpa-2.1.7.RELEASE.jar;C:\Users\rodrigofc\.m2\repository\org\springframework\boot\spring-boot-starter-aop\2.1.7.RELEASE\spring-boot-starter-aop-2.1.7.RELEASE.jar;C:\Users\rodrigofc\.m2\repository\org\aspectj\aspectjweaver\1.9.4\aspectjweaver-1.9.4.jar;C:\Users\rodrigofc\.m2\repository\org\springframework\boot\spring-boot-starter-jdbc\2.1.7.RELEASE\spring-boot-starter-jdbc-2.1.7.RELEASE.jar;C:\Users\rodrigofc\.m2\repository\com\zaxxer\HikariCP\3.2.0\HikariCP-3.2.0.jar;C:\Users\rodrigofc\.m2\repository\org\springframework\spring-jdbc\5.1.9.RELEASE\spring-jdbc-5.1.9.RELEASE.jar;C:\Users\rodrigofc\.m2\repository\javax\transaction\javax.transaction-api\1.3\javax.transaction-api-1.3.jar;C:\Users\rodrigofc\.m2\repository\javax\xml\bind\jaxb-api\2.3.1\jaxb-api-2.3.1.jar;C:\Users\rodrigofc\.m2\repository\javax\activation\javax.activation-api\1.2.0\javax.activation-api-1.2.0.jar;C:\Users\rodrigofc\.m2\repository\org\hibernate\hibernate-core\5.3.10.Final\hibernate-core-5.3.10.Final.jar;C:\Users\rodrigofc\.m2\repository\org\javassist\javassist\3.23.2-GA\javassist-3.23.2-GA.jar;C:\Users\rodrigofc\.m2\repository\antlr\antlr\2.7.7\antlr-2.7.7.jar;C:\Users\rodrigofc\.m2\repository\org\jboss\jandex\2.0.5.Final\jandex-2.0.5.Final.jar;C:\Users\rodrigofc\.m2\repository\org\dom4j\dom4j\2.1.1\dom4j-2.1.1.jar;C:\Users\rodrigofc\.m2\repository\org\hibernate\common\hibernate-commons-annotations\5.0.4.Final\hibernate-commons-annotations-5.0.4.Final.jar;C:\Users\rodrigofc\.m2\repository\org\springframework\data\spring-data-jpa\2.1.10.RELEASE\spring-data-jpa-2.1.10.RELEASE.jar;C:\Users\rodrigofc\.m2\repository\org\springframework\data\spring-data-commons\2.1.10.RELEASE\spring-data-commons-2.1.10.RELEASE.jar;C:\Users\rodrigofc\.m2\repository\org\springframework\spring-orm\5.1.9.RELEASE\spring-orm-5.1.9.RELEASE.jar;C:\Users\rodrigofc\.m2\repository\org\springframework\spring-tx\5.1.9.RELEASE\spring-tx-5.1.9.RELEASE.jar;C:\Users\rodrigofc\.m2\repository\org\springframework\spring-aspects\5.1.9.RELEASE\spring-aspects-5.1.9.RELEASE.jar;C:\Users\rodrigofc\.m2\repository\mysql\mysql-connector-java\8.0.17\mysql-connector-java-8.0.17.jar;C:\Users\rodrigofc\.m2\repository\org\flywaydb\flyway-core\5.2.4\flyway-core-5.2.4.jar;C:\Users\rodrigofc\.m2\repository\org\apache\commons\commons-lang3\3.8.1\commons-lang3-3.8.1.jar;C:\Users\rodrigofc\.m2\repository\com\mysql\mysql-connector-j\8.3.0\mysql-connector-j-8.3.0.jar;C:\Users\rodrigofc\.m2\repository\com\google\protobuf\protobuf-java\3.25.1\protobuf-java-3.25.1.jar;C:\Users\rodrigofc\.m2\repository\xerces\xercesImpl\2.9.1\xercesImpl-2.9.1.jar;C:\Users\rodrigofc\.m2\repository\xml-apis\xml-apis\1.4.01\xml-apis-1.4.01.jar;C:\Users\rodrigofc\.m2\repository\javax\persistence\javax.persistence-api\2.2\javax.persistence-api-2.2.jar
Launcher Type: SUN_STANDARD

[Global flags]
     intx CICompilerCount                          = 4                                         {product} {ergonomic}
     uint ConcGCThreads                            = 2                                         {product} {ergonomic}
     uint G1ConcRefinementThreads                  = 8                                         {product} {ergonomic}
   size_t G1HeapRegionSize                         = 2097152                                   {product} {ergonomic}
    uintx GCDrainStackTargetSize                   = 64                                        {product} {ergonomic}
   size_t InitialHeapSize                          = 266338304                                 {product} {ergonomic}
   size_t MarkStackSize                            = 4194304                                   {product} {ergonomic}
   size_t MaxHeapSize                              = 4229955584                                {product} {ergonomic}
   size_t MaxNewSize                               = 2537553920                                {product} {ergonomic}
   size_t MinHeapDeltaBytes                        = 2097152                                   {product} {ergonomic}
   size_t MinHeapSize                              = 8388608                                   {product} {ergonomic}
    uintx NonNMethodCodeHeapSize                   = 5839372                                {pd product} {ergonomic}
    uintx NonProfiledCodeHeapSize                  = 122909434                              {pd product} {ergonomic}
    uintx ProfiledCodeHeapSize                     = 122909434                              {pd product} {ergonomic}
    uintx ReservedCodeCacheSize                    = 251658240                              {pd product} {ergonomic}
     bool SegmentedCodeCache                       = true                                      {product} {ergonomic}
   size_t SoftMaxHeapSize                          = 4229955584                             {manageable} {ergonomic}
     bool UseCompressedOops                        = true                           {product lp64_product} {ergonomic}
     bool UseG1GC                                  = true                                      {product} {ergonomic}
     bool UseLargePagesIndividualAllocation        = false                                  {pd product} {ergonomic}

Logging:
Log output configuration:
 #0: stdout all=warning uptime,level,tags foldmultilines=false
 #1: stderr all=off uptime,level,tags foldmultilines=false

Environment Variables:
JAVA_HOME=C:\Program Files\Java\jdk-19
PATH=C:\Program Files\Eclipse Adoptium\jdk-21.0.3.9-hotspot\bin;C:\Program Files\Common Files\Oracle\Java\javapath;C:\WINDOWS\system32;C:\WINDOWS;C:\WINDOWS\System32\Wbem;C:\WINDOWS\System32\WindowsPowerShell\v1.0\;C:\WINDOWS\System32\OpenSSH\;C:\Program Files\Java\jdk-19\bin;C:\Program Files\Git\cmd;C:\Program Files\SafeNet\Authentication\SAC\x64;C:\Program Files\SafeNet\Authentication\SAC\x32;C:\Program Files\MySQL\MySQL Shell 8.0\bin\;C:\Users\rodrigofc\AppData\Local\Microsoft\WindowsApps;C:\Program Files\Java\jdk-19\bin;C:\Users\rodrigofc\AppData\Local\Programs\Microsoft VS Code\bin;
USERNAME=rodrigofc
OS=Windows_NT
PROCESSOR_IDENTIFIER=Intel64 Family 6 Model 165 Stepping 3, GenuineIntel
TMP=C:\Users\RODRIG~1\AppData\Local\Temp
TEMP=C:\Users\RODRIG~1\AppData\Local\Temp




Periodic native trim disabled

---------------  S Y S T E M  ---------------

OS:
 Windows 11 , 64 bit Build 22621 (10.0.22621.4391)
OS uptime: 0 days 3:01 hours
Hyper-V role detected

CPU: total 8 (initial active 8) (4 cores per cpu, 2 threads per core) family 6 model 165 stepping 3 microcode 0xf4, cx8, cmov, fxsr, ht, mmx, 3dnowpref, sse, sse2, sse3, ssse3, sse4.1, sse4.2, popcnt, lzcnt, tsc, tscinvbit, avx, avx2, aes, erms, clmul, bmi1, bmi2, adx, fma, vzeroupper, clflush, clflushopt, hv, rdtscp, f16c
Processor Information for all 8 processors :
  Max Mhz: 2901, Current Mhz: 2901, Mhz Limit: 2901

Memory: 4k page, system-wide physical 16130M (3559M free)
TotalPageFile size 16130M (AvailPageFile size 134M)
current process WorkingSet (physical memory assigned to process): 152M, peak: 152M
current process commit charge ("private bytes"): 268M, peak: 399M

vm_info: Java HotSpot(TM) 64-Bit Server VM (21.0.2+13-LTS-58) for windows-amd64 JRE (21.0.2+13-LTS-58), built on 2024-01-05T18:32:24Z by "mach5one" with MS VC++ 17.1 (VS2022)

END.
