#
# There is insufficient memory for the Java Runtime Environment to continue.
# Native memory allocation (mmap) failed to map 65536 bytes for Failed to commit metaspace.
# Possible reasons:
#   The system is out of physical RAM or swap space
#   The process is running with CompressedOops enabled, and the Java Heap may be blocking the growth of the native heap
# Possible solutions:
#   Reduce memory load on the system
#   Increase physical memory or swap space
#   Check if swap backing store is full
#   Decrease Java heap size (-Xmx/-Xms)
#   Decrease number of Java threads
#   Decrease Java thread stack sizes (-Xss)
#   Set larger code cache with -XX:ReservedCodeCacheSize=
#   JVM is running with Zero Based Compressed Oops mode in which the Java heap is
#     placed in the first 32GB address space. The Java Heap base address is the
#     maximum limit for the native heap growth. Please use -XX:HeapBaseMinAddress
#     to set the Java Heap base and to place the Java Heap above 32GB virtual address.
# This output file may be truncated or incomplete.
#
#  Out of Memory Error (virtualSpaceNode.cpp:112), pid=9504, tid=4024
#
# JRE version: Java(TM) SE Runtime Environment (21.0.2+13) (build 21.0.2+13-LTS-58)
# Java VM: Java HotSpot(TM) 64-Bit Server VM (21.0.2+13-LTS-58, mixed mode, sharing, tiered, compressed oops, compressed class ptrs, g1 gc, windows-amd64)
# No core dump will be written. Minidumps are not enabled by default on client versions of Windows
#

---------------  S U M M A R Y ------------

Command Line: -agentlib:jdwp=transport=dt_socket,address=127.0.0.1:62612,suspend=y,server=n -javaagent:C:\Users\rodrigofc\AppData\Local\JetBrains\IdeaIC2023.2\captureAgent\debugger-agent.jar -Dfile.encoding=UTF-8 -Dsun.stdout.encoding=UTF-8 -Dsun.stderr.encoding=UTF-8 com.algaworks.algafood.AlgafoodApiApplication

Host: Intel(R) Core(TM) i3-10100T CPU @ 3.00GHz, 8 cores, 15G,  Windows 11 , 64 bit Build 22621 (10.0.22621.4830)
Time: Wed Mar 19 16:45:38 2025 Hora oficial do Brasil elapsed time: 1.240751 seconds (0d 0h 0m 1s)

---------------  T H R E A D  ---------------

Current thread (0x00000199a9f56d80):  JavaThread "C1 CompilerThread0" daemon [_thread_in_vm, id=4024, stack(0x0000005c7c400000,0x0000005c7c500000) (1024K)]


Current CompileTask:
C1:   1240 1726       3       jdk.internal.org.objectweb.asm.MethodWriter::visitLdcInsn (215 bytes)

Stack: [0x0000005c7c400000,0x0000005c7c500000]
Native frames: (J=compiled Java code, j=interpreted, Vv=VM code, C=native code)
V  [jvm.dll+0x6cade9]
V  [jvm.dll+0x8569c1]
V  [jvm.dll+0x858d2e]
V  [jvm.dll+0x859413]
V  [jvm.dll+0x280e56]
V  [jvm.dll+0x8526ee]
V  [jvm.dll+0x66e705]
V  [jvm.dll+0x66e76a]
V  [jvm.dll+0x670f96]
V  [jvm.dll+0x670e62]
V  [jvm.dll+0x66f0de]
V  [jvm.dll+0x68038a]
V  [jvm.dll+0x679622]
V  [jvm.dll+0x1f44e0]
V  [jvm.dll+0x1f46c8]
V  [jvm.dll+0x15410e]
V  [jvm.dll+0x154444]
V  [jvm.dll+0x153886]
V  [jvm.dll+0x1555ed]
V  [jvm.dll+0x258859]
V  [jvm.dll+0x256e3a]
V  [jvm.dll+0x3ef6c6]
V  [jvm.dll+0x7ff568]
V  [jvm.dll+0x6c953d]
C  [ucrtbase.dll+0x29333]
C  [KERNEL32.DLL+0x1259d]
C  [ntdll.dll+0x5af38]


---------------  P R O C E S S  ---------------

Threads class SMR info:
_java_thread_list=0x00000199effa25c0, length=18, elements={
0x0000019988c2c8f0, 0x00000199a9f3cee0, 0x00000199a9f3d550, 0x00000199a9f3e640,
0x00000199a9f3ecb0, 0x00000199a9f4e360, 0x00000199a9f4eb50, 0x00000199a9f565a0,
0x00000199a9f56d80, 0x00000199a9f50590, 0x00000199ef31d0d0, 0x00000199ef33ce40,
0x00000199ef339830, 0x00000199a9f4f870, 0x00000199ef3bcc10, 0x00000199a9f51940,
0x00000199a9f4f1e0, 0x00000199a9f50c20
}

Java Threads: ( => current thread )
  0x0000019988c2c8f0 JavaThread "main"                              [_thread_blocked, id=7248, stack(0x0000005c7b500000,0x0000005c7b600000) (1024K)]
  0x00000199a9f3cee0 JavaThread "Reference Handler"          daemon [_thread_blocked, id=13036, stack(0x0000005c7bd00000,0x0000005c7be00000) (1024K)]
  0x00000199a9f3d550 JavaThread "Finalizer"                  daemon [_thread_blocked, id=4508, stack(0x0000005c7be00000,0x0000005c7bf00000) (1024K)]
  0x00000199a9f3e640 JavaThread "Signal Dispatcher"          daemon [_thread_blocked, id=10004, stack(0x0000005c7bf00000,0x0000005c7c000000) (1024K)]
  0x00000199a9f3ecb0 JavaThread "Attach Listener"            daemon [_thread_blocked, id=7272, stack(0x0000005c7c000000,0x0000005c7c100000) (1024K)]
  0x00000199a9f4e360 JavaThread "Service Thread"             daemon [_thread_blocked, id=612, stack(0x0000005c7c100000,0x0000005c7c200000) (1024K)]
  0x00000199a9f4eb50 JavaThread "Monitor Deflation Thread"   daemon [_thread_blocked, id=14884, stack(0x0000005c7c200000,0x0000005c7c300000) (1024K)]
  0x00000199a9f565a0 JavaThread "C2 CompilerThread0"         daemon [_thread_in_native, id=15592, stack(0x0000005c7c300000,0x0000005c7c400000) (1024K)]
=>0x00000199a9f56d80 JavaThread "C1 CompilerThread0"         daemon [_thread_in_vm, id=4024, stack(0x0000005c7c400000,0x0000005c7c500000) (1024K)]
  0x00000199a9f50590 JavaThread "Common-Cleaner"             daemon [_thread_blocked, id=6268, stack(0x0000005c7c500000,0x0000005c7c600000) (1024K)]
  0x00000199ef31d0d0 JavaThread "JDWP Transport Listener: dt_socket" daemon [_thread_blocked, id=12836, stack(0x0000005c7c600000,0x0000005c7c700000) (1024K)]
  0x00000199ef33ce40 JavaThread "JDWP Event Helper Thread"   daemon [_thread_blocked, id=19280, stack(0x0000005c7c700000,0x0000005c7c800000) (1024K)]
  0x00000199ef339830 JavaThread "JDWP Command Reader"        daemon [_thread_in_native, id=13888, stack(0x0000005c7c800000,0x0000005c7c900000) (1024K)]
  0x00000199a9f4f870 JavaThread "Notification Thread"        daemon [_thread_blocked, id=13996, stack(0x0000005c7c900000,0x0000005c7ca00000) (1024K)]
  0x00000199ef3bcc10 JavaThread "C2 CompilerThread1"         daemon [_thread_in_native, id=14512, stack(0x0000005c7ca00000,0x0000005c7cb00000) (1024K)]
  0x00000199a9f51940 JavaThread "Thread-0"                          [_thread_blocked, id=16500, stack(0x0000005c7cb00000,0x0000005c7cc00000) (1024K)]
  0x00000199a9f4f1e0 JavaThread "restartedMain"                     [_thread_in_vm, id=15084, stack(0x0000005c7cc00000,0x0000005c7cd00000) (1024K)]
  0x00000199a9f50c20 JavaThread "background-preinit"                [_thread_in_vm, id=11292, stack(0x0000005c7d400000,0x0000005c7d500000) (1024K)]
Total: 18

Other Threads:
  0x00000199a9f1e240 VMThread "VM Thread"                           [id=2856, stack(0x0000005c7bc00000,0x0000005c7bd00000) (1024K)]
  0x00000199a9f06c70 WatcherThread "VM Periodic Task Thread"        [id=11528, stack(0x0000005c7bb00000,0x0000005c7bc00000) (1024K)]
  0x000001998aede380 WorkerThread "GC Thread#0"                     [id=19040, stack(0x0000005c7b600000,0x0000005c7b700000) (1024K)]
  0x00000199efec2060 WorkerThread "GC Thread#1"                     [id=19412, stack(0x0000005c7cd00000,0x0000005c7ce00000) (1024K)]
  0x00000199efec3020 WorkerThread "GC Thread#2"                     [id=11628, stack(0x0000005c7ce00000,0x0000005c7cf00000) (1024K)]
  0x00000199efec33c0 WorkerThread "GC Thread#3"                     [id=13084, stack(0x0000005c7cf00000,0x0000005c7d000000) (1024K)]
  0x00000199efec3760 WorkerThread "GC Thread#4"                     [id=15864, stack(0x0000005c7d000000,0x0000005c7d100000) (1024K)]
  0x00000199effab000 WorkerThread "GC Thread#5"                     [id=3108, stack(0x0000005c7d100000,0x0000005c7d200000) (1024K)]
  0x00000199f0001de0 WorkerThread "GC Thread#6"                     [id=18816, stack(0x0000005c7d200000,0x0000005c7d300000) (1024K)]
  0x00000199f0002180 WorkerThread "GC Thread#7"                     [id=11028, stack(0x0000005c7d300000,0x0000005c7d400000) (1024K)]
  0x000001998aeeed20 ConcurrentGCThread "G1 Main Marker"            [id=17892, stack(0x0000005c7b700000,0x0000005c7b800000) (1024K)]
  0x000001998aeef780 WorkerThread "G1 Conc#0"                       [id=11176, stack(0x0000005c7b800000,0x0000005c7b900000) (1024K)]
  0x00000199a9dd7d80 ConcurrentGCThread "G1 Refine#0"               [id=14316, stack(0x0000005c7b900000,0x0000005c7ba00000) (1024K)]
  0x00000199a9dda1c0 ConcurrentGCThread "G1 Service"                [id=19296, stack(0x0000005c7ba00000,0x0000005c7bb00000) (1024K)]
Total: 14

Threads with active compile tasks:
C2 CompilerThread0     1269 1725       4       jdk.internal.org.objectweb.asm.Frame::execute (2305 bytes)
C1 CompilerThread0     1269 1726       3       jdk.internal.org.objectweb.asm.MethodWriter::visitLdcInsn (215 bytes)
C2 CompilerThread1     1270 1697 %     4       java.util.Properties$LineReader::readLine @ 224 (584 bytes)
Total: 3

VM state: not at safepoint (normal execution)

VM Mutex/Monitor currently owned by a thread:  ([mutex/lock_event])
[0x00007ffb982eace8] Metaspace_lock - owner thread: 0x00000199a9f56d80

Heap address: 0x0000000703e00000, size: 4034 MB, Compressed Oops mode: Zero based, Oop shift amount: 3

CDS archive(s) mapped at: [0x00000199aa000000-0x00000199aac90000-0x00000199aac90000), size 13172736, SharedBaseAddress: 0x00000199aa000000, ArchiveRelocationMode: 1.
Compressed class space mapped at: 0x00000199ab000000-0x00000199eb000000, reserved size: 1073741824
Narrow klass base: 0x00000199aa000000, Narrow klass shift: 0, Narrow klass range: 0x100000000

GC Precious Log:
 CardTable entry size: 512
 Card Set container configuration: InlinePtr #cards 4 size 8 Array Of Cards #cards 16 size 48 Howl #buckets 8 coarsen threshold 3686 Howl Bitmap #cards 512 size 80 coarsen threshold 460 Card regions per heap region 1 cards per card region 4096
 CPUs: 8 total, 8 available
 Memory: 16130M
 Large Page Support: Disabled
 NUMA Support: Disabled
 Compressed Oops: Enabled (Zero based)
 Heap Region Size: 2M
 Heap Min Capacity: 8M
 Heap Initial Capacity: 254M
 Heap Max Capacity: 4034M
 Pre-touch: Disabled
 Parallel Workers: 8
 Concurrent Workers: 2
 Concurrent Refinement Workers: 8
 Periodic GC: Disabled

Heap:
 garbage-first heap   total 260096K, used 16585K [0x0000000703e00000, 0x0000000800000000)
  region size 2048K, 6 young (12288K), 1 survivors (2048K)
 Metaspace       used 11738K, committed 11904K, reserved 1114112K
  class space    used 1490K, committed 1600K, reserved 1048576K

Heap Regions: E=young(eden), S=young(survivor), O=old, HS=humongous(starts), HC=humongous(continues), CS=collection set, F=free, TAMS=top-at-mark-start, PB=parsable bottom
|   0|0x0000000703e00000, 0x0000000704000000, 0x0000000704000000|100%| O|  |TAMS 0x0000000703e00000| PB 0x0000000703e00000| Untracked 
|   1|0x0000000704000000, 0x0000000704200000, 0x0000000704200000|100%| O|  |TAMS 0x0000000704000000| PB 0x0000000704000000| Untracked 
|   2|0x0000000704200000, 0x0000000704400000, 0x0000000704400000|100%| O|  |TAMS 0x0000000704200000| PB 0x0000000704200000| Untracked 
|   3|0x0000000704400000, 0x000000070446def8, 0x0000000704600000| 21%| O|  |TAMS 0x0000000704400000| PB 0x0000000704400000| Untracked 
|   4|0x0000000704600000, 0x0000000704600000, 0x0000000704800000|  0%| F|  |TAMS 0x0000000704600000| PB 0x0000000704600000| Untracked 
|   5|0x0000000704800000, 0x0000000704800000, 0x0000000704a00000|  0%| F|  |TAMS 0x0000000704800000| PB 0x0000000704800000| Untracked 
|   6|0x0000000704a00000, 0x0000000704a00000, 0x0000000704c00000|  0%| F|  |TAMS 0x0000000704a00000| PB 0x0000000704a00000| Untracked 
|   7|0x0000000704c00000, 0x0000000704c00000, 0x0000000704e00000|  0%| F|  |TAMS 0x0000000704c00000| PB 0x0000000704c00000| Untracked 
|   8|0x0000000704e00000, 0x0000000704e00000, 0x0000000705000000|  0%| F|  |TAMS 0x0000000704e00000| PB 0x0000000704e00000| Untracked 
|   9|0x0000000705000000, 0x0000000705000000, 0x0000000705200000|  0%| F|  |TAMS 0x0000000705000000| PB 0x0000000705000000| Untracked 
|  10|0x0000000705200000, 0x0000000705200000, 0x0000000705400000|  0%| F|  |TAMS 0x0000000705200000| PB 0x0000000705200000| Untracked 
|  11|0x0000000705400000, 0x0000000705400000, 0x0000000705600000|  0%| F|  |TAMS 0x0000000705400000| PB 0x0000000705400000| Untracked 
|  12|0x0000000705600000, 0x0000000705600000, 0x0000000705800000|  0%| F|  |TAMS 0x0000000705600000| PB 0x0000000705600000| Untracked 
|  13|0x0000000705800000, 0x0000000705800000, 0x0000000705a00000|  0%| F|  |TAMS 0x0000000705800000| PB 0x0000000705800000| Untracked 
|  14|0x0000000705a00000, 0x0000000705a00000, 0x0000000705c00000|  0%| F|  |TAMS 0x0000000705a00000| PB 0x0000000705a00000| Untracked 
|  15|0x0000000705c00000, 0x0000000705c00000, 0x0000000705e00000|  0%| F|  |TAMS 0x0000000705c00000| PB 0x0000000705c00000| Untracked 
|  16|0x0000000705e00000, 0x0000000705e00000, 0x0000000706000000|  0%| F|  |TAMS 0x0000000705e00000| PB 0x0000000705e00000| Untracked 
|  17|0x0000000706000000, 0x0000000706000000, 0x0000000706200000|  0%| F|  |TAMS 0x0000000706000000| PB 0x0000000706000000| Untracked 
|  18|0x0000000706200000, 0x0000000706200000, 0x0000000706400000|  0%| F|  |TAMS 0x0000000706200000| PB 0x0000000706200000| Untracked 
|  19|0x0000000706400000, 0x0000000706400000, 0x0000000706600000|  0%| F|  |TAMS 0x0000000706400000| PB 0x0000000706400000| Untracked 
|  20|0x0000000706600000, 0x0000000706600000, 0x0000000706800000|  0%| F|  |TAMS 0x0000000706600000| PB 0x0000000706600000| Untracked 
|  21|0x0000000706800000, 0x0000000706800000, 0x0000000706a00000|  0%| F|  |TAMS 0x0000000706800000| PB 0x0000000706800000| Untracked 
|  22|0x0000000706a00000, 0x0000000706a00000, 0x0000000706c00000|  0%| F|  |TAMS 0x0000000706a00000| PB 0x0000000706a00000| Untracked 
|  23|0x0000000706c00000, 0x0000000706c00000, 0x0000000706e00000|  0%| F|  |TAMS 0x0000000706c00000| PB 0x0000000706c00000| Untracked 
|  24|0x0000000706e00000, 0x0000000706e00000, 0x0000000707000000|  0%| F|  |TAMS 0x0000000706e00000| PB 0x0000000706e00000| Untracked 
|  25|0x0000000707000000, 0x0000000707000000, 0x0000000707200000|  0%| F|  |TAMS 0x0000000707000000| PB 0x0000000707000000| Untracked 
|  26|0x0000000707200000, 0x0000000707200000, 0x0000000707400000|  0%| F|  |TAMS 0x0000000707200000| PB 0x0000000707200000| Untracked 
|  27|0x0000000707400000, 0x0000000707400000, 0x0000000707600000|  0%| F|  |TAMS 0x0000000707400000| PB 0x0000000707400000| Untracked 
|  28|0x0000000707600000, 0x0000000707600000, 0x0000000707800000|  0%| F|  |TAMS 0x0000000707600000| PB 0x0000000707600000| Untracked 
|  29|0x0000000707800000, 0x0000000707800000, 0x0000000707a00000|  0%| F|  |TAMS 0x0000000707800000| PB 0x0000000707800000| Untracked 
|  30|0x0000000707a00000, 0x0000000707a00000, 0x0000000707c00000|  0%| F|  |TAMS 0x0000000707a00000| PB 0x0000000707a00000| Untracked 
|  31|0x0000000707c00000, 0x0000000707c00000, 0x0000000707e00000|  0%| F|  |TAMS 0x0000000707c00000| PB 0x0000000707c00000| Untracked 
|  32|0x0000000707e00000, 0x0000000707e00000, 0x0000000708000000|  0%| F|  |TAMS 0x0000000707e00000| PB 0x0000000707e00000| Untracked 
|  33|0x0000000708000000, 0x0000000708000000, 0x0000000708200000|  0%| F|  |TAMS 0x0000000708000000| PB 0x0000000708000000| Untracked 
|  34|0x0000000708200000, 0x0000000708200000, 0x0000000708400000|  0%| F|  |TAMS 0x0000000708200000| PB 0x0000000708200000| Untracked 
|  35|0x0000000708400000, 0x0000000708400000, 0x0000000708600000|  0%| F|  |TAMS 0x0000000708400000| PB 0x0000000708400000| Untracked 
|  36|0x0000000708600000, 0x0000000708600000, 0x0000000708800000|  0%| F|  |TAMS 0x0000000708600000| PB 0x0000000708600000| Untracked 
|  37|0x0000000708800000, 0x0000000708800000, 0x0000000708a00000|  0%| F|  |TAMS 0x0000000708800000| PB 0x0000000708800000| Untracked 
|  38|0x0000000708a00000, 0x0000000708a00000, 0x0000000708c00000|  0%| F|  |TAMS 0x0000000708a00000| PB 0x0000000708a00000| Untracked 
|  39|0x0000000708c00000, 0x0000000708c00000, 0x0000000708e00000|  0%| F|  |TAMS 0x0000000708c00000| PB 0x0000000708c00000| Untracked 
|  40|0x0000000708e00000, 0x0000000708e00000, 0x0000000709000000|  0%| F|  |TAMS 0x0000000708e00000| PB 0x0000000708e00000| Untracked 
|  41|0x0000000709000000, 0x0000000709000000, 0x0000000709200000|  0%| F|  |TAMS 0x0000000709000000| PB 0x0000000709000000| Untracked 
|  42|0x0000000709200000, 0x0000000709200000, 0x0000000709400000|  0%| F|  |TAMS 0x0000000709200000| PB 0x0000000709200000| Untracked 
|  43|0x0000000709400000, 0x0000000709400000, 0x0000000709600000|  0%| F|  |TAMS 0x0000000709400000| PB 0x0000000709400000| Untracked 
|  44|0x0000000709600000, 0x0000000709600000, 0x0000000709800000|  0%| F|  |TAMS 0x0000000709600000| PB 0x0000000709600000| Untracked 
|  45|0x0000000709800000, 0x0000000709800000, 0x0000000709a00000|  0%| F|  |TAMS 0x0000000709800000| PB 0x0000000709800000| Untracked 
|  46|0x0000000709a00000, 0x0000000709a00000, 0x0000000709c00000|  0%| F|  |TAMS 0x0000000709a00000| PB 0x0000000709a00000| Untracked 
|  47|0x0000000709c00000, 0x0000000709c00000, 0x0000000709e00000|  0%| F|  |TAMS 0x0000000709c00000| PB 0x0000000709c00000| Untracked 
|  48|0x0000000709e00000, 0x0000000709e00000, 0x000000070a000000|  0%| F|  |TAMS 0x0000000709e00000| PB 0x0000000709e00000| Untracked 
|  49|0x000000070a000000, 0x000000070a000000, 0x000000070a200000|  0%| F|  |TAMS 0x000000070a000000| PB 0x000000070a000000| Untracked 
|  50|0x000000070a200000, 0x000000070a200000, 0x000000070a400000|  0%| F|  |TAMS 0x000000070a200000| PB 0x000000070a200000| Untracked 
|  51|0x000000070a400000, 0x000000070a400000, 0x000000070a600000|  0%| F|  |TAMS 0x000000070a400000| PB 0x000000070a400000| Untracked 
|  52|0x000000070a600000, 0x000000070a600000, 0x000000070a800000|  0%| F|  |TAMS 0x000000070a600000| PB 0x000000070a600000| Untracked 
|  53|0x000000070a800000, 0x000000070a800000, 0x000000070aa00000|  0%| F|  |TAMS 0x000000070a800000| PB 0x000000070a800000| Untracked 
|  54|0x000000070aa00000, 0x000000070aa00000, 0x000000070ac00000|  0%| F|  |TAMS 0x000000070aa00000| PB 0x000000070aa00000| Untracked 
|  55|0x000000070ac00000, 0x000000070ac00000, 0x000000070ae00000|  0%| F|  |TAMS 0x000000070ac00000| PB 0x000000070ac00000| Untracked 
|  56|0x000000070ae00000, 0x000000070ae00000, 0x000000070b000000|  0%| F|  |TAMS 0x000000070ae00000| PB 0x000000070ae00000| Untracked 
|  57|0x000000070b000000, 0x000000070b000000, 0x000000070b200000|  0%| F|  |TAMS 0x000000070b000000| PB 0x000000070b000000| Untracked 
|  58|0x000000070b200000, 0x000000070b200000, 0x000000070b400000|  0%| F|  |TAMS 0x000000070b200000| PB 0x000000070b200000| Untracked 
|  59|0x000000070b400000, 0x000000070b400000, 0x000000070b600000|  0%| F|  |TAMS 0x000000070b400000| PB 0x000000070b400000| Untracked 
|  60|0x000000070b600000, 0x000000070b600000, 0x000000070b800000|  0%| F|  |TAMS 0x000000070b600000| PB 0x000000070b600000| Untracked 
|  61|0x000000070b800000, 0x000000070b800000, 0x000000070ba00000|  0%| F|  |TAMS 0x000000070b800000| PB 0x000000070b800000| Untracked 
|  62|0x000000070ba00000, 0x000000070ba00000, 0x000000070bc00000|  0%| F|  |TAMS 0x000000070ba00000| PB 0x000000070ba00000| Untracked 
|  63|0x000000070bc00000, 0x000000070bc00000, 0x000000070be00000|  0%| F|  |TAMS 0x000000070bc00000| PB 0x000000070bc00000| Untracked 
|  64|0x000000070be00000, 0x000000070be00000, 0x000000070c000000|  0%| F|  |TAMS 0x000000070be00000| PB 0x000000070be00000| Untracked 
|  65|0x000000070c000000, 0x000000070c000000, 0x000000070c200000|  0%| F|  |TAMS 0x000000070c000000| PB 0x000000070c000000| Untracked 
|  66|0x000000070c200000, 0x000000070c200000, 0x000000070c400000|  0%| F|  |TAMS 0x000000070c200000| PB 0x000000070c200000| Untracked 
|  67|0x000000070c400000, 0x000000070c400000, 0x000000070c600000|  0%| F|  |TAMS 0x000000070c400000| PB 0x000000070c400000| Untracked 
|  68|0x000000070c600000, 0x000000070c600000, 0x000000070c800000|  0%| F|  |TAMS 0x000000070c600000| PB 0x000000070c600000| Untracked 
|  69|0x000000070c800000, 0x000000070c800000, 0x000000070ca00000|  0%| F|  |TAMS 0x000000070c800000| PB 0x000000070c800000| Untracked 
|  70|0x000000070ca00000, 0x000000070ca00000, 0x000000070cc00000|  0%| F|  |TAMS 0x000000070ca00000| PB 0x000000070ca00000| Untracked 
|  71|0x000000070cc00000, 0x000000070cc00000, 0x000000070ce00000|  0%| F|  |TAMS 0x000000070cc00000| PB 0x000000070cc00000| Untracked 
|  72|0x000000070ce00000, 0x000000070ce00000, 0x000000070d000000|  0%| F|  |TAMS 0x000000070ce00000| PB 0x000000070ce00000| Untracked 
|  73|0x000000070d000000, 0x000000070d000000, 0x000000070d200000|  0%| F|  |TAMS 0x000000070d000000| PB 0x000000070d000000| Untracked 
|  74|0x000000070d200000, 0x000000070d200000, 0x000000070d400000|  0%| F|  |TAMS 0x000000070d200000| PB 0x000000070d200000| Untracked 
|  75|0x000000070d400000, 0x000000070d400000, 0x000000070d600000|  0%| F|  |TAMS 0x000000070d400000| PB 0x000000070d400000| Untracked 
|  76|0x000000070d600000, 0x000000070d600000, 0x000000070d800000|  0%| F|  |TAMS 0x000000070d600000| PB 0x000000070d600000| Untracked 
|  77|0x000000070d800000, 0x000000070d800000, 0x000000070da00000|  0%| F|  |TAMS 0x000000070d800000| PB 0x000000070d800000| Untracked 
|  78|0x000000070da00000, 0x000000070da00000, 0x000000070dc00000|  0%| F|  |TAMS 0x000000070da00000| PB 0x000000070da00000| Untracked 
|  79|0x000000070dc00000, 0x000000070dc00000, 0x000000070de00000|  0%| F|  |TAMS 0x000000070dc00000| PB 0x000000070dc00000| Untracked 
|  80|0x000000070de00000, 0x000000070de00000, 0x000000070e000000|  0%| F|  |TAMS 0x000000070de00000| PB 0x000000070de00000| Untracked 
|  81|0x000000070e000000, 0x000000070e000000, 0x000000070e200000|  0%| F|  |TAMS 0x000000070e000000| PB 0x000000070e000000| Untracked 
|  82|0x000000070e200000, 0x000000070e200000, 0x000000070e400000|  0%| F|  |TAMS 0x000000070e200000| PB 0x000000070e200000| Untracked 
|  83|0x000000070e400000, 0x000000070e400000, 0x000000070e600000|  0%| F|  |TAMS 0x000000070e400000| PB 0x000000070e400000| Untracked 
|  84|0x000000070e600000, 0x000000070e600000, 0x000000070e800000|  0%| F|  |TAMS 0x000000070e600000| PB 0x000000070e600000| Untracked 
|  85|0x000000070e800000, 0x000000070e800000, 0x000000070ea00000|  0%| F|  |TAMS 0x000000070e800000| PB 0x000000070e800000| Untracked 
|  86|0x000000070ea00000, 0x000000070ea00000, 0x000000070ec00000|  0%| F|  |TAMS 0x000000070ea00000| PB 0x000000070ea00000| Untracked 
|  87|0x000000070ec00000, 0x000000070ec00000, 0x000000070ee00000|  0%| F|  |TAMS 0x000000070ec00000| PB 0x000000070ec00000| Untracked 
|  88|0x000000070ee00000, 0x000000070ee00000, 0x000000070f000000|  0%| F|  |TAMS 0x000000070ee00000| PB 0x000000070ee00000| Untracked 
|  89|0x000000070f000000, 0x000000070f000000, 0x000000070f200000|  0%| F|  |TAMS 0x000000070f000000| PB 0x000000070f000000| Untracked 
|  90|0x000000070f200000, 0x000000070f200000, 0x000000070f400000|  0%| F|  |TAMS 0x000000070f200000| PB 0x000000070f200000| Untracked 
|  91|0x000000070f400000, 0x000000070f400000, 0x000000070f600000|  0%| F|  |TAMS 0x000000070f400000| PB 0x000000070f400000| Untracked 
|  92|0x000000070f600000, 0x000000070f600000, 0x000000070f800000|  0%| F|  |TAMS 0x000000070f600000| PB 0x000000070f600000| Untracked 
|  93|0x000000070f800000, 0x000000070f800000, 0x000000070fa00000|  0%| F|  |TAMS 0x000000070f800000| PB 0x000000070f800000| Untracked 
|  94|0x000000070fa00000, 0x000000070fa00000, 0x000000070fc00000|  0%| F|  |TAMS 0x000000070fa00000| PB 0x000000070fa00000| Untracked 
|  95|0x000000070fc00000, 0x000000070fc00000, 0x000000070fe00000|  0%| F|  |TAMS 0x000000070fc00000| PB 0x000000070fc00000| Untracked 
|  96|0x000000070fe00000, 0x000000070fe00000, 0x0000000710000000|  0%| F|  |TAMS 0x000000070fe00000| PB 0x000000070fe00000| Untracked 
|  97|0x0000000710000000, 0x0000000710000000, 0x0000000710200000|  0%| F|  |TAMS 0x0000000710000000| PB 0x0000000710000000| Untracked 
|  98|0x0000000710200000, 0x0000000710200000, 0x0000000710400000|  0%| F|  |TAMS 0x0000000710200000| PB 0x0000000710200000| Untracked 
|  99|0x0000000710400000, 0x0000000710400000, 0x0000000710600000|  0%| F|  |TAMS 0x0000000710400000| PB 0x0000000710400000| Untracked 
| 100|0x0000000710600000, 0x0000000710600000, 0x0000000710800000|  0%| F|  |TAMS 0x0000000710600000| PB 0x0000000710600000| Untracked 
| 101|0x0000000710800000, 0x0000000710800000, 0x0000000710a00000|  0%| F|  |TAMS 0x0000000710800000| PB 0x0000000710800000| Untracked 
| 102|0x0000000710a00000, 0x0000000710a00000, 0x0000000710c00000|  0%| F|  |TAMS 0x0000000710a00000| PB 0x0000000710a00000| Untracked 
| 103|0x0000000710c00000, 0x0000000710c00000, 0x0000000710e00000|  0%| F|  |TAMS 0x0000000710c00000| PB 0x0000000710c00000| Untracked 
| 104|0x0000000710e00000, 0x0000000710e00000, 0x0000000711000000|  0%| F|  |TAMS 0x0000000710e00000| PB 0x0000000710e00000| Untracked 
| 105|0x0000000711000000, 0x0000000711000000, 0x0000000711200000|  0%| F|  |TAMS 0x0000000711000000| PB 0x0000000711000000| Untracked 
| 106|0x0000000711200000, 0x0000000711200000, 0x0000000711400000|  0%| F|  |TAMS 0x0000000711200000| PB 0x0000000711200000| Untracked 
| 107|0x0000000711400000, 0x0000000711400000, 0x0000000711600000|  0%| F|  |TAMS 0x0000000711400000| PB 0x0000000711400000| Untracked 
| 108|0x0000000711600000, 0x0000000711600000, 0x0000000711800000|  0%| F|  |TAMS 0x0000000711600000| PB 0x0000000711600000| Untracked 
| 109|0x0000000711800000, 0x0000000711800000, 0x0000000711a00000|  0%| F|  |TAMS 0x0000000711800000| PB 0x0000000711800000| Untracked 
| 110|0x0000000711a00000, 0x0000000711a00000, 0x0000000711c00000|  0%| F|  |TAMS 0x0000000711a00000| PB 0x0000000711a00000| Untracked 
| 111|0x0000000711c00000, 0x0000000711c00000, 0x0000000711e00000|  0%| F|  |TAMS 0x0000000711c00000| PB 0x0000000711c00000| Untracked 
| 112|0x0000000711e00000, 0x0000000711fc4670, 0x0000000712000000| 88%| S|CS|TAMS 0x0000000711e00000| PB 0x0000000711e00000| Complete 
| 113|0x0000000712000000, 0x0000000712000000, 0x0000000712200000|  0%| F|  |TAMS 0x0000000712000000| PB 0x0000000712000000| Untracked 
| 114|0x0000000712200000, 0x0000000712200000, 0x0000000712400000|  0%| F|  |TAMS 0x0000000712200000| PB 0x0000000712200000| Untracked 
| 115|0x0000000712400000, 0x0000000712400000, 0x0000000712600000|  0%| F|  |TAMS 0x0000000712400000| PB 0x0000000712400000| Untracked 
| 116|0x0000000712600000, 0x0000000712600000, 0x0000000712800000|  0%| F|  |TAMS 0x0000000712600000| PB 0x0000000712600000| Untracked 
| 117|0x0000000712800000, 0x0000000712800000, 0x0000000712a00000|  0%| F|  |TAMS 0x0000000712800000| PB 0x0000000712800000| Untracked 
| 118|0x0000000712a00000, 0x0000000712a00000, 0x0000000712c00000|  0%| F|  |TAMS 0x0000000712a00000| PB 0x0000000712a00000| Untracked 
| 119|0x0000000712c00000, 0x0000000712c00000, 0x0000000712e00000|  0%| F|  |TAMS 0x0000000712c00000| PB 0x0000000712c00000| Untracked 
| 120|0x0000000712e00000, 0x0000000712e00000, 0x0000000713000000|  0%| F|  |TAMS 0x0000000712e00000| PB 0x0000000712e00000| Untracked 
| 121|0x0000000713000000, 0x0000000713000000, 0x0000000713200000|  0%| F|  |TAMS 0x0000000713000000| PB 0x0000000713000000| Untracked 
| 122|0x0000000713200000, 0x00000007132f7ee0, 0x0000000713400000| 48%| E|  |TAMS 0x0000000713200000| PB 0x0000000713200000| Complete 
| 123|0x0000000713400000, 0x0000000713600000, 0x0000000713600000|100%| E|CS|TAMS 0x0000000713400000| PB 0x0000000713400000| Complete 
| 124|0x0000000713600000, 0x0000000713800000, 0x0000000713800000|100%| E|CS|TAMS 0x0000000713600000| PB 0x0000000713600000| Complete 
| 125|0x0000000713800000, 0x0000000713a00000, 0x0000000713a00000|100%| E|CS|TAMS 0x0000000713800000| PB 0x0000000713800000| Complete 
| 126|0x0000000713a00000, 0x0000000713c00000, 0x0000000713c00000|100%| E|CS|TAMS 0x0000000713a00000| PB 0x0000000713a00000| Complete 

Card table byte_map: [0x00000199a2df0000,0x00000199a35e0000] _byte_map_base: 0x000001999f5d1000

Marking Bits: (CMBitMap*) 0x000001998aede830
 Bits: [0x00000199a35e0000, 0x00000199a74e8000)

Polling page: 0x000001998a630000

Metaspace:

Usage:
  Non-class:     10.01 MB used.
      Class:      1.46 MB used.
       Both:     11.46 MB used.

Virtual space:
  Non-class space:       64.00 MB reserved,      10.06 MB ( 16%) committed,  1 nodes.
      Class space:        1.00 GB reserved,       1.56 MB ( <1%) committed,  1 nodes.
             Both:        1.06 GB reserved,      11.62 MB (  1%) committed. 

Chunk freelists:
   Non-Class:  5.81 MB
       Class:  14.39 MB
        Both:  20.20 MB

MaxMetaspaceSize: unlimited
CompressedClassSpaceSize: 1.00 GB
Initial GC threshold: 21.00 MB
Current GC threshold: 21.00 MB
CDS: on
 - commit_granule_bytes: 65536.
 - commit_granule_words: 8192.
 - virtual_space_node_default_size: 8388608.
 - enlarge_chunks_in_place: 1.
 - use_allocation_guard: 0.


Internal statistics:

num_allocs_failed_limit: 0.
num_arena_births: 134.
num_arena_deaths: 0.
num_vsnodes_births: 2.
num_vsnodes_deaths: 0.
num_space_committed: 186.
num_space_uncommitted: 0.
num_chunks_returned_to_freelist: 0.
num_chunks_taken_from_freelist: 456.
num_chunk_merges: 0.
num_chunk_splits: 308.
num_chunks_enlarged: 259.
num_inconsistent_stats: 0.

CodeHeap 'non-profiled nmethods': size=120000Kb used=633Kb max_used=633Kb free=119366Kb
 bounds [0x000001999ada0000, 0x000001999b010000, 0x00000199a22d0000]
CodeHeap 'profiled nmethods': size=120000Kb used=3292Kb max_used=3292Kb free=116707Kb
 bounds [0x00000199932d0000, 0x0000019993610000, 0x000001999a800000]
CodeHeap 'non-nmethods': size=5760Kb used=1450Kb max_used=1471Kb free=4309Kb
 bounds [0x000001999a800000, 0x000001999aa70000, 0x000001999ada0000]
 total_blobs=2207 nmethods=1722 adapters=390
 compilation: enabled
              stopped_count=0, restarted_count=0
 full_count=0

Compilation events (20 events):
Event: 1.235 Thread 0x00000199a9f56d80 1715       3       java.util.Arrays$ArrayItr::hasNext (18 bytes)
Event: 1.235 Thread 0x00000199a9f56d80 nmethod 1715 0x0000019993604310 code [0x00000199936044c0, 0x0000019993604638]
Event: 1.236 Thread 0x00000199a9f56d80 1716       3       org.springframework.util.ConcurrentReferenceHashMap$ReferenceManager::createReference (43 bytes)
Event: 1.236 Thread 0x00000199a9f56d80 nmethod 1716 0x0000019993604710 code [0x0000019993604900, 0x0000019993604ee8]
Event: 1.237 Thread 0x00000199a9f56d80 1717       3       jdk.internal.misc.VM::isJavaLangInvokeInited (4 bytes)
Event: 1.237 Thread 0x00000199a9f56d80 nmethod 1717 0x0000019993605110 code [0x00000199936052a0, 0x0000019993605390]
Event: 1.237 Thread 0x00000199a9f56d80 1719       3       java.lang.StrictMath::floorOrCeil (128 bytes)
Event: 1.237 Thread 0x00000199a9f56d80 nmethod 1719 0x0000019993605410 code [0x00000199936055e0, 0x0000019993605a68]
Event: 1.237 Thread 0x00000199a9f56d80 1718       3       jdk.internal.reflect.ReflectionFactory::config (28 bytes)
Event: 1.238 Thread 0x00000199a9f56d80 nmethod 1718 0x0000019993605b90 code [0x0000019993605d20, 0x0000019993605e28]
Event: 1.238 Thread 0x00000199a9f56d80 1720       3       java.lang.Math::getExponent (17 bytes)
Event: 1.238 Thread 0x00000199a9f56d80 nmethod 1720 0x0000019993605e90 code [0x0000019993606020, 0x0000019993606150]
Event: 1.238 Thread 0x00000199a9f56d80 1722       3       java.nio.HeapByteBuffer::get (14 bytes)
Event: 1.238 Thread 0x00000199a9f56d80 nmethod 1722 0x0000019993606210 code [0x00000199936063e0, 0x00000199936066d0]
Event: 1.238 Thread 0x00000199a9f56d80 1723       3       jdk.internal.reflect.ReflectionFactory::getExecutableSharedParameterTypes (11 bytes)
Event: 1.238 Thread 0x00000199a9f565a0 1725       4       jdk.internal.org.objectweb.asm.Frame::execute (2305 bytes)
Event: 1.238 Thread 0x00000199a9f56d80 nmethod 1723 0x0000019993606890 code [0x0000019993606a40, 0x0000019993606cc8]
Event: 1.238 Thread 0x00000199a9f56d80 1724       3       java.lang.reflect.ReflectAccess::getExecutableSharedParameterTypes (5 bytes)
Event: 1.238 Thread 0x00000199a9f56d80 nmethod 1724 0x0000019993606e10 code [0x0000019993606fc0, 0x00000199936071a0]
Event: 1.238 Thread 0x00000199a9f56d80 1726       3       jdk.internal.org.objectweb.asm.MethodWriter::visitLdcInsn (215 bytes)

GC Heap History (4 events):
Event: 0.712 GC heap before
{Heap before GC invocations=0 (full 0):
 garbage-first heap   total 260096K, used 22528K [0x0000000703e00000, 0x0000000800000000)
  region size 2048K, 11 young (22528K), 0 survivors (0K)
 Metaspace       used 4138K, committed 4352K, reserved 1114112K
  class space    used 417K, committed 512K, reserved 1048576K
}
Event: 0.716 GC heap after
{Heap after GC invocations=1 (full 0):
 garbage-first heap   total 260096K, used 6399K [0x0000000703e00000, 0x0000000800000000)
  region size 2048K, 2 young (4096K), 2 survivors (4096K)
 Metaspace       used 4138K, committed 4352K, reserved 1114112K
  class space    used 417K, committed 512K, reserved 1048576K
}
Event: 1.117 GC heap before
{Heap before GC invocations=1 (full 0):
 garbage-first heap   total 260096K, used 30975K [0x0000000703e00000, 0x0000000800000000)
  region size 2048K, 14 young (28672K), 2 survivors (4096K)
 Metaspace       used 9695K, committed 9920K, reserved 1114112K
  class space    used 1235K, committed 1344K, reserved 1048576K
}
Event: 1.120 GC heap after
{Heap after GC invocations=2 (full 0):
 garbage-first heap   total 260096K, used 8393K [0x0000000703e00000, 0x0000000800000000)
  region size 2048K, 1 young (2048K), 1 survivors (2048K)
 Metaspace       used 9695K, committed 9920K, reserved 1114112K
  class space    used 1235K, committed 1344K, reserved 1048576K
}

Dll operation events (11 events):
Event: 0.016 Loaded shared library C:\Program Files\Java\jdk-21\bin\java.dll
Event: 0.018 Loaded shared library C:\Program Files\Java\jdk-21\bin\zip.dll
Event: 0.052 Loaded shared library C:\Program Files\Java\jdk-21\bin\jsvml.dll
Event: 0.165 Loaded shared library C:\Program Files\Java\jdk-21\bin\instrument.dll
Event: 0.212 Loaded shared library C:\Program Files\Java\jdk-21\bin\net.dll
Event: 0.213 Loaded shared library C:\Program Files\Java\jdk-21\bin\nio.dll
Event: 0.219 Loaded shared library C:\Program Files\Java\jdk-21\bin\zip.dll
Event: 0.285 Loaded shared library C:\Program Files\Java\jdk-21\bin\verify.dll
Event: 0.290 Loaded shared library C:\Program Files\Java\jdk-21\bin\jimage.dll
Event: 0.647 Loaded shared library C:\Program Files\Java\jdk-21\bin\management.dll
Event: 0.650 Loaded shared library C:\Program Files\Java\jdk-21\bin\management_ext.dll

Deoptimization events (20 events):
Event: 1.207 Thread 0x00000199a9f50c20 DEOPT PACKING pc=0x0000019993404e71 sp=0x0000005c7d4fdcd0
Event: 1.207 Thread 0x00000199a9f50c20 DEOPT UNPACKING pc=0x000001999a854e42 sp=0x0000005c7d4fd128 mode 1
Event: 1.207 Thread 0x00000199a9f50c20 DEOPT PACKING pc=0x00000199934c26e4 sp=0x0000005c7d4fdd60
Event: 1.207 Thread 0x00000199a9f50c20 DEOPT UNPACKING pc=0x000001999a854e42 sp=0x0000005c7d4fd208 mode 1
Event: 1.207 Thread 0x00000199a9f50c20 DEOPT PACKING pc=0x00000199934dfb6c sp=0x0000005c7d4fe7b0
Event: 1.207 Thread 0x00000199a9f50c20 DEOPT UNPACKING pc=0x000001999a854e42 sp=0x0000005c7d4fdc78 mode 1
Event: 1.207 Thread 0x00000199a9f50c20 DEOPT PACKING pc=0x00000199934df68c sp=0x0000005c7d4fe840
Event: 1.207 Thread 0x00000199a9f50c20 DEOPT UNPACKING pc=0x000001999a854e42 sp=0x0000005c7d4fdd18 mode 1
Event: 1.207 Thread 0x00000199a9f50c20 DEOPT PACKING pc=0x0000019993404e71 sp=0x0000005c7d4fdcd0
Event: 1.207 Thread 0x00000199a9f50c20 DEOPT UNPACKING pc=0x000001999a854e42 sp=0x0000005c7d4fd128 mode 1
Event: 1.207 Thread 0x00000199a9f50c20 DEOPT PACKING pc=0x00000199934c26e4 sp=0x0000005c7d4fdd60
Event: 1.207 Thread 0x00000199a9f50c20 DEOPT UNPACKING pc=0x000001999a854e42 sp=0x0000005c7d4fd208 mode 1
Event: 1.207 Thread 0x00000199a9f50c20 DEOPT PACKING pc=0x00000199934dfb6c sp=0x0000005c7d4fe7b0
Event: 1.207 Thread 0x00000199a9f50c20 DEOPT UNPACKING pc=0x000001999a854e42 sp=0x0000005c7d4fdc78 mode 1
Event: 1.207 Thread 0x00000199a9f50c20 DEOPT PACKING pc=0x00000199934df68c sp=0x0000005c7d4fe840
Event: 1.207 Thread 0x00000199a9f50c20 DEOPT UNPACKING pc=0x000001999a854e42 sp=0x0000005c7d4fdd18 mode 1
Event: 1.215 Thread 0x00000199a9f4f1e0 Uncommon trap: trap_request=0xffffff45 fr.pc=0x000001999ae3832c relative=0x000000000000036c
Event: 1.215 Thread 0x00000199a9f4f1e0 Uncommon trap: reason=unstable_if action=reinterpret pc=0x000001999ae3832c method=jdk.internal.org.objectweb.asm.SymbolTable.put(Ljdk/internal/org/objectweb/asm/SymbolTable$Entry;)Ljdk/internal/org/objectweb/asm/SymbolTable$Entry; @ 13 c2
Event: 1.215 Thread 0x00000199a9f4f1e0 DEOPT PACKING pc=0x000001999ae3832c sp=0x0000005c7ccfdf20
Event: 1.215 Thread 0x00000199a9f4f1e0 DEOPT UNPACKING pc=0x000001999a8546a2 sp=0x0000005c7ccfdeb0 mode 2

Classes loaded (20 events):
Event: 1.234 Loading class org/springframework/http/converter/AbstractGenericHttpMessageConverter
Event: 1.234 Loading class org/springframework/http/converter/AbstractGenericHttpMessageConverter done
Event: 1.234 Loading class org/springframework/http/converter/GenericHttpMessageConverter
Event: 1.234 Loading class org/springframework/http/converter/GenericHttpMessageConverter done
Event: 1.235 Loading class org/springframework/core/annotation/AnnotationAttributes
Event: 1.235 Loading class org/springframework/core/annotation/AnnotationAttributes done
Event: 1.235 Loading class com/fasterxml/jackson/databind/exc/InvalidDefinitionException
Event: 1.235 Loading class com/fasterxml/jackson/databind/exc/InvalidDefinitionException done
Event: 1.235 Loading class com/fasterxml/jackson/databind/JsonMappingException
Event: 1.235 Loading class com/fasterxml/jackson/databind/JsonMappingException done
Event: 1.236 Loading class com/fasterxml/jackson/core/JsonProcessingException
Event: 1.236 Loading class com/fasterxml/jackson/core/JsonProcessingException done
Event: 1.236 Loading class org/springframework/core/annotation/AnnotationUtils$DefaultValueHolder
Event: 1.236 Loading class org/springframework/core/annotation/AnnotationUtils$DefaultValueHolder done
Event: 1.236 Loading class com/fasterxml/jackson/core/util/DefaultPrettyPrinter$Indenter
Event: 1.236 Loading class com/fasterxml/jackson/core/util/DefaultPrettyPrinter$Indenter done
Event: 1.237 Loading class com/fasterxml/jackson/core/PrettyPrinter
Event: 1.237 Loading class com/fasterxml/jackson/core/PrettyPrinter done
Event: 1.237 Loading class org/springframework/http/converter/json/Jackson2ObjectMapperBuilder
Event: 1.237 Loading class org/springframework/http/converter/json/Jackson2ObjectMapperBuilder done

Classes unloaded (0 events):
No events

Classes redefined (0 events):
No events

Internal exceptions (20 events):
Event: 0.719 Thread 0x00000199a9f4f1e0 Exception <a 'java/lang/NoSuchMethodError'{0x0000000713a04dc0}: 'void java.lang.invoke.DirectMethodHandle$Holder.invokeStatic(java.lang.Object, java.lang.Object)'> (0x0000000713a04dc0) 
thrown [s\open\src\hotspot\share\interpreter\linkResolver.cpp, line 773]
Event: 0.720 Thread 0x00000199a9f4f1e0 Exception <a 'java/lang/NoSuchMethodError'{0x0000000713a08538}: 'void java.lang.invoke.DirectMethodHandle$Holder.invokeSpecial(java.lang.Object, java.lang.Object, java.lang.Object)'> (0x0000000713a08538) 
thrown [s\open\src\hotspot\share\interpreter\linkResolver.cpp, line 773]
Event: 0.776 Thread 0x00000199a9f4f1e0 Exception <a 'sun/nio/fs/WindowsException'{0x0000000713888668}> (0x0000000713888668) 
thrown [s\open\src\hotspot\share\prims\jni.cpp, line 520]
Event: 0.880 Thread 0x00000199a9f4f1e0 Exception <a 'java/lang/NoSuchMethodError'{0x00000007135f2428}: 'java.lang.Object java.lang.invoke.DirectMethodHandle$Holder.newInvokeSpecial(java.lang.Object, java.lang.Object, int, java.lang.Object)'> (0x00000007135f2428) 
thrown [s\open\src\hotspot\share\interpreter\linkResolver.cpp, line 773]
Event: 0.880 Thread 0x00000199a9f4f1e0 Exception <a 'java/lang/NoSuchMethodError'{0x0000000713281b90}: 'java.lang.Object java.lang.invoke.DirectMethodHandle$Holder.invokeSpecial(java.lang.Object, java.lang.Object, java.lang.Object, int, java.lang.Object)'> (0x0000000713281b90) 
thrown [s\open\src\hotspot\share\interpreter\linkResolver.cpp, line 773]
Event: 0.883 Thread 0x00000199a9f4f1e0 Exception <a 'java/lang/NoSuchMethodError'{0x000000071329ac48}: 'java.lang.Object java.lang.invoke.DirectMethodHandle$Holder.newInvokeSpecial(java.lang.Object, java.lang.Object, java.lang.Object, java.lang.Object, java.lang.Object, java.lang.Object)'> (0x000000071329ac48) 
thrown [s\open\src\hotspot\share\interpreter\linkResolver.cpp, line 773]
Event: 0.924 Thread 0x00000199a9f4f1e0 Exception <a 'java/lang/NoSuchMethodError'{0x0000000713127128}: 'void java.lang.invoke.DirectMethodHandle$Holder.invokeStatic(java.lang.Object, java.lang.Object, java.lang.Object, java.lang.Object)'> (0x0000000713127128) 
thrown [s\open\src\hotspot\share\interpreter\linkResolver.cpp, line 773]
Event: 0.961 Thread 0x00000199a9f4f1e0 Exception <a 'java/lang/NoSuchMethodError'{0x0000000712f170c8}: 'void java.lang.invoke.DirectMethodHandle$Holder.invokeStaticInit(java.lang.Object, java.lang.Object)'> (0x0000000712f170c8) 
thrown [s\open\src\hotspot\share\interpreter\linkResolver.cpp, line 773]
Event: 0.998 Thread 0x00000199a9f4f1e0 Exception <a 'java/lang/NoSuchMethodError'{0x0000000712c4d4e0}: 'java.lang.Object java.lang.invoke.DirectMethodHandle$Holder.invokeVirtual(java.lang.Object, java.lang.Object, java.lang.Object)'> (0x0000000712c4d4e0) 
thrown [s\open\src\hotspot\share\interpreter\linkResolver.cpp, line 773]
Event: 1.058 Thread 0x00000199a9f4f1e0 Exception <a 'java/lang/NoSuchMethodError'{0x000000071285b920}: 'java.lang.Object java.lang.invoke.DirectMethodHandle$Holder.invokeStaticInit(java.lang.Object, int)'> (0x000000071285b920) 
thrown [s\open\src\hotspot\share\interpreter\linkResolver.cpp, line 773]
Event: 1.060 Thread 0x00000199a9f4f1e0 Exception <a 'java/lang/NoSuchMethodError'{0x0000000712865200}: 'int java.lang.invoke.DirectMethodHandle$Holder.invokeStaticInit(java.lang.Object, java.lang.Object, java.lang.Object)'> (0x0000000712865200) 
thrown [s\open\src\hotspot\share\interpreter\linkResolver.cpp, line 773]
Event: 1.061 Thread 0x00000199a9f4f1e0 Exception <a 'java/lang/NoSuchMethodError'{0x000000071286b0b8}: 'java.lang.Object java.lang.invoke.DirectMethodHandle$Holder.invokeStatic(java.lang.Object, int, java.lang.Object)'> (0x000000071286b0b8) 
thrown [s\open\src\hotspot\share\interpreter\linkResolver.cpp, line 773]
Event: 1.061 Thread 0x00000199a9f4f1e0 Exception <a 'java/lang/NoSuchMethodError'{0x000000071286e708}: 'java.lang.Object java.lang.invoke.DirectMethodHandle$Holder.invokeStaticInit(java.lang.Object, int, java.lang.Object)'> (0x000000071286e708) 
thrown [s\open\src\hotspot\share\interpreter\linkResolver.cpp, line 773]
Event: 1.159 Thread 0x00000199a9f50c20 Exception <a 'java/lang/NoSuchMethodError'{0x000000071397c4a0}: 'void java.lang.invoke.DirectMethodHandle$Holder.invokeStatic(java.lang.Object, java.lang.Object, java.lang.Object, java.lang.Object, java.lang.Object, java.lang.Object)'> (0x000000071397c4a0) 
thrown [s\open\src\hotspot\share\interpreter\linkResolver.cpp, line 773]
Event: 1.183 Thread 0x00000199a9f4f1e0 Exception <a 'java/lang/NoSuchMethodError'{0x000000071365e588}: 'org.slf4j.impl.StaticMDCBinder org.slf4j.impl.StaticMDCBinder.getSingleton()'> (0x000000071365e588) 
thrown [s\open\src\hotspot\share\interpreter\linkResolver.cpp, line 773]
Event: 1.193 Thread 0x00000199a9f4f1e0 Exception <a 'java/lang/NoSuchMethodError'{0x0000000713735ff8}: 'int java.lang.invoke.Invokers$Holder.invokeExact_MT(java.lang.Object, java.lang.Object)'> (0x0000000713735ff8) 
thrown [s\open\src\hotspot\share\interpreter\linkResolver.cpp, line 773]
Event: 1.197 Thread 0x00000199a9f50c20 Exception <a 'java/lang/NoSuchMethodError'{0x00000007137c1f78}: 'void java.lang.invoke.DirectMethodHandle$Holder.invokeSpecial(java.lang.Object, java.lang.Object, java.lang.Object, java.lang.Object, java.lang.Object)'> (0x00000007137c1f78) 
thrown [s\open\src\hotspot\share\interpreter\linkResolver.cpp, line 773]
Event: 1.210 Thread 0x00000199a9f50c20 Exception <a 'java/lang/NoSuchMethodError'{0x00000007134f6a10}: 'int java.lang.invoke.DirectMethodHandle$Holder.invokeInterface(java.lang.Object, java.lang.Object)'> (0x00000007134f6a10) 
thrown [s\open\src\hotspot\share\interpreter\linkResolver.cpp, line 773]
Event: 1.217 Thread 0x00000199a9f50c20 Exception <a 'java/lang/NoSuchMethodError'{0x0000000713589b58}: 'java.lang.Object java.lang.invoke.DirectMethodHandle$Holder.invokeStaticInit(java.lang.Object, java.lang.Object, java.lang.Object)'> (0x0000000713589b58) 
thrown [s\open\src\hotspot\share\interpreter\linkResolver.cpp, line 773]
Event: 1.218 Thread 0x00000199a9f50c20 Exception <a 'java/lang/NoSuchMethodError'{0x000000071358f288}: 'java.lang.Object java.lang.invoke.DirectMethodHandle$Holder.invokeStaticInit(java.lang.Object, java.lang.Object, java.lang.Object, java.lang.Object, java.lang.Object)'> (0x000000071358f288) 
thrown [s\open\src\hotspot\share\interpreter\linkResolver.cpp, line 773]

ZGC Phase Switch (0 events):
No events

VM Operations (20 events):
Event: 0.608 Executing VM operation: HandshakeAllThreads (Deoptimize)
Event: 0.608 Executing VM operation: HandshakeAllThreads (Deoptimize) done
Event: 0.608 Executing VM operation: HandshakeAllThreads (Deoptimize)
Event: 0.608 Executing VM operation: HandshakeAllThreads (Deoptimize) done
Event: 0.641 Executing VM operation: HandshakeAllThreads (Deoptimize)
Event: 0.641 Executing VM operation: HandshakeAllThreads (Deoptimize) done
Event: 0.711 Executing VM operation: G1CollectForAllocation (G1 Evacuation Pause)
Event: 0.716 Executing VM operation: G1CollectForAllocation (G1 Evacuation Pause) done
Event: 0.778 Executing VM operation: HandshakeAllThreads (Deoptimize)
Event: 0.778 Executing VM operation: HandshakeAllThreads (Deoptimize) done
Event: 0.892 Executing VM operation: HandshakeAllThreads (Deoptimize)
Event: 0.892 Executing VM operation: HandshakeAllThreads (Deoptimize) done
Event: 1.032 Executing VM operation: HandshakeAllThreads (Deoptimize)
Event: 1.032 Executing VM operation: HandshakeAllThreads (Deoptimize) done
Event: 1.103 Executing VM operation: HandshakeAllThreads (Deoptimize)
Event: 1.103 Executing VM operation: HandshakeAllThreads (Deoptimize) done
Event: 1.103 Executing VM operation: HandshakeAllThreads (Deoptimize)
Event: 1.103 Executing VM operation: HandshakeAllThreads (Deoptimize) done
Event: 1.117 Executing VM operation: G1CollectForAllocation (G1 Evacuation Pause)
Event: 1.120 Executing VM operation: G1CollectForAllocation (G1 Evacuation Pause) done

Events (18 events):
Event: 0.034 Thread 0x0000019988c2c8f0 Thread added: 0x0000019988c2c8f0
Event: 0.049 Thread 0x00000199a9f3cee0 Thread added: 0x00000199a9f3cee0
Event: 0.049 Thread 0x00000199a9f3d550 Thread added: 0x00000199a9f3d550
Event: 0.049 Thread 0x00000199a9f3e640 Thread added: 0x00000199a9f3e640
Event: 0.049 Thread 0x00000199a9f3ecb0 Thread added: 0x00000199a9f3ecb0
Event: 0.049 Thread 0x00000199a9f4e360 Thread added: 0x00000199a9f4e360
Event: 0.049 Thread 0x00000199a9f4eb50 Thread added: 0x00000199a9f4eb50
Event: 0.050 Thread 0x00000199a9f565a0 Thread added: 0x00000199a9f565a0
Event: 0.050 Thread 0x00000199a9f56d80 Thread added: 0x00000199a9f56d80
Event: 0.120 Thread 0x00000199a9f50590 Thread added: 0x00000199a9f50590
Event: 0.151 Thread 0x00000199ef31d0d0 Thread added: 0x00000199ef31d0d0
Event: 0.151 Thread 0x00000199ef33ce40 Thread added: 0x00000199ef33ce40
Event: 0.152 Thread 0x00000199ef339830 Thread added: 0x00000199ef339830
Event: 0.181 Thread 0x00000199a9f4f870 Thread added: 0x00000199a9f4f870
Event: 0.257 Thread 0x00000199ef3bcc10 Thread added: 0x00000199ef3bcc10
Event: 0.708 Thread 0x00000199a9f51940 Thread added: 0x00000199a9f51940
Event: 0.711 Thread 0x00000199a9f4f1e0 Thread added: 0x00000199a9f4f1e0
Event: 0.758 Thread 0x00000199a9f50c20 Thread added: 0x00000199a9f50c20


Dynamic libraries:
0x00007ff71fff0000 - 0x00007ff720000000 	C:\Program Files\Java\jdk-21\bin\java.exe
0x00007ffc3c830000 - 0x00007ffc3ca47000 	C:\WINDOWS\SYSTEM32\ntdll.dll
0x00007ffc3b600000 - 0x00007ffc3b6c4000 	C:\WINDOWS\System32\KERNEL32.DLL
0x00007ffc39fb0000 - 0x00007ffc3a380000 	C:\WINDOWS\System32\KERNELBASE.dll
0x00007ffc39da0000 - 0x00007ffc39eb1000 	C:\WINDOWS\System32\ucrtbase.dll
0x00007ffc0db40000 - 0x00007ffc0db59000 	C:\Program Files\Java\jdk-21\bin\jli.dll
0x00007ffc206b0000 - 0x00007ffc206cb000 	C:\Program Files\Java\jdk-21\bin\VCRUNTIME140.dll
0x00007ffc3bad0000 - 0x00007ffc3bb81000 	C:\WINDOWS\System32\ADVAPI32.dll
0x00007ffc3ba20000 - 0x00007ffc3bac7000 	C:\WINDOWS\System32\msvcrt.dll
0x00007ffc3aec0000 - 0x00007ffc3af67000 	C:\WINDOWS\System32\sechost.dll
0x00007ffc3a380000 - 0x00007ffc3a3a8000 	C:\WINDOWS\System32\bcrypt.dll
0x00007ffc3c050000 - 0x00007ffc3c164000 	C:\WINDOWS\System32\RPCRT4.dll
0x00007ffc3bb90000 - 0x00007ffc3bd3e000 	C:\WINDOWS\System32\USER32.dll
0x00007ffc1adb0000 - 0x00007ffc1b042000 	C:\WINDOWS\WinSxS\amd64_microsoft.windows.common-controls_6595b64144ccf1df_6.0.22621.4830_none_270fe7d773858e80\COMCTL32.dll
0x00007ffc39f80000 - 0x00007ffc39fa6000 	C:\WINDOWS\System32\win32u.dll
0x00007ffc3c170000 - 0x00007ffc3c199000 	C:\WINDOWS\System32\GDI32.dll
0x00007ffc39b80000 - 0x00007ffc39c9b000 	C:\WINDOWS\System32\gdi32full.dll
0x00007ffc30680000 - 0x00007ffc3068a000 	C:\WINDOWS\SYSTEM32\VERSION.dll
0x00007ffc39ae0000 - 0x00007ffc39b7a000 	C:\WINDOWS\System32\msvcp_win.dll
0x00007ffc3b6d0000 - 0x00007ffc3b701000 	C:\WINDOWS\System32\IMM32.DLL
0x00007ffc26fd0000 - 0x00007ffc26fdc000 	C:\Program Files\Java\jdk-21\bin\vcruntime140_1.dll
0x00007ffbc6140000 - 0x00007ffbc61ce000 	C:\Program Files\Java\jdk-21\bin\msvcp140.dll
0x00007ffb976b0000 - 0x00007ffb983c7000 	C:\Program Files\Java\jdk-21\bin\server\jvm.dll
0x00007ffc3c380000 - 0x00007ffc3c3f1000 	C:\WINDOWS\System32\WS2_32.dll
0x00007ffc30a40000 - 0x00007ffc30a74000 	C:\WINDOWS\SYSTEM32\WINMM.dll
0x00007ffc39800000 - 0x00007ffc3984d000 	C:\WINDOWS\SYSTEM32\POWRPROF.dll
0x00007ffc397e0000 - 0x00007ffc397f3000 	C:\WINDOWS\SYSTEM32\UMPDC.dll
0x00007ffc38a00000 - 0x00007ffc38a18000 	C:\WINDOWS\SYSTEM32\kernel.appcore.dll
0x00007ffc21870000 - 0x00007ffc2187a000 	C:\Program Files\Java\jdk-21\bin\jimage.dll
0x00007ffc1d910000 - 0x00007ffc1db42000 	C:\WINDOWS\SYSTEM32\DBGHELP.DLL
0x00007ffc3c400000 - 0x00007ffc3c790000 	C:\WINDOWS\System32\combase.dll
0x00007ffc3b7a0000 - 0x00007ffc3b877000 	C:\WINDOWS\System32\OLEAUT32.dll
0x00007ffc1e170000 - 0x00007ffc1e1a2000 	C:\WINDOWS\SYSTEM32\dbgcore.DLL
0x00007ffc39ca0000 - 0x00007ffc39d1b000 	C:\WINDOWS\System32\bcryptPrimitives.dll
0x00007ffc25b00000 - 0x00007ffc25b3c000 	C:\Program Files\Java\jdk-21\bin\jdwp.dll
0x00007ffc36a40000 - 0x00007ffc36a4f000 	C:\Program Files\Java\jdk-21\bin\instrument.dll
0x00007ffc0c4c0000 - 0x00007ffc0c4df000 	C:\Program Files\Java\jdk-21\bin\java.dll
0x00007ffc04610000 - 0x00007ffc04628000 	C:\Program Files\Java\jdk-21\bin\zip.dll
0x00007ffc3a5e0000 - 0x00007ffc3ae58000 	C:\WINDOWS\System32\SHELL32.dll
0x00007ffc37850000 - 0x00007ffc38160000 	C:\WINDOWS\SYSTEM32\windows.storage.dll
0x00007ffc37710000 - 0x00007ffc3784f000 	C:\WINDOWS\SYSTEM32\wintypes.dll
0x00007ffc3b880000 - 0x00007ffc3b98a000 	C:\WINDOWS\System32\SHCORE.dll
0x00007ffc3ae60000 - 0x00007ffc3aebe000 	C:\WINDOWS\System32\shlwapi.dll
0x00007ffc39a10000 - 0x00007ffc39a3b000 	C:\WINDOWS\SYSTEM32\profapi.dll
0x00007ffbbb7f0000 - 0x00007ffbbb8c7000 	C:\Program Files\Java\jdk-21\bin\jsvml.dll
0x00007ffc34e00000 - 0x00007ffc34e0c000 	C:\Program Files\Java\jdk-21\bin\dt_socket.dll
0x00007ffc38280000 - 0x00007ffc382ad000 	C:\WINDOWS\SYSTEM32\IPHLPAPI.DLL
0x00007ffc38fa0000 - 0x00007ffc3900a000 	C:\WINDOWS\system32\mswsock.dll
0x00007ffc217a0000 - 0x00007ffc217b0000 	C:\Program Files\Java\jdk-21\bin\net.dll
0x00007ffc38a20000 - 0x00007ffc38b4c000 	C:\WINDOWS\SYSTEM32\WINHTTP.dll
0x00007ffc0c180000 - 0x00007ffc0c196000 	C:\Program Files\Java\jdk-21\bin\nio.dll
0x00007ffc20950000 - 0x00007ffc20960000 	C:\Program Files\Java\jdk-21\bin\verify.dll
0x00007ffc34d60000 - 0x00007ffc34d6a000 	C:\Program Files\Java\jdk-21\bin\management.dll
0x00007ffc34d20000 - 0x00007ffc34d2b000 	C:\Program Files\Java\jdk-21\bin\management_ext.dll
0x00007ffc3b990000 - 0x00007ffc3b998000 	C:\WINDOWS\System32\PSAPI.DLL
0x00007ffc11930000 - 0x00007ffc11947000 	C:\WINDOWS\system32\napinsp.dll
0x00007ffc10e00000 - 0x00007ffc10e1b000 	C:\WINDOWS\system32\pnrpnsp.dll
0x00007ffc382b0000 - 0x00007ffc383b2000 	C:\WINDOWS\SYSTEM32\DNSAPI.dll
0x00007ffc3af70000 - 0x00007ffc3af79000 	C:\WINDOWS\System32\NSI.dll
0x00007ffc10de0000 - 0x00007ffc10df1000 	C:\WINDOWS\System32\winrnr.dll
0x00007ffc10dc0000 - 0x00007ffc10dd5000 	C:\WINDOWS\system32\wshbth.dll
0x00007ffc10d90000 - 0x00007ffc10db7000 	C:\WINDOWS\system32\nlansp_c.dll
0x00007ffc2ee40000 - 0x00007ffc2ee4a000 	C:\Windows\System32\rasadhlp.dll
0x00007ffc32800000 - 0x00007ffc32883000 	C:\WINDOWS\System32\fwpuclnt.dll

dbghelp: loaded successfully - version: 4.0.5 - missing functions: none
symbol engine: initialized successfully - sym options: 0x614 - pdb path: .;C:\Program Files\Java\jdk-21\bin;C:\WINDOWS\SYSTEM32;C:\WINDOWS\WinSxS\amd64_microsoft.windows.common-controls_6595b64144ccf1df_6.0.22621.4830_none_270fe7d773858e80;C:\Program Files\Java\jdk-21\bin\server

VM Arguments:
jvm_args: -agentlib:jdwp=transport=dt_socket,address=127.0.0.1:62612,suspend=y,server=n -javaagent:C:\Users\rodrigofc\AppData\Local\JetBrains\IdeaIC2023.2\captureAgent\debugger-agent.jar -Dfile.encoding=UTF-8 -Dsun.stdout.encoding=UTF-8 -Dsun.stderr.encoding=UTF-8 
java_command: com.algaworks.algafood.AlgafoodApiApplication
java_class_path (initial): C:\Users\rodrigofc\Downloads\algafood-api\algafood-api\target\classes;C:\Users\rodrigofc\.m2\repository\org\springframework\boot\spring-boot-starter-web\2.1.7.RELEASE\spring-boot-starter-web-2.1.7.RELEASE.jar;C:\Users\rodrigofc\.m2\repository\org\springframework\boot\spring-boot-starter\2.1.7.RELEASE\spring-boot-starter-2.1.7.RELEASE.jar;C:\Users\rodrigofc\.m2\repository\org\springframework\boot\spring-boot-starter-logging\2.1.7.RELEASE\spring-boot-starter-logging-2.1.7.RELEASE.jar;C:\Users\rodrigofc\.m2\repository\ch\qos\logback\logback-classic\1.2.3\logback-classic-1.2.3.jar;C:\Users\rodrigofc\.m2\repository\ch\qos\logback\logback-core\1.2.3\logback-core-1.2.3.jar;C:\Users\rodrigofc\.m2\repository\org\apache\logging\log4j\log4j-to-slf4j\2.11.2\log4j-to-slf4j-2.11.2.jar;C:\Users\rodrigofc\.m2\repository\org\apache\logging\log4j\log4j-api\2.11.2\log4j-api-2.11.2.jar;C:\Users\rodrigofc\.m2\repository\org\slf4j\jul-to-slf4j\1.7.26\jul-to-slf4j-1.7.26.jar;C:\Users\rodrigofc\.m2\repository\javax\annotation\javax.annotation-api\1.3.2\javax.annotation-api-1.3.2.jar;C:\Users\rodrigofc\.m2\repository\org\yaml\snakeyaml\1.23\snakeyaml-1.23.jar;C:\Users\rodrigofc\.m2\repository\org\springframework\boot\spring-boot-starter-json\2.1.7.RELEASE\spring-boot-starter-json-2.1.7.RELEASE.jar;C:\Users\rodrigofc\.m2\repository\com\fasterxml\jackson\core\jackson-databind\2.9.9\jackson-databind-2.9.9.jar;C:\Users\rodrigofc\.m2\repository\com\fasterxml\jackson\core\jackson-annotations\2.9.0\jackson-annotations-2.9.0.jar;C:\Users\rodrigofc\.m2\repository\com\fasterxml\jackson\core\jackson-core\2.9.9\jackson-core-2.9.9.jar;C:\Users\rodrigofc\.m2\repository\com\fasterxml\jackson\datatype\jackson-datatype-jdk8\2.9.9\jackson-datatype-jdk8-2.9.9.jar;C:\Users\rodrigofc\.m2\repository\com\fasterxml\jackson\datatype\jackson-datatype-jsr310\2.9.9\jackson-datatype-jsr310-2.9.9.jar;C:\Users\rodrigofc\.m2\repository\com\fasterxml\jackson\module\jackson-module-parameter-names\2.9.9\jackson-module-parameter-names-2.9.9.jar;C:\Users\rodrigofc\.m2\repository\org\springframework\boot\spring-boot-starter-tomcat\2.1.7.RELEASE\spring-boot-starter-tomcat-2.1.7.RELEASE.jar;C:\Users\rodrigofc\.m2\repository\org\apache\tomcat\embed\tomcat-embed-core\9.0.22\tomcat-embed-core-9.0.22.jar;C:\Users\rodrigofc\.m2\repository\org\apache\tomcat\embed\tomcat-embed-el\9.0.22\tomcat-embed-el-9.0.22.jar;C:\Users\rodrigofc\.m2\repository\org\apache\tomcat\embed\tomcat-embed-websocket\9.0.22\tomcat-embed-websocket-9.0.22.jar;C:\Users\rodrigofc\.m2\repository\org\hibernate\validator\hibernate-validator\6.0.17.Final\hibernate-validator-6.0.17.Final.jar;C:\Users\rodrigofc\.m2\repository\javax\validation\validation-api\2.0.1.Final\validation-api-2.0.1.Final.jar;C:\Users\rodrigofc\.m2\repository\org\jboss\logging\jboss-logging\3.3.2.Final\jboss-logging-3.3.2.Final.jar;C:\Users\rodrigofc\.m2\repository\com\fasterxml\classmate\1.4.0\classmate-1.4.0.jar;C:\Users\rodrigofc\.m2\repository\org\springframework\spring-web\5.1.9.RELEASE\spring-web-5.1.9.RELEASE.jar;C:\Users\rodrigofc\.m2\repository\org\springframework\spring-beans\5.1.9.RELEASE\spring-beans-5.1.9.RELEASE.jar;C:\Users\rodrigofc\.m2\repository\org\springframework\spring-webmvc\5.1.9.RELEASE\spring-webmvc-5.1.9.RELEASE.jar;C:\Users\rodrigofc\.m2\repository\org\springframework\spring-aop\5.1.9.RELEASE\spring-aop-5.1.9.RELEASE.jar;C:\Users\rodrigofc\.m2\repository\org\springframework\spring-context\5.1.9.RELEASE\spring-context-5.1.9.RELEASE.jar;C:\Users\rodrigofc\.m2\repository\org\springframework\spring-expression\5.1.9.RELEASE\spring-expression-5.1.9.RELEASE.jar;C:\Users\rodrigofc\.m2\repository\org\slf4j\slf4j-api\1.7.26\slf4j-api-1.7.26.jar;C:\Users\rodrigofc\.m2\repository\net\bytebuddy\byte-buddy\1.9.16\byte-buddy-1.9.16.jar;C:\Users\rodrigofc\.m2\repository\org\springframework\spring-core\5.1.9.RELEASE\spring-core-5.1.9.RELEASE.jar;C:\Users\rodrigofc\.m2\repository\org\springframework\spring-jcl\5.1.9.RELEASE\spring-jcl-5.1.9.RELEASE.jar;C:\Users\rodrigofc\.m2\repository\org\springframework\boot\spring-boot-devtools\2.1.7.RELEASE\spring-boot-devtools-2.1.7.RELEASE.jar;C:\Users\rodrigofc\.m2\repository\org\springframework\boot\spring-boot\2.1.7.RELEASE\spring-boot-2.1.7.RELEASE.jar;C:\Users\rodrigofc\.m2\repository\org\springframework\boot\spring-boot-autoconfigure\2.1.7.RELEASE\spring-boot-autoconfigure-2.1.7.RELEASE.jar;C:\Users\rodrigofc\.m2\repository\org\springframework\boot\spring-boot-configuration-processor\2.1.7.RELEASE\spring-boot-configuration-processor-2.1.7.RELEASE.jar;C:\Users\rodrigofc\.m2\repository\org\springframework\boot\spring-boot-starter-data-jpa\2.1.7.RELEASE\spring-boot-starter-data-jpa-2.1.7.RELEASE.jar;C:\Users\rodrigofc\.m2\repository\org\springframework\boot\spring-boot-starter-aop\2.1.7.RELEASE\spring-boot-starter-aop-2.1.7.RELEASE.jar;C:\Users\rodrigofc\.m2\repository\org\aspectj\aspectjweaver\1.9.4\aspectjweaver-1.9.4.jar;C:\Users\rodrigofc\.m2\repository\org\springframework\boot\spring-boot-starter-jdbc\2.1.7.RELEASE\spring-boot-starter-jdbc-2.1.7.RELEASE.jar;C:\Users\rodrigofc\.m2\repository\com\zaxxer\HikariCP\3.2.0\HikariCP-3.2.0.jar;C:\Users\rodrigofc\.m2\repository\org\springframework\spring-jdbc\5.1.9.RELEASE\spring-jdbc-5.1.9.RELEASE.jar;C:\Users\rodrigofc\.m2\repository\javax\transaction\javax.transaction-api\1.3\javax.transaction-api-1.3.jar;C:\Users\rodrigofc\.m2\repository\javax\xml\bind\jaxb-api\2.3.1\jaxb-api-2.3.1.jar;C:\Users\rodrigofc\.m2\repository\javax\activation\javax.activation-api\1.2.0\javax.activation-api-1.2.0.jar;C:\Users\rodrigofc\.m2\repository\org\hibernate\hibernate-core\5.3.10.Final\hibernate-core-5.3.10.Final.jar;C:\Users\rodrigofc\.m2\repository\org\javassist\javassist\3.23.2-GA\javassist-3.23.2-GA.jar;C:\Users\rodrigofc\.m2\repository\antlr\antlr\2.7.7\antlr-2.7.7.jar;C:\Users\rodrigofc\.m2\repository\org\jboss\jandex\2.0.5.Final\jandex-2.0.5.Final.jar;C:\Users\rodrigofc\.m2\repository\org\dom4j\dom4j\2.1.1\dom4j-2.1.1.jar;C:\Users\rodrigofc\.m2\repository\org\hibernate\common\hibernate-commons-annotations\5.0.4.Final\hibernate-commons-annotations-5.0.4.Final.jar;C:\Users\rodrigofc\.m2\repository\org\springframework\data\spring-data-jpa\2.1.10.RELEASE\spring-data-jpa-2.1.10.RELEASE.jar;C:\Users\rodrigofc\.m2\repository\org\springframework\data\spring-data-commons\2.1.10.RELEASE\spring-data-commons-2.1.10.RELEASE.jar;C:\Users\rodrigofc\.m2\repository\org\springframework\spring-orm\5.1.9.RELEASE\spring-orm-5.1.9.RELEASE.jar;C:\Users\rodrigofc\.m2\repository\org\springframework\spring-tx\5.1.9.RELEASE\spring-tx-5.1.9.RELEASE.jar;C:\Users\rodrigofc\.m2\repository\org\springframework\spring-aspects\5.1.9.RELEASE\spring-aspects-5.1.9.RELEASE.jar;C:\Users\rodrigofc\.m2\repository\mysql\mysql-connector-java\8.0.17\mysql-connector-java-8.0.17.jar;C:\Users\rodrigofc\.m2\repository\org\flywaydb\flyway-core\5.2.4\flyway-core-5.2.4.jar;C:\Users\rodrigofc\.m2\repository\org\apache\commons\commons-lang3\3.8.1\commons-lang3-3.8.1.jar;C:\Users\rodrigofc\.m2\repository\org\modelmapper\modelmapper\3.0.0\modelmapper-3.0.0.jar;C:\Users\rodrigofc\.m2\repository\com\mysql\mysql-connector-j\8.3.0\mysql-connector-j-8.3.0.jar;C:\Users\rodrigofc\.m2\repository\com\google\protobuf\protobuf-java\3.25.1\protobuf-java-3.25.1.jar;C:\Users\rodrigofc\.m2\repository\xerces\xercesImpl\2.9.1\xercesImpl-2.9.1.jar;C:\Users\rodrigofc\.m2\repository\xml-apis\xml-apis\1.4.01\xml-apis-1.4.01.jar;C:\Users\rodrigofc\.m2\repository\javax\persistence\javax.persistence-api\2.2\javax.persistence-api-2.2.jar;C:\Program Files\JetBrains\IntelliJ IDEA Community Edition 2023.2.2\lib\idea_rt.jar
Launcher Type: SUN_STANDARD

[Global flags]
     intx CICompilerCount                          = 4                                         {product} {ergonomic}
     uint ConcGCThreads                            = 2                                         {product} {ergonomic}
     uint G1ConcRefinementThreads                  = 8                                         {product} {ergonomic}
   size_t G1HeapRegionSize                         = 2097152                                   {product} {ergonomic}
    uintx GCDrainStackTargetSize                   = 64                                        {product} {ergonomic}
   size_t InitialHeapSize                          = 266338304                                 {product} {ergonomic}
   size_t MarkStackSize                            = 4194304                                   {product} {ergonomic}
   size_t MaxHeapSize                              = 4229955584                                {product} {ergonomic}
   size_t MaxNewSize                               = 2537553920                                {product} {ergonomic}
   size_t MinHeapDeltaBytes                        = 2097152                                   {product} {ergonomic}
   size_t MinHeapSize                              = 8388608                                   {product} {ergonomic}
    uintx NonNMethodCodeHeapSize                   = 5839372                                {pd product} {ergonomic}
    uintx NonProfiledCodeHeapSize                  = 122909434                              {pd product} {ergonomic}
    uintx ProfiledCodeHeapSize                     = 122909434                              {pd product} {ergonomic}
    uintx ReservedCodeCacheSize                    = 251658240                              {pd product} {ergonomic}
     bool SegmentedCodeCache                       = true                                      {product} {ergonomic}
   size_t SoftMaxHeapSize                          = 4229955584                             {manageable} {ergonomic}
     bool UseCompressedOops                        = true                           {product lp64_product} {ergonomic}
     bool UseG1GC                                  = true                                      {product} {ergonomic}
     bool UseLargePagesIndividualAllocation        = false                                  {pd product} {ergonomic}

Logging:
Log output configuration:
 #0: stdout all=warning uptime,level,tags foldmultilines=false
 #1: stderr all=off uptime,level,tags foldmultilines=false

Environment Variables:
JAVA_HOME=C:\Program Files\Java\jdk-19
PATH=C:\Program Files\Eclipse Adoptium\jdk-21.0.3.9-hotspot\bin;C:\Program Files\Common Files\Oracle\Java\javapath;C:\WINDOWS\system32;C:\WINDOWS;C:\WINDOWS\System32\Wbem;C:\WINDOWS\System32\WindowsPowerShell\v1.0\;C:\WINDOWS\System32\OpenSSH\;C:\Program Files\Java\jdk-19\bin;C:\Program Files\Git\cmd;C:\Program Files\SafeNet\Authentication\SAC\x64;C:\Program Files\SafeNet\Authentication\SAC\x32;C:\Program Files\MySQL\MySQL Shell 8.0\bin\;C:\Users\rodrigofc\AppData\Local\Microsoft\WindowsApps;C:\Program Files\Java\jdk-19\bin;C:\Users\rodrigofc\AppData\Local\Programs\Microsoft VS Code\bin;
USERNAME=rodrigofc
OS=Windows_NT
PROCESSOR_IDENTIFIER=Intel64 Family 6 Model 165 Stepping 3, GenuineIntel
TMP=C:\Users\RODRIG~1\AppData\Local\Temp
TEMP=C:\Users\RODRIG~1\AppData\Local\Temp




Periodic native trim disabled

---------------  S Y S T E M  ---------------

OS:
 Windows 11 , 64 bit Build 22621 (10.0.22621.4830)
OS uptime: 0 days 5:32 hours
Hyper-V role detected

CPU: total 8 (initial active 8) (4 cores per cpu, 2 threads per core) family 6 model 165 stepping 3 microcode 0xf4, cx8, cmov, fxsr, ht, mmx, 3dnowpref, sse, sse2, sse3, ssse3, sse4.1, sse4.2, popcnt, lzcnt, tsc, tscinvbit, avx, avx2, aes, erms, clmul, bmi1, bmi2, adx, fma, vzeroupper, clflush, clflushopt, hv, rdtscp, f16c
Processor Information for all 8 processors :
  Max Mhz: 2901, Current Mhz: 2901, Mhz Limit: 2901

Memory: 4k page, system-wide physical 16130M (4048M free)
TotalPageFile size 16130M (AvailPageFile size 2M)
current process WorkingSet (physical memory assigned to process): 108M, peak: 108M
current process commit charge ("private bytes"): 368M, peak: 369M

vm_info: Java HotSpot(TM) 64-Bit Server VM (21.0.2+13-LTS-58) for windows-amd64 JRE (21.0.2+13-LTS-58), built on 2024-01-05T18:32:24Z by "mach5one" with MS VC++ 17.1 (VS2022)

END.
