#
# There is insufficient memory for the Java Runtime Environment to continue.
# Native memory allocation (malloc) failed to allocate 270880 bytes for Chunk::new
# Possible reasons:
#   The system is out of physical RAM or swap space
#   The process is running with CompressedOops enabled, and the Java Heap may be blocking the growth of the native heap
# Possible solutions:
#   Reduce memory load on the system
#   Increase physical memory or swap space
#   Check if swap backing store is full
#   Decrease Java heap size (-Xmx/-Xms)
#   Decrease number of Java threads
#   Decrease Java thread stack sizes (-Xss)
#   Set larger code cache with -XX:ReservedCodeCacheSize=
#   JVM is running with Zero Based Compressed Oops mode in which the Java heap is
#     placed in the first 32GB address space. The Java Heap base address is the
#     maximum limit for the native heap growth. Please use -XX:HeapBaseMinAddress
#     to set the Java Heap base and to place the Java Heap above 32GB virtual address.
# This output file may be truncated or incomplete.
#
#  Out of Memory Error (arena.cpp:168), pid=15560, tid=952
#
# JRE version: Java(TM) SE Runtime Environment (21.0.2+13) (build 21.0.2+13-LTS-58)
# Java VM: Java HotSpot(TM) 64-Bit Server VM (21.0.2+13-LTS-58, mixed mode, sharing, tiered, compressed oops, compressed class ptrs, g1 gc, windows-amd64)
# No core dump will be written. Minidumps are not enabled by default on client versions of Windows
#

---------------  S U M M A R Y ------------

Command Line: -javaagent:C:\Program Files\JetBrains\IntelliJ IDEA Community Edition 2023.2.2\lib\idea_rt.jar=63393:C:\Program Files\JetBrains\IntelliJ IDEA Community Edition 2023.2.2\bin -Dfile.encoding=UTF-8 -Dsun.stdout.encoding=UTF-8 -Dsun.stderr.encoding=UTF-8 com.algaworks.algafood.AlgafoodApiApplication

Host: Intel(R) Core(TM) i3-10100T CPU @ 3.00GHz, 8 cores, 15G,  Windows 11 , 64 bit Build 22621 (10.0.22621.3958)
Time: Mon Sep 23 18:53:50 2024 Hora oficial do Brasil elapsed time: 1.149225 seconds (0d 0h 0m 1s)

---------------  T H R E A D  ---------------

Current thread (0x000001d0ed0710f0):  JavaThread "C2 CompilerThread0" daemon [_thread_in_native, id=952, stack(0x0000000eb9e00000,0x0000000eb9f00000) (1024K)]


Current CompileTask:
C2:   1149 1670   !   4       java.util.concurrent.ConcurrentHashMap::putVal (432 bytes)

Stack: [0x0000000eb9e00000,0x0000000eb9f00000]
Native frames: (J=compiled Java code, j=interpreted, Vv=VM code, C=native code)
V  [jvm.dll+0x6cade9]
V  [jvm.dll+0x8569c1]
V  [jvm.dll+0x858d2e]
V  [jvm.dll+0x859413]
V  [jvm.dll+0x280e56]
V  [jvm.dll+0xc3f3d]
V  [jvm.dll+0xc4473]
V  [jvm.dll+0x3b5c2c]
V  [jvm.dll+0x382855]
V  [jvm.dll+0x381cca]
V  [jvm.dll+0x249bd0]
V  [jvm.dll+0x2491b1]
V  [jvm.dll+0x1c9634]
V  [jvm.dll+0x258859]
V  [jvm.dll+0x256e3a]
V  [jvm.dll+0x3ef6c6]
V  [jvm.dll+0x7ff568]
V  [jvm.dll+0x6c953d]
C  [ucrtbase.dll+0x29333]
C  [KERNEL32.DLL+0x1257d]
C  [ntdll.dll+0x5af28]


---------------  P R O C E S S  ---------------

Threads class SMR info:
_java_thread_list=0x000001d0ed873d50, length=16, elements={
0x000001d0cdf70410, 0x000001d0ed034fb0, 0x000001d0ed036080, 0x000001d0ed038720,
0x000001d0ed03c500, 0x000001d0ed03d2c0, 0x000001d0ed049460, 0x000001d0ed0710f0,
0x000001d0ed0718d0, 0x000001d0ed049af0, 0x000001d0ed3b28a0, 0x000001d0ed0480b0,
0x000001d0ed048dd0, 0x000001d0ed046670, 0x000001d0ed048740, 0x000001d0ed046d00
}

Java Threads: ( => current thread )
  0x000001d0cdf70410 JavaThread "main"                              [_thread_blocked, id=6892, stack(0x0000000eb9000000,0x0000000eb9100000) (1024K)]
  0x000001d0ed034fb0 JavaThread "Reference Handler"          daemon [_thread_blocked, id=9820, stack(0x0000000eb9800000,0x0000000eb9900000) (1024K)]
  0x000001d0ed036080 JavaThread "Finalizer"                  daemon [_thread_blocked, id=19188, stack(0x0000000eb9900000,0x0000000eb9a00000) (1024K)]
  0x000001d0ed038720 JavaThread "Signal Dispatcher"          daemon [_thread_blocked, id=12368, stack(0x0000000eb9a00000,0x0000000eb9b00000) (1024K)]
  0x000001d0ed03c500 JavaThread "Attach Listener"            daemon [_thread_blocked, id=12972, stack(0x0000000eb9b00000,0x0000000eb9c00000) (1024K)]
  0x000001d0ed03d2c0 JavaThread "Service Thread"             daemon [_thread_blocked, id=5724, stack(0x0000000eb9c00000,0x0000000eb9d00000) (1024K)]
  0x000001d0ed049460 JavaThread "Monitor Deflation Thread"   daemon [_thread_blocked, id=19576, stack(0x0000000eb9d00000,0x0000000eb9e00000) (1024K)]
=>0x000001d0ed0710f0 JavaThread "C2 CompilerThread0"         daemon [_thread_in_native, id=952, stack(0x0000000eb9e00000,0x0000000eb9f00000) (1024K)]
  0x000001d0ed0718d0 JavaThread "C1 CompilerThread0"         daemon [_thread_blocked, id=19900, stack(0x0000000eb9f00000,0x0000000eba000000) (1024K)]
  0x000001d0ed049af0 JavaThread "Common-Cleaner"             daemon [_thread_blocked, id=20272, stack(0x0000000eba000000,0x0000000eba100000) (1024K)]
  0x000001d0ed3b28a0 JavaThread "C2 CompilerThread1"         daemon [_thread_in_native, id=4540, stack(0x0000000eba100000,0x0000000eba200000) (1024K)]
  0x000001d0ed0480b0 JavaThread "Monitor Ctrl-Break"         daemon [_thread_in_native, id=8304, stack(0x0000000eba200000,0x0000000eba300000) (1024K)]
  0x000001d0ed048dd0 JavaThread "Notification Thread"        daemon [_thread_blocked, id=9784, stack(0x0000000eba300000,0x0000000eba400000) (1024K)]
  0x000001d0ed046670 JavaThread "Thread-0"                          [_thread_blocked, id=3332, stack(0x0000000eba400000,0x0000000eba500000) (1024K)]
  0x000001d0ed048740 JavaThread "restartedMain"                     [_thread_in_vm, id=1536, stack(0x0000000eba500000,0x0000000eba600000) (1024K)]
  0x000001d0ed046d00 JavaThread "background-preinit"                [_thread_in_vm, id=15108, stack(0x0000000eba600000,0x0000000eba700000) (1024K)]
Total: 16

Other Threads:
  0x000001d0ed019270 VMThread "VM Thread"                           [id=20048, stack(0x0000000eb9700000,0x0000000eb9800000) (1024K)]
  0x000001d0ed0018a0 WatcherThread "VM Periodic Task Thread"        [id=14380, stack(0x0000000eb9600000,0x0000000eb9700000) (1024K)]
  0x000001d0cdfd91b0 WorkerThread "GC Thread#0"                     [id=15048, stack(0x0000000eb9100000,0x0000000eb9200000) (1024K)]
  0x000001d0f2149190 WorkerThread "GC Thread#1"                     [id=4320, stack(0x0000000eba700000,0x0000000eba800000) (1024K)]
  0x000001d0f2149530 WorkerThread "GC Thread#2"                     [id=3900, stack(0x0000000eba800000,0x0000000eba900000) (1024K)]
  0x000001d0f21498d0 WorkerThread "GC Thread#3"                     [id=20040, stack(0x0000000eba900000,0x0000000ebaa00000) (1024K)]
  0x000001d0ed9f1c10 WorkerThread "GC Thread#4"                     [id=1628, stack(0x0000000ebaa00000,0x0000000ebab00000) (1024K)]
  0x000001d0ed9f2430 WorkerThread "GC Thread#5"                     [id=14976, stack(0x0000000ebab00000,0x0000000ebac00000) (1024K)]
  0x000001d0ed9f27d0 WorkerThread "GC Thread#6"                     [id=17912, stack(0x0000000ebac00000,0x0000000ebad00000) (1024K)]
  0x000001d0f21427a0 WorkerThread "GC Thread#7"                     [id=19748, stack(0x0000000ebad00000,0x0000000ebae00000) (1024K)]
  0x000001d0cdfe9f50 ConcurrentGCThread "G1 Main Marker"            [id=10360, stack(0x0000000eb9200000,0x0000000eb9300000) (1024K)]
  0x000001d0cdfeb1f0 WorkerThread "G1 Conc#0"                       [id=19408, stack(0x0000000eb9300000,0x0000000eb9400000) (1024K)]
  0x000001d0eced4590 ConcurrentGCThread "G1 Refine#0"               [id=3192, stack(0x0000000eb9400000,0x0000000eb9500000) (1024K)]
  0x000001d0eced4f10 ConcurrentGCThread "G1 Service"                [id=14136, stack(0x0000000eb9500000,0x0000000eb9600000) (1024K)]
Total: 14

Threads with active compile tasks:
C2 CompilerThread0     1176 1670   !   4       java.util.concurrent.ConcurrentHashMap::putVal (432 bytes)
C2 CompilerThread1     1176 1678       4       java.lang.StringLatin1::toLowerCase (186 bytes)
Total: 2

VM state: not at safepoint (normal execution)

VM Mutex/Monitor currently owned by a thread:  ([mutex/lock_event])
[0x00007ffb03b9ace8] Metaspace_lock - owner thread: 0x000001d0ed046d00

Heap address: 0x0000000703e00000, size: 4034 MB, Compressed Oops mode: Zero based, Oop shift amount: 3

CDS archive(s) mapped at: [0x000001d080000000-0x000001d080c90000-0x000001d080c90000), size 13172736, SharedBaseAddress: 0x000001d080000000, ArchiveRelocationMode: 1.
Compressed class space mapped at: 0x000001d081000000-0x000001d0c1000000, reserved size: 1073741824
Narrow klass base: 0x000001d080000000, Narrow klass shift: 0, Narrow klass range: 0x100000000

GC Precious Log:
 CardTable entry size: 512
 Card Set container configuration: InlinePtr #cards 4 size 8 Array Of Cards #cards 16 size 48 Howl #buckets 8 coarsen threshold 3686 Howl Bitmap #cards 512 size 80 coarsen threshold 460 Card regions per heap region 1 cards per card region 4096
 CPUs: 8 total, 8 available
 Memory: 16130M
 Large Page Support: Disabled
 NUMA Support: Disabled
 Compressed Oops: Enabled (Zero based)
 Heap Region Size: 2M
 Heap Min Capacity: 8M
 Heap Initial Capacity: 254M
 Heap Max Capacity: 4034M
 Pre-touch: Disabled
 Parallel Workers: 8
 Concurrent Workers: 2
 Concurrent Refinement Workers: 8
 Periodic GC: Disabled

Heap:
 garbage-first heap   total 260096K, used 25334K [0x0000000703e00000, 0x0000000800000000)
  region size 2048K, 13 young (26624K), 2 survivors (4096K)
 Metaspace       used 11466K, committed 11648K, reserved 1114112K
  class space    used 1452K, committed 1536K, reserved 1048576K

Heap Regions: E=young(eden), S=young(survivor), O=old, HS=humongous(starts), HC=humongous(continues), CS=collection set, F=free, TAMS=top-at-mark-start, PB=parsable bottom
|   0|0x0000000703e00000, 0x0000000704000000, 0x0000000704000000|100%| O|  |TAMS 0x0000000703e00000| PB 0x0000000703e00000| Untracked 
|   1|0x0000000704000000, 0x00000007040bda90, 0x0000000704200000| 37%| O|  |TAMS 0x0000000704000000| PB 0x0000000704000000| Untracked 
|   2|0x0000000704200000, 0x0000000704200000, 0x0000000704400000|  0%| F|  |TAMS 0x0000000704200000| PB 0x0000000704200000| Untracked 
|   3|0x0000000704400000, 0x0000000704400000, 0x0000000704600000|  0%| F|  |TAMS 0x0000000704400000| PB 0x0000000704400000| Untracked 
|   4|0x0000000704600000, 0x0000000704600000, 0x0000000704800000|  0%| F|  |TAMS 0x0000000704600000| PB 0x0000000704600000| Untracked 
|   5|0x0000000704800000, 0x0000000704800000, 0x0000000704a00000|  0%| F|  |TAMS 0x0000000704800000| PB 0x0000000704800000| Untracked 
|   6|0x0000000704a00000, 0x0000000704a00000, 0x0000000704c00000|  0%| F|  |TAMS 0x0000000704a00000| PB 0x0000000704a00000| Untracked 
|   7|0x0000000704c00000, 0x0000000704c00000, 0x0000000704e00000|  0%| F|  |TAMS 0x0000000704c00000| PB 0x0000000704c00000| Untracked 
|   8|0x0000000704e00000, 0x0000000704e00000, 0x0000000705000000|  0%| F|  |TAMS 0x0000000704e00000| PB 0x0000000704e00000| Untracked 
|   9|0x0000000705000000, 0x0000000705000000, 0x0000000705200000|  0%| F|  |TAMS 0x0000000705000000| PB 0x0000000705000000| Untracked 
|  10|0x0000000705200000, 0x0000000705200000, 0x0000000705400000|  0%| F|  |TAMS 0x0000000705200000| PB 0x0000000705200000| Untracked 
|  11|0x0000000705400000, 0x0000000705400000, 0x0000000705600000|  0%| F|  |TAMS 0x0000000705400000| PB 0x0000000705400000| Untracked 
|  12|0x0000000705600000, 0x0000000705600000, 0x0000000705800000|  0%| F|  |TAMS 0x0000000705600000| PB 0x0000000705600000| Untracked 
|  13|0x0000000705800000, 0x0000000705800000, 0x0000000705a00000|  0%| F|  |TAMS 0x0000000705800000| PB 0x0000000705800000| Untracked 
|  14|0x0000000705a00000, 0x0000000705a00000, 0x0000000705c00000|  0%| F|  |TAMS 0x0000000705a00000| PB 0x0000000705a00000| Untracked 
|  15|0x0000000705c00000, 0x0000000705c00000, 0x0000000705e00000|  0%| F|  |TAMS 0x0000000705c00000| PB 0x0000000705c00000| Untracked 
|  16|0x0000000705e00000, 0x0000000705e00000, 0x0000000706000000|  0%| F|  |TAMS 0x0000000705e00000| PB 0x0000000705e00000| Untracked 
|  17|0x0000000706000000, 0x0000000706000000, 0x0000000706200000|  0%| F|  |TAMS 0x0000000706000000| PB 0x0000000706000000| Untracked 
|  18|0x0000000706200000, 0x0000000706200000, 0x0000000706400000|  0%| F|  |TAMS 0x0000000706200000| PB 0x0000000706200000| Untracked 
|  19|0x0000000706400000, 0x0000000706400000, 0x0000000706600000|  0%| F|  |TAMS 0x0000000706400000| PB 0x0000000706400000| Untracked 
|  20|0x0000000706600000, 0x0000000706600000, 0x0000000706800000|  0%| F|  |TAMS 0x0000000706600000| PB 0x0000000706600000| Untracked 
|  21|0x0000000706800000, 0x0000000706800000, 0x0000000706a00000|  0%| F|  |TAMS 0x0000000706800000| PB 0x0000000706800000| Untracked 
|  22|0x0000000706a00000, 0x0000000706a00000, 0x0000000706c00000|  0%| F|  |TAMS 0x0000000706a00000| PB 0x0000000706a00000| Untracked 
|  23|0x0000000706c00000, 0x0000000706c00000, 0x0000000706e00000|  0%| F|  |TAMS 0x0000000706c00000| PB 0x0000000706c00000| Untracked 
|  24|0x0000000706e00000, 0x0000000706e00000, 0x0000000707000000|  0%| F|  |TAMS 0x0000000706e00000| PB 0x0000000706e00000| Untracked 
|  25|0x0000000707000000, 0x0000000707000000, 0x0000000707200000|  0%| F|  |TAMS 0x0000000707000000| PB 0x0000000707000000| Untracked 
|  26|0x0000000707200000, 0x0000000707200000, 0x0000000707400000|  0%| F|  |TAMS 0x0000000707200000| PB 0x0000000707200000| Untracked 
|  27|0x0000000707400000, 0x0000000707400000, 0x0000000707600000|  0%| F|  |TAMS 0x0000000707400000| PB 0x0000000707400000| Untracked 
|  28|0x0000000707600000, 0x0000000707600000, 0x0000000707800000|  0%| F|  |TAMS 0x0000000707600000| PB 0x0000000707600000| Untracked 
|  29|0x0000000707800000, 0x0000000707800000, 0x0000000707a00000|  0%| F|  |TAMS 0x0000000707800000| PB 0x0000000707800000| Untracked 
|  30|0x0000000707a00000, 0x0000000707a00000, 0x0000000707c00000|  0%| F|  |TAMS 0x0000000707a00000| PB 0x0000000707a00000| Untracked 
|  31|0x0000000707c00000, 0x0000000707c00000, 0x0000000707e00000|  0%| F|  |TAMS 0x0000000707c00000| PB 0x0000000707c00000| Untracked 
|  32|0x0000000707e00000, 0x0000000707e00000, 0x0000000708000000|  0%| F|  |TAMS 0x0000000707e00000| PB 0x0000000707e00000| Untracked 
|  33|0x0000000708000000, 0x0000000708000000, 0x0000000708200000|  0%| F|  |TAMS 0x0000000708000000| PB 0x0000000708000000| Untracked 
|  34|0x0000000708200000, 0x0000000708200000, 0x0000000708400000|  0%| F|  |TAMS 0x0000000708200000| PB 0x0000000708200000| Untracked 
|  35|0x0000000708400000, 0x0000000708400000, 0x0000000708600000|  0%| F|  |TAMS 0x0000000708400000| PB 0x0000000708400000| Untracked 
|  36|0x0000000708600000, 0x0000000708600000, 0x0000000708800000|  0%| F|  |TAMS 0x0000000708600000| PB 0x0000000708600000| Untracked 
|  37|0x0000000708800000, 0x0000000708800000, 0x0000000708a00000|  0%| F|  |TAMS 0x0000000708800000| PB 0x0000000708800000| Untracked 
|  38|0x0000000708a00000, 0x0000000708a00000, 0x0000000708c00000|  0%| F|  |TAMS 0x0000000708a00000| PB 0x0000000708a00000| Untracked 
|  39|0x0000000708c00000, 0x0000000708c00000, 0x0000000708e00000|  0%| F|  |TAMS 0x0000000708c00000| PB 0x0000000708c00000| Untracked 
|  40|0x0000000708e00000, 0x0000000708e00000, 0x0000000709000000|  0%| F|  |TAMS 0x0000000708e00000| PB 0x0000000708e00000| Untracked 
|  41|0x0000000709000000, 0x0000000709000000, 0x0000000709200000|  0%| F|  |TAMS 0x0000000709000000| PB 0x0000000709000000| Untracked 
|  42|0x0000000709200000, 0x0000000709200000, 0x0000000709400000|  0%| F|  |TAMS 0x0000000709200000| PB 0x0000000709200000| Untracked 
|  43|0x0000000709400000, 0x0000000709400000, 0x0000000709600000|  0%| F|  |TAMS 0x0000000709400000| PB 0x0000000709400000| Untracked 
|  44|0x0000000709600000, 0x0000000709600000, 0x0000000709800000|  0%| F|  |TAMS 0x0000000709600000| PB 0x0000000709600000| Untracked 
|  45|0x0000000709800000, 0x0000000709800000, 0x0000000709a00000|  0%| F|  |TAMS 0x0000000709800000| PB 0x0000000709800000| Untracked 
|  46|0x0000000709a00000, 0x0000000709a00000, 0x0000000709c00000|  0%| F|  |TAMS 0x0000000709a00000| PB 0x0000000709a00000| Untracked 
|  47|0x0000000709c00000, 0x0000000709c00000, 0x0000000709e00000|  0%| F|  |TAMS 0x0000000709c00000| PB 0x0000000709c00000| Untracked 
|  48|0x0000000709e00000, 0x0000000709e00000, 0x000000070a000000|  0%| F|  |TAMS 0x0000000709e00000| PB 0x0000000709e00000| Untracked 
|  49|0x000000070a000000, 0x000000070a000000, 0x000000070a200000|  0%| F|  |TAMS 0x000000070a000000| PB 0x000000070a000000| Untracked 
|  50|0x000000070a200000, 0x000000070a200000, 0x000000070a400000|  0%| F|  |TAMS 0x000000070a200000| PB 0x000000070a200000| Untracked 
|  51|0x000000070a400000, 0x000000070a400000, 0x000000070a600000|  0%| F|  |TAMS 0x000000070a400000| PB 0x000000070a400000| Untracked 
|  52|0x000000070a600000, 0x000000070a600000, 0x000000070a800000|  0%| F|  |TAMS 0x000000070a600000| PB 0x000000070a600000| Untracked 
|  53|0x000000070a800000, 0x000000070a800000, 0x000000070aa00000|  0%| F|  |TAMS 0x000000070a800000| PB 0x000000070a800000| Untracked 
|  54|0x000000070aa00000, 0x000000070aa00000, 0x000000070ac00000|  0%| F|  |TAMS 0x000000070aa00000| PB 0x000000070aa00000| Untracked 
|  55|0x000000070ac00000, 0x000000070ac00000, 0x000000070ae00000|  0%| F|  |TAMS 0x000000070ac00000| PB 0x000000070ac00000| Untracked 
|  56|0x000000070ae00000, 0x000000070ae00000, 0x000000070b000000|  0%| F|  |TAMS 0x000000070ae00000| PB 0x000000070ae00000| Untracked 
|  57|0x000000070b000000, 0x000000070b000000, 0x000000070b200000|  0%| F|  |TAMS 0x000000070b000000| PB 0x000000070b000000| Untracked 
|  58|0x000000070b200000, 0x000000070b200000, 0x000000070b400000|  0%| F|  |TAMS 0x000000070b200000| PB 0x000000070b200000| Untracked 
|  59|0x000000070b400000, 0x000000070b400000, 0x000000070b600000|  0%| F|  |TAMS 0x000000070b400000| PB 0x000000070b400000| Untracked 
|  60|0x000000070b600000, 0x000000070b600000, 0x000000070b800000|  0%| F|  |TAMS 0x000000070b600000| PB 0x000000070b600000| Untracked 
|  61|0x000000070b800000, 0x000000070b800000, 0x000000070ba00000|  0%| F|  |TAMS 0x000000070b800000| PB 0x000000070b800000| Untracked 
|  62|0x000000070ba00000, 0x000000070ba00000, 0x000000070bc00000|  0%| F|  |TAMS 0x000000070ba00000| PB 0x000000070ba00000| Untracked 
|  63|0x000000070bc00000, 0x000000070bc00000, 0x000000070be00000|  0%| F|  |TAMS 0x000000070bc00000| PB 0x000000070bc00000| Untracked 
|  64|0x000000070be00000, 0x000000070be00000, 0x000000070c000000|  0%| F|  |TAMS 0x000000070be00000| PB 0x000000070be00000| Untracked 
|  65|0x000000070c000000, 0x000000070c000000, 0x000000070c200000|  0%| F|  |TAMS 0x000000070c000000| PB 0x000000070c000000| Untracked 
|  66|0x000000070c200000, 0x000000070c200000, 0x000000070c400000|  0%| F|  |TAMS 0x000000070c200000| PB 0x000000070c200000| Untracked 
|  67|0x000000070c400000, 0x000000070c400000, 0x000000070c600000|  0%| F|  |TAMS 0x000000070c400000| PB 0x000000070c400000| Untracked 
|  68|0x000000070c600000, 0x000000070c600000, 0x000000070c800000|  0%| F|  |TAMS 0x000000070c600000| PB 0x000000070c600000| Untracked 
|  69|0x000000070c800000, 0x000000070c800000, 0x000000070ca00000|  0%| F|  |TAMS 0x000000070c800000| PB 0x000000070c800000| Untracked 
|  70|0x000000070ca00000, 0x000000070ca00000, 0x000000070cc00000|  0%| F|  |TAMS 0x000000070ca00000| PB 0x000000070ca00000| Untracked 
|  71|0x000000070cc00000, 0x000000070cc00000, 0x000000070ce00000|  0%| F|  |TAMS 0x000000070cc00000| PB 0x000000070cc00000| Untracked 
|  72|0x000000070ce00000, 0x000000070ce00000, 0x000000070d000000|  0%| F|  |TAMS 0x000000070ce00000| PB 0x000000070ce00000| Untracked 
|  73|0x000000070d000000, 0x000000070d000000, 0x000000070d200000|  0%| F|  |TAMS 0x000000070d000000| PB 0x000000070d000000| Untracked 
|  74|0x000000070d200000, 0x000000070d200000, 0x000000070d400000|  0%| F|  |TAMS 0x000000070d200000| PB 0x000000070d200000| Untracked 
|  75|0x000000070d400000, 0x000000070d400000, 0x000000070d600000|  0%| F|  |TAMS 0x000000070d400000| PB 0x000000070d400000| Untracked 
|  76|0x000000070d600000, 0x000000070d600000, 0x000000070d800000|  0%| F|  |TAMS 0x000000070d600000| PB 0x000000070d600000| Untracked 
|  77|0x000000070d800000, 0x000000070d800000, 0x000000070da00000|  0%| F|  |TAMS 0x000000070d800000| PB 0x000000070d800000| Untracked 
|  78|0x000000070da00000, 0x000000070da00000, 0x000000070dc00000|  0%| F|  |TAMS 0x000000070da00000| PB 0x000000070da00000| Untracked 
|  79|0x000000070dc00000, 0x000000070dc00000, 0x000000070de00000|  0%| F|  |TAMS 0x000000070dc00000| PB 0x000000070dc00000| Untracked 
|  80|0x000000070de00000, 0x000000070de00000, 0x000000070e000000|  0%| F|  |TAMS 0x000000070de00000| PB 0x000000070de00000| Untracked 
|  81|0x000000070e000000, 0x000000070e000000, 0x000000070e200000|  0%| F|  |TAMS 0x000000070e000000| PB 0x000000070e000000| Untracked 
|  82|0x000000070e200000, 0x000000070e200000, 0x000000070e400000|  0%| F|  |TAMS 0x000000070e200000| PB 0x000000070e200000| Untracked 
|  83|0x000000070e400000, 0x000000070e400000, 0x000000070e600000|  0%| F|  |TAMS 0x000000070e400000| PB 0x000000070e400000| Untracked 
|  84|0x000000070e600000, 0x000000070e600000, 0x000000070e800000|  0%| F|  |TAMS 0x000000070e600000| PB 0x000000070e600000| Untracked 
|  85|0x000000070e800000, 0x000000070e800000, 0x000000070ea00000|  0%| F|  |TAMS 0x000000070e800000| PB 0x000000070e800000| Untracked 
|  86|0x000000070ea00000, 0x000000070ea00000, 0x000000070ec00000|  0%| F|  |TAMS 0x000000070ea00000| PB 0x000000070ea00000| Untracked 
|  87|0x000000070ec00000, 0x000000070ec00000, 0x000000070ee00000|  0%| F|  |TAMS 0x000000070ec00000| PB 0x000000070ec00000| Untracked 
|  88|0x000000070ee00000, 0x000000070ee00000, 0x000000070f000000|  0%| F|  |TAMS 0x000000070ee00000| PB 0x000000070ee00000| Untracked 
|  89|0x000000070f000000, 0x000000070f000000, 0x000000070f200000|  0%| F|  |TAMS 0x000000070f000000| PB 0x000000070f000000| Untracked 
|  90|0x000000070f200000, 0x000000070f200000, 0x000000070f400000|  0%| F|  |TAMS 0x000000070f200000| PB 0x000000070f200000| Untracked 
|  91|0x000000070f400000, 0x000000070f400000, 0x000000070f600000|  0%| F|  |TAMS 0x000000070f400000| PB 0x000000070f400000| Untracked 
|  92|0x000000070f600000, 0x000000070f600000, 0x000000070f800000|  0%| F|  |TAMS 0x000000070f600000| PB 0x000000070f600000| Untracked 
|  93|0x000000070f800000, 0x000000070f800000, 0x000000070fa00000|  0%| F|  |TAMS 0x000000070f800000| PB 0x000000070f800000| Untracked 
|  94|0x000000070fa00000, 0x000000070fa00000, 0x000000070fc00000|  0%| F|  |TAMS 0x000000070fa00000| PB 0x000000070fa00000| Untracked 
|  95|0x000000070fc00000, 0x000000070fc00000, 0x000000070fe00000|  0%| F|  |TAMS 0x000000070fc00000| PB 0x000000070fc00000| Untracked 
|  96|0x000000070fe00000, 0x000000070fe00000, 0x0000000710000000|  0%| F|  |TAMS 0x000000070fe00000| PB 0x000000070fe00000| Untracked 
|  97|0x0000000710000000, 0x0000000710000000, 0x0000000710200000|  0%| F|  |TAMS 0x0000000710000000| PB 0x0000000710000000| Untracked 
|  98|0x0000000710200000, 0x0000000710200000, 0x0000000710400000|  0%| F|  |TAMS 0x0000000710200000| PB 0x0000000710200000| Untracked 
|  99|0x0000000710400000, 0x0000000710400000, 0x0000000710600000|  0%| F|  |TAMS 0x0000000710400000| PB 0x0000000710400000| Untracked 
| 100|0x0000000710600000, 0x0000000710600000, 0x0000000710800000|  0%| F|  |TAMS 0x0000000710600000| PB 0x0000000710600000| Untracked 
| 101|0x0000000710800000, 0x0000000710800000, 0x0000000710a00000|  0%| F|  |TAMS 0x0000000710800000| PB 0x0000000710800000| Untracked 
| 102|0x0000000710a00000, 0x0000000710a00000, 0x0000000710c00000|  0%| F|  |TAMS 0x0000000710a00000| PB 0x0000000710a00000| Untracked 
| 103|0x0000000710c00000, 0x0000000710c00000, 0x0000000710e00000|  0%| F|  |TAMS 0x0000000710c00000| PB 0x0000000710c00000| Untracked 
| 104|0x0000000710e00000, 0x0000000710e00000, 0x0000000711000000|  0%| F|  |TAMS 0x0000000710e00000| PB 0x0000000710e00000| Untracked 
| 105|0x0000000711000000, 0x0000000711000000, 0x0000000711200000|  0%| F|  |TAMS 0x0000000711000000| PB 0x0000000711000000| Untracked 
| 106|0x0000000711200000, 0x0000000711200000, 0x0000000711400000|  0%| F|  |TAMS 0x0000000711200000| PB 0x0000000711200000| Untracked 
| 107|0x0000000711400000, 0x0000000711400000, 0x0000000711600000|  0%| F|  |TAMS 0x0000000711400000| PB 0x0000000711400000| Untracked 
| 108|0x0000000711600000, 0x0000000711600000, 0x0000000711800000|  0%| F|  |TAMS 0x0000000711600000| PB 0x0000000711600000| Untracked 
| 109|0x0000000711800000, 0x0000000711800000, 0x0000000711a00000|  0%| F|  |TAMS 0x0000000711800000| PB 0x0000000711800000| Untracked 
| 110|0x0000000711a00000, 0x0000000711a00000, 0x0000000711c00000|  0%| F|  |TAMS 0x0000000711a00000| PB 0x0000000711a00000| Untracked 
| 111|0x0000000711c00000, 0x0000000711c00000, 0x0000000711e00000|  0%| F|  |TAMS 0x0000000711c00000| PB 0x0000000711c00000| Untracked 
| 112|0x0000000711e00000, 0x0000000711e00000, 0x0000000712000000|  0%| F|  |TAMS 0x0000000711e00000| PB 0x0000000711e00000| Untracked 
| 113|0x0000000712000000, 0x0000000712000000, 0x0000000712200000|  0%| F|  |TAMS 0x0000000712000000| PB 0x0000000712000000| Untracked 
| 114|0x0000000712200000, 0x0000000712400000, 0x0000000712400000|100%| S|CS|TAMS 0x0000000712200000| PB 0x0000000712200000| Complete 
| 115|0x0000000712400000, 0x0000000712600000, 0x0000000712600000|100%| S|CS|TAMS 0x0000000712400000| PB 0x0000000712400000| Complete 
| 116|0x0000000712600000, 0x00000007126ae030, 0x0000000712800000| 33%| E|  |TAMS 0x0000000712600000| PB 0x0000000712600000| Complete 
| 117|0x0000000712800000, 0x0000000712a00000, 0x0000000712a00000|100%| E|CS|TAMS 0x0000000712800000| PB 0x0000000712800000| Complete 
| 118|0x0000000712a00000, 0x0000000712c00000, 0x0000000712c00000|100%| E|CS|TAMS 0x0000000712a00000| PB 0x0000000712a00000| Complete 
| 119|0x0000000712c00000, 0x0000000712e00000, 0x0000000712e00000|100%| E|CS|TAMS 0x0000000712c00000| PB 0x0000000712c00000| Complete 
| 120|0x0000000712e00000, 0x0000000713000000, 0x0000000713000000|100%| E|CS|TAMS 0x0000000712e00000| PB 0x0000000712e00000| Complete 
| 121|0x0000000713000000, 0x0000000713200000, 0x0000000713200000|100%| E|  |TAMS 0x0000000713000000| PB 0x0000000713000000| Complete 
| 122|0x0000000713200000, 0x0000000713400000, 0x0000000713400000|100%| E|CS|TAMS 0x0000000713200000| PB 0x0000000713200000| Complete 
| 123|0x0000000713400000, 0x0000000713600000, 0x0000000713600000|100%| E|CS|TAMS 0x0000000713400000| PB 0x0000000713400000| Complete 
| 124|0x0000000713600000, 0x0000000713800000, 0x0000000713800000|100%| E|CS|TAMS 0x0000000713600000| PB 0x0000000713600000| Complete 
| 125|0x0000000713800000, 0x0000000713a00000, 0x0000000713a00000|100%| E|CS|TAMS 0x0000000713800000| PB 0x0000000713800000| Complete 
| 126|0x0000000713a00000, 0x0000000713c00000, 0x0000000713c00000|100%| E|CS|TAMS 0x0000000713a00000| PB 0x0000000713a00000| Complete 

Card table byte_map: [0x000001d0e5ef0000,0x000001d0e66e0000] _byte_map_base: 0x000001d0e26d1000

Marking Bits: (CMBitMap*) 0x000001d0cdfd98b0
 Bits: [0x000001d0e66e0000, 0x000001d0ea5e8000)

Polling page: 0x000001d0cbf50000

Metaspace:

Usage:
  Non-class:      9.78 MB used.
      Class:      1.42 MB used.
       Both:     11.20 MB used.

Virtual space:
  Non-class space:       64.00 MB reserved,       9.88 MB ( 15%) committed,  1 nodes.
      Class space:        1.00 GB reserved,       1.50 MB ( <1%) committed,  1 nodes.
             Both:        1.06 GB reserved,      11.38 MB (  1%) committed. 

Chunk freelists:
   Non-Class:  6.12 MB
       Class:  14.42 MB
        Both:  20.55 MB

MaxMetaspaceSize: unlimited
CompressedClassSpaceSize: 1.00 GB
Initial GC threshold: 21.00 MB
Current GC threshold: 21.00 MB
CDS: on
 - commit_granule_bytes: 65536.
 - commit_granule_words: 8192.
 - virtual_space_node_default_size: 8388608.
 - enlarge_chunks_in_place: 1.
 - use_allocation_guard: 0.


Internal statistics:

num_allocs_failed_limit: 0.
num_arena_births: 130.
num_arena_deaths: 0.
num_vsnodes_births: 2.
num_vsnodes_deaths: 0.
num_space_committed: 182.
num_space_uncommitted: 0.
num_chunks_returned_to_freelist: 0.
num_chunks_taken_from_freelist: 447.
num_chunk_merges: 0.
num_chunk_splits: 305.
num_chunks_enlarged: 244.
num_inconsistent_stats: 0.

CodeHeap 'non-profiled nmethods': size=120000Kb used=642Kb max_used=642Kb free=119357Kb
 bounds [0x000001d0ddea0000, 0x000001d0de110000, 0x000001d0e53d0000]
CodeHeap 'profiled nmethods': size=120000Kb used=3063Kb max_used=3063Kb free=116936Kb
 bounds [0x000001d0d63d0000, 0x000001d0d66d0000, 0x000001d0dd900000]
CodeHeap 'non-nmethods': size=5760Kb used=1391Kb max_used=1433Kb free=4368Kb
 bounds [0x000001d0dd900000, 0x000001d0ddb70000, 0x000001d0ddea0000]
 total_blobs=2183 nmethods=1693 adapters=395
 compilation: enabled
              stopped_count=0, restarted_count=0
 full_count=0

Compilation events (20 events):
Event: 1.142 Thread 0x000001d0ed0718d0 1676       3       java.util.BitSet::get (69 bytes)
Event: 1.142 Thread 0x000001d0ed0718d0 nmethod 1676 0x000001d0d66bfa90 code [0x000001d0d66bfce0, 0x000001d0d66c0490]
Event: 1.142 Thread 0x000001d0ed0718d0 1679       3       java.util.Collections::emptyMap (4 bytes)
Event: 1.143 Thread 0x000001d0ed0718d0 nmethod 1679 0x000001d0d66c0810 code [0x000001d0d66c09a0, 0x000001d0d66c0a98]
Event: 1.143 Thread 0x000001d0ed0718d0 1677       1       java.lang.reflect.AccessibleObject::isAccessible (5 bytes)
Event: 1.143 Thread 0x000001d0ed0718d0 nmethod 1677 0x000001d0ddf3fb10 code [0x000001d0ddf3fca0, 0x000001d0ddf3fd70]
Event: 1.143 Thread 0x000001d0ed0718d0 1680       3       java.lang.invoke.MethodHandle::asTypeCached (52 bytes)
Event: 1.143 Thread 0x000001d0ed0718d0 nmethod 1680 0x000001d0d66c0b10 code [0x000001d0d66c0ce0, 0x000001d0d66c1138]
Event: 1.143 Thread 0x000001d0ed0718d0 1682       3       java.lang.Module::implIsExportedOrOpen (92 bytes)
Event: 1.144 Thread 0x000001d0ed0718d0 nmethod 1682 0x000001d0d66c1290 code [0x000001d0d66c14c0, 0x000001d0d66c1be8]
Event: 1.144 Thread 0x000001d0ed0718d0 1685       3       jdk.internal.org.objectweb.asm.Frame::merge (395 bytes)
Event: 1.145 Thread 0x000001d0ed0718d0 nmethod 1685 0x000001d0d66c1d90 code [0x000001d0d66c2040, 0x000001d0d66c2e98]
Event: 1.145 Thread 0x000001d0ed0718d0 1684       3       java.util.LinkedHashMap$LinkedValueIterator::next (8 bytes)
Event: 1.145 Thread 0x000001d0ed0718d0 nmethod 1684 0x000001d0d66c3510 code [0x000001d0d66c36c0, 0x000001d0d66c3800]
Event: 1.145 Thread 0x000001d0ed0718d0 1686       3       jdk.internal.reflect.ReflectionFactory::copyMethod (11 bytes)
Event: 1.145 Thread 0x000001d0ed0718d0 nmethod 1686 0x000001d0d66c3910 code [0x000001d0d66c3ac0, 0x000001d0d66c3cb8]
Event: 1.145 Thread 0x000001d0ed0718d0 1683       1       java.lang.reflect.Method::getSharedExceptionTypes (5 bytes)
Event: 1.146 Thread 0x000001d0ed0718d0 nmethod 1683 0x000001d0ddf3fe10 code [0x000001d0ddf3ffa0, 0x000001d0ddf40070]
Event: 1.146 Thread 0x000001d0ed0718d0 1687       3       jdk.internal.org.objectweb.asm.MethodWriter::visitFrameEnd (53 bytes)
Event: 1.146 Thread 0x000001d0ed0718d0 nmethod 1687 0x000001d0d66c3e10 code [0x000001d0d66c3fe0, 0x000001d0d66c44e0]

GC Heap History (2 events):
Event: 0.822 GC heap before
{Heap before GC invocations=0 (full 0):
 garbage-first heap   total 260096K, used 20480K [0x0000000703e00000, 0x0000000800000000)
  region size 2048K, 11 young (22528K), 0 survivors (0K)
 Metaspace       used 5913K, committed 6016K, reserved 1114112K
  class space    used 637K, committed 704K, reserved 1048576K
}
Event: 0.826 GC heap after
{Heap after GC invocations=1 (full 0):
 garbage-first heap   total 260096K, used 6902K [0x0000000703e00000, 0x0000000800000000)
  region size 2048K, 2 young (4096K), 2 survivors (4096K)
 Metaspace       used 5913K, committed 6016K, reserved 1114112K
  class space    used 637K, committed 704K, reserved 1048576K
}

Dll operation events (13 events):
Event: 0.014 Loaded shared library C:\Program Files\Java\jdk-21\bin\java.dll
Event: 0.045 Loaded shared library C:\Program Files\Java\jdk-21\bin\jsvml.dll
Event: 0.193 Loaded shared library C:\Program Files\Java\jdk-21\bin\zip.dll
Event: 0.197 Loaded shared library C:\Program Files\Java\jdk-21\bin\instrument.dll
Event: 0.202 Loaded shared library C:\Program Files\Java\jdk-21\bin\net.dll
Event: 0.205 Loaded shared library C:\Program Files\Java\jdk-21\bin\nio.dll
Event: 0.209 Loaded shared library C:\Program Files\Java\jdk-21\bin\zip.dll
Event: 0.305 Loaded shared library C:\Program Files\JetBrains\IntelliJ IDEA Community Edition 2023.2.2\bin\breakgen64.dll
Event: 0.315 Loaded shared library C:\Program Files\Java\jdk-21\bin\extnet.dll
Event: 0.338 Loaded shared library C:\Program Files\Java\jdk-21\bin\verify.dll
Event: 0.345 Loaded shared library C:\Program Files\Java\jdk-21\bin\jimage.dll
Event: 0.650 Loaded shared library C:\Program Files\Java\jdk-21\bin\management.dll
Event: 0.653 Loaded shared library C:\Program Files\Java\jdk-21\bin\management_ext.dll

Deoptimization events (20 events):
Event: 1.070 Thread 0x000001d0ed046d00 Uncommon trap: trap_request=0xffffffde fr.pc=0x000001d0ddf3735c relative=0x000000000000013c
Event: 1.070 Thread 0x000001d0ed046d00 Uncommon trap: reason=class_check action=maybe_recompile pc=0x000001d0ddf3735c method=jdk.internal.misc.Unsafe.allocateUninitializedArray(Ljava/lang/Class;I)Ljava/lang/Object; @ 51 c2
Event: 1.070 Thread 0x000001d0ed046d00 DEOPT PACKING pc=0x000001d0ddf3735c sp=0x0000000eba6fde80
Event: 1.070 Thread 0x000001d0ed046d00 DEOPT UNPACKING pc=0x000001d0dd9546a2 sp=0x0000000eba6fddf8 mode 2
Event: 1.070 Thread 0x000001d0ed048740 Uncommon trap: trap_request=0xffffffde fr.pc=0x000001d0ddf3735c relative=0x000000000000013c
Event: 1.070 Thread 0x000001d0ed048740 Uncommon trap: reason=class_check action=maybe_recompile pc=0x000001d0ddf3735c method=jdk.internal.misc.Unsafe.allocateUninitializedArray(Ljava/lang/Class;I)Ljava/lang/Object; @ 51 c2
Event: 1.070 Thread 0x000001d0ed048740 DEOPT PACKING pc=0x000001d0ddf3735c sp=0x0000000eba5fda80
Event: 1.070 Thread 0x000001d0ed048740 DEOPT UNPACKING pc=0x000001d0dd9546a2 sp=0x0000000eba5fd9f8 mode 2
Event: 1.105 Thread 0x000001d0ed046d00 Uncommon trap: trap_request=0xffffffc6 fr.pc=0x000001d0ddee98c0 relative=0x0000000000000360
Event: 1.105 Thread 0x000001d0ed046d00 Uncommon trap: reason=bimorphic_or_optimized_type_check action=maybe_recompile pc=0x000001d0ddee98c0 method=java.util.concurrent.ConcurrentHashMap.get(Ljava/lang/Object;)Ljava/lang/Object; @ 149 c2
Event: 1.105 Thread 0x000001d0ed046d00 DEOPT PACKING pc=0x000001d0ddee98c0 sp=0x0000000eba6fe740
Event: 1.105 Thread 0x000001d0ed046d00 DEOPT UNPACKING pc=0x000001d0dd9546a2 sp=0x0000000eba6fe6b0 mode 2
Event: 1.123 Thread 0x000001d0ed046d00 Uncommon trap: trap_request=0xffffff45 fr.pc=0x000001d0ddee9870 relative=0x0000000000000310
Event: 1.123 Thread 0x000001d0ed046d00 Uncommon trap: reason=unstable_if action=reinterpret pc=0x000001d0ddee9870 method=java.util.concurrent.ConcurrentHashMap.get(Ljava/lang/Object;)Ljava/lang/Object; @ 76 c2
Event: 1.123 Thread 0x000001d0ed046d00 DEOPT PACKING pc=0x000001d0ddee9870 sp=0x0000000eba6fe1b0
Event: 1.123 Thread 0x000001d0ed046d00 DEOPT UNPACKING pc=0x000001d0dd9546a2 sp=0x0000000eba6fe128 mode 2
Event: 1.127 Thread 0x000001d0ed048740 Uncommon trap: trap_request=0xffffff45 fr.pc=0x000001d0ddedf690 relative=0x0000000000000330
Event: 1.127 Thread 0x000001d0ed048740 Uncommon trap: reason=unstable_if action=reinterpret pc=0x000001d0ddedf690 method=java.util.HashMap.hash(Ljava/lang/Object;)I @ 1 c2
Event: 1.127 Thread 0x000001d0ed048740 DEOPT PACKING pc=0x000001d0ddedf690 sp=0x0000000eba5fe260
Event: 1.127 Thread 0x000001d0ed048740 DEOPT UNPACKING pc=0x000001d0dd9546a2 sp=0x0000000eba5fe158 mode 2

Classes loaded (20 events):
Event: 1.127 Loading class sun/reflect/misc/ReflectUtil
Event: 1.127 Loading class sun/reflect/misc/ReflectUtil done
Event: 1.132 Loading class org/xml/sax/ErrorHandler
Event: 1.132 Loading class org/xml/sax/ErrorHandler done
Event: 1.133 Loading class org/xml/sax/SAXParseException
Event: 1.133 Loading class org/xml/sax/SAXParseException done
Event: 1.133 Loading class javax/xml/parsers/ParserConfigurationException
Event: 1.133 Loading class javax/xml/parsers/ParserConfigurationException done
Event: 1.133 Loading class org/xml/sax/EntityResolver
Event: 1.133 Loading class org/xml/sax/EntityResolver done
Event: 1.135 Loading class jdk/internal/reflect/MethodHandleIntegerFieldAccessorImpl
Event: 1.135 Loading class jdk/internal/reflect/MethodHandleIntegerFieldAccessorImpl done
Event: 1.138 Loading class java/util/BitSet
Event: 1.138 Loading class java/io/CharConversionException
Event: 1.138 Loading class java/io/CharConversionException done
Event: 1.139 Loading class java/util/BitSet done
Event: 1.139 Loading class java/nio/charset/UnsupportedCharsetException
Event: 1.139 Loading class java/nio/charset/UnsupportedCharsetException done
Event: 1.139 Loading class java/security/SecureRandom
Event: 1.139 Loading class java/security/SecureRandom done

Classes unloaded (0 events):
No events

Classes redefined (0 events):
No events

Internal exceptions (20 events):
Event: 0.578 Thread 0x000001d0cdf70410 Exception <a 'java/lang/NoSuchMethodError'{0x0000000712f18ad0}: 'java.lang.Object java.lang.invoke.DirectMethodHandle$Holder.newInvokeSpecial(java.lang.Object, java.lang.Object, java.lang.Object, java.lang.Object, java.lang.Object)'> (0x0000000712f18ad0) 
thrown [s\open\src\hotspot\share\interpreter\linkResolver.cpp, line 773]
Event: 0.657 Thread 0x000001d0cdf70410 Exception <a 'java/lang/NoSuchMethodError'{0x0000000712cb23d0}: 'int java.lang.invoke.DirectMethodHandle$Holder.invokeSpecial(java.lang.Object, java.lang.Object, java.lang.Object)'> (0x0000000712cb23d0) 
thrown [s\open\src\hotspot\share\interpreter\linkResolver.cpp, line 773]
Event: 0.709 Thread 0x000001d0ed048740 Exception <a 'java/lang/NoSuchMethodError'{0x0000000712b6d1a0}: 'void java.lang.invoke.DirectMethodHandle$Holder.invokeSpecial(java.lang.Object, java.lang.Object, java.lang.Object)'> (0x0000000712b6d1a0) 
thrown [s\open\src\hotspot\share\interpreter\linkResolver.cpp, line 773]
Event: 0.751 Thread 0x000001d0ed048740 Exception <a 'sun/nio/fs/WindowsException'{0x000000071291e448}> (0x000000071291e448) 
thrown [s\open\src\hotspot\share\prims\jni.cpp, line 520]
Event: 0.834 Thread 0x000001d0ed048740 Exception <a 'java/lang/NoSuchMethodError'{0x0000000713b4c9e0}: 'java.lang.Object java.lang.invoke.DirectMethodHandle$Holder.newInvokeSpecial(java.lang.Object, java.lang.Object, int, java.lang.Object)'> (0x0000000713b4c9e0) 
thrown [s\open\src\hotspot\share\interpreter\linkResolver.cpp, line 773]
Event: 0.835 Thread 0x000001d0ed048740 Exception <a 'java/lang/NoSuchMethodError'{0x0000000713b50b38}: 'java.lang.Object java.lang.invoke.DirectMethodHandle$Holder.invokeSpecial(java.lang.Object, java.lang.Object, java.lang.Object, int, java.lang.Object)'> (0x0000000713b50b38) 
thrown [s\open\src\hotspot\share\interpreter\linkResolver.cpp, line 773]
Event: 0.837 Thread 0x000001d0ed048740 Exception <a 'java/lang/NoSuchMethodError'{0x0000000713b69bf0}: 'java.lang.Object java.lang.invoke.DirectMethodHandle$Holder.newInvokeSpecial(java.lang.Object, java.lang.Object, java.lang.Object, java.lang.Object, java.lang.Object, java.lang.Object)'> (0x0000000713b69bf0) 
thrown [s\open\src\hotspot\share\interpreter\linkResolver.cpp, line 773]
Event: 0.875 Thread 0x000001d0ed048740 Exception <a 'java/lang/NoSuchMethodError'{0x0000000713982a48}: 'void java.lang.invoke.DirectMethodHandle$Holder.invokeStatic(java.lang.Object, java.lang.Object, java.lang.Object, java.lang.Object)'> (0x0000000713982a48) 
thrown [s\open\src\hotspot\share\interpreter\linkResolver.cpp, line 773]
Event: 0.905 Thread 0x000001d0ed048740 Exception <a 'java/lang/NoSuchMethodError'{0x000000071371b928}: 'void java.lang.invoke.DirectMethodHandle$Holder.invokeStaticInit(java.lang.Object, java.lang.Object)'> (0x000000071371b928) 
thrown [s\open\src\hotspot\share\interpreter\linkResolver.cpp, line 773]
Event: 0.939 Thread 0x000001d0ed048740 Exception <a 'java/lang/NoSuchMethodError'{0x00000007134acfa0}: 'java.lang.Object java.lang.invoke.DirectMethodHandle$Holder.invokeVirtual(java.lang.Object, java.lang.Object, java.lang.Object)'> (0x00000007134acfa0) 
thrown [s\open\src\hotspot\share\interpreter\linkResolver.cpp, line 773]
Event: 0.949 Thread 0x000001d0ed03c500 Exception <a 'java/lang/NoSuchMethodError'{0x0000000713513af8}: 'java.lang.Object java.lang.invoke.Invokers$Holder.invokeExact_MT(java.lang.Object, java.lang.Object, java.lang.Object, java.lang.Object, java.lang.Object, java.lang.Object)'> (0x0000000713513af8) 
thrown [s\open\src\hotspot\share\interpreter\linkResolver.cpp, line 773]
Event: 1.008 Thread 0x000001d0ed048740 Exception <a 'java/lang/NoSuchMethodError'{0x0000000713053d78}: 'java.lang.Object java.lang.invoke.DirectMethodHandle$Holder.invokeStaticInit(java.lang.Object, int)'> (0x0000000713053d78) 
thrown [s\open\src\hotspot\share\interpreter\linkResolver.cpp, line 773]
Event: 1.010 Thread 0x000001d0ed048740 Exception <a 'java/lang/NoSuchMethodError'{0x000000071305b8c0}: 'int java.lang.invoke.DirectMethodHandle$Holder.invokeStaticInit(java.lang.Object, java.lang.Object, java.lang.Object)'> (0x000000071305b8c0) 
thrown [s\open\src\hotspot\share\interpreter\linkResolver.cpp, line 773]
Event: 1.011 Thread 0x000001d0ed048740 Exception <a 'java/lang/NoSuchMethodError'{0x00000007130614e8}: 'java.lang.Object java.lang.invoke.DirectMethodHandle$Holder.invokeStatic(java.lang.Object, int, java.lang.Object)'> (0x00000007130614e8) 
thrown [s\open\src\hotspot\share\interpreter\linkResolver.cpp, line 773]
Event: 1.012 Thread 0x000001d0ed048740 Exception <a 'java/lang/NoSuchMethodError'{0x0000000713064b38}: 'java.lang.Object java.lang.invoke.DirectMethodHandle$Holder.invokeStaticInit(java.lang.Object, int, java.lang.Object)'> (0x0000000713064b38) 
thrown [s\open\src\hotspot\share\interpreter\linkResolver.cpp, line 773]
Event: 1.110 Thread 0x000001d0ed046d00 Exception <a 'java/lang/NoSuchMethodError'{0x0000000712bed7c8}: 'void java.lang.invoke.DirectMethodHandle$Holder.invokeStatic(java.lang.Object, java.lang.Object, java.lang.Object, java.lang.Object, java.lang.Object, java.lang.Object)'> (0x0000000712bed7c8) 
thrown [s\open\src\hotspot\share\interpreter\linkResolver.cpp, line 773]
Event: 1.126 Thread 0x000001d0ed048740 Exception <a 'java/lang/NoSuchMethodError'{0x0000000712889a10}: 'org.slf4j.impl.StaticMDCBinder org.slf4j.impl.StaticMDCBinder.getSingleton()'> (0x0000000712889a10) 
thrown [s\open\src\hotspot\share\interpreter\linkResolver.cpp, line 773]
Event: 1.127 Thread 0x000001d0ed048740 Implicit null exception at 0x000001d0ddedf3c0 to 0x000001d0ddedf670
Event: 1.135 Thread 0x000001d0ed048740 Exception <a 'java/lang/NoSuchMethodError'{0x00000007129390a0}: 'int java.lang.invoke.Invokers$Holder.invokeExact_MT(java.lang.Object, java.lang.Object)'> (0x00000007129390a0) 
thrown [s\open\src\hotspot\share\interpreter\linkResolver.cpp, line 773]
Event: 1.141 Thread 0x000001d0ed046d00 Exception <a 'java/lang/NoSuchMethodError'{0x00000007129c8db8}: 'void java.lang.invoke.DirectMethodHandle$Holder.invokeSpecial(java.lang.Object, java.lang.Object, java.lang.Object, java.lang.Object, java.lang.Object)'> (0x00000007129c8db8) 
thrown [s\open\src\hotspot\share\interpreter\linkResolver.cpp, line 773]

ZGC Phase Switch (0 events):
No events

VM Operations (20 events):
Event: 0.617 Executing VM operation: HandshakeAllThreads (Deoptimize)
Event: 0.617 Executing VM operation: HandshakeAllThreads (Deoptimize) done
Event: 0.617 Executing VM operation: HandshakeAllThreads (Deoptimize)
Event: 0.617 Executing VM operation: HandshakeAllThreads (Deoptimize) done
Event: 0.645 Executing VM operation: HandshakeAllThreads (Deoptimize)
Event: 0.645 Executing VM operation: HandshakeAllThreads (Deoptimize) done
Event: 0.752 Executing VM operation: HandshakeAllThreads (Deoptimize)
Event: 0.752 Executing VM operation: HandshakeAllThreads (Deoptimize) done
Event: 0.770 Executing VM operation: ICBufferFull
Event: 0.770 Executing VM operation: ICBufferFull done
Event: 0.822 Executing VM operation: G1CollectForAllocation (G1 Evacuation Pause)
Event: 0.826 Executing VM operation: G1CollectForAllocation (G1 Evacuation Pause) done
Event: 0.845 Executing VM operation: HandshakeAllThreads (Deoptimize)
Event: 0.845 Executing VM operation: HandshakeAllThreads (Deoptimize) done
Event: 0.982 Executing VM operation: HandshakeAllThreads (Deoptimize)
Event: 0.982 Executing VM operation: HandshakeAllThreads (Deoptimize) done
Event: 1.064 Executing VM operation: HandshakeAllThreads (Deoptimize)
Event: 1.064 Executing VM operation: HandshakeAllThreads (Deoptimize) done
Event: 1.064 Executing VM operation: HandshakeAllThreads (Deoptimize)
Event: 1.064 Executing VM operation: HandshakeAllThreads (Deoptimize) done

Events (16 events):
Event: 0.031 Thread 0x000001d0cdf70410 Thread added: 0x000001d0cdf70410
Event: 0.043 Thread 0x000001d0ed034fb0 Thread added: 0x000001d0ed034fb0
Event: 0.043 Thread 0x000001d0ed036080 Thread added: 0x000001d0ed036080
Event: 0.043 Thread 0x000001d0ed038720 Thread added: 0x000001d0ed038720
Event: 0.043 Thread 0x000001d0ed03c500 Thread added: 0x000001d0ed03c500
Event: 0.044 Thread 0x000001d0ed03d2c0 Thread added: 0x000001d0ed03d2c0
Event: 0.044 Thread 0x000001d0ed049460 Thread added: 0x000001d0ed049460
Event: 0.044 Thread 0x000001d0ed0710f0 Thread added: 0x000001d0ed0710f0
Event: 0.044 Thread 0x000001d0ed0718d0 Thread added: 0x000001d0ed0718d0
Event: 0.165 Thread 0x000001d0ed049af0 Thread added: 0x000001d0ed049af0
Event: 0.252 Thread 0x000001d0ed3b28a0 Thread added: 0x000001d0ed3b28a0
Event: 0.306 Thread 0x000001d0ed0480b0 Thread added: 0x000001d0ed0480b0
Event: 0.306 Thread 0x000001d0ed048dd0 Thread added: 0x000001d0ed048dd0
Event: 0.704 Thread 0x000001d0ed046670 Thread added: 0x000001d0ed046670
Event: 0.706 Thread 0x000001d0ed048740 Thread added: 0x000001d0ed048740
Event: 0.738 Thread 0x000001d0ed046d00 Thread added: 0x000001d0ed046d00


Dynamic libraries:
0x00007ff688580000 - 0x00007ff688590000 	C:\Program Files\Java\jdk-21\bin\java.exe
0x00007ffbbdd50000 - 0x00007ffbbdf67000 	C:\WINDOWS\SYSTEM32\ntdll.dll
0x00007ffbbbff0000 - 0x00007ffbbc0b4000 	C:\WINDOWS\System32\KERNEL32.DLL
0x00007ffbbb470000 - 0x00007ffbbb81d000 	C:\WINDOWS\System32\KERNELBASE.dll
0x00007ffbbb070000 - 0x00007ffbbb181000 	C:\WINDOWS\System32\ucrtbase.dll
0x00007ffbb5ca0000 - 0x00007ffbb5cb9000 	C:\Program Files\Java\jdk-21\bin\jli.dll
0x00007ffbb5c80000 - 0x00007ffbb5c9b000 	C:\Program Files\Java\jdk-21\bin\VCRUNTIME140.dll
0x00007ffbbc720000 - 0x00007ffbbc7d2000 	C:\WINDOWS\System32\ADVAPI32.dll
0x00007ffbbc4a0000 - 0x00007ffbbc547000 	C:\WINDOWS\System32\msvcrt.dll
0x00007ffbbd2d0000 - 0x00007ffbbd379000 	C:\WINDOWS\System32\sechost.dll
0x00007ffbbb210000 - 0x00007ffbbb238000 	C:\WINDOWS\System32\bcrypt.dll
0x00007ffbbc550000 - 0x00007ffbbc664000 	C:\WINDOWS\System32\RPCRT4.dll
0x00007ffbbd110000 - 0x00007ffbbd2be000 	C:\WINDOWS\System32\USER32.dll
0x00007ffb99440000 - 0x00007ffb996d3000 	C:\WINDOWS\WinSxS\amd64_microsoft.windows.common-controls_6595b64144ccf1df_6.0.22621.3672_none_2713b9d173822955\COMCTL32.dll
0x00007ffbbb820000 - 0x00007ffbbb846000 	C:\WINDOWS\System32\win32u.dll
0x00007ffbbd380000 - 0x00007ffbbd3a9000 	C:\WINDOWS\System32\GDI32.dll
0x00007ffbbb240000 - 0x00007ffbbb359000 	C:\WINDOWS\System32\gdi32full.dll
0x00007ffbbb360000 - 0x00007ffbbb3fa000 	C:\WINDOWS\System32\msvcp_win.dll
0x00007ffbb0930000 - 0x00007ffbb093a000 	C:\WINDOWS\SYSTEM32\VERSION.dll
0x00007ffbbc1e0000 - 0x00007ffbbc211000 	C:\WINDOWS\System32\IMM32.DLL
0x00007ffbb3a80000 - 0x00007ffbb3a8c000 	C:\Program Files\Java\jdk-21\bin\vcruntime140_1.dll
0x00007ffba5700000 - 0x00007ffba578e000 	C:\Program Files\Java\jdk-21\bin\msvcp140.dll
0x00007ffb02f60000 - 0x00007ffb03c77000 	C:\Program Files\Java\jdk-21\bin\server\jvm.dll
0x00007ffbbc300000 - 0x00007ffbbc371000 	C:\WINDOWS\System32\WS2_32.dll
0x00007ffbba890000 - 0x00007ffbba8dd000 	C:\WINDOWS\SYSTEM32\POWRPROF.dll
0x00007ffbb0f60000 - 0x00007ffbb0f94000 	C:\WINDOWS\SYSTEM32\WINMM.dll
0x00007ffbba850000 - 0x00007ffbba863000 	C:\WINDOWS\SYSTEM32\UMPDC.dll
0x00007ffbb9f70000 - 0x00007ffbb9f88000 	C:\WINDOWS\SYSTEM32\kernel.appcore.dll
0x00007ffbb3a70000 - 0x00007ffbb3a7a000 	C:\Program Files\Java\jdk-21\bin\jimage.dll
0x00007ffb9dae0000 - 0x00007ffb9dd12000 	C:\WINDOWS\SYSTEM32\DBGHELP.DLL
0x00007ffbbba80000 - 0x00007ffbbbe0d000 	C:\WINDOWS\System32\combase.dll
0x00007ffbbc220000 - 0x00007ffbbc2f7000 	C:\WINDOWS\System32\OLEAUT32.dll
0x00007ffb9e530000 - 0x00007ffb9e562000 	C:\WINDOWS\SYSTEM32\dbgcore.DLL
0x00007ffbbb190000 - 0x00007ffbbb20b000 	C:\WINDOWS\System32\bcryptPrimitives.dll
0x00007ffbb63c0000 - 0x00007ffbb63cf000 	C:\Program Files\Java\jdk-21\bin\instrument.dll
0x00007ffba56e0000 - 0x00007ffba56ff000 	C:\Program Files\Java\jdk-21\bin\java.dll
0x00007ffbbc7e0000 - 0x00007ffbbd048000 	C:\WINDOWS\System32\SHELL32.dll
0x00007ffbb8dd0000 - 0x00007ffbb96ce000 	C:\WINDOWS\SYSTEM32\windows.storage.dll
0x00007ffbb8c90000 - 0x00007ffbb8dcf000 	C:\WINDOWS\SYSTEM32\wintypes.dll
0x00007ffbbc0c0000 - 0x00007ffbbc1b9000 	C:\WINDOWS\System32\SHCORE.dll
0x00007ffbbc6c0000 - 0x00007ffbbc71e000 	C:\WINDOWS\System32\shlwapi.dll
0x00007ffbbafa0000 - 0x00007ffbbafc1000 	C:\WINDOWS\SYSTEM32\profapi.dll
0x00007ffb5ef00000 - 0x00007ffb5efd7000 	C:\Program Files\Java\jdk-21\bin\jsvml.dll
0x00007ffba5690000 - 0x00007ffba56a8000 	C:\Program Files\Java\jdk-21\bin\zip.dll
0x00007ffba56d0000 - 0x00007ffba56e0000 	C:\Program Files\Java\jdk-21\bin\net.dll
0x00007ffbb9f90000 - 0x00007ffbba0c6000 	C:\WINDOWS\SYSTEM32\WINHTTP.dll
0x00007ffbba510000 - 0x00007ffbba579000 	C:\WINDOWS\system32\mswsock.dll
0x00007ffba56b0000 - 0x00007ffba56c6000 	C:\Program Files\Java\jdk-21\bin\nio.dll
0x00007ffbb6090000 - 0x00007ffbb60aa000 	C:\Program Files\JetBrains\IntelliJ IDEA Community Edition 2023.2.2\bin\breakgen64.dll
0x00007ffba5680000 - 0x00007ffba5689000 	C:\Program Files\Java\jdk-21\bin\extnet.dll
0x00007ffba5660000 - 0x00007ffba5670000 	C:\Program Files\Java\jdk-21\bin\verify.dll
0x00007ffbb6310000 - 0x00007ffbb631a000 	C:\Program Files\Java\jdk-21\bin\management.dll
0x00007ffbb62e0000 - 0x00007ffbb62eb000 	C:\Program Files\Java\jdk-21\bin\management_ext.dll
0x00007ffbbc380000 - 0x00007ffbbc388000 	C:\WINDOWS\System32\PSAPI.DLL
0x00007ffb90a90000 - 0x00007ffb90aa7000 	C:\WINDOWS\system32\napinsp.dll
0x00007ffb90940000 - 0x00007ffb9095b000 	C:\WINDOWS\system32\pnrpnsp.dll
0x00007ffbb9820000 - 0x00007ffbb9918000 	C:\WINDOWS\SYSTEM32\DNSAPI.dll
0x00007ffbb97f0000 - 0x00007ffbb981d000 	C:\WINDOWS\SYSTEM32\IPHLPAPI.DLL
0x00007ffbbd2c0000 - 0x00007ffbbd2c9000 	C:\WINDOWS\System32\NSI.dll
0x00007ffb90920000 - 0x00007ffb90931000 	C:\WINDOWS\System32\winrnr.dll
0x00007ffbafe40000 - 0x00007ffbafe55000 	C:\WINDOWS\system32\wshbth.dll
0x00007ffb90880000 - 0x00007ffb908a7000 	C:\WINDOWS\system32\nlansp_c.dll
0x00007ffbafc90000 - 0x00007ffbafc9a000 	C:\Windows\System32\rasadhlp.dll
0x00007ffbb3070000 - 0x00007ffbb30f3000 	C:\WINDOWS\System32\fwpuclnt.dll

dbghelp: loaded successfully - version: 4.0.5 - missing functions: none
symbol engine: initialized successfully - sym options: 0x614 - pdb path: .;C:\Program Files\Java\jdk-21\bin;C:\WINDOWS\SYSTEM32;C:\WINDOWS\WinSxS\amd64_microsoft.windows.common-controls_6595b64144ccf1df_6.0.22621.3672_none_2713b9d173822955;C:\Program Files\Java\jdk-21\bin\server;C:\Program Files\JetBrains\IntelliJ IDEA Community Edition 2023.2.2\bin

VM Arguments:
jvm_args: -javaagent:C:\Program Files\JetBrains\IntelliJ IDEA Community Edition 2023.2.2\lib\idea_rt.jar=63393:C:\Program Files\JetBrains\IntelliJ IDEA Community Edition 2023.2.2\bin -Dfile.encoding=UTF-8 -Dsun.stdout.encoding=UTF-8 -Dsun.stderr.encoding=UTF-8 
java_command: com.algaworks.algafood.AlgafoodApiApplication
java_class_path (initial): C:\Users\rodrigofc\Downloads\algafood-api\algafood-api\target\classes;C:\Users\rodrigofc\.m2\repository\org\springframework\boot\spring-boot-starter-web\2.1.7.RELEASE\spring-boot-starter-web-2.1.7.RELEASE.jar;C:\Users\rodrigofc\.m2\repository\org\springframework\boot\spring-boot-starter\2.1.7.RELEASE\spring-boot-starter-2.1.7.RELEASE.jar;C:\Users\rodrigofc\.m2\repository\org\springframework\boot\spring-boot-starter-logging\2.1.7.RELEASE\spring-boot-starter-logging-2.1.7.RELEASE.jar;C:\Users\rodrigofc\.m2\repository\ch\qos\logback\logback-classic\1.2.3\logback-classic-1.2.3.jar;C:\Users\rodrigofc\.m2\repository\ch\qos\logback\logback-core\1.2.3\logback-core-1.2.3.jar;C:\Users\rodrigofc\.m2\repository\org\apache\logging\log4j\log4j-to-slf4j\2.11.2\log4j-to-slf4j-2.11.2.jar;C:\Users\rodrigofc\.m2\repository\org\apache\logging\log4j\log4j-api\2.11.2\log4j-api-2.11.2.jar;C:\Users\rodrigofc\.m2\repository\org\slf4j\jul-to-slf4j\1.7.26\jul-to-slf4j-1.7.26.jar;C:\Users\rodrigofc\.m2\repository\javax\annotation\javax.annotation-api\1.3.2\javax.annotation-api-1.3.2.jar;C:\Users\rodrigofc\.m2\repository\org\yaml\snakeyaml\1.23\snakeyaml-1.23.jar;C:\Users\rodrigofc\.m2\repository\org\springframework\boot\spring-boot-starter-json\2.1.7.RELEASE\spring-boot-starter-json-2.1.7.RELEASE.jar;C:\Users\rodrigofc\.m2\repository\com\fasterxml\jackson\core\jackson-databind\2.9.9\jackson-databind-2.9.9.jar;C:\Users\rodrigofc\.m2\repository\com\fasterxml\jackson\core\jackson-annotations\2.9.0\jackson-annotations-2.9.0.jar;C:\Users\rodrigofc\.m2\repository\com\fasterxml\jackson\core\jackson-core\2.9.9\jackson-core-2.9.9.jar;C:\Users\rodrigofc\.m2\repository\com\fasterxml\jackson\datatype\jackson-datatype-jdk8\2.9.9\jackson-datatype-jdk8-2.9.9.jar;C:\Users\rodrigofc\.m2\repository\com\fasterxml\jackson\datatype\jackson-datatype-jsr310\2.9.9\jackson-datatype-jsr310-2.9.9.jar;C:\Users\rodrigofc\.m2\repository\com\fasterxml\jackson\module\jackson-module-parameter-names\2.9.9\jackson-module-parameter-names-2.9.9.jar;C:\Users\rodrigofc\.m2\repository\org\springframework\boot\spring-boot-starter-tomcat\2.1.7.RELEASE\spring-boot-starter-tomcat-2.1.7.RELEASE.jar;C:\Users\rodrigofc\.m2\repository\org\apache\tomcat\embed\tomcat-embed-core\9.0.22\tomcat-embed-core-9.0.22.jar;C:\Users\rodrigofc\.m2\repository\org\apache\tomcat\embed\tomcat-embed-el\9.0.22\tomcat-embed-el-9.0.22.jar;C:\Users\rodrigofc\.m2\repository\org\apache\tomcat\embed\tomcat-embed-websocket\9.0.22\tomcat-embed-websocket-9.0.22.jar;C:\Users\rodrigofc\.m2\repository\org\hibernate\validator\hibernate-validator\6.0.17.Final\hibernate-validator-6.0.17.Final.jar;C:\Users\rodrigofc\.m2\repository\javax\validation\validation-api\2.0.1.Final\validation-api-2.0.1.Final.jar;C:\Users\rodrigofc\.m2\repository\org\jboss\logging\jboss-logging\3.3.2.Final\jboss-logging-3.3.2.Final.jar;C:\Users\rodrigofc\.m2\repository\com\fasterxml\classmate\1.4.0\classmate-1.4.0.jar;C:\Users\rodrigofc\.m2\repository\org\springframework\spring-web\5.1.9.RELEASE\spring-web-5.1.9.RELEASE.jar;C:\Users\rodrigofc\.m2\repository\org\springframework\spring-beans\5.1.9.RELEASE\spring-beans-5.1.9.RELEASE.jar;C:\Users\rodrigofc\.m2\repository\org\springframework\spring-webmvc\5.1.9.RELEASE\spring-webmvc-5.1.9.RELEASE.jar;C:\Users\rodrigofc\.m2\repository\org\springframework\spring-aop\5.1.9.RELEASE\spring-aop-5.1.9.RELEASE.jar;C:\Users\rodrigofc\.m2\repository\org\springframework\spring-context\5.1.9.RELEASE\spring-context-5.1.9.RELEASE.jar;C:\Users\rodrigofc\.m2\repository\org\springframework\spring-expression\5.1.9.RELEASE\spring-expression-5.1.9.RELEASE.jar;C:\Users\rodrigofc\.m2\repository\org\slf4j\slf4j-api\1.7.26\slf4j-api-1.7.26.jar;C:\Users\rodrigofc\.m2\repository\net\bytebuddy\byte-buddy\1.9.16\byte-buddy-1.9.16.jar;C:\Users\rodrigofc\.m2\repository\org\springframework\spring-core\5.1.9.RELEASE\spring-core-5.1.9.RELEASE.jar;C:\Users\rodrigofc\.m2\repository\org\springframework\spring-jcl\5.1.9.RELEASE\spring-jcl-5.1.9.RELEASE.jar;C:\Users\rodrigofc\.m2\repository\org\springframework\boot\spring-boot-devtools\2.1.7.RELEASE\spring-boot-devtools-2.1.7.RELEASE.jar;C:\Users\rodrigofc\.m2\repository\org\springframework\boot\spring-boot\2.1.7.RELEASE\spring-boot-2.1.7.RELEASE.jar;C:\Users\rodrigofc\.m2\repository\org\springframework\boot\spring-boot-autoconfigure\2.1.7.RELEASE\spring-boot-autoconfigure-2.1.7.RELEASE.jar;C:\Users\rodrigofc\.m2\repository\org\springframework\boot\spring-boot-configuration-processor\2.1.7.RELEASE\spring-boot-configuration-processor-2.1.7.RELEASE.jar;C:\Users\rodrigofc\.m2\repository\org\springframework\boot\spring-boot-starter-data-jpa\2.1.7.RELEASE\spring-boot-starter-data-jpa-2.1.7.RELEASE.jar;C:\Users\rodrigofc\.m2\repository\org\springframework\boot\spring-boot-starter-aop\2.1.7.RELEASE\spring-boot-starter-aop-2.1.7.RELEASE.jar;C:\Users\rodrigofc\.m2\repository\org\aspectj\aspectjweaver\1.9.4\aspectjweaver-1.9.4.jar;C:\Users\rodrigofc\.m2\repository\org\springframework\boot\spring-boot-starter-jdbc\2.1.7.RELEASE\spring-boot-starter-jdbc-2.1.7.RELEASE.jar;C:\Users\rodrigofc\.m2\repository\com\zaxxer\HikariCP\3.2.0\HikariCP-3.2.0.jar;C:\Users\rodrigofc\.m2\repository\org\springframework\spring-jdbc\5.1.9.RELEASE\spring-jdbc-5.1.9.RELEASE.jar;C:\Users\rodrigofc\.m2\repository\javax\transaction\javax.transaction-api\1.3\javax.transaction-api-1.3.jar;C:\Users\rodrigofc\.m2\repository\javax\xml\bind\jaxb-api\2.3.1\jaxb-api-2.3.1.jar;C:\Users\rodrigofc\.m2\repository\javax\activation\javax.activation-api\1.2.0\javax.activation-api-1.2.0.jar;C:\Users\rodrigofc\.m2\repository\org\hibernate\hibernate-core\5.3.10.Final\hibernate-core-5.3.10.Final.jar;C:\Users\rodrigofc\.m2\repository\org\javassist\javassist\3.23.2-GA\javassist-3.23.2-GA.jar;C:\Users\rodrigofc\.m2\repository\antlr\antlr\2.7.7\antlr-2.7.7.jar;C:\Users\rodrigofc\.m2\repository\org\jboss\jandex\2.0.5.Final\jandex-2.0.5.Final.jar;C:\Users\rodrigofc\.m2\repository\org\dom4j\dom4j\2.1.1\dom4j-2.1.1.jar;C:\Users\rodrigofc\.m2\repository\org\hibernate\common\hibernate-commons-annotations\5.0.4.Final\hibernate-commons-annotations-5.0.4.Final.jar;C:\Users\rodrigofc\.m2\repository\org\springframework\data\spring-data-jpa\2.1.10.RELEASE\spring-data-jpa-2.1.10.RELEASE.jar;C:\Users\rodrigofc\.m2\repository\org\springframework\data\spring-data-commons\2.1.10.RELEASE\spring-data-commons-2.1.10.RELEASE.jar;C:\Users\rodrigofc\.m2\repository\org\springframework\spring-orm\5.1.9.RELEASE\spring-orm-5.1.9.RELEASE.jar;C:\Users\rodrigofc\.m2\repository\org\springframework\spring-tx\5.1.9.RELEASE\spring-tx-5.1.9.RELEASE.jar;C:\Users\rodrigofc\.m2\repository\org\springframework\spring-aspects\5.1.9.RELEASE\spring-aspects-5.1.9.RELEASE.jar;C:\Users\rodrigofc\.m2\repository\mysql\mysql-connector-java\8.0.17\mysql-connector-java-8.0.17.jar;C:\Users\rodrigofc\.m2\repository\org\flywaydb\flyway-core\5.2.4\flyway-core-5.2.4.jar;C:\Users\rodrigofc\.m2\repository\com\mysql\mysql-connector-j\8.3.0\mysql-connector-j-8.3.0.jar;C:\Users\rodrigofc\.m2\repository\com\google\protobuf\protobuf-java\3.25.1\protobuf-java-3.25.1.jar;C:\Users\rodrigofc\.m2\repository\xerces\xercesImpl\2.9.1\xercesImpl-2.9.1.jar;C:\Users\rodrigofc\.m2\repository\xml-apis\xml-apis\1.4.01\xml-apis-1.4.01.jar;C:\Users\rodrigofc\.m2\repository\javax\persistence\javax.persistence-api\2.2\javax.persistence-api-2.2.jar
Launcher Type: SUN_STANDARD

[Global flags]
     intx CICompilerCount                          = 4                                         {product} {ergonomic}
     uint ConcGCThreads                            = 2                                         {product} {ergonomic}
     uint G1ConcRefinementThreads                  = 8                                         {product} {ergonomic}
   size_t G1HeapRegionSize                         = 2097152                                   {product} {ergonomic}
    uintx GCDrainStackTargetSize                   = 64                                        {product} {ergonomic}
   size_t InitialHeapSize                          = 266338304                                 {product} {ergonomic}
   size_t MarkStackSize                            = 4194304                                   {product} {ergonomic}
   size_t MaxHeapSize                              = 4229955584                                {product} {ergonomic}
   size_t MaxNewSize                               = 2537553920                                {product} {ergonomic}
   size_t MinHeapDeltaBytes                        = 2097152                                   {product} {ergonomic}
   size_t MinHeapSize                              = 8388608                                   {product} {ergonomic}
    uintx NonNMethodCodeHeapSize                   = 5839372                                {pd product} {ergonomic}
    uintx NonProfiledCodeHeapSize                  = 122909434                              {pd product} {ergonomic}
    uintx ProfiledCodeHeapSize                     = 122909434                              {pd product} {ergonomic}
    uintx ReservedCodeCacheSize                    = 251658240                              {pd product} {ergonomic}
     bool SegmentedCodeCache                       = true                                      {product} {ergonomic}
   size_t SoftMaxHeapSize                          = 4229955584                             {manageable} {ergonomic}
     bool UseCompressedOops                        = true                           {product lp64_product} {ergonomic}
     bool UseG1GC                                  = true                                      {product} {ergonomic}
     bool UseLargePagesIndividualAllocation        = false                                  {pd product} {ergonomic}

Logging:
Log output configuration:
 #0: stdout all=warning uptime,level,tags foldmultilines=false
 #1: stderr all=off uptime,level,tags foldmultilines=false

Environment Variables:
JAVA_HOME=C:\Program Files\Java\jdk-19
PATH=C:\Program Files\Eclipse Adoptium\jdk-21.0.3.9-hotspot\bin;C:\Program Files\Common Files\Oracle\Java\javapath;C:\WINDOWS\system32;C:\WINDOWS;C:\WINDOWS\System32\Wbem;C:\WINDOWS\System32\WindowsPowerShell\v1.0\;C:\WINDOWS\System32\OpenSSH\;C:\Program Files\Java\jdk-19\bin;C:\Program Files\Git\cmd;C:\Program Files\MySQL\MySQL Shell 8.0\bin\;C:\Users\rodrigofc\AppData\Local\Microsoft\WindowsApps;C:\Program Files\Java\jdk-19\bin;C:\Users\rodrigofc\AppData\Local\Programs\Microsoft VS Code\bin;
USERNAME=rodrigofc
OS=Windows_NT
PROCESSOR_IDENTIFIER=Intel64 Family 6 Model 165 Stepping 3, GenuineIntel
TMP=C:\Users\RODRIG~1\AppData\Local\Temp
TEMP=C:\Users\RODRIG~1\AppData\Local\Temp




Periodic native trim disabled

---------------  S Y S T E M  ---------------

OS:
 Windows 11 , 64 bit Build 22621 (10.0.22621.3958)
OS uptime: 0 days 4:52 hours
Hyper-V role detected

CPU: total 8 (initial active 8) (4 cores per cpu, 2 threads per core) family 6 model 165 stepping 3 microcode 0xf4, cx8, cmov, fxsr, ht, mmx, 3dnowpref, sse, sse2, sse3, ssse3, sse4.1, sse4.2, popcnt, lzcnt, tsc, tscinvbit, avx, avx2, aes, erms, clmul, bmi1, bmi2, adx, fma, vzeroupper, clflush, clflushopt, hv, rdtscp, f16c
Processor Information for all 8 processors :
  Max Mhz: 2901, Current Mhz: 2901, Mhz Limit: 2901

Memory: 4k page, system-wide physical 16130M (4118M free)
TotalPageFile size 16130M (AvailPageFile size 5M)
current process WorkingSet (physical memory assigned to process): 98M, peak: 98M
current process commit charge ("private bytes"): 367M, peak: 367M

vm_info: Java HotSpot(TM) 64-Bit Server VM (21.0.2+13-LTS-58) for windows-amd64 JRE (21.0.2+13-LTS-58), built on 2024-01-05T18:32:24Z by "mach5one" with MS VC++ 17.1 (VS2022)

END.
